#
# A fatal error has been detected by the Java Runtime Environment:
#
#  EXCEPTION_ACCESS_VIOLATION (0xc0000005) at pc=0x47858d00, pid=2576, tid=0x000010e8
#
# JRE version: Java(TM) SE Runtime Environment (8.0_112-b15) (build 1.8.0_112-b15)
# Java VM: Java HotSpot(TM) Client VM (25.112-b15 mixed mode windows-x86 )
# Problematic frame:
# C  0x47858d00
#
# Failed to write core dump. Minidumps are not enabled by default on client versions of Windows
#
# If you would like to submit a bug report, please visit:
#   http://bugreport.java.com/bugreport/crash.jsp
# The crash happened outside the Java Virtual Machine in native code.
# See problematic frame for where to report the bug.
#

---------------  T H R E A D  ---------------

Current thread (0x46eca000):  JavaThread "ForkJoinPool.commonPool-worker-1" daemon [_thread_in_native, id=4328, stack(0x4b230000,0x4b280000)]

siginfo: ExceptionCode=0xc0000005, ExceptionInformation=0x00000008 0x47858d00

Registers:
EAX=0x00000004, EBX=0x46eca140, ECX=0x00000000, EDX=0x47831fa4
ESP=0x4b27eed8, EBP=0x4b27ef08, ESI=0x4b27ef28, EDI=0x477a3270
EIP=0x47858d00, EFLAGS=0x00010216

Top of Stack: (sp=0x4b27eed8)
0x4b27eed8:   4b27efc0 00000000 73818e1c 73818efc
0x4b27eee8:   495918d0 00000000 00000002 46d2fdbc
0x4b27eef8:   4aaa43f0 4aaa43f0 4b27ef34 4b27ef40
0x4b27ef08:   4b27ef68 6396753d 47858d80 46d2f9c8
0x4b27ef18:   46d2f9d0 46d2fdbc 000003ec 0344c05d
0x4b27ef28:   00000000 00000000 00000000 4b27ef5c
0x4b27ef38:   735c08f0 46eca000 00000006 00000008
0x4b27ef48:   46eca000 4aaa43e8 4aaa43f0 4aaa43f0 

Instructions: (pc=0x47858d00)
0x47858ce0:   0f 00 02 00 53 9d ea 5e 6d 65 73 73 61 67 65 73
0x47858cf0:   42 75 69 6c 64 65 72 3f 13 6a 86 15 bd af 01 88
0x47858d00:   10 00 01 00 f2 48 a0 74 6d 65 73 73 61 67 65 73
0x47858d10:   42 75 69 6c 64 65 72 24 2f 6a 82 15 04 b0 01 88 


Register to memory mapping:

EAX=0x00000004 is an unknown value
EBX=0x46eca140 is an unknown value
ECX=0x00000000 is an unknown value
EDX=0x47831fa4 is an unknown value
ESP=0x4b27eed8 is pointing into the stack for thread: 0x46eca000
EBP=0x4b27ef08 is pointing into the stack for thread: 0x46eca000
ESI=0x4b27ef28 is pointing into the stack for thread: 0x46eca000
EDI=0x477a3270 is an unknown value


Stack: [0x4b230000,0x4b280000],  sp=0x4b27eed8,  free space=315k
Native frames: (J=compiled Java code, j=interpreted, Vv=VM code, C=native code)
C  0x47858d00
C  [libaapt2_jni.dll+0x2753d]
j  com.android.tools.aapt2.Aapt2Jni.nativeCompile(Ljava/util/List;Lcom/android/tools/aapt2/Aapt2JniLogCallback;)I+0
j  com.android.tools.aapt2.Aapt2Jni.compile(Ljava/util/List;)Lcom/android/tools/aapt2/Aapt2Result;+6
j  com.android.builder.internal.aapt.v2.AaptV2Jni.lambda$compile$0(Lcom/android/ide/common/res2/CompileResourceRequest;)Ljava/io/File;+10
j  com.android.builder.internal.aapt.v2.AaptV2Jni$$Lambda$269.call()Ljava/lang/Object;+8
j  java.util.concurrent.ForkJoinTask$AdaptedCallable.exec()Z+5
j  java.util.concurrent.ForkJoinTask.doExec()I+10
j  java.util.concurrent.ForkJoinPool$WorkQueue.runTask(Ljava/util/concurrent/ForkJoinTask;)V+21
j  java.util.concurrent.ForkJoinPool.runWorker(Ljava/util/concurrent/ForkJoinPool$WorkQueue;)V+35
j  java.util.concurrent.ForkJoinWorkerThread.run()V+24
v  ~StubRoutines::call_stub
V  [jvm.dll+0x15a945]
V  [jvm.dll+0x220d0e]
V  [jvm.dll+0x15a9de]
V  [jvm.dll+0x15ab66]
V  [jvm.dll+0x15abd7]
V  [jvm.dll+0xfeeaf]
V  [jvm.dll+0x17d670]
V  [jvm.dll+0x17deea]
V  [jvm.dll+0x1c2986]
C  [msvcr100.dll+0x5c556]
C  [msvcr100.dll+0x5c600]
C  [KERNEL32.DLL+0x17c04]
C  [ntdll.dll+0x5ad2f]
C  [ntdll.dll+0x5acfa]
C  0x00000000

Java frames: (J=compiled Java code, j=interpreted, Vv=VM code)
j  com.android.tools.aapt2.Aapt2Jni.nativeCompile(Ljava/util/List;Lcom/android/tools/aapt2/Aapt2JniLogCallback;)I+0
j  com.android.tools.aapt2.Aapt2Jni.compile(Ljava/util/List;)Lcom/android/tools/aapt2/Aapt2Result;+6
j  com.android.builder.internal.aapt.v2.AaptV2Jni.lambda$compile$0(Lcom/android/ide/common/res2/CompileResourceRequest;)Ljava/io/File;+10
j  com.android.builder.internal.aapt.v2.AaptV2Jni$$Lambda$269.call()Ljava/lang/Object;+8
j  java.util.concurrent.ForkJoinTask$AdaptedCallable.exec()Z+5
j  java.util.concurrent.ForkJoinTask.doExec()I+10
j  java.util.concurrent.ForkJoinPool$WorkQueue.runTask(Ljava/util/concurrent/ForkJoinTask;)V+21
j  java.util.concurrent.ForkJoinPool.runWorker(Ljava/util/concurrent/ForkJoinPool$WorkQueue;)V+35
j  java.util.concurrent.ForkJoinWorkerThread.run()V+24
v  ~StubRoutines::call_stub

---------------  P R O C E S S  ---------------

Java Threads: ( => current thread )
=>0x46eca000 JavaThread "ForkJoinPool.commonPool-worker-1" daemon [_thread_in_native, id=4328, stack(0x4b230000,0x4b280000)]
  0x46ec9800 JavaThread "Worker Daemon Execution Thread 7" [_thread_blocked, id=2740, stack(0x4b1a0000,0x4b1f0000)]
  0x46ec9000 JavaThread "Worker Daemon Execution Thread 6" [_thread_blocked, id=4872, stack(0x4b110000,0x4b160000)]
  0x46ecac00 JavaThread "Java2D Disposer" daemon [_thread_blocked, id=3896, stack(0x4b080000,0x4b0d0000)]
  0x46ec8c00 JavaThread "Worker Daemon Execution Thread 5" [_thread_blocked, id=2492, stack(0x4aff0000,0x4b040000)]
  0x46ec8000 JavaThread "Worker Daemon Execution Thread 4" [_thread_blocked, id=3244, stack(0x4ad60000,0x4adb0000)]
  0x46ec8400 JavaThread "Worker Daemon Execution Thread 3" [_thread_blocked, id=4748, stack(0x4acd0000,0x4ad20000)]
  0x46ec7800 JavaThread "Worker Daemon Execution Thread 2" [_thread_blocked, id=4668, stack(0x4ac40000,0x4ac90000)]
  0x46ec4000 JavaThread "Worker Daemon Execution" [_thread_blocked, id=1444, stack(0x4abb0000,0x4ac00000)]
  0x46ec6000 JavaThread "Task worker for ':' Thread 3" [_thread_blocked, id=6124, stack(0x4aa20000,0x4aa70000)]
  0x46ec5400 JavaThread "Task worker for ':' Thread 2" [_thread_blocked, id=3908, stack(0x4a890000,0x4a8e0000)]
  0x46ec3800 JavaThread "Task worker for ':'" [_thread_blocked, id=3116, stack(0x4a800000,0x4a850000)]
  0x46ec4c00 JavaThread "Cache worker for task history cache (C:\Games\AndroidStudioProjects\ENIS\.gradle\4.1\taskHistory)" [_thread_blocked, id=6552, stack(0x4a770000,0x4a7c0000)]
  0x46ec5800 JavaThread "Cache worker for file content cache (C:\Games\AndroidStudioProjects\ENIS\.gradle\4.1\fileContent)" [_thread_blocked, id=6500, stack(0x4a6e0000,0x4a730000)]
  0x46ec4800 JavaThread "Memory manager" [_thread_blocked, id=6892, stack(0x48e80000,0x48ed0000)]
  0x46ec7400 JavaThread "build operations Thread 4" [_thread_blocked, id=5352, stack(0x487f0000,0x48840000)]
  0x46ec6400 JavaThread "build operations Thread 3" [_thread_blocked, id=3816, stack(0x48760000,0x487b0000)]
  0x46ec6c00 JavaThread "build operations Thread 2" [_thread_blocked, id=2796, stack(0x486d0000,0x48720000)]
  0x46ec3400 JavaThread "build operations" [_thread_blocked, id=1972, stack(0x48640000,0x48690000)]
  0x4695e800 JavaThread "Cache worker for Artifact transforms cache (C:\Users\Gulnar\.gradle\caches\transforms-1)" [_thread_blocked, id=1364, stack(0x482b0000,0x48300000)]
  0x4695d800 JavaThread "Cache worker for file hash cache (C:\Games\AndroidStudioProjects\ENIS\.gradle\4.1\fileHashes)" [_thread_blocked, id=4020, stack(0x47b00000,0x47b50000)]
  0x4695ec00 JavaThread "File lock request listener" [_thread_in_native, id=2176, stack(0x47a70000,0x47ac0000)]
  0x4695f400 JavaThread "Cache worker for file hash cache (C:\Users\Gulnar\.gradle\caches\4.1\fileHashes)" [_thread_blocked, id=1704, stack(0x479e0000,0x47a30000)]
  0x45b76000 JavaThread "Stdin handler" [_thread_blocked, id=4568, stack(0x46780000,0x467d0000)]
  0x45b9c800 JavaThread "Asynchronous log dispatcher for DefaultDaemonConnection: socket connection from /127.0.0.1:50427 to /127.0.0.1:50428" [_thread_blocked, id=5268, stack(0x466f0000,0x46740000)]
  0x45b75800 JavaThread "Daemon worker" [_thread_blocked, id=2476, stack(0x46660000,0x466b0000)]
  0x45b6c000 JavaThread "Cancel handler" [_thread_blocked, id=6524, stack(0x465d0000,0x46620000)]
  0x45ac3000 JavaThread "Handler for socket connection from /127.0.0.1:50427 to /127.0.0.1:50428" [_thread_in_native, id=6212, stack(0x46540000,0x46590000)]
  0x45ac2800 JavaThread "Daemon" [_thread_blocked, id=4904, stack(0x464b0000,0x46500000)]
  0x45ac7800 JavaThread "Daemon periodic checks" [_thread_blocked, id=6600, stack(0x46420000,0x46470000)]
  0x45a97400 JavaThread "Incoming local TCP Connector on port 50427" [_thread_in_native, id=2680, stack(0x45ee0000,0x45f30000)]
  0x45a3d400 JavaThread "Daemon health stats" [_thread_blocked, id=4824, stack(0x01f00000,0x01f50000)]
  0x00da6400 JavaThread "Service Thread" daemon [_thread_blocked, id=6828, stack(0x017e0000,0x01830000)]
  0x00d9dc00 JavaThread "C1 CompilerThread0" daemon [_thread_blocked, id=2552, stack(0x01750000,0x017a0000)]
  0x00d9cc00 JavaThread "Attach Listener" daemon [_thread_blocked, id=6496, stack(0x016c0000,0x01710000)]
  0x00d8bc00 JavaThread "Signal Dispatcher" daemon [_thread_blocked, id=2484, stack(0x01630000,0x01680000)]
  0x00d89c00 JavaThread "Finalizer" daemon [_thread_blocked, id=3296, stack(0x01000000,0x01050000)]
  0x00d83c00 JavaThread "Reference Handler" daemon [_thread_blocked, id=2352, stack(0x00f70000,0x00fc0000)]
  0x004fd400 JavaThread "main" [_thread_blocked, id=2268, stack(0x003f0000,0x00440000)]

Other Threads:
  0x0093e800 VMThread [stack: 0x00940000,0x00990000] [id=6184]
  0x00daa800 WatcherThread [stack: 0x01870000,0x018c0000] [id=5852]

VM state:not at safepoint (normal execution)

VM Mutex/Monitor currently owned by a thread: None

Heap:
 def new generation   total 16640K, used 7694K [0x05400000, 0x06600000, 0x1a950000)
  eden space 14848K,  43% used [0x05400000, 0x05a5f950, 0x06280000)
  from space 1792K,  65% used [0x06280000, 0x063a41c0, 0x06440000)
  to   space 1792K,   0% used [0x06440000, 0x06440000, 0x06600000)
 tenured generation   total 36632K, used 31538K [0x1a950000, 0x1cd16000, 0x45400000)
   the space 36632K,  86% used [0x1a950000, 0x1c81cbe8, 0x1c81cc00, 0x1cd16000)
 Metaspace       used 35343K, capacity 36196K, committed 36224K, reserved 36224K

Card table byte_map: [0x00a00000,0x00c10000] byte_map_base: 0x009d6000

Polling page: 0x002a0000

CodeCache: size=32768Kb used=5989Kb max_used=6022Kb free=26778Kb
 bounds [0x03400000, 0x039e8000, 0x05400000]
 total_blobs=3592 nmethods=3099 adapters=422
 compilation: enabled

Compilation events (10 events):
Event: 16.459 Thread 0x00d9dc00 3256             com.android.ide.common.vectordrawable.PathParser::extract (175 bytes)
Event: 16.459 Thread 0x00d9dc00 nmethod 3256 0x034a63c8 code [0x034a64d0, 0x034a670c]
Event: 16.459 Thread 0x00d9dc00 3257             java.util.zip.ZStreamRef::address (5 bytes)
Event: 16.459 Thread 0x00d9dc00 nmethod 3257 0x034b0088 code [0x034b0180, 0x034b0210]
Event: 16.461 Thread 0x00d9dc00 3258             sun.nio.cs.UTF_8$Encoder::encodeArrayLoop (489 bytes)
Event: 16.463 Thread 0x00d9dc00 nmethod 3258 0x037526c8 code [0x03752a10, 0x0375370c]
Event: 16.463 Thread 0x00d9dc00 3259             sun.net.www.ParseUtil::encodePath (336 bytes)
Event: 16.464 Thread 0x00d9dc00 nmethod 3259 0x034b4088 code [0x034b4230, 0x034b48f8]
Event: 16.469 Thread 0x00d9dc00 3260             jdk.internal.org.objectweb.asm.ByteVector::putUTF8 (142 bytes)
Event: 16.469 Thread 0x00d9dc00 nmethod 3260 0x034a5c08 code [0x034a5d50, 0x034a6050]

GC Heap History (10 events):
Event: 15.847 GC heap before
{Heap before GC invocations=89 (full 4):
 def new generation   total 16640K, used 16241K [0x05400000, 0x06600000, 0x1a950000)
  eden space 14848K, 100% used [0x05400000, 0x06280000, 0x06280000)
  from space 1792K,  77% used [0x06440000, 0x0659c6f0, 0x06600000)
  to   space 1792K,   0% used [0x06280000, 0x06280000, 0x06440000)
 tenured generation   total 36632K, used 24044K [0x1a950000, 0x1cd16000, 0x45400000)
   the space 36632K,  65% used [0x1a950000, 0x1c0cb228, 0x1c0cb400, 0x1cd16000)
 Metaspace       used 33794K, capacity 34627K, committed 34688K, reserved 35200K
Event: 15.856 GC heap after
Heap after GC invocations=90 (full 4):
 def new generation   total 16640K, used 1501K [0x05400000, 0x06600000, 0x1a950000)
  eden space 14848K,   0% used [0x05400000, 0x05400000, 0x06280000)
  from space 1792K,  83% used [0x06280000, 0x063f7408, 0x06440000)
  to   space 1792K,   0% used [0x06440000, 0x06440000, 0x06600000)
 tenured generation   total 36632K, used 24929K [0x1a950000, 0x1cd16000, 0x45400000)
   the space 36632K,  68% used [0x1a950000, 0x1c1a84c8, 0x1c1a8600, 0x1cd16000)
 Metaspace       used 33794K, capacity 34627K, committed 34688K, reserved 35200K
}
Event: 15.977 GC heap before
{Heap before GC invocations=90 (full 4):
 def new generation   total 16640K, used 16349K [0x05400000, 0x06600000, 0x1a950000)
  eden space 14848K, 100% used [0x05400000, 0x06280000, 0x06280000)
  from space 1792K,  83% used [0x06280000, 0x063f7408, 0x06440000)
  to   space 1792K,   0% used [0x06440000, 0x06440000, 0x06600000)
 tenured generation   total 36632K, used 24929K [0x1a950000, 0x1cd16000, 0x45400000)
   the space 36632K,  68% used [0x1a950000, 0x1c1a84c8, 0x1c1a8600, 0x1cd16000)
 Metaspace       used 33862K, capacity 34693K, committed 34816K, reserved 35200K
Event: 15.983 GC heap after
Heap after GC invocations=91 (full 4):
 def new generation   total 16640K, used 600K [0x05400000, 0x06600000, 0x1a950000)
  eden space 14848K,   0% used [0x05400000, 0x05400000, 0x06280000)
  from space 1792K,  33% used [0x06440000, 0x064d6350, 0x06600000)
  to   space 1792K,   0% used [0x06280000, 0x06280000, 0x06440000)
 tenured generation   total 36632K, used 25666K [0x1a950000, 0x1cd16000, 0x45400000)
   the space 36632K,  70% used [0x1a950000, 0x1c2609b0, 0x1c260a00, 0x1cd16000)
 Metaspace       used 33862K, capacity 34693K, committed 34816K, reserved 35200K
}
Event: 16.098 GC heap before
{Heap before GC invocations=91 (full 4):
 def new generation   total 16640K, used 15448K [0x05400000, 0x06600000, 0x1a950000)
  eden space 14848K, 100% used [0x05400000, 0x06280000, 0x06280000)
  from space 1792K,  33% used [0x06440000, 0x064d6350, 0x06600000)
  to   space 1792K,   0% used [0x06280000, 0x06280000, 0x06440000)
 tenured generation   total 36632K, used 25666K [0x1a950000, 0x1cd16000, 0x45400000)
   the space 36632K,  70% used [0x1a950000, 0x1c2609b0, 0x1c260a00, 0x1cd16000)
 Metaspace       used 33862K, capacity 34693K, committed 34816K, reserved 35200K
Event: 16.111 GC heap after
Heap after GC invocations=92 (full 4):
 def new generation   total 16640K, used 1792K [0x05400000, 0x06600000, 0x1a950000)
  eden space 14848K,   0% used [0x05400000, 0x05400000, 0x06280000)
  from space 1792K, 100% used [0x06280000, 0x06440000, 0x06440000)
  to   space 1792K,   0% used [0x06440000, 0x06440000, 0x06600000)
 tenured generation   total 36632K, used 27911K [0x1a950000, 0x1cd16000, 0x45400000)
   the space 36632K,  76% used [0x1a950000, 0x1c491f68, 0x1c492000, 0x1cd16000)
 Metaspace       used 33862K, capacity 34693K, committed 34816K, reserved 35200K
}
Event: 16.219 GC heap before
{Heap before GC invocations=92 (full 4):
 def new generation   total 16640K, used 16640K [0x05400000, 0x06600000, 0x1a950000)
  eden space 14848K, 100% used [0x05400000, 0x06280000, 0x06280000)
  from space 1792K, 100% used [0x06280000, 0x06440000, 0x06440000)
  to   space 1792K,   0% used [0x06440000, 0x06440000, 0x06600000)
 tenured generation   total 36632K, used 27911K [0x1a950000, 0x1cd16000, 0x45400000)
   the space 36632K,  76% used [0x1a950000, 0x1c491f68, 0x1c492000, 0x1cd16000)
 Metaspace       used 34050K, capacity 34888K, committed 34944K, reserved 35200K
Event: 16.233 GC heap after
Heap after GC invocations=93 (full 4):
 def new generation   total 16640K, used 1792K [0x05400000, 0x06600000, 0x1a950000)
  eden space 14848K,   0% used [0x05400000, 0x05400000, 0x06280000)
  from space 1792K, 100% used [0x06440000, 0x06600000, 0x06600000)
  to   space 1792K,   0% used [0x06280000, 0x06280000, 0x06440000)
 tenured generation   total 36632K, used 29766K [0x1a950000, 0x1cd16000, 0x45400000)
   the space 36632K,  81% used [0x1a950000, 0x1c6619e8, 0x1c661a00, 0x1cd16000)
 Metaspace       used 34050K, capacity 34888K, committed 34944K, reserved 35200K
}
Event: 16.372 GC heap before
{Heap before GC invocations=93 (full 4):
 def new generation   total 16640K, used 16640K [0x05400000, 0x06600000, 0x1a950000)
  eden space 14848K, 100% used [0x05400000, 0x06280000, 0x06280000)
  from space 1792K, 100% used [0x06440000, 0x06600000, 0x06600000)
  to   space 1792K,   0% used [0x06280000, 0x06280000, 0x06440000)
 tenured generation   total 36632K, used 29766K [0x1a950000, 0x1cd16000, 0x45400000)
   the space 36632K,  81% used [0x1a950000, 0x1c6619e8, 0x1c661a00, 0x1cd16000)
 Metaspace       used 34955K, capacity 35809K, committed 35840K, reserved 36224K
Event: 16.385 GC heap after
Heap after GC invocations=94 (full 4):
 def new generation   total 16640K, used 1168K [0x05400000, 0x06600000, 0x1a950000)
  eden space 14848K,   0% used [0x05400000, 0x05400000, 0x06280000)
  from space 1792K,  65% used [0x06280000, 0x063a41c0, 0x06440000)
  to   space 1792K,   0% used [0x06440000, 0x06440000, 0x06600000)
 tenured generation   total 36632K, used 31538K [0x1a950000, 0x1cd16000, 0x45400000)
   the space 36632K,  86% used [0x1a950000, 0x1c81cbe8, 0x1c81cc00, 0x1cd16000)
 Metaspace       used 34955K, capacity 35809K, committed 35840K, reserved 36224K
}

Deoptimization events (0 events):
No events

Internal exceptions (10 events):
Event: 16.218 Thread 0x45b75800 Exception <a 'java/lang/NoSuchMethodError': <clinit>> (0x06267920) thrown at [C:\re\workspace\8-2-build-windows-i586-cygwin\jdk8u112\7884\hotspot\src\share\vm\prims\jni.cpp, line 1613]
Event: 16.235 Thread 0x45b75800 Exception <a 'java/lang/NoSuchMethodError': <clinit>> (0x0540d970) thrown at [C:\re\workspace\8-2-build-windows-i586-cygwin\jdk8u112\7884\hotspot\src\share\vm\prims\jni.cpp, line 1613]
Event: 16.235 Thread 0x45b75800 Exception <a 'java/lang/NoSuchMethodError': <clinit>> (0x05415678) thrown at [C:\re\workspace\8-2-build-windows-i586-cygwin\jdk8u112\7884\hotspot\src\share\vm\prims\jni.cpp, line 1613]
Event: 16.235 Thread 0x45b75800 Exception <a 'java/lang/NoSuchMethodError': <clinit>> (0x054189c0) thrown at [C:\re\workspace\8-2-build-windows-i586-cygwin\jdk8u112\7884\hotspot\src\share\vm\prims\jni.cpp, line 1613]
Event: 16.236 Thread 0x45b75800 Exception <a 'java/lang/NoSuchMethodError': <clinit>> (0x0542f3b0) thrown at [C:\re\workspace\8-2-build-windows-i586-cygwin\jdk8u112\7884\hotspot\src\share\vm\prims\jni.cpp, line 1613]
Event: 16.238 Thread 0x45b75800 Exception <a 'java/lang/NoSuchMethodError': <clinit>> (0x0544ce40) thrown at [C:\re\workspace\8-2-build-windows-i586-cygwin\jdk8u112\7884\hotspot\src\share\vm\prims\jni.cpp, line 1613]
Event: 16.239 Thread 0x45b75800 Exception <a 'java/lang/NoSuchMethodError': <clinit>> (0x0544fcc0) thrown at [C:\re\workspace\8-2-build-windows-i586-cygwin\jdk8u112\7884\hotspot\src\share\vm\prims\jni.cpp, line 1613]
Event: 16.241 Thread 0x45b75800 Exception <a 'java/lang/NoSuchMethodError': <clinit>> (0x0546c3e8) thrown at [C:\re\workspace\8-2-build-windows-i586-cygwin\jdk8u112\7884\hotspot\src\share\vm\prims\jni.cpp, line 1613]
Event: 16.317 Thread 0x46ec4000 Exception <a 'java/io/FileNotFoundException'> (0x05c1de90) thrown at [C:\re\workspace\8-2-build-windows-i586-cygwin\jdk8u112\7884\hotspot\src\share\vm\prims\jni.cpp, line 709]
Event: 16.346 Thread 0x46ec4000 Exception <a 'java/io/FileNotFoundException'> (0x05ef6570) thrown at [C:\re\workspace\8-2-build-windows-i586-cygwin\jdk8u112\7884\hotspot\src\share\vm\prims\jni.cpp, line 709]

Events (10 events):
Event: 16.473 loading class com/android/tools/aapt2/Aapt2Result
Event: 16.473 loading class com/android/tools/aapt2/Aapt2Result done
Event: 16.473 loading class com/android/tools/aapt2/Aapt2Result$Builder
Event: 16.473 loading class com/android/tools/aapt2/Aapt2Result$Builder done
Event: 16.474 loading class com/android/tools/aapt2/AutoValue_Aapt2Result$Builder
Event: 16.474 loading class com/android/tools/aapt2/AutoValue_Aapt2Result$Builder done
Event: 16.474 loading class com/android/tools/aapt2/AutoValue_Aapt2Result
Event: 16.474 loading class com/android/tools/aapt2/AutoValue_Aapt2Result done
Event: 16.474 Executing VM operation: RevokeBias
Event: 16.474 Executing VM operation: RevokeBias done


Dynamic libraries:
0x01150000 - 0x01183000 	C:\Program Files (x86)\Java\jdk1.8.0_112\bin\java.exe
0x76f70000 - 0x770df000 	C:\Windows\SYSTEM32\ntdll.dll
0x74990000 - 0x74ad0000 	C:\Windows\SYSTEM32\KERNEL32.DLL
0x74cc0000 - 0x74d97000 	C:\Windows\SYSTEM32\KERNELBASE.dll
0x6ca80000 - 0x6cb20000 	C:\Windows\system32\apphelp.dll
0x6bef0000 - 0x6c156000 	C:\Windows\AppPatch\AcGenral.DLL
0x74f60000 - 0x75023000 	C:\Windows\SYSTEM32\msvcrt.dll
0x747b0000 - 0x747f1000 	C:\Windows\SYSTEM32\sechost.dll
0x76e00000 - 0x76e1e000 	C:\Windows\SYSTEM32\SspiCli.dll
0x74760000 - 0x747a5000 	C:\Windows\SYSTEM32\SHLWAPI.dll
0x6c710000 - 0x6c7fd000 	C:\Windows\SYSTEM32\UxTheme.dll
0x75150000 - 0x752a3000 	C:\Windows\SYSTEM32\USER32.dll
0x75030000 - 0x7513c000 	C:\Windows\SYSTEM32\GDI32.dll
0x6d7f0000 - 0x6d813000 	C:\Windows\SYSTEM32\WINMM.dll
0x71bf0000 - 0x71c03000 	C:\Windows\SYSTEM32\samcli.dll
0x752b0000 - 0x753d9000 	C:\Windows\SYSTEM32\ole32.dll
0x74890000 - 0x74927000 	C:\Windows\SYSTEM32\OLEAUT32.dll
0x6bed0000 - 0x6bee7000 	C:\Windows\SYSTEM32\MSACM32.dll
0x74280000 - 0x74288000 	C:\Windows\SYSTEM32\VERSION.dll
0x759b0000 - 0x76c6b000 	C:\Windows\SYSTEM32\SHELL32.dll
0x74260000 - 0x7427b000 	C:\Windows\SYSTEM32\USERENV.dll
0x6beb0000 - 0x6beca000 	C:\Windows\SYSTEM32\dwmapi.dll
0x6bd60000 - 0x6beab000 	C:\Windows\SYSTEM32\urlmon.dll
0x76e20000 - 0x76e9c000 	C:\Windows\SYSTEM32\ADVAPI32.dll
0x72710000 - 0x72775000 	C:\Windows\SYSTEM32\WINSPOOL.DRV
0x6c9b0000 - 0x6c9c6000 	C:\Windows\SYSTEM32\MPR.dll
0x753e0000 - 0x7549a000 	C:\Windows\SYSTEM32\RPCRT4.dll
0x74750000 - 0x7475a000 	C:\Windows\SYSTEM32\CRYPTBASE.dll
0x74ad0000 - 0x74c4d000 	C:\Windows\SYSTEM32\combase.dll
0x6d7c0000 - 0x6d7e3000 	C:\Windows\SYSTEM32\WINMMBASE.dll
0x741f0000 - 0x741ff000 	C:\Windows\SYSTEM32\profapi.dll
0x6e740000 - 0x6e975000 	C:\Windows\SYSTEM32\iertutil.dll
0x6edd0000 - 0x6f07b000 	C:\Windows\SYSTEM32\WININET.dll
0x746f0000 - 0x74744000 	C:\Windows\SYSTEM32\bcryptPrimitives.dll
0x758e0000 - 0x7591c000 	C:\Windows\SYSTEM32\cfgmgr32.dll
0x6f480000 - 0x6f4a1000 	C:\Windows\SYSTEM32\DEVOBJ.dll
0x74160000 - 0x741eb000 	C:\Windows\SYSTEM32\SHCORE.DLL
0x75980000 - 0x759a7000 	C:\Windows\system32\IMM32.DLL
0x74e30000 - 0x74f42000 	C:\Windows\SYSTEM32\MSCTF.dll
0x6e980000 - 0x6eb86000 	C:\Windows\WinSxS\x86_microsoft.windows.common-controls_6595b64144ccf1df_6.0.9600.18006_none_a9ec6aab013aafee\COMCTL32.dll
0x74040000 - 0x740ff000 	C:\Program Files (x86)\Java\jdk1.8.0_112\jre\bin\msvcr100.dll
0x73540000 - 0x7390e000 	C:\Program Files (x86)\Java\jdk1.8.0_112\jre\bin\client\jvm.dll
0x6f080000 - 0x6f088000 	C:\Windows\SYSTEM32\WSOCK32.dll
0x74c70000 - 0x74c76000 	C:\Windows\SYSTEM32\PSAPI.DLL
0x74930000 - 0x7497f000 	C:\Windows\SYSTEM32\WS2_32.dll
0x75610000 - 0x75617000 	C:\Windows\SYSTEM32\NSI.dll
0x74150000 - 0x7415c000 	C:\Program Files (x86)\Java\jdk1.8.0_112\jre\bin\verify.dll
0x74010000 - 0x74031000 	C:\Program Files (x86)\Java\jdk1.8.0_112\jre\bin\java.dll
0x74130000 - 0x74143000 	C:\Program Files (x86)\Java\jdk1.8.0_112\jre\bin\zip.dll
0x73ff0000 - 0x74006000 	C:\Program Files (x86)\Java\jdk1.8.0_112\jre\bin\net.dll
0x739e0000 - 0x73a2b000 	C:\Windows\system32\mswsock.dll
0x73fe0000 - 0x73fef000 	C:\Program Files (x86)\Java\jdk1.8.0_112\jre\bin\nio.dll
0x73fc0000 - 0x73fd9000 	C:\Users\Gulnar\.gradle\native\25\windows-i386\native-platform.dll
0x73fb0000 - 0x73fba000 	C:\Program Files (x86)\Java\jdk1.8.0_112\jre\bin\management.dll
0x73de0000 - 0x73df9000 	C:\Windows\SYSTEM32\CRYPTSP.dll
0x73db0000 - 0x73de0000 	C:\Windows\system32\rsaenh.dll
0x73d90000 - 0x73dae000 	C:\Windows\SYSTEM32\bcrypt.dll
0x74330000 - 0x74350000 	C:\Windows\SYSTEM32\IPHLPAPI.DLL
0x74200000 - 0x74208000 	C:\Windows\SYSTEM32\WINNSI.DLL
0x739a0000 - 0x739b3000 	C:\Windows\SYSTEM32\dhcpcsvc6.DLL
0x739c0000 - 0x739d4000 	C:\Windows\SYSTEM32\dhcpcsvc.DLL
0x64b40000 - 0x64b58000 	C:\Users\Gulnar\AppData\Local\Temp\aapt2_3100120943384349863\libwinpthread-1.dll
0x63940000 - 0x63c05000 	C:\Users\Gulnar\AppData\Local\Temp\aapt2_3100120943384349863\libaapt2_jni.dll
0x73e10000 - 0x73f56000 	C:\Program Files (x86)\Java\jdk1.8.0_112\jre\bin\awt.dll
0x73f80000 - 0x73fa4000 	C:\Program Files (x86)\Java\jdk1.8.0_112\jre\bin\dcpr.dll
0x69090000 - 0x691d1000 	C:\Windows\SYSTEM32\dbghelp.dll

VM Arguments:
jvm_args: -Xmx1536m -Dfile.encoding=windows-1251 -Duser.country=RU -Duser.language=ru -Duser.variant -Xmx1024M 
java_command: org.gradle.launcher.daemon.bootstrap.GradleDaemon 4.1
java_class_path (initial): C:\Users\Gulnar\.gradle\wrapper\dists\gradle-4.1-all\bzyivzo6n839fup2jbap0tjew\gradle-4.1\lib\gradle-launcher-4.1.jar
Launcher Type: SUN_STANDARD

Environment Variables:
_JAVA_OPTIONS=-Xmx1024M
PATH=C:\ProgramData\Oracle\Java\javapath;C:\Program Files\Broadcom\Broadcom 802.11 Network Adapter;C:\Program Files (x86)\NVIDIA Corporation\PhysX\Common;C:\Program Files (x86)\Intel\iCLS Client\;C:\Program Files\Intel\iCLS Client\;C:\Windows\system32;C:\Windows;C:\Windows\System32\Wbem;C:\Windows\System32\WindowsPowerShell\v1.0\;C:\Program Files (x86)\Acer\abFiles\;C:\Program Files\Intel\Intel(R) Management Engine Components\DAL;C:\Program Files\Intel\Intel(R) Management Engine Components\IPT;C:\Program Files (x86)\Intel\Intel(R) Management Engine Components\DAL;C:\Program Files (x86)\Intel\Intel(R) Management Engine Components\IPT;C:\Program Files\WIDCOMM\Bluetooth Software\;C:\Program Files\WIDCOMM\Bluetooth Software\syswow64;C:\Program Files\Aladdin\eToken\PKIClient\x32;C:\Program Files\Aladdin\eToken\PKIClient\x64;C:\Program Files (x86)\IVI Foundation\VISA\WinNT\Bin;C:\Program Files\nodejs\;C:\Users\Gulnar\.dnx\bin;C:\Program Files\Microsoft DNX\Dnvm\;C:\Program Files\Microsoft SQL Server\130\Tools\Binn\;C:\Program Files (x86)\GtkSharp\2.12\bin;C:\Program Files (x86)\Skype\Phone\;C:\Program Files (x86)\Windows Kits\10\Windows Performance Toolkit\;C:\Program Files\dotnet\;C:\Program Files (x86)\Xoreax\IncrediBuild;C:\Users\Erzhan\AppData\Local\Programs\Git\cmd;C:\Program Files (x86)\Java\jdk1.8.0_112\bin\java.exe
USERNAME=Gulnar
OS=Windows_NT
PROCESSOR_IDENTIFIER=Intel64 Family 6 Model 69 Stepping 1, GenuineIntel



---------------  S Y S T E M  ---------------

OS: Windows 8.1 , 64 bit Build 9600 (6.3.9600.17415)

CPU:total 4 (2 cores per cpu, 2 threads per core) family 6 model 69 stepping 1, cmov, cx8, fxsr, mmx, sse, sse2, sse3, ssse3, sse4.1, sse4.2, popcnt, avx, avx2, aes, clmul, erms, lzcnt, ht, tsc, tscinvbit, bmi1, bmi2

Memory: 4k page, physical 6212888k(1914552k free), swap 7654680k(2976048k free)

vm_info: Java HotSpot(TM) Client VM (25.112-b15) for windows-x86 JRE (1.8.0_112-b15), built on Sep 22 2016 21:03:20 by "java_re" with MS VC++ 10.0 (VS2010)

time: Sat Sep 30 19:32:04 2017
elapsed time: 16 seconds (0d 0h 0m 16s)

