#
# A fatal error has been detected by the Java Runtime Environment:
#
#  EXCEPTION_ACCESS_VIOLATION (0xc0000005) at pc=0x4925cb00, pid=6520, tid=0x00000c80
#
# JRE version: Java(TM) SE Runtime Environment (8.0_112-b15) (build 1.8.0_112-b15)
# Java VM: Java HotSpot(TM) Client VM (25.112-b15 mixed mode windows-x86 )
# Problematic frame:
# C  0x4925cb00
#
# Failed to write core dump. Minidumps are not enabled by default on client versions of Windows
#
# If you would like to submit a bug report, please visit:
#   http://bugreport.java.com/bugreport/crash.jsp
# The crash happened outside the Java Virtual Machine in native code.
# See problematic frame for where to report the bug.
#

---------------  T H R E A D  ---------------

Current thread (0x478d1800):  JavaThread "Task worker for ':' Thread 2" [_thread_in_native, id=3200, stack(0x4ac30000,0x4ac80000)]

siginfo: ExceptionCode=0xc0000005, ExceptionInformation=0x00000008 0x4925cb00

Registers:
EAX=0x00000004, EBX=0x478d1940, ECX=0x00000000, EDX=0x46ebb194
ESP=0x4ac7e428, EBP=0x4ac7e458, ESI=0x4ac7e478, EDI=0x472a8f10
EIP=0x4925cb00, EFLAGS=0x00010216

Top of Stack: (sp=0x4ac7e428)
0x4ac7e428:   4ac7e508 00000000 73818e1c 73818efc
0x4ac7e438:   493cca68 00000000 00000002 475a98ec
0x4ac7e448:   4ad5a9b0 4ad5a9b0 4ac7e484 4ac7e490
0x4ac7e458:   4ac7e4b8 6396753d 4925cbc8 475a94f8
0x4ac7e468:   475a9500 475a98ec 000003ec 0344c11a
0x4ac7e478:   00000000 00000000 00000000 4ac7e4ac
0x4ac7e488:   735c08f0 478d1800 00000006 00000008
0x4ac7e498:   478d1800 4ad5a9a8 4ad5a9b0 4ad5a9b0 

Instructions: (pc=0x4925cb00)
0x4925cae0:   64 66 1b 72 2f 4d 05 88 0e 00 01 00 09 b2 cb 16
0x4925caf0:   74 68 65 20 72 6f 6f 74 20 62 75 69 6c 64 75 69
0x4925cb00:   58 66 1f 72 01 4e 05 88 0d 00 01 00 97 84 78 2e
0x4925cb10:   6f 75 74 70 75 74 46 69 6c 65 53 65 74 64 72 6f 


Register to memory mapping:

EAX=0x00000004 is an unknown value
EBX=0x478d1940 is an unknown value
ECX=0x00000000 is an unknown value
EDX=0x46ebb194 is an unknown value
ESP=0x4ac7e428 is pointing into the stack for thread: 0x478d1800
EBP=0x4ac7e458 is pointing into the stack for thread: 0x478d1800
ESI=0x4ac7e478 is pointing into the stack for thread: 0x478d1800
EDI=0x472a8f10 is an unknown value


Stack: [0x4ac30000,0x4ac80000],  sp=0x4ac7e428,  free space=313k
Native frames: (J=compiled Java code, j=interpreted, Vv=VM code, C=native code)
C  0x4925cb00
C  [libaapt2_jni.dll+0x2753d]
j  com.android.tools.aapt2.Aapt2Jni.nativeCompile(Ljava/util/List;Lcom/android/tools/aapt2/Aapt2JniLogCallback;)I+0
j  com.android.tools.aapt2.Aapt2Jni.compile(Ljava/util/List;)Lcom/android/tools/aapt2/Aapt2Result;+6
j  com.android.builder.internal.aapt.v2.AaptV2Jni.lambda$compile$0(Lcom/android/ide/common/res2/CompileResourceRequest;)Ljava/io/File;+10
j  com.android.builder.internal.aapt.v2.AaptV2Jni$$Lambda$289.call()Ljava/lang/Object;+8
j  java.util.concurrent.ForkJoinTask$AdaptedCallable.exec()Z+5
j  java.util.concurrent.ForkJoinTask.doExec()I+10
j  java.util.concurrent.ForkJoinTask.externalInterruptibleAwaitDone()I+55
j  java.util.concurrent.ForkJoinTask.get()Ljava/lang/Object;+17
j  com.android.ide.common.res2.MergedResourceWriter.postWriteAction()V+635
j  com.android.ide.common.res2.MergeWriter.end()V+1
j  com.android.ide.common.res2.MergedResourceWriter.end()V+1
J 4222% C1 com.android.ide.common.res2.DataMerger.mergeData(Lcom/android/ide/common/res2/MergeConsumer;Z)V (603 bytes) @ 0x03ad27cc [0x03ad1ec0+0x90c]
j  com.android.ide.common.res2.ResourceMerger.mergeData(Lcom/android/ide/common/res2/MergeConsumer;Z)V+7
j  com.android.build.gradle.tasks.MergeResources.doFullTaskAction()V+201
j  com.android.build.gradle.internal.tasks.IncrementalTask.taskAction(Lorg/gradle/api/tasks/incremental/IncrementalTaskInputs;)V+33
v  ~StubRoutines::call_stub
V  [jvm.dll+0x15a945]
V  [jvm.dll+0x220d0e]
V  [jvm.dll+0x15a9de]
V  [jvm.dll+0x167178]
V  [jvm.dll+0x1673e3]
V  [jvm.dll+0x103be3]
C  [java.dll+0x3b26]
J 2567 C1 sun.reflect.NativeMethodAccessorImpl.invoke(Ljava/lang/Object;[Ljava/lang/Object;)Ljava/lang/Object; (104 bytes) @ 0x0392a5e4 [0x0392a340+0x2a4]
J 470 C1 sun.reflect.DelegatingMethodAccessorImpl.invoke(Ljava/lang/Object;[Ljava/lang/Object;)Ljava/lang/Object; (10 bytes) @ 0x03537a40 [0x03537a10+0x30]
J 469 C1 java.lang.reflect.Method.invoke(Ljava/lang/Object;[Ljava/lang/Object;)Ljava/lang/Object; (62 bytes) @ 0x03537754 [0x03537680+0xd4]
j  org.gradle.internal.reflect.JavaMethod.invoke(Ljava/lang/Object;[Ljava/lang/Object;)Ljava/lang/Object;+6
j  org.gradle.api.internal.project.taskfactory.DefaultTaskClassInfoStore$IncrementalTaskAction.doExecute(Lorg/gradle/api/Task;Ljava/lang/String;)V+35
j  org.gradle.api.internal.project.taskfactory.DefaultTaskClassInfoStore$StandardTaskAction.execute(Lorg/gradle/api/Task;)V+32
j  org.gradle.api.internal.project.taskfactory.DefaultTaskClassInfoStore$StandardTaskAction.execute(Ljava/lang/Object;)V+5
j  org.gradle.api.internal.tasks.execution.ExecuteActionsTaskExecuter$1.run(Lorg/gradle/internal/operations/BuildOperationContext;)V+23
j  org.gradle.internal.progress.DefaultBuildOperationExecutor$RunnableBuildOperationWorker.execute(Lorg/gradle/internal/operations/RunnableBuildOperation;Lorg/gradle/internal/operations/BuildOperationContext;)V+2
j  org.gradle.internal.progress.DefaultBuildOperationExecutor$RunnableBuildOperationWorker.execute(Lorg/gradle/internal/operations/BuildOperation;Lorg/gradle/internal/operations/BuildOperationContext;)V+6
j  org.gradle.internal.progress.DefaultBuildOperationExecutor.execute(Lorg/gradle/internal/operations/BuildOperation;Lorg/gradle/internal/operations/BuildOperationWorker;Lorg/gradle/internal/progress/DefaultBuildOperationExecutor$DefaultBuildOperationState;)V+177
j  org.gradle.internal.progress.DefaultBuildOperationExecutor.run(Lorg/gradle/internal/operations/RunnableBuildOperation;)V+20
j  org.gradle.api.internal.tasks.execution.ExecuteActionsTaskExecuter.executeAction(Ljava/lang/String;Lorg/gradle/api/internal/TaskInternal;Lorg/gradle/api/internal/tasks/ContextAwareTaskAction;Lorg/gradle/api/internal/tasks/TaskExecutionContext;)V+23
j  org.gradle.api.internal.tasks.execution.ExecuteActionsTaskExecuter.executeActions(Lorg/gradle/api/internal/TaskInternal;Lorg/gradle/api/internal/tasks/TaskStateInternal;Lorg/gradle/api/internal/tasks/TaskExecutionContext;)Lorg/gradle/api/GradleException;+131
j  org.gradle.api.internal.tasks.execution.ExecuteActionsTaskExecuter.execute(Lorg/gradle/api/internal/TaskInternal;Lorg/gradle/api/internal/tasks/TaskStateInternal;Lorg/gradle/api/internal/tasks/TaskExecutionContext;)V+42
j  org.gradle.api.internal.tasks.execution.SkipUpToDateTaskExecuter.execute(Lorg/gradle/api/internal/TaskInternal;Lorg/gradle/api/internal/tasks/TaskStateInternal;Lorg/gradle/api/internal/tasks/TaskExecutionContext;)V+124
j  org.gradle.api.internal.tasks.execution.ResolveTaskOutputCachingStateExecuter.execute(Lorg/gradle/api/internal/TaskInternal;Lorg/gradle/api/internal/tasks/TaskStateInternal;Lorg/gradle/api/internal/tasks/TaskExecutionContext;)V+96
j  org.gradle.api.internal.tasks.execution.ValidatingTaskExecuter.execute(Lorg/gradle/api/internal/TaskInternal;Lorg/gradle/api/internal/tasks/TaskStateInternal;Lorg/gradle/api/internal/tasks/TaskExecutionContext;)V+215
j  org.gradle.api.internal.tasks.execution.SkipEmptySourceFilesTaskExecuter.execute(Lorg/gradle/api/internal/TaskInternal;Lorg/gradle/api/internal/tasks/TaskStateInternal;Lorg/gradle/api/internal/tasks/TaskExecutionContext;)V+335
j  org.gradle.api.internal.tasks.execution.ResolveTaskArtifactStateTaskExecuter.execute(Lorg/gradle/api/internal/TaskInternal;Lorg/gradle/api/internal/tasks/TaskStateInternal;Lorg/gradle/api/internal/tasks/TaskExecutionContext;)V+72
j  org.gradle.api.internal.tasks.execution.SkipTaskWithNoActionsExecuter.execute(Lorg/gradle/api/internal/TaskInternal;Lorg/gradle/api/internal/tasks/TaskStateInternal;Lorg/gradle/api/internal/tasks/TaskExecutionContext;)V+124
j  org.gradle.api.internal.tasks.execution.SkipOnlyIfTaskExecuter.execute(Lorg/gradle/api/internal/TaskInternal;Lorg/gradle/api/internal/tasks/TaskStateInternal;Lorg/gradle/api/internal/tasks/TaskExecutionContext;)V+85
j  org.gradle.api.internal.tasks.execution.ExecuteAtMostOnceTaskExecuter.execute(Lorg/gradle/api/internal/TaskInternal;Lorg/gradle/api/internal/tasks/TaskStateInternal;Lorg/gradle/api/internal/tasks/TaskExecutionContext;)V+26
j  org.gradle.api.internal.tasks.execution.CatchExceptionTaskExecuter.execute(Lorg/gradle/api/internal/TaskInternal;Lorg/gradle/api/internal/tasks/TaskStateInternal;Lorg/gradle/api/internal/tasks/TaskExecutionContext;)V+7
j  org.gradle.execution.taskgraph.DefaultTaskGraphExecuter$EventFiringTaskWorker$1.run(Lorg/gradle/internal/operations/BuildOperationContext;)V+56
j  org.gradle.internal.progress.DefaultBuildOperationExecutor$RunnableBuildOperationWorker.execute(Lorg/gradle/internal/operations/RunnableBuildOperation;Lorg/gradle/internal/operations/BuildOperationContext;)V+2
j  org.gradle.internal.progress.DefaultBuildOperationExecutor$RunnableBuildOperationWorker.execute(Lorg/gradle/internal/operations/BuildOperation;Lorg/gradle/internal/operations/BuildOperationContext;)V+6
j  org.gradle.internal.progress.DefaultBuildOperationExecutor.execute(Lorg/gradle/internal/operations/BuildOperation;Lorg/gradle/internal/operations/BuildOperationWorker;Lorg/gradle/internal/progress/DefaultBuildOperationExecutor$DefaultBuildOperationState;)V+177
j  org.gradle.internal.progress.DefaultBuildOperationExecutor.run(Lorg/gradle/internal/operations/RunnableBuildOperation;)V+20
j  org.gradle.execution.taskgraph.DefaultTaskGraphExecuter$EventFiringTaskWorker.execute(Lorg/gradle/api/internal/TaskInternal;)V+16
j  org.gradle.execution.taskgraph.DefaultTaskGraphExecuter$EventFiringTaskWorker.execute(Ljava/lang/Object;)V+5
j  org.gradle.execution.taskgraph.DefaultTaskPlanExecutor$TaskExecutorWorker.processTask(Lorg/gradle/execution/taskgraph/TaskInfo;)V+8
j  org.gradle.execution.taskgraph.DefaultTaskPlanExecutor$TaskExecutorWorker.access$200(Lorg/gradle/execution/taskgraph/DefaultTaskPlanExecutor$TaskExecutorWorker;Lorg/gradle/execution/taskgraph/TaskInfo;)V+2
j  org.gradle.execution.taskgraph.DefaultTaskPlanExecutor$TaskExecutorWorker$1.execute(Lorg/gradle/execution/taskgraph/TaskInfo;)V+38
j  org.gradle.execution.taskgraph.DefaultTaskPlanExecutor$TaskExecutorWorker$1.execute(Ljava/lang/Object;)V+5
j  org.gradle.execution.taskgraph.DefaultTaskExecutionPlan.execute(Lorg/gradle/execution/taskgraph/TaskInfo;Lorg/gradle/internal/work/WorkerLeaseRegistry$WorkerLease;Lorg/gradle/api/Action;)V+14
j  org.gradle.execution.taskgraph.DefaultTaskExecutionPlan.executeWithTask(Lorg/gradle/internal/work/WorkerLeaseRegistry$WorkerLease;Lorg/gradle/api/Action;)Z+53
j  org.gradle.execution.taskgraph.DefaultTaskPlanExecutor$TaskExecutorWorker.run()V+52
j  org.gradle.internal.concurrent.ExecutorPolicy$CatchAndRecordFailures.onExecute(Ljava/lang/Runnable;)V+1
j  org.gradle.internal.concurrent.ManagedExecutorImpl$1.run()V+25
j  java.util.concurrent.ThreadPoolExecutor.runWorker(Ljava/util/concurrent/ThreadPoolExecutor$Worker;)V+95
j  java.util.concurrent.ThreadPoolExecutor$Worker.run()V+5
j  org.gradle.internal.concurrent.ThreadFactoryImpl$ManagedThreadRunnable.run()V+7
j  java.lang.Thread.run()V+11
v  ~StubRoutines::call_stub
V  [jvm.dll+0x15a945]
V  [jvm.dll+0x220d0e]
V  [jvm.dll+0x15a9de]
V  [jvm.dll+0x15ab66]
V  [jvm.dll+0x15abd7]
V  [jvm.dll+0xfeeaf]
V  [jvm.dll+0x17d670]
V  [jvm.dll+0x17deea]
V  [jvm.dll+0x1c2986]
C  [msvcr100.dll+0x5c556]
C  [msvcr100.dll+0x5c600]
C  [KERNEL32.DLL+0x17c04]
C  [ntdll.dll+0x5ad2f]
C  [ntdll.dll+0x5acfa]
C  0x00000000

Java frames: (J=compiled Java code, j=interpreted, Vv=VM code)
j  com.android.tools.aapt2.Aapt2Jni.nativeCompile(Ljava/util/List;Lcom/android/tools/aapt2/Aapt2JniLogCallback;)I+0
j  com.android.tools.aapt2.Aapt2Jni.compile(Ljava/util/List;)Lcom/android/tools/aapt2/Aapt2Result;+6
j  com.android.builder.internal.aapt.v2.AaptV2Jni.lambda$compile$0(Lcom/android/ide/common/res2/CompileResourceRequest;)Ljava/io/File;+10
j  com.android.builder.internal.aapt.v2.AaptV2Jni$$Lambda$289.call()Ljava/lang/Object;+8
j  java.util.concurrent.ForkJoinTask$AdaptedCallable.exec()Z+5
j  java.util.concurrent.ForkJoinTask.doExec()I+10
j  java.util.concurrent.ForkJoinTask.externalInterruptibleAwaitDone()I+55
j  java.util.concurrent.ForkJoinTask.get()Ljava/lang/Object;+17
j  com.android.ide.common.res2.MergedResourceWriter.postWriteAction()V+635
j  com.android.ide.common.res2.MergeWriter.end()V+1
j  com.android.ide.common.res2.MergedResourceWriter.end()V+1
J 4222% C1 com.android.ide.common.res2.DataMerger.mergeData(Lcom/android/ide/common/res2/MergeConsumer;Z)V (603 bytes) @ 0x03ad27cc [0x03ad1ec0+0x90c]
j  com.android.ide.common.res2.ResourceMerger.mergeData(Lcom/android/ide/common/res2/MergeConsumer;Z)V+7
j  com.android.build.gradle.tasks.MergeResources.doFullTaskAction()V+201
j  com.android.build.gradle.internal.tasks.IncrementalTask.taskAction(Lorg/gradle/api/tasks/incremental/IncrementalTaskInputs;)V+33
v  ~StubRoutines::call_stub
J 2568  sun.reflect.NativeMethodAccessorImpl.invoke0(Ljava/lang/reflect/Method;Ljava/lang/Object;[Ljava/lang/Object;)Ljava/lang/Object; (0 bytes) @ 0x0392a09d [0x0392a020+0x7d]
J 2567 C1 sun.reflect.NativeMethodAccessorImpl.invoke(Ljava/lang/Object;[Ljava/lang/Object;)Ljava/lang/Object; (104 bytes) @ 0x0392a5e4 [0x0392a340+0x2a4]
J 470 C1 sun.reflect.DelegatingMethodAccessorImpl.invoke(Ljava/lang/Object;[Ljava/lang/Object;)Ljava/lang/Object; (10 bytes) @ 0x03537a40 [0x03537a10+0x30]
J 469 C1 java.lang.reflect.Method.invoke(Ljava/lang/Object;[Ljava/lang/Object;)Ljava/lang/Object; (62 bytes) @ 0x03537754 [0x03537680+0xd4]
j  org.gradle.internal.reflect.JavaMethod.invoke(Ljava/lang/Object;[Ljava/lang/Object;)Ljava/lang/Object;+6
j  org.gradle.api.internal.project.taskfactory.DefaultTaskClassInfoStore$IncrementalTaskAction.doExecute(Lorg/gradle/api/Task;Ljava/lang/String;)V+35
j  org.gradle.api.internal.project.taskfactory.DefaultTaskClassInfoStore$StandardTaskAction.execute(Lorg/gradle/api/Task;)V+32
j  org.gradle.api.internal.project.taskfactory.DefaultTaskClassInfoStore$StandardTaskAction.execute(Ljava/lang/Object;)V+5
j  org.gradle.api.internal.tasks.execution.ExecuteActionsTaskExecuter$1.run(Lorg/gradle/internal/operations/BuildOperationContext;)V+23
j  org.gradle.internal.progress.DefaultBuildOperationExecutor$RunnableBuildOperationWorker.execute(Lorg/gradle/internal/operations/RunnableBuildOperation;Lorg/gradle/internal/operations/BuildOperationContext;)V+2
j  org.gradle.internal.progress.DefaultBuildOperationExecutor$RunnableBuildOperationWorker.execute(Lorg/gradle/internal/operations/BuildOperation;Lorg/gradle/internal/operations/BuildOperationContext;)V+6
j  org.gradle.internal.progress.DefaultBuildOperationExecutor.execute(Lorg/gradle/internal/operations/BuildOperation;Lorg/gradle/internal/operations/BuildOperationWorker;Lorg/gradle/internal/progress/DefaultBuildOperationExecutor$DefaultBuildOperationState;)V+177
j  org.gradle.internal.progress.DefaultBuildOperationExecutor.run(Lorg/gradle/internal/operations/RunnableBuildOperation;)V+20
j  org.gradle.api.internal.tasks.execution.ExecuteActionsTaskExecuter.executeAction(Ljava/lang/String;Lorg/gradle/api/internal/TaskInternal;Lorg/gradle/api/internal/tasks/ContextAwareTaskAction;Lorg/gradle/api/internal/tasks/TaskExecutionContext;)V+23
j  org.gradle.api.internal.tasks.execution.ExecuteActionsTaskExecuter.executeActions(Lorg/gradle/api/internal/TaskInternal;Lorg/gradle/api/internal/tasks/TaskStateInternal;Lorg/gradle/api/internal/tasks/TaskExecutionContext;)Lorg/gradle/api/GradleException;+131
j  org.gradle.api.internal.tasks.execution.ExecuteActionsTaskExecuter.execute(Lorg/gradle/api/internal/TaskInternal;Lorg/gradle/api/internal/tasks/TaskStateInternal;Lorg/gradle/api/internal/tasks/TaskExecutionContext;)V+42
j  org.gradle.api.internal.tasks.execution.SkipUpToDateTaskExecuter.execute(Lorg/gradle/api/internal/TaskInternal;Lorg/gradle/api/internal/tasks/TaskStateInternal;Lorg/gradle/api/internal/tasks/TaskExecutionContext;)V+124
j  org.gradle.api.internal.tasks.execution.ResolveTaskOutputCachingStateExecuter.execute(Lorg/gradle/api/internal/TaskInternal;Lorg/gradle/api/internal/tasks/TaskStateInternal;Lorg/gradle/api/internal/tasks/TaskExecutionContext;)V+96
j  org.gradle.api.internal.tasks.execution.ValidatingTaskExecuter.execute(Lorg/gradle/api/internal/TaskInternal;Lorg/gradle/api/internal/tasks/TaskStateInternal;Lorg/gradle/api/internal/tasks/TaskExecutionContext;)V+215
j  org.gradle.api.internal.tasks.execution.SkipEmptySourceFilesTaskExecuter.execute(Lorg/gradle/api/internal/TaskInternal;Lorg/gradle/api/internal/tasks/TaskStateInternal;Lorg/gradle/api/internal/tasks/TaskExecutionContext;)V+335
j  org.gradle.api.internal.tasks.execution.ResolveTaskArtifactStateTaskExecuter.execute(Lorg/gradle/api/internal/TaskInternal;Lorg/gradle/api/internal/tasks/TaskStateInternal;Lorg/gradle/api/internal/tasks/TaskExecutionContext;)V+72
j  org.gradle.api.internal.tasks.execution.SkipTaskWithNoActionsExecuter.execute(Lorg/gradle/api/internal/TaskInternal;Lorg/gradle/api/internal/tasks/TaskStateInternal;Lorg/gradle/api/internal/tasks/TaskExecutionContext;)V+124
j  org.gradle.api.internal.tasks.execution.SkipOnlyIfTaskExecuter.execute(Lorg/gradle/api/internal/TaskInternal;Lorg/gradle/api/internal/tasks/TaskStateInternal;Lorg/gradle/api/internal/tasks/TaskExecutionContext;)V+85
j  org.gradle.api.internal.tasks.execution.ExecuteAtMostOnceTaskExecuter.execute(Lorg/gradle/api/internal/TaskInternal;Lorg/gradle/api/internal/tasks/TaskStateInternal;Lorg/gradle/api/internal/tasks/TaskExecutionContext;)V+26
j  org.gradle.api.internal.tasks.execution.CatchExceptionTaskExecuter.execute(Lorg/gradle/api/internal/TaskInternal;Lorg/gradle/api/internal/tasks/TaskStateInternal;Lorg/gradle/api/internal/tasks/TaskExecutionContext;)V+7
j  org.gradle.execution.taskgraph.DefaultTaskGraphExecuter$EventFiringTaskWorker$1.run(Lorg/gradle/internal/operations/BuildOperationContext;)V+56
j  org.gradle.internal.progress.DefaultBuildOperationExecutor$RunnableBuildOperationWorker.execute(Lorg/gradle/internal/operations/RunnableBuildOperation;Lorg/gradle/internal/operations/BuildOperationContext;)V+2
j  org.gradle.internal.progress.DefaultBuildOperationExecutor$RunnableBuildOperationWorker.execute(Lorg/gradle/internal/operations/BuildOperation;Lorg/gradle/internal/operations/BuildOperationContext;)V+6
j  org.gradle.internal.progress.DefaultBuildOperationExecutor.execute(Lorg/gradle/internal/operations/BuildOperation;Lorg/gradle/internal/operations/BuildOperationWorker;Lorg/gradle/internal/progress/DefaultBuildOperationExecutor$DefaultBuildOperationState;)V+177
j  org.gradle.internal.progress.DefaultBuildOperationExecutor.run(Lorg/gradle/internal/operations/RunnableBuildOperation;)V+20
j  org.gradle.execution.taskgraph.DefaultTaskGraphExecuter$EventFiringTaskWorker.execute(Lorg/gradle/api/internal/TaskInternal;)V+16
j  org.gradle.execution.taskgraph.DefaultTaskGraphExecuter$EventFiringTaskWorker.execute(Ljava/lang/Object;)V+5
j  org.gradle.execution.taskgraph.DefaultTaskPlanExecutor$TaskExecutorWorker.processTask(Lorg/gradle/execution/taskgraph/TaskInfo;)V+8
j  org.gradle.execution.taskgraph.DefaultTaskPlanExecutor$TaskExecutorWorker.access$200(Lorg/gradle/execution/taskgraph/DefaultTaskPlanExecutor$TaskExecutorWorker;Lorg/gradle/execution/taskgraph/TaskInfo;)V+2
j  org.gradle.execution.taskgraph.DefaultTaskPlanExecutor$TaskExecutorWorker$1.execute(Lorg/gradle/execution/taskgraph/TaskInfo;)V+38
j  org.gradle.execution.taskgraph.DefaultTaskPlanExecutor$TaskExecutorWorker$1.execute(Ljava/lang/Object;)V+5
j  org.gradle.execution.taskgraph.DefaultTaskExecutionPlan.execute(Lorg/gradle/execution/taskgraph/TaskInfo;Lorg/gradle/internal/work/WorkerLeaseRegistry$WorkerLease;Lorg/gradle/api/Action;)V+14
j  org.gradle.execution.taskgraph.DefaultTaskExecutionPlan.executeWithTask(Lorg/gradle/internal/work/WorkerLeaseRegistry$WorkerLease;Lorg/gradle/api/Action;)Z+53
j  org.gradle.execution.taskgraph.DefaultTaskPlanExecutor$TaskExecutorWorker.run()V+52
j  org.gradle.internal.concurrent.ExecutorPolicy$CatchAndRecordFailures.onExecute(Ljava/lang/Runnable;)V+1
j  org.gradle.internal.concurrent.ManagedExecutorImpl$1.run()V+25
j  java.util.concurrent.ThreadPoolExecutor.runWorker(Ljava/util/concurrent/ThreadPoolExecutor$Worker;)V+95
j  java.util.concurrent.ThreadPoolExecutor$Worker.run()V+5
j  org.gradle.internal.concurrent.ThreadFactoryImpl$ManagedThreadRunnable.run()V+7
j  java.lang.Thread.run()V+11
v  ~StubRoutines::call_stub

---------------  P R O C E S S  ---------------

Java Threads: ( => current thread )
  0x469ad000 JavaThread "ForkJoinPool.commonPool-worker-1" daemon [_thread_blocked, id=3668, stack(0x4b5f0000,0x4b640000)]
  0x469ac800 JavaThread "Worker Daemon Execution Thread 7" [_thread_blocked, id=4444, stack(0x4b560000,0x4b5b0000)]
  0x469ac400 JavaThread "Worker Daemon Execution Thread 6" [_thread_blocked, id=6876, stack(0x4b4d0000,0x4b520000)]
  0x469abc00 JavaThread "Java2D Disposer" daemon [_thread_blocked, id=484, stack(0x4b440000,0x4b490000)]
  0x478d3000 JavaThread "Worker Daemon Execution Thread 5" [_thread_in_native, id=5140, stack(0x4b2b0000,0x4b300000)]
  0x478d2400 JavaThread "Worker Daemon Execution Thread 4" [_thread_blocked, id=6924, stack(0x4b190000,0x4b1e0000)]
  0x478d3800 JavaThread "Worker Daemon Execution Thread 3" [_thread_blocked, id=2824, stack(0x4af70000,0x4afc0000)]
  0x478d3c00 JavaThread "Worker Daemon Execution Thread 2" [_thread_blocked, id=5372, stack(0x4aee0000,0x4af30000)]
  0x478d2c00 JavaThread "Worker Daemon Execution" [_thread_blocked, id=2912, stack(0x4ae50000,0x4aea0000)]
  0x478d1c00 JavaThread "Task worker for ':' Thread 3" [_thread_blocked, id=4360, stack(0x4acc0000,0x4ad10000)]
=>0x478d1800 JavaThread "Task worker for ':' Thread 2" [_thread_in_native, id=3200, stack(0x4ac30000,0x4ac80000)]
  0x478d0c00 JavaThread "Task worker for ':'" [_thread_blocked, id=7060, stack(0x4aaa0000,0x4aaf0000)]
  0x478d1000 JavaThread "Cache worker for task history cache (C:\Users\Gulnar\Desktop\AndroidStudioProjects\ENIS\.gradle\4.1\taskHistory)" [_thread_blocked, id=4852, stack(0x4aa10000,0x4aa60000)]
  0x478ccc00 JavaThread "build operations Thread 4" [_thread_blocked, id=1872, stack(0x48920000,0x48970000)]
  0x478d0400 JavaThread "build operations Thread 3" [_thread_blocked, id=5108, stack(0x48890000,0x488e0000)]
  0x478cc400 JavaThread "build operations Thread 2" [_thread_blocked, id=6896, stack(0x48800000,0x48850000)]
  0x478d0000 JavaThread "build operations" [_thread_blocked, id=4592, stack(0x48070000,0x480c0000)]
  0x478cf000 JavaThread "Cache worker for Artifact transforms cache (C:\Users\Gulnar\.gradle\caches\transforms-1)" [_thread_blocked, id=7120, stack(0x47fe0000,0x48030000)]
  0x478cd400 JavaThread "Cache worker for file hash cache (C:\Users\Gulnar\Desktop\AndroidStudioProjects\ENIS\.gradle\4.1\fileHashes)" [_thread_blocked, id=3628, stack(0x47b50000,0x47ba0000)]
  0x478cec00 JavaThread "Stdin handler" [_thread_blocked, id=2872, stack(0x467d0000,0x46820000)]
  0x478cd800 JavaThread "Asynchronous log dispatcher for DefaultDaemonConnection: socket connection from /127.0.0.1:50329 to /127.0.0.1:50356" [_thread_blocked, id=7020, stack(0x46740000,0x46790000)]
  0x478ce000 JavaThread "Cancel handler" [_thread_blocked, id=3224, stack(0x46620000,0x46670000)]
  0x478ce400 JavaThread "Handler for socket connection from /127.0.0.1:50329 to /127.0.0.1:50356" [_thread_in_native, id=6492, stack(0x46590000,0x465e0000)]
  0x469a9c00 JavaThread "Memory manager" [_thread_blocked, id=4940, stack(0x48cb0000,0x48d00000)]
  0x469ab000 JavaThread "File lock request listener" [_thread_in_native, id=3180, stack(0x47ac0000,0x47b10000)]
  0x469aa800 JavaThread "Cache worker for file hash cache (C:\Users\Gulnar\.gradle\caches\4.1\fileHashes)" [_thread_blocked, id=1284, stack(0x47a30000,0x47a80000)]
  0x45f9c400 JavaThread "Daemon worker" [_thread_blocked, id=5152, stack(0x466b0000,0x46700000)]
  0x45f2ec00 JavaThread "Daemon" [_thread_blocked, id=2972, stack(0x46500000,0x46550000)]
  0x45edd000 JavaThread "Daemon periodic checks" [_thread_blocked, id=7136, stack(0x46470000,0x464c0000)]
  0x45e99800 JavaThread "Incoming local TCP Connector on port 50329" [_thread_in_native, id=6452, stack(0x462e0000,0x46330000)]
  0x45e74000 JavaThread "Daemon health stats" [_thread_blocked, id=3900, stack(0x01f10000,0x01f60000)]
  0x01637400 JavaThread "Service Thread" daemon [_thread_blocked, id=5020, stack(0x00c40000,0x00c90000)]
  0x0161dc00 JavaThread "C1 CompilerThread0" daemon [_thread_blocked, id=1096, stack(0x00800000,0x00850000)]
  0x0161cc00 JavaThread "Attach Listener" daemon [_thread_blocked, id=1984, stack(0x00770000,0x007c0000)]
  0x0160bc00 JavaThread "Signal Dispatcher" daemon [_thread_blocked, id=4304, stack(0x006e0000,0x00730000)]
  0x01609c00 JavaThread "Finalizer" daemon [_thread_blocked, id=5356, stack(0x00650000,0x006a0000)]
  0x01603c00 JavaThread "Reference Handler" daemon [_thread_blocked, id=7132, stack(0x005c0000,0x00610000)]
  0x00c3d400 JavaThread "main" [_thread_blocked, id=5700, stack(0x00140000,0x00190000)]

Other Threads:
  0x00c0e800 VMThread [stack: 0x00530000,0x00580000] [id=2468]
  0x0164b800 WatcherThread [stack: 0x01cc0000,0x01d10000] [id=192]

VM state:not at safepoint (normal execution)

VM Mutex/Monitor currently owned by a thread: None

Heap:
 def new generation   total 25344K, used 5512K [0x05400000, 0x06f70000, 0x1a950000)
  eden space 22592K,  16% used [0x05400000, 0x057ba3c8, 0x06a10000)
  from space 2752K,  61% used [0x06a10000, 0x06bb7f40, 0x06cc0000)
  to   space 2752K,   0% used [0x06cc0000, 0x06cc0000, 0x06f70000)
 tenured generation   total 55912K, used 37308K [0x1a950000, 0x1dfea000, 0x45400000)
   the space 55912K,  66% used [0x1a950000, 0x1cdbf098, 0x1cdbf200, 0x1dfea000)
 Metaspace       used 37169K, capacity 38218K, committed 38912K, reserved 39296K

Card table byte_map: [0x00de0000,0x00ff0000] byte_map_base: 0x00db6000

Polling page: 0x00990000

CodeCache: size=32768Kb used=6895Kb max_used=7036Kb free=25872Kb
 bounds [0x03400000, 0x03ae8000, 0x05400000]
 total_blobs=4135 nmethods=3637 adapters=427
 compilation: enabled

Compilation events (10 events):
Event: 31.929 Thread 0x0161dc00 nmethod 4302 0x03514188 code [0x03514280, 0x03514300]
Event: 31.929 Thread 0x0161dc00 4303             java.lang.Integer::hashCode (2 bytes)
Event: 31.929 Thread 0x0161dc00 nmethod 4303 0x03513fc8 code [0x035140c0, 0x03514130]
Event: 31.929 Thread 0x0161dc00 4304             com.sun.org.apache.xerces.internal.dom.ElementImpl::getTagName (16 bytes)
Event: 31.929 Thread 0x0161dc00 nmethod 4304 0x03513d88 code [0x03513e90, 0x03513f5c]
Event: 31.929 Thread 0x0161dc00 4305             com.android.utils.PositionXmlParser::getPositionHelper (757 bytes)
Event: 31.934 Thread 0x0161dc00 nmethod 4305 0x038c7688 code [0x038c7a70, 0x038c9008]
Event: 31.934 Thread 0x0161dc00 4306             com.android.ide.common.blame.SourceFilePosition::equals (55 bytes)
Event: 31.935 Thread 0x0161dc00 nmethod 4306 0x0358c088 code [0x0358c1a0, 0x0358c398]
Event: 31.935 Thread 0x0161dc00 4307             com.sun.org.apache.xerces.internal.parsers.SAXParser::setProperty (189 bytes)

GC Heap History (10 events):
Event: 27.887 GC heap before
{Heap before GC invocations=100 (full 4):
 def new generation   total 21888K, used 20884K [0x05400000, 0x06bb0000, 0x1a950000)
  eden space 19520K, 100% used [0x05400000, 0x06710000, 0x06710000)
  from space 2368K,  57% used [0x06960000, 0x06ab5320, 0x06bb0000)
  to   space 2368K,   0% used [0x06710000, 0x06710000, 0x06960000)
 tenured generation   total 48288K, used 45509K [0x1a950000, 0x1d878000, 0x45400000)
   the space 48288K,  94% used [0x1a950000, 0x1d5c1478, 0x1d5c1600, 0x1d878000)
 Metaspace       used 35698K, capacity 36915K, committed 36992K, reserved 37248K
Event: 27.906 GC heap after
Heap after GC invocations=101 (full 4):
 def new generation   total 21888K, used 2368K [0x05400000, 0x06bb0000, 0x1a950000)
  eden space 19520K,   0% used [0x05400000, 0x05400000, 0x06710000)
  from space 2368K, 100% used [0x06710000, 0x06960000, 0x06960000)
  to   space 2368K,   0% used [0x06960000, 0x06960000, 0x06bb0000)
 tenured generation   total 48288K, used 45832K [0x1a950000, 0x1d878000, 0x45400000)
   the space 48288K,  94% used [0x1a950000, 0x1d612070, 0x1d612200, 0x1d878000)
 Metaspace       used 35698K, capacity 36915K, committed 36992K, reserved 37248K
}
Event: 28.699 GC heap before
{Heap before GC invocations=101 (full 4):
 def new generation   total 21888K, used 21888K [0x05400000, 0x06bb0000, 0x1a950000)
  eden space 19520K, 100% used [0x05400000, 0x06710000, 0x06710000)
  from space 2368K, 100% used [0x06710000, 0x06960000, 0x06960000)
  to   space 2368K,   0% used [0x06960000, 0x06960000, 0x06bb0000)
 tenured generation   total 48288K, used 45832K [0x1a950000, 0x1d878000, 0x45400000)
   the space 48288K,  94% used [0x1a950000, 0x1d612070, 0x1d612200, 0x1d878000)
 Metaspace       used 36317K, capacity 37575K, committed 37632K, reserved 38272K
Event: 28.721 GC heap after
Heap after GC invocations=102 (full 4):
 def new generation   total 21888K, used 2060K [0x05400000, 0x06bb0000, 0x1a950000)
  eden space 19520K,   0% used [0x05400000, 0x05400000, 0x06710000)
  from space 2368K,  87% used [0x06960000, 0x06b633b0, 0x06bb0000)
  to   space 2368K,   0% used [0x06710000, 0x06710000, 0x06960000)
 tenured generation   total 48288K, used 47769K [0x1a950000, 0x1d878000, 0x45400000)
   the space 48288K,  98% used [0x1a950000, 0x1d7f64c0, 0x1d7f6600, 0x1d878000)
 Metaspace       used 36317K, capacity 37575K, committed 37632K, reserved 38272K
}
Event: 29.337 GC heap before
{Heap before GC invocations=102 (full 4):
 def new generation   total 21888K, used 21580K [0x05400000, 0x06bb0000, 0x1a950000)
  eden space 19520K, 100% used [0x05400000, 0x06710000, 0x06710000)
  from space 2368K,  87% used [0x06960000, 0x06b633b0, 0x06bb0000)
  to   space 2368K,   0% used [0x06710000, 0x06710000, 0x06960000)
 tenured generation   total 48288K, used 47769K [0x1a950000, 0x1d878000, 0x45400000)
   the space 48288K,  98% used [0x1a950000, 0x1d7f64c0, 0x1d7f6600, 0x1d878000)
 Metaspace       used 36601K, capacity 37873K, committed 37888K, reserved 38272K
Event: 29.560 GC heap after
Heap after GC invocations=103 (full 5):
 def new generation   total 25344K, used 0K [0x05400000, 0x06f70000, 0x1a950000)
  eden space 22592K,   0% used [0x05400000, 0x05400000, 0x06a10000)
  from space 2752K,   0% used [0x06a10000, 0x06a10000, 0x06cc0000)
  to   space 2752K,   0% used [0x06cc0000, 0x06cc0000, 0x06f70000)
 tenured generation   total 55912K, used 33546K [0x1a950000, 0x1dfea000, 0x45400000)
   the space 55912K,  59% used [0x1a950000, 0x1ca12b50, 0x1ca12c00, 0x1dfea000)
 Metaspace       used 35698K, capacity 36747K, committed 37888K, reserved 38272K
}
Event: 29.977 GC heap before
{Heap before GC invocations=103 (full 5):
 def new generation   total 25344K, used 22592K [0x05400000, 0x06f70000, 0x1a950000)
  eden space 22592K, 100% used [0x05400000, 0x06a10000, 0x06a10000)
  from space 2752K,   0% used [0x06a10000, 0x06a10000, 0x06cc0000)
  to   space 2752K,   0% used [0x06cc0000, 0x06cc0000, 0x06f70000)
 tenured generation   total 55912K, used 33546K [0x1a950000, 0x1dfea000, 0x45400000)
   the space 55912K,  59% used [0x1a950000, 0x1ca12b50, 0x1ca12c00, 0x1dfea000)
 Metaspace       used 35712K, capacity 36747K, committed 37888K, reserved 38272K
Event: 30.003 GC heap after
Heap after GC invocations=104 (full 5):
 def new generation   total 25344K, used 2752K [0x05400000, 0x06f70000, 0x1a950000)
  eden space 22592K,   0% used [0x05400000, 0x05400000, 0x06a10000)
  from space 2752K, 100% used [0x06cc0000, 0x06f70000, 0x06f70000)
  to   space 2752K,   0% used [0x06a10000, 0x06a10000, 0x06cc0000)
 tenured generation   total 55912K, used 34567K [0x1a950000, 0x1dfea000, 0x45400000)
   the space 55912K,  61% used [0x1a950000, 0x1cb11e58, 0x1cb12000, 0x1dfea000)
 Metaspace       used 35712K, capacity 36747K, committed 37888K, reserved 38272K
}
Event: 31.886 GC heap before
{Heap before GC invocations=104 (full 5):
 def new generation   total 25344K, used 25344K [0x05400000, 0x06f70000, 0x1a950000)
  eden space 22592K, 100% used [0x05400000, 0x06a10000, 0x06a10000)
  from space 2752K, 100% used [0x06cc0000, 0x06f70000, 0x06f70000)
  to   space 2752K,   0% used [0x06a10000, 0x06a10000, 0x06cc0000)
 tenured generation   total 55912K, used 34567K [0x1a950000, 0x1dfea000, 0x45400000)
   the space 55912K,  61% used [0x1a950000, 0x1cb11e58, 0x1cb12000, 0x1dfea000)
 Metaspace       used 37092K, capacity 38146K, committed 38912K, reserved 39296K
Event: 31.906 GC heap after
Heap after GC invocations=105 (full 5):
 def new generation   total 25344K, used 1695K [0x05400000, 0x06f70000, 0x1a950000)
  eden space 22592K,   0% used [0x05400000, 0x05400000, 0x06a10000)
  from space 2752K,  61% used [0x06a10000, 0x06bb7f40, 0x06cc0000)
  to   space 2752K,   0% used [0x06cc0000, 0x06cc0000, 0x06f70000)
 tenured generation   total 55912K, used 37308K [0x1a950000, 0x1dfea000, 0x45400000)
   the space 55912K,  66% used [0x1a950000, 0x1cdbf098, 0x1cdbf200, 0x1dfea000)
 Metaspace       used 37092K, capacity 38146K, committed 38912K, reserved 39296K
}

Deoptimization events (0 events):
No events

Internal exceptions (10 events):
Event: 30.243 Thread 0x478d1800 Exception <a 'java/lang/NoSuchMethodError': <clinit>> (0x05865198) thrown at [C:\re\workspace\8-2-build-windows-i586-cygwin\jdk8u112\7884\hotspot\src\share\vm\prims\jni.cpp, line 1613]
Event: 30.246 Thread 0x478d1800 Exception <a 'java/lang/NoSuchMethodError': <clinit>> (0x05880a80) thrown at [C:\re\workspace\8-2-build-windows-i586-cygwin\jdk8u112\7884\hotspot\src\share\vm\prims\jni.cpp, line 1613]
Event: 30.253 Thread 0x478d1800 Exception <a 'java/lang/NoSuchMethodError': <clinit>> (0x058881e8) thrown at [C:\re\workspace\8-2-build-windows-i586-cygwin\jdk8u112\7884\hotspot\src\share\vm\prims\jni.cpp, line 1613]
Event: 30.270 Thread 0x478d1800 Exception <a 'java/lang/NoSuchMethodError': <clinit>> (0x0588af90) thrown at [C:\re\workspace\8-2-build-windows-i586-cygwin\jdk8u112\7884\hotspot\src\share\vm\prims\jni.cpp, line 1613]
Event: 30.272 Thread 0x478d1800 Exception <a 'java/lang/NoSuchMethodError': <clinit>> (0x0589e140) thrown at [C:\re\workspace\8-2-build-windows-i586-cygwin\jdk8u112\7884\hotspot\src\share\vm\prims\jni.cpp, line 1613]
Event: 30.273 Thread 0x478d1800 Exception <a 'java/lang/NoSuchMethodError': <clinit>> (0x058b65b8) thrown at [C:\re\workspace\8-2-build-windows-i586-cygwin\jdk8u112\7884\hotspot\src\share\vm\prims\jni.cpp, line 1613]
Event: 30.273 Thread 0x478d1800 Exception <a 'java/lang/NoSuchMethodError': <clinit>> (0x058b9078) thrown at [C:\re\workspace\8-2-build-windows-i586-cygwin\jdk8u112\7884\hotspot\src\share\vm\prims\jni.cpp, line 1613]
Event: 30.275 Thread 0x478d1800 Exception <a 'java/lang/NoSuchMethodError': <clinit>> (0x058d03a0) thrown at [C:\re\workspace\8-2-build-windows-i586-cygwin\jdk8u112\7884\hotspot\src\share\vm\prims\jni.cpp, line 1613]
Event: 30.661 Thread 0x478d2c00 Exception <a 'java/io/FileNotFoundException'> (0x05ea95a0) thrown at [C:\re\workspace\8-2-build-windows-i586-cygwin\jdk8u112\7884\hotspot\src\share\vm\prims\jni.cpp, line 709]
Event: 31.675 Thread 0x478d2c00 Exception <a 'java/io/FileNotFoundException'> (0x06006d58) thrown at [C:\re\workspace\8-2-build-windows-i586-cygwin\jdk8u112\7884\hotspot\src\share\vm\prims\jni.cpp, line 709]

Events (10 events):
Event: 31.930 loading class com/android/builder/internal/aapt/v2/AaptV2CommandBuilder
Event: 31.930 loading class com/android/builder/internal/aapt/v2/AaptV2CommandBuilder done
Event: 31.932 loading class com/android/tools/aapt2/Aapt2Result
Event: 31.932 loading class com/android/tools/aapt2/Aapt2Result done
Event: 31.933 loading class com/android/tools/aapt2/Aapt2Result$Builder
Event: 31.933 loading class com/android/tools/aapt2/Aapt2Result$Builder done
Event: 31.933 loading class com/android/tools/aapt2/AutoValue_Aapt2Result$Builder
Event: 31.933 loading class com/android/tools/aapt2/AutoValue_Aapt2Result$Builder done
Event: 31.934 loading class com/android/tools/aapt2/AutoValue_Aapt2Result
Event: 31.934 loading class com/android/tools/aapt2/AutoValue_Aapt2Result done


Dynamic libraries:
0x01150000 - 0x01183000 	C:\Program Files (x86)\Java\jdk1.8.0_112\bin\java.exe
0x76f70000 - 0x770df000 	C:\Windows\SYSTEM32\ntdll.dll
0x74990000 - 0x74ad0000 	C:\Windows\SYSTEM32\KERNEL32.DLL
0x74cc0000 - 0x74d97000 	C:\Windows\SYSTEM32\KERNELBASE.dll
0x6ca80000 - 0x6cb20000 	C:\Windows\system32\apphelp.dll
0x6bef0000 - 0x6c156000 	C:\Windows\AppPatch\AcGenral.DLL
0x74f60000 - 0x75023000 	C:\Windows\SYSTEM32\msvcrt.dll
0x747b0000 - 0x747f1000 	C:\Windows\SYSTEM32\sechost.dll
0x76e00000 - 0x76e1e000 	C:\Windows\SYSTEM32\SspiCli.dll
0x74760000 - 0x747a5000 	C:\Windows\SYSTEM32\SHLWAPI.dll
0x6c710000 - 0x6c7fd000 	C:\Windows\SYSTEM32\UxTheme.dll
0x75150000 - 0x752a3000 	C:\Windows\SYSTEM32\USER32.dll
0x75030000 - 0x7513c000 	C:\Windows\SYSTEM32\GDI32.dll
0x6d7f0000 - 0x6d813000 	C:\Windows\SYSTEM32\WINMM.dll
0x71bf0000 - 0x71c03000 	C:\Windows\SYSTEM32\samcli.dll
0x752b0000 - 0x753d9000 	C:\Windows\SYSTEM32\ole32.dll
0x74890000 - 0x74927000 	C:\Windows\SYSTEM32\OLEAUT32.dll
0x6bed0000 - 0x6bee7000 	C:\Windows\SYSTEM32\MSACM32.dll
0x74280000 - 0x74288000 	C:\Windows\SYSTEM32\VERSION.dll
0x759b0000 - 0x76c6b000 	C:\Windows\SYSTEM32\SHELL32.dll
0x74260000 - 0x7427b000 	C:\Windows\SYSTEM32\USERENV.dll
0x6beb0000 - 0x6beca000 	C:\Windows\SYSTEM32\dwmapi.dll
0x6bd60000 - 0x6beab000 	C:\Windows\SYSTEM32\urlmon.dll
0x76e20000 - 0x76e9c000 	C:\Windows\SYSTEM32\ADVAPI32.dll
0x72710000 - 0x72775000 	C:\Windows\SYSTEM32\WINSPOOL.DRV
0x6c9b0000 - 0x6c9c6000 	C:\Windows\SYSTEM32\MPR.dll
0x753e0000 - 0x7549a000 	C:\Windows\SYSTEM32\RPCRT4.dll
0x74750000 - 0x7475a000 	C:\Windows\SYSTEM32\CRYPTBASE.dll
0x74ad0000 - 0x74c4d000 	C:\Windows\SYSTEM32\combase.dll
0x6d7c0000 - 0x6d7e3000 	C:\Windows\SYSTEM32\WINMMBASE.dll
0x741f0000 - 0x741ff000 	C:\Windows\SYSTEM32\profapi.dll
0x6e740000 - 0x6e975000 	C:\Windows\SYSTEM32\iertutil.dll
0x6edd0000 - 0x6f07b000 	C:\Windows\SYSTEM32\WININET.dll
0x746f0000 - 0x74744000 	C:\Windows\SYSTEM32\bcryptPrimitives.dll
0x758e0000 - 0x7591c000 	C:\Windows\SYSTEM32\cfgmgr32.dll
0x6f480000 - 0x6f4a1000 	C:\Windows\SYSTEM32\DEVOBJ.dll
0x74160000 - 0x741eb000 	C:\Windows\SYSTEM32\SHCORE.DLL
0x75980000 - 0x759a7000 	C:\Windows\system32\IMM32.DLL
0x74e30000 - 0x74f42000 	C:\Windows\SYSTEM32\MSCTF.dll
0x6e980000 - 0x6eb86000 	C:\Windows\WinSxS\x86_microsoft.windows.common-controls_6595b64144ccf1df_6.0.9600.18006_none_a9ec6aab013aafee\COMCTL32.dll
0x74040000 - 0x740ff000 	C:\Program Files (x86)\Java\jdk1.8.0_112\jre\bin\msvcr100.dll
0x73540000 - 0x7390e000 	C:\Program Files (x86)\Java\jdk1.8.0_112\jre\bin\client\jvm.dll
0x6f080000 - 0x6f088000 	C:\Windows\SYSTEM32\WSOCK32.dll
0x74c70000 - 0x74c76000 	C:\Windows\SYSTEM32\PSAPI.DLL
0x74930000 - 0x7497f000 	C:\Windows\SYSTEM32\WS2_32.dll
0x75610000 - 0x75617000 	C:\Windows\SYSTEM32\NSI.dll
0x74150000 - 0x7415c000 	C:\Program Files (x86)\Java\jdk1.8.0_112\jre\bin\verify.dll
0x74010000 - 0x74031000 	C:\Program Files (x86)\Java\jdk1.8.0_112\jre\bin\java.dll
0x74130000 - 0x74143000 	C:\Program Files (x86)\Java\jdk1.8.0_112\jre\bin\zip.dll
0x73ff0000 - 0x74006000 	C:\Program Files (x86)\Java\jdk1.8.0_112\jre\bin\net.dll
0x739e0000 - 0x73a2b000 	C:\Windows\system32\mswsock.dll
0x73fe0000 - 0x73fef000 	C:\Program Files (x86)\Java\jdk1.8.0_112\jre\bin\nio.dll
0x73fc0000 - 0x73fd9000 	C:\Users\Gulnar\.gradle\native\25\windows-i386\native-platform.dll
0x73fb0000 - 0x73fba000 	C:\Program Files (x86)\Java\jdk1.8.0_112\jre\bin\management.dll
0x73de0000 - 0x73df9000 	C:\Windows\SYSTEM32\CRYPTSP.dll
0x73db0000 - 0x73de0000 	C:\Windows\system32\rsaenh.dll
0x73d90000 - 0x73dae000 	C:\Windows\SYSTEM32\bcrypt.dll
0x74330000 - 0x74350000 	C:\Windows\SYSTEM32\IPHLPAPI.DLL
0x74200000 - 0x74208000 	C:\Windows\SYSTEM32\WINNSI.DLL
0x739a0000 - 0x739b3000 	C:\Windows\SYSTEM32\dhcpcsvc6.DLL
0x739c0000 - 0x739d4000 	C:\Windows\SYSTEM32\dhcpcsvc.DLL
0x64b40000 - 0x64b58000 	C:\Users\Gulnar\AppData\Local\Temp\aapt2_3980548261595591251\libwinpthread-1.dll
0x63940000 - 0x63c05000 	C:\Users\Gulnar\AppData\Local\Temp\aapt2_3980548261595591251\libaapt2_jni.dll
0x73e10000 - 0x73f56000 	C:\Program Files (x86)\Java\jdk1.8.0_112\jre\bin\awt.dll
0x73f80000 - 0x73fa4000 	C:\Program Files (x86)\Java\jdk1.8.0_112\jre\bin\dcpr.dll
0x69090000 - 0x691d1000 	C:\Windows\SYSTEM32\dbghelp.dll

VM Arguments:
jvm_args: -Xmx1536m -Dfile.encoding=windows-1251 -Duser.country=RU -Duser.language=ru -Duser.variant -Xmx1024M 
java_command: org.gradle.launcher.daemon.bootstrap.GradleDaemon 4.1
java_class_path (initial): C:\Users\Gulnar\.gradle\wrapper\dists\gradle-4.1-all\bzyivzo6n839fup2jbap0tjew\gradle-4.1\lib\gradle-launcher-4.1.jar
Launcher Type: SUN_STANDARD

Environment Variables:
_JAVA_OPTIONS=-Xmx1024M
PATH=C:\ProgramData\Oracle\Java\javapath;C:\Program Files\Broadcom\Broadcom 802.11 Network Adapter;C:\Program Files (x86)\NVIDIA Corporation\PhysX\Common;C:\Program Files (x86)\Intel\iCLS Client\;C:\Program Files\Intel\iCLS Client\;C:\Windows\system32;C:\Windows;C:\Windows\System32\Wbem;C:\Windows\System32\WindowsPowerShell\v1.0\;C:\Program Files (x86)\Acer\abFiles\;C:\Program Files\Intel\Intel(R) Management Engine Components\DAL;C:\Program Files\Intel\Intel(R) Management Engine Components\IPT;C:\Program Files (x86)\Intel\Intel(R) Management Engine Components\DAL;C:\Program Files (x86)\Intel\Intel(R) Management Engine Components\IPT;C:\Program Files\WIDCOMM\Bluetooth Software\;C:\Program Files\WIDCOMM\Bluetooth Software\syswow64;C:\Program Files\Aladdin\eToken\PKIClient\x32;C:\Program Files\Aladdin\eToken\PKIClient\x64;C:\Program Files (x86)\IVI Foundation\VISA\WinNT\Bin;C:\Program Files\nodejs\;C:\Windows\system32\config\systemprofile\.dnx\bin;C:\Program Files\Microsoft DNX\Dnvm\;C:\Program Files\Microsoft SQL Server\130\Tools\Binn\;C:\Program Files (x86)\GtkSharp\2.12\bin;C:\Program Files (x86)\Skype\Phone\;C:\Program Files (x86)\Windows Kits\10\Windows Performance Toolkit\;C:\Program Files\dotnet\;C:\Program Files (x86)\Xoreax\IncrediBuild;C:\Users\Erzhan\AppData\Local\Programs\Git\cmd;C:\Program Files (x86)\Java\jdk1.8.0_112\bin\java.exe
USERNAME=Gulnar
OS=Windows_NT
PROCESSOR_IDENTIFIER=Intel64 Family 6 Model 69 Stepping 1, GenuineIntel



---------------  S Y S T E M  ---------------

OS: Windows 8.1 , 64 bit Build 9600 (6.3.9600.17415)

CPU:total 4 (2 cores per cpu, 2 threads per core) family 6 model 69 stepping 1, cmov, cx8, fxsr, mmx, sse, sse2, sse3, ssse3, sse4.1, sse4.2, popcnt, avx, avx2, aes, clmul, erms, lzcnt, ht, tsc, tscinvbit, bmi1, bmi2

Memory: 4k page, physical 6212888k(1377424k free), swap 7654680k(2387580k free)

vm_info: Java HotSpot(TM) Client VM (25.112-b15) for windows-x86 JRE (1.8.0_112-b15), built on Sep 22 2016 21:03:20 by "java_re" with MS VC++ 10.0 (VS2010)

time: Sat Sep 30 19:28:49 2017
elapsed time: 32 seconds (0d 0h 0m 32s)

