#
# A fatal error has been detected by the Java Runtime Environment:
#
#  EXCEPTION_ACCESS_VIOLATION (0xc0000005) at pc=0x45eabf00, pid=2872, tid=0x000004f8
#
# JRE version: Java(TM) SE Runtime Environment (8.0_112-b15) (build 1.8.0_112-b15)
# Java VM: Java HotSpot(TM) Client VM (25.112-b15 mixed mode windows-x86 )
# Problematic frame:
# C  0x45eabf00
#
# Failed to write core dump. Minidumps are not enabled by default on client versions of Windows
#
# If you would like to submit a bug report, please visit:
#   http://bugreport.java.com/bugreport/crash.jsp
# The crash happened outside the Java Virtual Machine in native code.
# See problematic frame for where to report the bug.
#

---------------  T H R E A D  ---------------

Current thread (0x45f7dc00):  JavaThread "Daemon worker" [_thread_in_native, id=1272, stack(0x46d70000,0x46dc0000)]

siginfo: ExceptionCode=0xc0000005, ExceptionInformation=0x00000008 0x45eabf00

Registers:
EAX=0x00000004, EBX=0x45f7dd40, ECX=0x00000000, EDX=0x459ac764
ESP=0x46dbd018, EBP=0x46dbd048, ESI=0x46dbd068, EDI=0x473e89a0
EIP=0x45eabf00, EFLAGS=0x00010216

Top of Stack: (sp=0x46dbd018)
0x46dbd018:   46dbd0f8 00000000 73818e1c 73818efc
0x46dbd028:   47733cb0 00000000 00000002 45ecc7b4
0x46dbd038:   4abb57f8 4abb57f8 46dbd074 46dbd080
0x46dbd048:   46dbd0a8 6396753d 45eabf90 45ecc3c0
0x46dbd058:   45ecc3c8 45ecc7b4 000003ec 0344c0a7
0x46dbd068:   00000000 00000000 00000000 46dbd09c
0x46dbd078:   735c08f0 45f7dc00 00000006 00000008
0x46dbd088:   45f7dc00 4abb57f0 4abb57f8 4abb57f8 

Instructions: (pc=0x45eabf00)
0x45eabee0:   73 31 00 00 00 00 00 00 e0 da 65 20 e0 35 00 88
0x45eabef0:   10 00 05 00 d7 5a 73 4c 5b 4c 6a 61 76 61 2f 75
0x45eabf00:   74 69 6c 2f 53 65 74 3b dc da 61 20 00 36 00 88
0x45eabf10:   09 00 02 00 34 aa 8b 4b 6e 6f 74 49 6e 53 65 74 


Register to memory mapping:

EAX=0x00000004 is an unknown value
EBX=0x45f7dd40 is an unknown value
ECX=0x00000000 is an unknown value
EDX=0x459ac764 is an unknown value
ESP=0x46dbd018 is pointing into the stack for thread: 0x45f7dc00
EBP=0x46dbd048 is pointing into the stack for thread: 0x45f7dc00
ESI=0x46dbd068 is pointing into the stack for thread: 0x45f7dc00
EDI=0x473e89a0 is an unknown value


Stack: [0x46d70000,0x46dc0000],  sp=0x46dbd018,  free space=308k
Native frames: (J=compiled Java code, j=interpreted, Vv=VM code, C=native code)
C  0x45eabf00
C  [libaapt2_jni.dll+0x2753d]
j  com.android.tools.aapt2.Aapt2Jni.nativeCompile(Ljava/util/List;Lcom/android/tools/aapt2/Aapt2JniLogCallback;)I+0
j  com.android.tools.aapt2.Aapt2Jni.compile(Ljava/util/List;)Lcom/android/tools/aapt2/Aapt2Result;+6
j  com.android.builder.internal.aapt.v2.AaptV2Jni.lambda$compile$0(Lcom/android/ide/common/res2/CompileResourceRequest;)Ljava/io/File;+10
j  com.android.builder.internal.aapt.v2.AaptV2Jni$$Lambda$283.call()Ljava/lang/Object;+8
j  java.util.concurrent.ForkJoinTask$AdaptedCallable.exec()Z+5
j  java.util.concurrent.ForkJoinTask.doExec()I+10
j  java.util.concurrent.ForkJoinTask.externalInterruptibleAwaitDone()I+55
j  java.util.concurrent.ForkJoinTask.get()Ljava/lang/Object;+17
j  com.android.ide.common.res2.MergedResourceWriter.postWriteAction()V+635
j  com.android.ide.common.res2.MergeWriter.end()V+1
j  com.android.ide.common.res2.MergedResourceWriter.end()V+1
J 4143% C1 com.android.ide.common.res2.DataMerger.mergeData(Lcom/android/ide/common/res2/MergeConsumer;Z)V (603 bytes) @ 0x03ac4acc [0x03ac41c0+0x90c]
j  com.android.ide.common.res2.ResourceMerger.mergeData(Lcom/android/ide/common/res2/MergeConsumer;Z)V+7
j  com.android.build.gradle.tasks.MergeResources.doFullTaskAction()V+201
j  com.android.build.gradle.internal.tasks.IncrementalTask.taskAction(Lorg/gradle/api/tasks/incremental/IncrementalTaskInputs;)V+33
v  ~StubRoutines::call_stub
V  [jvm.dll+0x15a945]
V  [jvm.dll+0x220d0e]
V  [jvm.dll+0x15a9de]
V  [jvm.dll+0x167178]
V  [jvm.dll+0x1673e3]
V  [jvm.dll+0x103be3]
C  [java.dll+0x3b26]
J 2562 C1 sun.reflect.NativeMethodAccessorImpl.invoke(Ljava/lang/Object;[Ljava/lang/Object;)Ljava/lang/Object; (104 bytes) @ 0x0392e224 [0x0392df80+0x2a4]
J 468 C1 sun.reflect.DelegatingMethodAccessorImpl.invoke(Ljava/lang/Object;[Ljava/lang/Object;)Ljava/lang/Object; (10 bytes) @ 0x03537a80 [0x03537a50+0x30]
J 467 C1 java.lang.reflect.Method.invoke(Ljava/lang/Object;[Ljava/lang/Object;)Ljava/lang/Object; (62 bytes) @ 0x03537794 [0x035376c0+0xd4]
j  org.gradle.internal.reflect.JavaMethod.invoke(Ljava/lang/Object;[Ljava/lang/Object;)Ljava/lang/Object;+6
j  org.gradle.api.internal.project.taskfactory.DefaultTaskClassInfoStore$IncrementalTaskAction.doExecute(Lorg/gradle/api/Task;Ljava/lang/String;)V+35
j  org.gradle.api.internal.project.taskfactory.DefaultTaskClassInfoStore$StandardTaskAction.execute(Lorg/gradle/api/Task;)V+32
j  org.gradle.api.internal.project.taskfactory.DefaultTaskClassInfoStore$StandardTaskAction.execute(Ljava/lang/Object;)V+5
j  org.gradle.api.internal.tasks.execution.ExecuteActionsTaskExecuter$1.run(Lorg/gradle/internal/operations/BuildOperationContext;)V+23
j  org.gradle.internal.progress.DefaultBuildOperationExecutor$RunnableBuildOperationWorker.execute(Lorg/gradle/internal/operations/RunnableBuildOperation;Lorg/gradle/internal/operations/BuildOperationContext;)V+2
j  org.gradle.internal.progress.DefaultBuildOperationExecutor$RunnableBuildOperationWorker.execute(Lorg/gradle/internal/operations/BuildOperation;Lorg/gradle/internal/operations/BuildOperationContext;)V+6
j  org.gradle.internal.progress.DefaultBuildOperationExecutor.execute(Lorg/gradle/internal/operations/BuildOperation;Lorg/gradle/internal/operations/BuildOperationWorker;Lorg/gradle/internal/progress/DefaultBuildOperationExecutor$DefaultBuildOperationState;)V+177
j  org.gradle.internal.progress.DefaultBuildOperationExecutor.run(Lorg/gradle/internal/operations/RunnableBuildOperation;)V+20
j  org.gradle.api.internal.tasks.execution.ExecuteActionsTaskExecuter.executeAction(Ljava/lang/String;Lorg/gradle/api/internal/TaskInternal;Lorg/gradle/api/internal/tasks/ContextAwareTaskAction;Lorg/gradle/api/internal/tasks/TaskExecutionContext;)V+23
j  org.gradle.api.internal.tasks.execution.ExecuteActionsTaskExecuter.executeActions(Lorg/gradle/api/internal/TaskInternal;Lorg/gradle/api/internal/tasks/TaskStateInternal;Lorg/gradle/api/internal/tasks/TaskExecutionContext;)Lorg/gradle/api/GradleException;+131
j  org.gradle.api.internal.tasks.execution.ExecuteActionsTaskExecuter.execute(Lorg/gradle/api/internal/TaskInternal;Lorg/gradle/api/internal/tasks/TaskStateInternal;Lorg/gradle/api/internal/tasks/TaskExecutionContext;)V+42
j  org.gradle.api.internal.tasks.execution.SkipUpToDateTaskExecuter.execute(Lorg/gradle/api/internal/TaskInternal;Lorg/gradle/api/internal/tasks/TaskStateInternal;Lorg/gradle/api/internal/tasks/TaskExecutionContext;)V+124
j  org.gradle.api.internal.tasks.execution.ResolveTaskOutputCachingStateExecuter.execute(Lorg/gradle/api/internal/TaskInternal;Lorg/gradle/api/internal/tasks/TaskStateInternal;Lorg/gradle/api/internal/tasks/TaskExecutionContext;)V+96
j  org.gradle.api.internal.tasks.execution.ValidatingTaskExecuter.execute(Lorg/gradle/api/internal/TaskInternal;Lorg/gradle/api/internal/tasks/TaskStateInternal;Lorg/gradle/api/internal/tasks/TaskExecutionContext;)V+215
j  org.gradle.api.internal.tasks.execution.SkipEmptySourceFilesTaskExecuter.execute(Lorg/gradle/api/internal/TaskInternal;Lorg/gradle/api/internal/tasks/TaskStateInternal;Lorg/gradle/api/internal/tasks/TaskExecutionContext;)V+335
j  org.gradle.api.internal.tasks.execution.ResolveTaskArtifactStateTaskExecuter.execute(Lorg/gradle/api/internal/TaskInternal;Lorg/gradle/api/internal/tasks/TaskStateInternal;Lorg/gradle/api/internal/tasks/TaskExecutionContext;)V+72
j  org.gradle.api.internal.tasks.execution.SkipTaskWithNoActionsExecuter.execute(Lorg/gradle/api/internal/TaskInternal;Lorg/gradle/api/internal/tasks/TaskStateInternal;Lorg/gradle/api/internal/tasks/TaskExecutionContext;)V+124
j  org.gradle.api.internal.tasks.execution.SkipOnlyIfTaskExecuter.execute(Lorg/gradle/api/internal/TaskInternal;Lorg/gradle/api/internal/tasks/TaskStateInternal;Lorg/gradle/api/internal/tasks/TaskExecutionContext;)V+85
j  org.gradle.api.internal.tasks.execution.ExecuteAtMostOnceTaskExecuter.execute(Lorg/gradle/api/internal/TaskInternal;Lorg/gradle/api/internal/tasks/TaskStateInternal;Lorg/gradle/api/internal/tasks/TaskExecutionContext;)V+26
j  org.gradle.api.internal.tasks.execution.CatchExceptionTaskExecuter.execute(Lorg/gradle/api/internal/TaskInternal;Lorg/gradle/api/internal/tasks/TaskStateInternal;Lorg/gradle/api/internal/tasks/TaskExecutionContext;)V+7
j  org.gradle.execution.taskgraph.DefaultTaskGraphExecuter$EventFiringTaskWorker$1.run(Lorg/gradle/internal/operations/BuildOperationContext;)V+56
j  org.gradle.internal.progress.DefaultBuildOperationExecutor$RunnableBuildOperationWorker.execute(Lorg/gradle/internal/operations/RunnableBuildOperation;Lorg/gradle/internal/operations/BuildOperationContext;)V+2
j  org.gradle.internal.progress.DefaultBuildOperationExecutor$RunnableBuildOperationWorker.execute(Lorg/gradle/internal/operations/BuildOperation;Lorg/gradle/internal/operations/BuildOperationContext;)V+6
j  org.gradle.internal.progress.DefaultBuildOperationExecutor.execute(Lorg/gradle/internal/operations/BuildOperation;Lorg/gradle/internal/operations/BuildOperationWorker;Lorg/gradle/internal/progress/DefaultBuildOperationExecutor$DefaultBuildOperationState;)V+177
j  org.gradle.internal.progress.DefaultBuildOperationExecutor.run(Lorg/gradle/internal/operations/RunnableBuildOperation;)V+20
j  org.gradle.execution.taskgraph.DefaultTaskGraphExecuter$EventFiringTaskWorker.execute(Lorg/gradle/api/internal/TaskInternal;)V+16
j  org.gradle.execution.taskgraph.DefaultTaskGraphExecuter$EventFiringTaskWorker.execute(Ljava/lang/Object;)V+5
j  org.gradle.execution.taskgraph.DefaultTaskPlanExecutor$TaskExecutorWorker.processTask(Lorg/gradle/execution/taskgraph/TaskInfo;)V+8
j  org.gradle.execution.taskgraph.DefaultTaskPlanExecutor$TaskExecutorWorker.access$200(Lorg/gradle/execution/taskgraph/DefaultTaskPlanExecutor$TaskExecutorWorker;Lorg/gradle/execution/taskgraph/TaskInfo;)V+2
j  org.gradle.execution.taskgraph.DefaultTaskPlanExecutor$TaskExecutorWorker$1.execute(Lorg/gradle/execution/taskgraph/TaskInfo;)V+38
j  org.gradle.execution.taskgraph.DefaultTaskPlanExecutor$TaskExecutorWorker$1.execute(Ljava/lang/Object;)V+5
j  org.gradle.execution.taskgraph.DefaultTaskExecutionPlan.execute(Lorg/gradle/execution/taskgraph/TaskInfo;Lorg/gradle/internal/work/WorkerLeaseRegistry$WorkerLease;Lorg/gradle/api/Action;)V+14
j  org.gradle.execution.taskgraph.DefaultTaskExecutionPlan.executeWithTask(Lorg/gradle/internal/work/WorkerLeaseRegistry$WorkerLease;Lorg/gradle/api/Action;)Z+53
j  org.gradle.execution.taskgraph.DefaultTaskPlanExecutor$TaskExecutorWorker.run()V+52
j  org.gradle.execution.taskgraph.DefaultTaskPlanExecutor.process(Lorg/gradle/execution/taskgraph/TaskExecutionPlan;Lorg/gradle/api/Action;)V+67
j  org.gradle.execution.taskgraph.DefaultTaskGraphExecuter.execute()V+61
j  org.gradle.execution.SelectedTaskExecutionAction.execute(Lorg/gradle/execution/BuildExecutionContext;)V+55
j  org.gradle.execution.DefaultBuildExecuter.execute(Lorg/gradle/api/internal/GradleInternal;I)V+37
j  org.gradle.execution.DefaultBuildExecuter.access$000(Lorg/gradle/execution/DefaultBuildExecuter;Lorg/gradle/api/internal/GradleInternal;I)V+3
j  org.gradle.execution.DefaultBuildExecuter$1.proceed()V+14
j  org.gradle.execution.DryRunBuildExecutionAction.execute(Lorg/gradle/execution/BuildExecutionContext;)V+121
j  org.gradle.execution.DefaultBuildExecuter.execute(Lorg/gradle/api/internal/GradleInternal;I)V+37
j  org.gradle.execution.DefaultBuildExecuter.execute(Lorg/gradle/api/internal/GradleInternal;)V+3
j  org.gradle.initialization.DefaultGradleLauncher$ExecuteTasks.run(Lorg/gradle/internal/operations/BuildOperationContext;)V+55
j  org.gradle.internal.progress.DefaultBuildOperationExecutor$RunnableBuildOperationWorker.execute(Lorg/gradle/internal/operations/RunnableBuildOperation;Lorg/gradle/internal/operations/BuildOperationContext;)V+2
j  org.gradle.internal.progress.DefaultBuildOperationExecutor$RunnableBuildOperationWorker.execute(Lorg/gradle/internal/operations/BuildOperation;Lorg/gradle/internal/operations/BuildOperationContext;)V+6
j  org.gradle.internal.progress.DefaultBuildOperationExecutor.execute(Lorg/gradle/internal/operations/BuildOperation;Lorg/gradle/internal/operations/BuildOperationWorker;Lorg/gradle/internal/progress/DefaultBuildOperationExecutor$DefaultBuildOperationState;)V+177
j  org.gradle.internal.progress.DefaultBuildOperationExecutor.run(Lorg/gradle/internal/operations/RunnableBuildOperation;)V+20
j  org.gradle.initialization.DefaultGradleLauncher.runTasks()V+53
j  org.gradle.initialization.DefaultGradleLauncher.doBuildStages(Lorg/gradle/initialization/DefaultGradleLauncher$Stage;)V+37
j  org.gradle.initialization.DefaultGradleLauncher.executeTasks()Lorg/gradle/api/internal/GradleInternal;+4
j  org.gradle.internal.invocation.GradleBuildController$1.call()Lorg/gradle/api/internal/GradleInternal;+7
j  org.gradle.internal.invocation.GradleBuildController$1.call()Ljava/lang/Object;+1
j  org.gradle.internal.work.DefaultWorkerLeaseService.withLocks(Ljava/lang/Iterable;Ljava/util/concurrent/Callable;)Ljava/lang/Object;+15
j  org.gradle.internal.invocation.GradleBuildController.doBuild(Ljava/util/concurrent/Callable;)Lorg/gradle/api/internal/GradleInternal;+52
j  org.gradle.internal.invocation.GradleBuildController.run()Lorg/gradle/api/internal/GradleInternal;+9
j  org.gradle.tooling.internal.provider.runner.BuildModelActionRunner.run(Lorg/gradle/internal/invocation/BuildAction;Lorg/gradle/internal/invocation/BuildController;)V+66
j  org.gradle.launcher.exec.ChainingBuildActionRunner.run(Lorg/gradle/internal/invocation/BuildAction;Lorg/gradle/internal/invocation/BuildController;)V+34
j  org.gradle.launcher.exec.ChainingBuildActionRunner.run(Lorg/gradle/internal/invocation/BuildAction;Lorg/gradle/internal/invocation/BuildController;)V+34
j  org.gradle.tooling.internal.provider.ValidatingBuildActionRunner.run(Lorg/gradle/internal/invocation/BuildAction;Lorg/gradle/internal/invocation/BuildController;)V+6
j  org.gradle.launcher.exec.RunAsBuildOperationBuildActionRunner$1.run(Lorg/gradle/internal/operations/BuildOperationContext;)V+15
j  org.gradle.internal.progress.DefaultBuildOperationExecutor$RunnableBuildOperationWorker.execute(Lorg/gradle/internal/operations/RunnableBuildOperation;Lorg/gradle/internal/operations/BuildOperationContext;)V+2
j  org.gradle.internal.progress.DefaultBuildOperationExecutor$RunnableBuildOperationWorker.execute(Lorg/gradle/internal/operations/BuildOperation;Lorg/gradle/internal/operations/BuildOperationContext;)V+6
j  org.gradle.internal.progress.DefaultBuildOperationExecutor.execute(Lorg/gradle/internal/operations/BuildOperation;Lorg/gradle/internal/operations/BuildOperationWorker;Lorg/gradle/internal/progress/DefaultBuildOperationExecutor$DefaultBuildOperationState;)V+177
j  org.gradle.internal.progress.DefaultBuildOperationExecutor.run(Lorg/gradle/internal/operations/RunnableBuildOperation;)V+20
j  org.gradle.launcher.exec.RunAsBuildOperationBuildActionRunner.run(Lorg/gradle/internal/invocation/BuildAction;Lorg/gradle/internal/invocation/BuildController;)V+34
j  org.gradle.tooling.internal.provider.SubscribableBuildActionRunner.run(Lorg/gradle/internal/invocation/BuildAction;Lorg/gradle/internal/invocation/BuildController;)V+40
j  org.gradle.launcher.exec.InProcessBuildActionExecuter.execute(Lorg/gradle/internal/invocation/BuildAction;Lorg/gradle/initialization/BuildRequestContext;Lorg/gradle/launcher/exec/BuildActionParameters;Lorg/gradle/internal/service/ServiceRegistry;)Ljava/lang/Object;+71
j  org.gradle.launcher.exec.InProcessBuildActionExecuter.execute(Lorg/gradle/internal/invocation/BuildAction;Lorg/gradle/initialization/BuildRequestContext;Ljava/lang/Object;Lorg/gradle/internal/service/ServiceRegistry;)Ljava/lang/Object;+9
j  org.gradle.launcher.exec.BuildTreeScopeBuildActionExecuter.execute(Lorg/gradle/internal/invocation/BuildAction;Lorg/gradle/initialization/BuildRequestContext;Lorg/gradle/launcher/exec/BuildActionParameters;Lorg/gradle/internal/service/ServiceRegistry;)Ljava/lang/Object;+41
j  org.gradle.launcher.exec.BuildTreeScopeBuildActionExecuter.execute(Lorg/gradle/internal/invocation/BuildAction;Lorg/gradle/initialization/BuildRequestContext;Ljava/lang/Object;Lorg/gradle/internal/service/ServiceRegistry;)Ljava/lang/Object;+9
...<more frames>...

Java frames: (J=compiled Java code, j=interpreted, Vv=VM code)
j  com.android.tools.aapt2.Aapt2Jni.nativeCompile(Ljava/util/List;Lcom/android/tools/aapt2/Aapt2JniLogCallback;)I+0
j  com.android.tools.aapt2.Aapt2Jni.compile(Ljava/util/List;)Lcom/android/tools/aapt2/Aapt2Result;+6
j  com.android.builder.internal.aapt.v2.AaptV2Jni.lambda$compile$0(Lcom/android/ide/common/res2/CompileResourceRequest;)Ljava/io/File;+10
j  com.android.builder.internal.aapt.v2.AaptV2Jni$$Lambda$283.call()Ljava/lang/Object;+8
j  java.util.concurrent.ForkJoinTask$AdaptedCallable.exec()Z+5
j  java.util.concurrent.ForkJoinTask.doExec()I+10
j  java.util.concurrent.ForkJoinTask.externalInterruptibleAwaitDone()I+55
j  java.util.concurrent.ForkJoinTask.get()Ljava/lang/Object;+17
j  com.android.ide.common.res2.MergedResourceWriter.postWriteAction()V+635
j  com.android.ide.common.res2.MergeWriter.end()V+1
j  com.android.ide.common.res2.MergedResourceWriter.end()V+1
J 4143% C1 com.android.ide.common.res2.DataMerger.mergeData(Lcom/android/ide/common/res2/MergeConsumer;Z)V (603 bytes) @ 0x03ac4acc [0x03ac41c0+0x90c]
j  com.android.ide.common.res2.ResourceMerger.mergeData(Lcom/android/ide/common/res2/MergeConsumer;Z)V+7
j  com.android.build.gradle.tasks.MergeResources.doFullTaskAction()V+201
j  com.android.build.gradle.internal.tasks.IncrementalTask.taskAction(Lorg/gradle/api/tasks/incremental/IncrementalTaskInputs;)V+33
v  ~StubRoutines::call_stub
J 2563  sun.reflect.NativeMethodAccessorImpl.invoke0(Ljava/lang/reflect/Method;Ljava/lang/Object;[Ljava/lang/Object;)Ljava/lang/Object; (0 bytes) @ 0x0392dcdd [0x0392dc60+0x7d]
J 2562 C1 sun.reflect.NativeMethodAccessorImpl.invoke(Ljava/lang/Object;[Ljava/lang/Object;)Ljava/lang/Object; (104 bytes) @ 0x0392e224 [0x0392df80+0x2a4]
J 468 C1 sun.reflect.DelegatingMethodAccessorImpl.invoke(Ljava/lang/Object;[Ljava/lang/Object;)Ljava/lang/Object; (10 bytes) @ 0x03537a80 [0x03537a50+0x30]
J 467 C1 java.lang.reflect.Method.invoke(Ljava/lang/Object;[Ljava/lang/Object;)Ljava/lang/Object; (62 bytes) @ 0x03537794 [0x035376c0+0xd4]
j  org.gradle.internal.reflect.JavaMethod.invoke(Ljava/lang/Object;[Ljava/lang/Object;)Ljava/lang/Object;+6
j  org.gradle.api.internal.project.taskfactory.DefaultTaskClassInfoStore$IncrementalTaskAction.doExecute(Lorg/gradle/api/Task;Ljava/lang/String;)V+35
j  org.gradle.api.internal.project.taskfactory.DefaultTaskClassInfoStore$StandardTaskAction.execute(Lorg/gradle/api/Task;)V+32
j  org.gradle.api.internal.project.taskfactory.DefaultTaskClassInfoStore$StandardTaskAction.execute(Ljava/lang/Object;)V+5
j  org.gradle.api.internal.tasks.execution.ExecuteActionsTaskExecuter$1.run(Lorg/gradle/internal/operations/BuildOperationContext;)V+23
j  org.gradle.internal.progress.DefaultBuildOperationExecutor$RunnableBuildOperationWorker.execute(Lorg/gradle/internal/operations/RunnableBuildOperation;Lorg/gradle/internal/operations/BuildOperationContext;)V+2
j  org.gradle.internal.progress.DefaultBuildOperationExecutor$RunnableBuildOperationWorker.execute(Lorg/gradle/internal/operations/BuildOperation;Lorg/gradle/internal/operations/BuildOperationContext;)V+6
j  org.gradle.internal.progress.DefaultBuildOperationExecutor.execute(Lorg/gradle/internal/operations/BuildOperation;Lorg/gradle/internal/operations/BuildOperationWorker;Lorg/gradle/internal/progress/DefaultBuildOperationExecutor$DefaultBuildOperationState;)V+177
j  org.gradle.internal.progress.DefaultBuildOperationExecutor.run(Lorg/gradle/internal/operations/RunnableBuildOperation;)V+20
j  org.gradle.api.internal.tasks.execution.ExecuteActionsTaskExecuter.executeAction(Ljava/lang/String;Lorg/gradle/api/internal/TaskInternal;Lorg/gradle/api/internal/tasks/ContextAwareTaskAction;Lorg/gradle/api/internal/tasks/TaskExecutionContext;)V+23
j  org.gradle.api.internal.tasks.execution.ExecuteActionsTaskExecuter.executeActions(Lorg/gradle/api/internal/TaskInternal;Lorg/gradle/api/internal/tasks/TaskStateInternal;Lorg/gradle/api/internal/tasks/TaskExecutionContext;)Lorg/gradle/api/GradleException;+131
j  org.gradle.api.internal.tasks.execution.ExecuteActionsTaskExecuter.execute(Lorg/gradle/api/internal/TaskInternal;Lorg/gradle/api/internal/tasks/TaskStateInternal;Lorg/gradle/api/internal/tasks/TaskExecutionContext;)V+42
j  org.gradle.api.internal.tasks.execution.SkipUpToDateTaskExecuter.execute(Lorg/gradle/api/internal/TaskInternal;Lorg/gradle/api/internal/tasks/TaskStateInternal;Lorg/gradle/api/internal/tasks/TaskExecutionContext;)V+124
j  org.gradle.api.internal.tasks.execution.ResolveTaskOutputCachingStateExecuter.execute(Lorg/gradle/api/internal/TaskInternal;Lorg/gradle/api/internal/tasks/TaskStateInternal;Lorg/gradle/api/internal/tasks/TaskExecutionContext;)V+96
j  org.gradle.api.internal.tasks.execution.ValidatingTaskExecuter.execute(Lorg/gradle/api/internal/TaskInternal;Lorg/gradle/api/internal/tasks/TaskStateInternal;Lorg/gradle/api/internal/tasks/TaskExecutionContext;)V+215
j  org.gradle.api.internal.tasks.execution.SkipEmptySourceFilesTaskExecuter.execute(Lorg/gradle/api/internal/TaskInternal;Lorg/gradle/api/internal/tasks/TaskStateInternal;Lorg/gradle/api/internal/tasks/TaskExecutionContext;)V+335
j  org.gradle.api.internal.tasks.execution.ResolveTaskArtifactStateTaskExecuter.execute(Lorg/gradle/api/internal/TaskInternal;Lorg/gradle/api/internal/tasks/TaskStateInternal;Lorg/gradle/api/internal/tasks/TaskExecutionContext;)V+72
j  org.gradle.api.internal.tasks.execution.SkipTaskWithNoActionsExecuter.execute(Lorg/gradle/api/internal/TaskInternal;Lorg/gradle/api/internal/tasks/TaskStateInternal;Lorg/gradle/api/internal/tasks/TaskExecutionContext;)V+124
j  org.gradle.api.internal.tasks.execution.SkipOnlyIfTaskExecuter.execute(Lorg/gradle/api/internal/TaskInternal;Lorg/gradle/api/internal/tasks/TaskStateInternal;Lorg/gradle/api/internal/tasks/TaskExecutionContext;)V+85
j  org.gradle.api.internal.tasks.execution.ExecuteAtMostOnceTaskExecuter.execute(Lorg/gradle/api/internal/TaskInternal;Lorg/gradle/api/internal/tasks/TaskStateInternal;Lorg/gradle/api/internal/tasks/TaskExecutionContext;)V+26
j  org.gradle.api.internal.tasks.execution.CatchExceptionTaskExecuter.execute(Lorg/gradle/api/internal/TaskInternal;Lorg/gradle/api/internal/tasks/TaskStateInternal;Lorg/gradle/api/internal/tasks/TaskExecutionContext;)V+7
j  org.gradle.execution.taskgraph.DefaultTaskGraphExecuter$EventFiringTaskWorker$1.run(Lorg/gradle/internal/operations/BuildOperationContext;)V+56
j  org.gradle.internal.progress.DefaultBuildOperationExecutor$RunnableBuildOperationWorker.execute(Lorg/gradle/internal/operations/RunnableBuildOperation;Lorg/gradle/internal/operations/BuildOperationContext;)V+2
j  org.gradle.internal.progress.DefaultBuildOperationExecutor$RunnableBuildOperationWorker.execute(Lorg/gradle/internal/operations/BuildOperation;Lorg/gradle/internal/operations/BuildOperationContext;)V+6
j  org.gradle.internal.progress.DefaultBuildOperationExecutor.execute(Lorg/gradle/internal/operations/BuildOperation;Lorg/gradle/internal/operations/BuildOperationWorker;Lorg/gradle/internal/progress/DefaultBuildOperationExecutor$DefaultBuildOperationState;)V+177
j  org.gradle.internal.progress.DefaultBuildOperationExecutor.run(Lorg/gradle/internal/operations/RunnableBuildOperation;)V+20
j  org.gradle.execution.taskgraph.DefaultTaskGraphExecuter$EventFiringTaskWorker.execute(Lorg/gradle/api/internal/TaskInternal;)V+16
j  org.gradle.execution.taskgraph.DefaultTaskGraphExecuter$EventFiringTaskWorker.execute(Ljava/lang/Object;)V+5
j  org.gradle.execution.taskgraph.DefaultTaskPlanExecutor$TaskExecutorWorker.processTask(Lorg/gradle/execution/taskgraph/TaskInfo;)V+8
j  org.gradle.execution.taskgraph.DefaultTaskPlanExecutor$TaskExecutorWorker.access$200(Lorg/gradle/execution/taskgraph/DefaultTaskPlanExecutor$TaskExecutorWorker;Lorg/gradle/execution/taskgraph/TaskInfo;)V+2
j  org.gradle.execution.taskgraph.DefaultTaskPlanExecutor$TaskExecutorWorker$1.execute(Lorg/gradle/execution/taskgraph/TaskInfo;)V+38
j  org.gradle.execution.taskgraph.DefaultTaskPlanExecutor$TaskExecutorWorker$1.execute(Ljava/lang/Object;)V+5
j  org.gradle.execution.taskgraph.DefaultTaskExecutionPlan.execute(Lorg/gradle/execution/taskgraph/TaskInfo;Lorg/gradle/internal/work/WorkerLeaseRegistry$WorkerLease;Lorg/gradle/api/Action;)V+14
j  org.gradle.execution.taskgraph.DefaultTaskExecutionPlan.executeWithTask(Lorg/gradle/internal/work/WorkerLeaseRegistry$WorkerLease;Lorg/gradle/api/Action;)Z+53
j  org.gradle.execution.taskgraph.DefaultTaskPlanExecutor$TaskExecutorWorker.run()V+52
j  org.gradle.execution.taskgraph.DefaultTaskPlanExecutor.process(Lorg/gradle/execution/taskgraph/TaskExecutionPlan;Lorg/gradle/api/Action;)V+67
j  org.gradle.execution.taskgraph.DefaultTaskGraphExecuter.execute()V+61
j  org.gradle.execution.SelectedTaskExecutionAction.execute(Lorg/gradle/execution/BuildExecutionContext;)V+55
j  org.gradle.execution.DefaultBuildExecuter.execute(Lorg/gradle/api/internal/GradleInternal;I)V+37
j  org.gradle.execution.DefaultBuildExecuter.access$000(Lorg/gradle/execution/DefaultBuildExecuter;Lorg/gradle/api/internal/GradleInternal;I)V+3
j  org.gradle.execution.DefaultBuildExecuter$1.proceed()V+14
j  org.gradle.execution.DryRunBuildExecutionAction.execute(Lorg/gradle/execution/BuildExecutionContext;)V+121
j  org.gradle.execution.DefaultBuildExecuter.execute(Lorg/gradle/api/internal/GradleInternal;I)V+37
j  org.gradle.execution.DefaultBuildExecuter.execute(Lorg/gradle/api/internal/GradleInternal;)V+3
j  org.gradle.initialization.DefaultGradleLauncher$ExecuteTasks.run(Lorg/gradle/internal/operations/BuildOperationContext;)V+55
j  org.gradle.internal.progress.DefaultBuildOperationExecutor$RunnableBuildOperationWorker.execute(Lorg/gradle/internal/operations/RunnableBuildOperation;Lorg/gradle/internal/operations/BuildOperationContext;)V+2
j  org.gradle.internal.progress.DefaultBuildOperationExecutor$RunnableBuildOperationWorker.execute(Lorg/gradle/internal/operations/BuildOperation;Lorg/gradle/internal/operations/BuildOperationContext;)V+6
j  org.gradle.internal.progress.DefaultBuildOperationExecutor.execute(Lorg/gradle/internal/operations/BuildOperation;Lorg/gradle/internal/operations/BuildOperationWorker;Lorg/gradle/internal/progress/DefaultBuildOperationExecutor$DefaultBuildOperationState;)V+177
j  org.gradle.internal.progress.DefaultBuildOperationExecutor.run(Lorg/gradle/internal/operations/RunnableBuildOperation;)V+20
j  org.gradle.initialization.DefaultGradleLauncher.runTasks()V+53
j  org.gradle.initialization.DefaultGradleLauncher.doBuildStages(Lorg/gradle/initialization/DefaultGradleLauncher$Stage;)V+37
j  org.gradle.initialization.DefaultGradleLauncher.executeTasks()Lorg/gradle/api/internal/GradleInternal;+4
j  org.gradle.internal.invocation.GradleBuildController$1.call()Lorg/gradle/api/internal/GradleInternal;+7
j  org.gradle.internal.invocation.GradleBuildController$1.call()Ljava/lang/Object;+1
j  org.gradle.internal.work.DefaultWorkerLeaseService.withLocks(Ljava/lang/Iterable;Ljava/util/concurrent/Callable;)Ljava/lang/Object;+15
j  org.gradle.internal.invocation.GradleBuildController.doBuild(Ljava/util/concurrent/Callable;)Lorg/gradle/api/internal/GradleInternal;+52
j  org.gradle.internal.invocation.GradleBuildController.run()Lorg/gradle/api/internal/GradleInternal;+9
j  org.gradle.tooling.internal.provider.runner.BuildModelActionRunner.run(Lorg/gradle/internal/invocation/BuildAction;Lorg/gradle/internal/invocation/BuildController;)V+66
j  org.gradle.launcher.exec.ChainingBuildActionRunner.run(Lorg/gradle/internal/invocation/BuildAction;Lorg/gradle/internal/invocation/BuildController;)V+34
j  org.gradle.launcher.exec.ChainingBuildActionRunner.run(Lorg/gradle/internal/invocation/BuildAction;Lorg/gradle/internal/invocation/BuildController;)V+34
j  org.gradle.tooling.internal.provider.ValidatingBuildActionRunner.run(Lorg/gradle/internal/invocation/BuildAction;Lorg/gradle/internal/invocation/BuildController;)V+6
j  org.gradle.launcher.exec.RunAsBuildOperationBuildActionRunner$1.run(Lorg/gradle/internal/operations/BuildOperationContext;)V+15
j  org.gradle.internal.progress.DefaultBuildOperationExecutor$RunnableBuildOperationWorker.execute(Lorg/gradle/internal/operations/RunnableBuildOperation;Lorg/gradle/internal/operations/BuildOperationContext;)V+2
j  org.gradle.internal.progress.DefaultBuildOperationExecutor$RunnableBuildOperationWorker.execute(Lorg/gradle/internal/operations/BuildOperation;Lorg/gradle/internal/operations/BuildOperationContext;)V+6
j  org.gradle.internal.progress.DefaultBuildOperationExecutor.execute(Lorg/gradle/internal/operations/BuildOperation;Lorg/gradle/internal/operations/BuildOperationWorker;Lorg/gradle/internal/progress/DefaultBuildOperationExecutor$DefaultBuildOperationState;)V+177
j  org.gradle.internal.progress.DefaultBuildOperationExecutor.run(Lorg/gradle/internal/operations/RunnableBuildOperation;)V+20
j  org.gradle.launcher.exec.RunAsBuildOperationBuildActionRunner.run(Lorg/gradle/internal/invocation/BuildAction;Lorg/gradle/internal/invocation/BuildController;)V+34
j  org.gradle.tooling.internal.provider.SubscribableBuildActionRunner.run(Lorg/gradle/internal/invocation/BuildAction;Lorg/gradle/internal/invocation/BuildController;)V+40
j  org.gradle.launcher.exec.InProcessBuildActionExecuter.execute(Lorg/gradle/internal/invocation/BuildAction;Lorg/gradle/initialization/BuildRequestContext;Lorg/gradle/launcher/exec/BuildActionParameters;Lorg/gradle/internal/service/ServiceRegistry;)Ljava/lang/Object;+71
j  org.gradle.launcher.exec.InProcessBuildActionExecuter.execute(Lorg/gradle/internal/invocation/BuildAction;Lorg/gradle/initialization/BuildRequestContext;Ljava/lang/Object;Lorg/gradle/internal/service/ServiceRegistry;)Ljava/lang/Object;+9
j  org.gradle.launcher.exec.BuildTreeScopeBuildActionExecuter.execute(Lorg/gradle/internal/invocation/BuildAction;Lorg/gradle/initialization/BuildRequestContext;Lorg/gradle/launcher/exec/BuildActionParameters;Lorg/gradle/internal/service/ServiceRegistry;)Ljava/lang/Object;+41
j  org.gradle.launcher.exec.BuildTreeScopeBuildActionExecuter.execute(Lorg/gradle/internal/invocation/BuildAction;Lorg/gradle/initialization/BuildRequestContext;Ljava/lang/Object;Lorg/gradle/internal/service/ServiceRegistry;)Ljava/lang/Object;+9
j  org.gradle.tooling.internal.provider.ContinuousBuildActionExecuter.execute(Lorg/gradle/internal/invocation/BuildAction;Lorg/gradle/initialization/BuildRequestContext;Lorg/gradle/launcher/exec/BuildActionParameters;Lorg/gradle/internal/service/ServiceRegistry;)Ljava/lang/Object;+28
j  org.gradle.tooling.internal.provider.ContinuousBuildActionExecuter.execute(Lorg/gradle/internal/invocation/BuildAction;Lorg/gradle/initialization/BuildRequestContext;Ljava/lang/Object;Lorg/gradle/internal/service/ServiceRegistry;)Ljava/lang/Object;+9
j  org.gradle.tooling.internal.provider.ServicesSetupBuildActionExecuter.execute(Lorg/gradle/internal/invocation/BuildAction;Lorg/gradle/initialization/BuildRequestContext;Lorg/gradle/launcher/exec/BuildActionParameters;Lorg/gradle/internal/service/ServiceRegistry;)Ljava/lang/Object;+85
j  org.gradle.tooling.internal.provider.ServicesSetupBuildActionExecuter.execute(Lorg/gradle/internal/invocation/BuildAction;Lorg/gradle/initialization/BuildRequestContext;Ljava/lang/Object;Lorg/gradle/internal/service/ServiceRegistry;)Ljava/lang/Object;+9
j  org.gradle.tooling.internal.provider.GradleThreadBuildActionExecuter.execute(Lorg/gradle/internal/invocation/BuildAction;Lorg/gradle/initialization/BuildRequestContext;Lorg/gradle/launcher/exec/BuildActionParameters;Lorg/gradle/internal/service/ServiceRegistry;)Ljava/lang/Object;+12
j  org.gradle.tooling.internal.provider.GradleThreadBuildActionExecuter.execute(Lorg/gradle/internal/invocation/BuildAction;Lorg/gradle/initialization/BuildRequestContext;Ljava/lang/Object;Lorg/gradle/internal/service/ServiceRegistry;)Ljava/lang/Object;+9
j  org.gradle.tooling.internal.provider.ParallelismConfigurationBuildActionExecuter.execute(Lorg/gradle/internal/invocation/BuildAction;Lorg/gradle/initialization/BuildRequestContext;Lorg/gradle/launcher/exec/BuildActionParameters;Lorg/gradle/internal/service/ServiceRegistry;)Ljava/lang/Object;+43
j  org.gradle.tooling.internal.provider.ParallelismConfigurationBuildActionExecuter.execute(Lorg/gradle/internal/invocation/BuildAction;Lorg/gradle/initialization/BuildRequestContext;Ljava/lang/Object;Lorg/gradle/internal/service/ServiceRegistry;)Ljava/lang/Object;+9
j  org.gradle.tooling.internal.provider.StartParamsValidatingActionExecuter.execute(Lorg/gradle/internal/invocation/BuildAction;Lorg/gradle/initialization/BuildRequestContext;Lorg/gradle/launcher/exec/BuildActionParameters;Lorg/gradle/internal/service/ServiceRegistry;)Ljava/lang/Object;+257
j  org.gradle.tooling.internal.provider.StartParamsValidatingActionExecuter.execute(Lorg/gradle/internal/invocation/BuildAction;Lorg/gradle/initialization/BuildRequestContext;Ljava/lang/Object;Lorg/gradle/internal/service/ServiceRegistry;)Ljava/lang/Object;+9
j  org.gradle.tooling.internal.provider.SessionFailureReportingActionExecuter.execute(Lorg/gradle/internal/invocation/BuildAction;Lorg/gradle/initialization/BuildRequestContext;Lorg/gradle/launcher/exec/BuildActionParameters;Lorg/gradle/internal/service/ServiceRegistry;)Ljava/lang/Object;+9
j  org.gradle.tooling.internal.provider.SessionFailureReportingActionExecuter.execute(Lorg/gradle/internal/invocation/BuildAction;Lorg/gradle/initialization/BuildRequestContext;Ljava/lang/Object;Lorg/gradle/internal/service/ServiceRegistry;)Ljava/lang/Object;+9
j  org.gradle.tooling.internal.provider.SetupLoggingActionExecuter.execute(Lorg/gradle/internal/invocation/BuildAction;Lorg/gradle/initialization/BuildRequestContext;Lorg/gradle/launcher/exec/BuildActionParameters;Lorg/gradle/internal/service/ServiceRegistry;)Ljava/lang/Object;+69
j  org.gradle.tooling.internal.provider.SetupLoggingActionExecuter.execute(Lorg/gradle/internal/invocation/BuildAction;Lorg/gradle/initialization/BuildRequestContext;Ljava/lang/Object;Lorg/gradle/internal/service/ServiceRegistry;)Ljava/lang/Object;+9
j  org.gradle.launcher.daemon.server.exec.ExecuteBuild.doBuild(Lorg/gradle/launcher/daemon/server/api/DaemonCommandExecution;Lorg/gradle/launcher/daemon/protocol/Build;)V+114
j  org.gradle.launcher.daemon.server.exec.BuildCommandOnly.execute(Lorg/gradle/launcher/daemon/server/api/DaemonCommandExecution;)V+49
j  org.gradle.launcher.daemon.server.api.DaemonCommandExecution.proceed()Z+28
j  org.gradle.launcher.daemon.server.exec.WatchForDisconnection.execute(Lorg/gradle/launcher/daemon/server/api/DaemonCommandExecution;)V+19
j  org.gradle.launcher.daemon.server.api.DaemonCommandExecution.proceed()Z+28
j  org.gradle.launcher.daemon.server.exec.ResetDeprecationLogger.execute(Lorg/gradle/launcher/daemon/server/api/DaemonCommandExecution;)V+4
j  org.gradle.launcher.daemon.server.api.DaemonCommandExecution.proceed()Z+28
j  org.gradle.launcher.daemon.server.exec.RequestStopIfSingleUsedDaemon.execute(Lorg/gradle/launcher/daemon/server/api/DaemonCommandExecution;)V+33
j  org.gradle.launcher.daemon.server.api.DaemonCommandExecution.proceed()Z+28
j  org.gradle.launcher.daemon.server.exec.ForwardClientInput$2.call()Ljava/lang/Void;+4
j  org.gradle.launcher.daemon.server.exec.ForwardClientInput$2.call()Ljava/lang/Object;+1
j  org.gradle.util.Swapper.swap(Ljava/lang/Object;Ljava/util/concurrent/Callable;)Ljava/lang/Object;+21
j  org.gradle.launcher.daemon.server.exec.ForwardClientInput.execute(Lorg/gradle/launcher/daemon/server/api/DaemonCommandExecution;)V+63
j  org.gradle.launcher.daemon.server.api.DaemonCommandExecution.proceed()Z+28
j  org.gradle.launcher.daemon.server.exec.LogAndCheckHealth.execute(Lorg/gradle/launcher/daemon/server/api/DaemonCommandExecution;)V+28
j  org.gradle.launcher.daemon.server.api.DaemonCommandExecution.proceed()Z+28
j  org.gradle.launcher.daemon.server.exec.LogToClient.doBuild(Lorg/gradle/launcher/daemon/server/api/DaemonCommandExecution;Lorg/gradle/launcher/daemon/protocol/Build;)V+87
j  org.gradle.launcher.daemon.server.exec.BuildCommandOnly.execute(Lorg/gradle/launcher/daemon/server/api/DaemonCommandExecution;)V+49
j  org.gradle.launcher.daemon.server.api.DaemonCommandExecution.proceed()Z+28
j  org.gradle.launcher.daemon.server.exec.EstablishBuildEnvironment.doBuild(Lorg/gradle/launcher/daemon/server/api/DaemonCommandExecution;Lorg/gradle/launcher/daemon/protocol/Build;)V+365
j  org.gradle.launcher.daemon.server.exec.BuildCommandOnly.execute(Lorg/gradle/launcher/daemon/server/api/DaemonCommandExecution;)V+49
j  org.gradle.launcher.daemon.server.api.DaemonCommandExecution.proceed()Z+28
j  org.gradle.launcher.daemon.server.exec.StartBuildOrRespondWithBusy$1.run()V+44
j  org.gradle.launcher.daemon.server.DaemonStateCoordinator$1.run()V+4
j  org.gradle.internal.concurrent.ExecutorPolicy$CatchAndRecordFailures.onExecute(Ljava/lang/Runnable;)V+1
j  org.gradle.internal.concurrent.ManagedExecutorImpl$1.run()V+25
j  java.util.concurrent.ThreadPoolExecutor.runWorker(Ljava/util/concurrent/ThreadPoolExecutor$Worker;)V+95
j  java.util.concurrent.ThreadPoolExecutor$Worker.run()V+5
j  org.gradle.internal.concurrent.ThreadFactoryImpl$ManagedThreadRunnable.run()V+7
j  java.lang.Thread.run()V+11
v  ~StubRoutines::call_stub

---------------  P R O C E S S  ---------------

Java Threads: ( => current thread )
  0x4744a400 JavaThread "ForkJoinPool.commonPool-worker-1" daemon [_thread_blocked, id=4504, stack(0x4bb90000,0x4bbe0000)]
  0x47448000 JavaThread "Java2D Disposer" daemon [_thread_blocked, id=5032, stack(0x4bb00000,0x4bb50000)]
  0x47079000 JavaThread "Worker Daemon Execution Thread 7" [_thread_in_Java, id=4404, stack(0x4b870000,0x4b8c0000)]
  0x47077c00 JavaThread "Worker Daemon Execution Thread 6" [_thread_in_Java, id=7020, stack(0x4b7e0000,0x4b830000)]
  0x47077800 JavaThread "Worker Daemon Execution Thread 5" [_thread_blocked, id=6272, stack(0x4b750000,0x4b7a0000)]
  0x47077000 JavaThread "Worker Daemon Execution Thread 4" [_thread_in_native, id=3360, stack(0x4b6c0000,0x4b710000)]
  0x47076c00 JavaThread "Worker Daemon Execution Thread 3" [_thread_blocked, id=2820, stack(0x4b630000,0x4b680000)]
  0x4707a400 JavaThread "Worker Daemon Execution Thread 2" [_thread_blocked, id=5144, stack(0x4b5a0000,0x4b5f0000)]
  0x47a9f800 JavaThread "Worker Daemon Execution" [_thread_in_native, id=6472, stack(0x4b510000,0x4b560000)]
  0x47a9f000 JavaThread "Task worker for ':' Thread 3" [_thread_blocked, id=5372, stack(0x4b280000,0x4b2d0000)]
  0x47a9e800 JavaThread "Task worker for ':' Thread 2" [_thread_blocked, id=2856, stack(0x4b1f0000,0x4b240000)]
  0x47a9e400 JavaThread "Task worker for ':'" [_thread_blocked, id=3908, stack(0x4b160000,0x4b1b0000)]
  0x47a9dc00 JavaThread "Cache worker for task history cache (C:\Users\Gulnar\AndroidStudioProjects\ENIS\.gradle\4.1\taskHistory)" [_thread_blocked, id=2568, stack(0x4b0d0000,0x4b120000)]
  0x47a9a000 JavaThread "build operations Thread 4" [_thread_blocked, id=2636, stack(0x48fe0000,0x49030000)]
  0x47a9d800 JavaThread "build operations Thread 3" [_thread_blocked, id=6168, stack(0x48f50000,0x48fa0000)]
  0x47a99800 JavaThread "build operations Thread 2" [_thread_blocked, id=80, stack(0x48dc0000,0x48e10000)]
  0x47a9d000 JavaThread "build operations" [_thread_blocked, id=2512, stack(0x48730000,0x48780000)]
  0x47a9bc00 JavaThread "Cache worker for Artifact transforms cache (C:\Users\Gulnar\.gradle\caches\transforms-1)" [_thread_blocked, id=5728, stack(0x486a0000,0x486f0000)]
  0x47a9c400 JavaThread "Cache worker for file hash cache (C:\Users\Gulnar\AndroidStudioProjects\ENIS\.gradle\4.1\fileHashes)" [_thread_blocked, id=5556, stack(0x48210000,0x48260000)]
  0x47a98400 JavaThread "Stdin handler" [_thread_blocked, id=1108, stack(0x46e90000,0x46ee0000)]
  0x47a98000 JavaThread "Asynchronous log dispatcher for DefaultDaemonConnection: socket connection from /127.0.0.1:50122 to /127.0.0.1:50128" [_thread_blocked, id=6604, stack(0x46e00000,0x46e50000)]
  0x47a9b000 JavaThread "Cancel handler" [_thread_blocked, id=4904, stack(0x46ce0000,0x46d30000)]
  0x47a98c00 JavaThread "Handler for socket connection from /127.0.0.1:50122 to /127.0.0.1:50128" [_thread_in_native, id=4744, stack(0x46c50000,0x46ca0000)]
  0x47a9a400 JavaThread "Memory manager" [_thread_blocked, id=7120, stack(0x49370000,0x493c0000)]
  0x47079800 JavaThread "File lock request listener" [_thread_in_native, id=664, stack(0x48180000,0x481d0000)]
  0x47078c00 JavaThread "Cache worker for file hash cache (C:\Users\Gulnar\.gradle\caches\4.1\fileHashes)" [_thread_blocked, id=4264, stack(0x480f0000,0x48140000)]
=>0x45f7dc00 JavaThread "Daemon worker" [_thread_in_native, id=1272, stack(0x46d70000,0x46dc0000)]
  0x45ed1400 JavaThread "Daemon" [_thread_blocked, id=6372, stack(0x46bc0000,0x46c10000)]
  0x45f07c00 JavaThread "Daemon periodic checks" [_thread_blocked, id=568, stack(0x46b30000,0x46b80000)]
  0x45ec2c00 JavaThread "Incoming local TCP Connector on port 50122" [_thread_in_native, id=4268, stack(0x465b0000,0x46600000)]
  0x45e77000 JavaThread "Daemon health stats" [_thread_blocked, id=3740, stack(0x46240000,0x46290000)]
  0x019a4800 JavaThread "Service Thread" daemon [_thread_blocked, id=6796, stack(0x01ec0000,0x01f10000)]
  0x0198d800 JavaThread "C1 CompilerThread0" daemon [_thread_in_native, id=1284, stack(0x01e30000,0x01e80000)]
  0x0198cc00 JavaThread "Attach Listener" daemon [_thread_blocked, id=5744, stack(0x01da0000,0x01df0000)]
  0x0197bc00 JavaThread "Signal Dispatcher" daemon [_thread_blocked, id=5404, stack(0x01d10000,0x01d60000)]
  0x01979c00 JavaThread "Finalizer" daemon [_thread_blocked, id=3524, stack(0x01ba0000,0x01bf0000)]
  0x01973c00 JavaThread "Reference Handler" daemon [_thread_blocked, id=3816, stack(0x01100000,0x01150000)]
  0x0094d400 JavaThread "main" [_thread_blocked, id=2216, stack(0x009e0000,0x00a30000)]

Other Threads:
  0x00fee800 VMThread [stack: 0x01070000,0x010c0000] [id=3892]
  0x019b4800 WatcherThread [stack: 0x01f50000,0x01fa0000] [id=5192]

VM state:not at safepoint (normal execution)

VM Mutex/Monitor currently owned by a thread: None

Heap:
 def new generation   total 23744K, used 9717K [0x05400000, 0x06dc0000, 0x1a950000)
  eden space 21120K,  36% used [0x05400000, 0x05ba0fb8, 0x068a0000)
  from space 2624K,  72% used [0x06b30000, 0x06d0c488, 0x06dc0000)
  to   space 2624K,   0% used [0x068a0000, 0x068a0000, 0x06b30000)
 tenured generation   total 52524K, used 36733K [0x1a950000, 0x1dc9b000, 0x45400000)
   the space 52524K,  69% used [0x1a950000, 0x1cd2f7d0, 0x1cd2f800, 0x1dc9b000)
 Metaspace       used 37090K, capacity 38131K, committed 38912K, reserved 39296K

Card table byte_map: [0x01190000,0x013a0000] byte_map_base: 0x01166000

Polling page: 0x00930000

CodeCache: size=32768Kb used=6800Kb max_used=6919Kb free=25967Kb
 bounds [0x03400000, 0x03ac8000, 0x05400000]
 total_blobs=4037 nmethods=3539 adapters=427
 compilation: enabled

Compilation events (10 events):
Event: 27.310 Thread 0x0198d800 4221             java.lang.Integer::hashCode (2 bytes)
Event: 27.310 Thread 0x0198d800 nmethod 4221 0x0371b7c8 code [0x0371b8c0, 0x0371b930]
Event: 27.310 Thread 0x0198d800 4222             com.sun.org.apache.xerces.internal.dom.ElementImpl::getTagName (16 bytes)
Event: 27.311 Thread 0x0198d800 nmethod 4222 0x0371b588 code [0x0371b690, 0x0371b75c]
Event: 27.317 Thread 0x0198d800 4223             com.android.utils.PositionXmlParser::getPositionHelper (757 bytes)
Event: 27.321 Thread 0x0198d800 nmethod 4223 0x03a94e48 code [0x03a95230, 0x03a967c8]
Event: 27.323 Thread 0x0198d800 4224             com.android.ide.common.blame.SourceFilePosition::equals (55 bytes)
Event: 27.323 Thread 0x0198d800 nmethod 4224 0x0358a708 code [0x0358a820, 0x0358aa18]
Event: 27.354 Thread 0x0198d800 4225             sun.misc.CompoundEnumeration::hasMoreElements (5 bytes)
Event: 27.354 Thread 0x0198d800 nmethod 4225 0x03a94c48 code [0x03a94d40, 0x03a94dcc]

GC Heap History (10 events):
Event: 23.437 GC heap before
{Heap before GC invocations=99 (full 4):
 def new generation   total 20800K, used 19775K [0x05400000, 0x06a90000, 0x1a950000)
  eden space 18496K, 100% used [0x05400000, 0x06610000, 0x06610000)
  from space 2304K,  55% used [0x06850000, 0x0698fc10, 0x06a90000)
  to   space 2304K,   0% used [0x06610000, 0x06610000, 0x06850000)
 tenured generation   total 46008K, used 44421K [0x1a950000, 0x1d63e000, 0x45400000)
   the space 46008K,  96% used [0x1a950000, 0x1d4b1600, 0x1d4b1600, 0x1d63e000)
 Metaspace       used 35570K, capacity 36784K, committed 36864K, reserved 37248K
Event: 23.452 GC heap after
Heap after GC invocations=100 (full 4):
 def new generation   total 20800K, used 1695K [0x05400000, 0x06a90000, 0x1a950000)
  eden space 18496K,   0% used [0x05400000, 0x05400000, 0x06610000)
  from space 2304K,  73% used [0x06610000, 0x067b7fb8, 0x06850000)
  to   space 2304K,   0% used [0x06850000, 0x06850000, 0x06a90000)
 tenured generation   total 46008K, used 45074K [0x1a950000, 0x1d63e000, 0x45400000)
   the space 46008K,  97% used [0x1a950000, 0x1d554aa0, 0x1d554c00, 0x1d63e000)
 Metaspace       used 35570K, capacity 36784K, committed 36864K, reserved 37248K
}
Event: 25.660 GC heap before
{Heap before GC invocations=100 (full 4):
 def new generation   total 20800K, used 20191K [0x05400000, 0x06a90000, 0x1a950000)
  eden space 18496K, 100% used [0x05400000, 0x06610000, 0x06610000)
  from space 2304K,  73% used [0x06610000, 0x067b7fb8, 0x06850000)
  to   space 2304K,   0% used [0x06850000, 0x06850000, 0x06a90000)
 tenured generation   total 46008K, used 45074K [0x1a950000, 0x1d63e000, 0x45400000)
   the space 46008K,  97% used [0x1a950000, 0x1d554aa0, 0x1d554c00, 0x1d63e000)
 Metaspace       used 36082K, capacity 37302K, committed 37376K, reserved 38272K
Event: 25.865 GC heap after
Heap after GC invocations=101 (full 5):
 def new generation   total 23744K, used 0K [0x05400000, 0x06dc0000, 0x1a950000)
  eden space 21120K,   0% used [0x05400000, 0x05400000, 0x068a0000)
  from space 2624K,   0% used [0x068a0000, 0x068a0000, 0x06b30000)
  to   space 2624K,   0% used [0x06b30000, 0x06b30000, 0x06dc0000)
 tenured generation   total 52524K, used 31514K [0x1a950000, 0x1dc9b000, 0x45400000)
   the space 52524K,  59% used [0x1a950000, 0x1c816830, 0x1c816a00, 0x1dc9b000)
 Metaspace       used 35139K, capacity 36126K, committed 37376K, reserved 38272K
}
Event: 26.740 GC heap before
{Heap before GC invocations=101 (full 5):
 def new generation   total 23744K, used 21120K [0x05400000, 0x06dc0000, 0x1a950000)
  eden space 21120K, 100% used [0x05400000, 0x068a0000, 0x068a0000)
  from space 2624K,   0% used [0x068a0000, 0x068a0000, 0x06b30000)
  to   space 2624K,   0% used [0x06b30000, 0x06b30000, 0x06dc0000)
 tenured generation   total 52524K, used 31514K [0x1a950000, 0x1dc9b000, 0x45400000)
   the space 52524K,  59% used [0x1a950000, 0x1c816830, 0x1c816a00, 0x1dc9b000)
 Metaspace       used 35605K, capacity 36623K, committed 37504K, reserved 38272K
Event: 26.748 GC heap after
Heap after GC invocations=102 (full 5):
 def new generation   total 23744K, used 1452K [0x05400000, 0x06dc0000, 0x1a950000)
  eden space 21120K,   0% used [0x05400000, 0x05400000, 0x068a0000)
  from space 2624K,  55% used [0x06b30000, 0x06c9b220, 0x06dc0000)
  to   space 2624K,   0% used [0x068a0000, 0x068a0000, 0x06b30000)
 tenured generation   total 52524K, used 31514K [0x1a950000, 0x1dc9b000, 0x45400000)
   the space 52524K,  59% used [0x1a950000, 0x1c816830, 0x1c816a00, 0x1dc9b000)
 Metaspace       used 35605K, capacity 36623K, committed 37504K, reserved 38272K
}
Event: 26.900 GC heap before
{Heap before GC invocations=102 (full 5):
 def new generation   total 23744K, used 22572K [0x05400000, 0x06dc0000, 0x1a950000)
  eden space 21120K, 100% used [0x05400000, 0x068a0000, 0x068a0000)
  from space 2624K,  55% used [0x06b30000, 0x06c9b220, 0x06dc0000)
  to   space 2624K,   0% used [0x068a0000, 0x068a0000, 0x06b30000)
 tenured generation   total 52524K, used 31514K [0x1a950000, 0x1dc9b000, 0x45400000)
   the space 52524K,  59% used [0x1a950000, 0x1c816830, 0x1c816a00, 0x1dc9b000)
 Metaspace       used 35606K, capacity 36623K, committed 37504K, reserved 38272K
Event: 26.915 GC heap after
Heap after GC invocations=103 (full 5):
 def new generation   total 23744K, used 2624K [0x05400000, 0x06dc0000, 0x1a950000)
  eden space 21120K,   0% used [0x05400000, 0x05400000, 0x068a0000)
  from space 2624K, 100% used [0x068a0000, 0x06b30000, 0x06b30000)
  to   space 2624K,   0% used [0x06b30000, 0x06b30000, 0x06dc0000)
 tenured generation   total 52524K, used 34112K [0x1a950000, 0x1dc9b000, 0x45400000)
   the space 52524K,  64% used [0x1a950000, 0x1caa0378, 0x1caa0400, 0x1dc9b000)
 Metaspace       used 35606K, capacity 36623K, committed 37504K, reserved 38272K
}
Event: 27.185 GC heap before
{Heap before GC invocations=103 (full 5):
 def new generation   total 23744K, used 23744K [0x05400000, 0x06dc0000, 0x1a950000)
  eden space 21120K, 100% used [0x05400000, 0x068a0000, 0x068a0000)
  from space 2624K, 100% used [0x068a0000, 0x06b30000, 0x06b30000)
  to   space 2624K,   0% used [0x06b30000, 0x06b30000, 0x06dc0000)
 tenured generation   total 52524K, used 34112K [0x1a950000, 0x1dc9b000, 0x45400000)
   the space 52524K,  64% used [0x1a950000, 0x1caa0378, 0x1caa0400, 0x1dc9b000)
 Metaspace       used 36001K, capacity 37030K, committed 37888K, reserved 38272K
Event: 27.207 GC heap after
Heap after GC invocations=104 (full 5):
 def new generation   total 23744K, used 1905K [0x05400000, 0x06dc0000, 0x1a950000)
  eden space 21120K,   0% used [0x05400000, 0x05400000, 0x068a0000)
  from space 2624K,  72% used [0x06b30000, 0x06d0c488, 0x06dc0000)
  to   space 2624K,   0% used [0x068a0000, 0x068a0000, 0x06b30000)
 tenured generation   total 52524K, used 36733K [0x1a950000, 0x1dc9b000, 0x45400000)
   the space 52524K,  69% used [0x1a950000, 0x1cd2f7d0, 0x1cd2f800, 0x1dc9b000)
 Metaspace       used 36001K, capacity 37030K, committed 37888K, reserved 38272K
}

Deoptimization events (0 events):
No events

Internal exceptions (10 events):
Event: 27.059 Thread 0x45f7dc00 Exception <a 'java/lang/NoSuchMethodError': <clinit>> (0x05bcf440) thrown at [C:\re\workspace\8-2-build-windows-i586-cygwin\jdk8u112\7884\hotspot\src\share\vm\prims\jni.cpp, line 1613]
Event: 27.074 Thread 0x45f7dc00 Exception <a 'java/lang/NoSuchMethodError': <clinit>> (0x05bf54f0) thrown at [C:\re\workspace\8-2-build-windows-i586-cygwin\jdk8u112\7884\hotspot\src\share\vm\prims\jni.cpp, line 1613]
Event: 27.074 Thread 0x45f7dc00 Exception <a 'java/lang/NoSuchMethodError': <clinit>> (0x05bfd1f8) thrown at [C:\re\workspace\8-2-build-windows-i586-cygwin\jdk8u112\7884\hotspot\src\share\vm\prims\jni.cpp, line 1613]
Event: 27.074 Thread 0x45f7dc00 Exception <a 'java/lang/NoSuchMethodError': <clinit>> (0x05c00540) thrown at [C:\re\workspace\8-2-build-windows-i586-cygwin\jdk8u112\7884\hotspot\src\share\vm\prims\jni.cpp, line 1613]
Event: 27.075 Thread 0x45f7dc00 Exception <a 'java/lang/NoSuchMethodError': <clinit>> (0x05c16f30) thrown at [C:\re\workspace\8-2-build-windows-i586-cygwin\jdk8u112\7884\hotspot\src\share\vm\prims\jni.cpp, line 1613]
Event: 27.077 Thread 0x45f7dc00 Exception <a 'java/lang/NoSuchMethodError': <clinit>> (0x05c345c0) thrown at [C:\re\workspace\8-2-build-windows-i586-cygwin\jdk8u112\7884\hotspot\src\share\vm\prims\jni.cpp, line 1613]
Event: 27.077 Thread 0x45f7dc00 Exception <a 'java/lang/NoSuchMethodError': <clinit>> (0x05c37440) thrown at [C:\re\workspace\8-2-build-windows-i586-cygwin\jdk8u112\7884\hotspot\src\share\vm\prims\jni.cpp, line 1613]
Event: 27.082 Thread 0x45f7dc00 Exception <a 'java/lang/NoSuchMethodError': <clinit>> (0x05c55150) thrown at [C:\re\workspace\8-2-build-windows-i586-cygwin\jdk8u112\7884\hotspot\src\share\vm\prims\jni.cpp, line 1613]
Event: 27.227 Thread 0x4707a400 Exception <a 'java/io/FileNotFoundException'> (0x056e1da0) thrown at [C:\re\workspace\8-2-build-windows-i586-cygwin\jdk8u112\7884\hotspot\src\share\vm\prims\jni.cpp, line 709]
Event: 27.270 Thread 0x4707a400 Exception <a 'java/io/FileNotFoundException'> (0x05767f08) thrown at [C:\re\workspace\8-2-build-windows-i586-cygwin\jdk8u112\7884\hotspot\src\share\vm\prims\jni.cpp, line 709]

Events (10 events):
Event: 27.360 loading class com/android/tools/aapt2/AutoValue_Aapt2Result
Event: 27.360 loading class com/android/tools/aapt2/AutoValue_Aapt2Result done
Event: 27.360 loading class javax/imageio/spi/ServiceRegistry$Filter
Event: 27.360 loading class javax/imageio/spi/ServiceRegistry$Filter done
Event: 27.360 loading class javax/imageio/ImageIO$CanEncodeImageAndFormatFilter done
Event: 27.360 loading class javax/imageio/spi/PartialOrderIterator
Event: 27.360 loading class javax/imageio/spi/PartialOrderIterator done
Event: 27.360 loading class javax/imageio/spi/FilterIterator
Event: 27.360 loading class javax/imageio/spi/FilterIterator done
Event: 27.360 loading class javax/imageio/ImageIO$ImageWriterIterator


Dynamic libraries:
0x01150000 - 0x01183000 	C:\Program Files (x86)\Java\jdk1.8.0_112\bin\java.exe
0x76f70000 - 0x770df000 	C:\Windows\SYSTEM32\ntdll.dll
0x74990000 - 0x74ad0000 	C:\Windows\SYSTEM32\KERNEL32.DLL
0x74cc0000 - 0x74d97000 	C:\Windows\SYSTEM32\KERNELBASE.dll
0x6ca80000 - 0x6cb20000 	C:\Windows\system32\apphelp.dll
0x6bef0000 - 0x6c156000 	C:\Windows\AppPatch\AcGenral.DLL
0x74f60000 - 0x75023000 	C:\Windows\SYSTEM32\msvcrt.dll
0x747b0000 - 0x747f1000 	C:\Windows\SYSTEM32\sechost.dll
0x76e00000 - 0x76e1e000 	C:\Windows\SYSTEM32\SspiCli.dll
0x74760000 - 0x747a5000 	C:\Windows\SYSTEM32\SHLWAPI.dll
0x6c710000 - 0x6c7fd000 	C:\Windows\SYSTEM32\UxTheme.dll
0x75150000 - 0x752a3000 	C:\Windows\SYSTEM32\USER32.dll
0x75030000 - 0x7513c000 	C:\Windows\SYSTEM32\GDI32.dll
0x6d7f0000 - 0x6d813000 	C:\Windows\SYSTEM32\WINMM.dll
0x71bf0000 - 0x71c03000 	C:\Windows\SYSTEM32\samcli.dll
0x752b0000 - 0x753d9000 	C:\Windows\SYSTEM32\ole32.dll
0x74890000 - 0x74927000 	C:\Windows\SYSTEM32\OLEAUT32.dll
0x6bed0000 - 0x6bee7000 	C:\Windows\SYSTEM32\MSACM32.dll
0x74280000 - 0x74288000 	C:\Windows\SYSTEM32\VERSION.dll
0x759b0000 - 0x76c6b000 	C:\Windows\SYSTEM32\SHELL32.dll
0x74260000 - 0x7427b000 	C:\Windows\SYSTEM32\USERENV.dll
0x6beb0000 - 0x6beca000 	C:\Windows\SYSTEM32\dwmapi.dll
0x6bd60000 - 0x6beab000 	C:\Windows\SYSTEM32\urlmon.dll
0x76e20000 - 0x76e9c000 	C:\Windows\SYSTEM32\ADVAPI32.dll
0x72710000 - 0x72775000 	C:\Windows\SYSTEM32\WINSPOOL.DRV
0x6c9b0000 - 0x6c9c6000 	C:\Windows\SYSTEM32\MPR.dll
0x753e0000 - 0x7549a000 	C:\Windows\SYSTEM32\RPCRT4.dll
0x74750000 - 0x7475a000 	C:\Windows\SYSTEM32\CRYPTBASE.dll
0x74ad0000 - 0x74c4d000 	C:\Windows\SYSTEM32\combase.dll
0x6d7c0000 - 0x6d7e3000 	C:\Windows\SYSTEM32\WINMMBASE.dll
0x741f0000 - 0x741ff000 	C:\Windows\SYSTEM32\profapi.dll
0x6e740000 - 0x6e975000 	C:\Windows\SYSTEM32\iertutil.dll
0x6edd0000 - 0x6f07b000 	C:\Windows\SYSTEM32\WININET.dll
0x746f0000 - 0x74744000 	C:\Windows\SYSTEM32\bcryptPrimitives.dll
0x758e0000 - 0x7591c000 	C:\Windows\SYSTEM32\cfgmgr32.dll
0x6f480000 - 0x6f4a1000 	C:\Windows\SYSTEM32\DEVOBJ.dll
0x74160000 - 0x741eb000 	C:\Windows\SYSTEM32\SHCORE.DLL
0x75980000 - 0x759a7000 	C:\Windows\system32\IMM32.DLL
0x74e30000 - 0x74f42000 	C:\Windows\SYSTEM32\MSCTF.dll
0x6e980000 - 0x6eb86000 	C:\Windows\WinSxS\x86_microsoft.windows.common-controls_6595b64144ccf1df_6.0.9600.18006_none_a9ec6aab013aafee\COMCTL32.dll
0x74040000 - 0x740ff000 	C:\Program Files (x86)\Java\jdk1.8.0_112\jre\bin\msvcr100.dll
0x73540000 - 0x7390e000 	C:\Program Files (x86)\Java\jdk1.8.0_112\jre\bin\client\jvm.dll
0x6f080000 - 0x6f088000 	C:\Windows\SYSTEM32\WSOCK32.dll
0x74c70000 - 0x74c76000 	C:\Windows\SYSTEM32\PSAPI.DLL
0x74930000 - 0x7497f000 	C:\Windows\SYSTEM32\WS2_32.dll
0x75610000 - 0x75617000 	C:\Windows\SYSTEM32\NSI.dll
0x74150000 - 0x7415c000 	C:\Program Files (x86)\Java\jdk1.8.0_112\jre\bin\verify.dll
0x74010000 - 0x74031000 	C:\Program Files (x86)\Java\jdk1.8.0_112\jre\bin\java.dll
0x74130000 - 0x74143000 	C:\Program Files (x86)\Java\jdk1.8.0_112\jre\bin\zip.dll
0x73ff0000 - 0x74006000 	C:\Program Files (x86)\Java\jdk1.8.0_112\jre\bin\net.dll
0x739e0000 - 0x73a2b000 	C:\Windows\system32\mswsock.dll
0x73fe0000 - 0x73fef000 	C:\Program Files (x86)\Java\jdk1.8.0_112\jre\bin\nio.dll
0x73fc0000 - 0x73fd9000 	C:\Users\Gulnar\.gradle\native\25\windows-i386\native-platform.dll
0x73fb0000 - 0x73fba000 	C:\Program Files (x86)\Java\jdk1.8.0_112\jre\bin\management.dll
0x73de0000 - 0x73df9000 	C:\Windows\SYSTEM32\CRYPTSP.dll
0x73db0000 - 0x73de0000 	C:\Windows\system32\rsaenh.dll
0x73d90000 - 0x73dae000 	C:\Windows\SYSTEM32\bcrypt.dll
0x74330000 - 0x74350000 	C:\Windows\SYSTEM32\IPHLPAPI.DLL
0x74200000 - 0x74208000 	C:\Windows\SYSTEM32\WINNSI.DLL
0x739a0000 - 0x739b3000 	C:\Windows\SYSTEM32\dhcpcsvc6.DLL
0x739c0000 - 0x739d4000 	C:\Windows\SYSTEM32\dhcpcsvc.DLL
0x64b40000 - 0x64b58000 	C:\Users\Gulnar\AppData\Local\Temp\aapt2_7424455295677150398\libwinpthread-1.dll
0x63940000 - 0x63c05000 	C:\Users\Gulnar\AppData\Local\Temp\aapt2_7424455295677150398\libaapt2_jni.dll
0x73e10000 - 0x73f56000 	C:\Program Files (x86)\Java\jdk1.8.0_112\jre\bin\awt.dll
0x73f80000 - 0x73fa4000 	C:\Program Files (x86)\Java\jdk1.8.0_112\jre\bin\dcpr.dll
0x69090000 - 0x691d1000 	C:\Windows\SYSTEM32\dbghelp.dll

VM Arguments:
jvm_args: -Xmx1536m -Dfile.encoding=windows-1251 -Duser.country=RU -Duser.language=ru -Duser.variant -Xmx1024M 
java_command: org.gradle.launcher.daemon.bootstrap.GradleDaemon 4.1
java_class_path (initial): C:\Users\Gulnar\.gradle\wrapper\dists\gradle-4.1-all\bzyivzo6n839fup2jbap0tjew\gradle-4.1\lib\gradle-launcher-4.1.jar
Launcher Type: SUN_STANDARD

Environment Variables:
_JAVA_OPTIONS=-Xmx1024M
PATH=C:\ProgramData\Oracle\Java\javapath;C:\Program Files\Broadcom\Broadcom 802.11 Network Adapter;C:\Program Files (x86)\NVIDIA Corporation\PhysX\Common;C:\Program Files (x86)\Intel\iCLS Client\;C:\Program Files\Intel\iCLS Client\;C:\Windows\system32;C:\Windows;C:\Windows\System32\Wbem;C:\Windows\System32\WindowsPowerShell\v1.0\;C:\Program Files (x86)\Acer\abFiles\;C:\Program Files\Intel\Intel(R) Management Engine Components\DAL;C:\Program Files\Intel\Intel(R) Management Engine Components\IPT;C:\Program Files (x86)\Intel\Intel(R) Management Engine Components\DAL;C:\Program Files (x86)\Intel\Intel(R) Management Engine Components\IPT;C:\Program Files\WIDCOMM\Bluetooth Software\;C:\Program Files\WIDCOMM\Bluetooth Software\syswow64;C:\Program Files\Aladdin\eToken\PKIClient\x32;C:\Program Files\Aladdin\eToken\PKIClient\x64;C:\Program Files (x86)\IVI Foundation\VISA\WinNT\Bin;C:\Program Files\nodejs\;C:\Users\Gulnar\.dnx\bin;C:\Program Files\Microsoft DNX\Dnvm\;C:\Program Files\Microsoft SQL Server\130\Tools\Binn\;C:\Program Files (x86)\GtkSharp\2.12\bin;C:\Program Files (x86)\Skype\Phone\;C:\Program Files (x86)\Windows Kits\10\Windows Performance Toolkit\;C:\Program Files\dotnet\;C:\Program Files (x86)\Xoreax\IncrediBuild;C:\Users\Erzhan\AppData\Local\Programs\Git\cmd;C:\Program Files (x86)\Java\jdk1.8.0_112\bin\java.exe
USERNAME=Gulnar
OS=Windows_NT
PROCESSOR_IDENTIFIER=Intel64 Family 6 Model 69 Stepping 1, GenuineIntel



---------------  S Y S T E M  ---------------

OS: Windows 8.1 , 64 bit Build 9600 (6.3.9600.17415)

CPU:total 4 (2 cores per cpu, 2 threads per core) family 6 model 69 stepping 1, cmov, cx8, fxsr, mmx, sse, sse2, sse3, ssse3, sse4.1, sse4.2, popcnt, avx, avx2, aes, clmul, erms, lzcnt, ht, tsc, tscinvbit, bmi1, bmi2

Memory: 4k page, physical 6212888k(1990684k free), swap 7654680k(2959688k free)

vm_info: Java HotSpot(TM) Client VM (25.112-b15) for windows-x86 JRE (1.8.0_112-b15), built on Sep 22 2016 21:03:20 by "java_re" with MS VC++ 10.0 (VS2010)

time: Sat Sep 30 19:18:09 2017
elapsed time: 27 seconds (0d 0h 0m 27s)

