#
# A fatal error has been detected by the Java Runtime Environment:
#
#  EXCEPTION_ACCESS_VIOLATION (0xc0000005) at pc=0x49392f00, pid=2732, tid=0x00001bd0
#
# JRE version: Java(TM) SE Runtime Environment (8.0_112-b15) (build 1.8.0_112-b15)
# Java VM: Java HotSpot(TM) Client VM (25.112-b15 mixed mode windows-x86 )
# Problematic frame:
# C  0x49392f00
#
# Failed to write core dump. Minidumps are not enabled by default on client versions of Windows
#
# If you would like to submit a bug report, please visit:
#   http://bugreport.java.com/bugreport/crash.jsp
# The crash happened outside the Java Virtual Machine in native code.
# See problematic frame for where to report the bug.
#

---------------  T H R E A D  ---------------

Current thread (0x4935ec00):  JavaThread "Task worker for ':'" [_thread_in_native, id=7120, stack(0x4a5b0000,0x4a600000)]

siginfo: ExceptionCode=0xc0000005, ExceptionInformation=0x00000008 0x49392f00

Registers:
EAX=0x00000004, EBX=0x4935ed40, ECX=0x00000000, EDX=0x4931b9e4
ESP=0x4a5fdf68, EBP=0x4a5fdf98, ESI=0x4a5fdfb8, EDI=0x4769af50
EIP=0x49392f00, EFLAGS=0x00010212

Top of Stack: (sp=0x4a5fdf68)
0x4a5fdf68:   4a5fe048 00000000 73818e1c 73818efc
0x4a5fdf78:   4934b180 00000000 00000002 474df7a4
0x4a5fdf88:   4a8b8eb8 4a8b8eb8 4a5fdfc4 4a5fdfd0
0x4a5fdf98:   4a5fdff8 6396753d 49392fd0 474df3b0
0x4a5fdfa8:   474df3b8 474df7a4 000003ec 0344bfc6
0x4a5fdfb8:   00000000 00000000 00000000 4a5fdfec
0x4a5fdfc8:   735c08f0 4935ec00 00000006 00000008
0x4a5fdfd8:   4935ec00 4a8b8eb0 4a8b8eb8 4a8b8eb8 

Instructions: (pc=0x49392f00)
0x49392ee0:   73 65 65 00 00 38 00 00 bd 3b 04 32 00 3c 01 88
0x49392ef0:   09 00 01 00 f2 98 4f 48 6c 6f 63 61 6c 50 75 73
0x49392f00:   68 6c 65 00 15 00 00 00 81 3b f8 33 03 3d 01 88
0x49392f10:   0b 00 01 00 ff dc c2 1a 76 65 72 73 69 6f 6e 41 


Register to memory mapping:

EAX=0x00000004 is an unknown value
EBX=0x4935ed40 is an unknown value
ECX=0x00000000 is an unknown value
EDX=0x4931b9e4 is an unknown value
ESP=0x4a5fdf68 is pointing into the stack for thread: 0x4935ec00
EBP=0x4a5fdf98 is pointing into the stack for thread: 0x4935ec00
ESI=0x4a5fdfb8 is pointing into the stack for thread: 0x4935ec00
EDI=0x4769af50 is an unknown value


Stack: [0x4a5b0000,0x4a600000],  sp=0x4a5fdf68,  free space=311k
Native frames: (J=compiled Java code, j=interpreted, Vv=VM code, C=native code)
C  0x49392f00
C  [libaapt2_jni.dll+0x2753d]
j  com.android.tools.aapt2.Aapt2Jni.nativeCompile(Ljava/util/List;Lcom/android/tools/aapt2/Aapt2JniLogCallback;)I+0
j  com.android.tools.aapt2.Aapt2Jni.compile(Ljava/util/List;)Lcom/android/tools/aapt2/Aapt2Result;+6
j  com.android.builder.internal.aapt.v2.AaptV2Jni.lambda$compile$0(Lcom/android/ide/common/res2/CompileResourceRequest;)Ljava/io/File;+10
j  com.android.builder.internal.aapt.v2.AaptV2Jni$$Lambda$270.call()Ljava/lang/Object;+8
j  java.util.concurrent.ForkJoinTask$AdaptedCallable.exec()Z+5
j  java.util.concurrent.ForkJoinTask.doExec()I+10
j  java.util.concurrent.ForkJoinTask.externalInterruptibleAwaitDone()I+55
j  java.util.concurrent.ForkJoinTask.get()Ljava/lang/Object;+17
j  com.android.ide.common.res2.MergedResourceWriter.postWriteAction()V+635
j  com.android.ide.common.res2.MergeWriter.end()V+1
j  com.android.ide.common.res2.MergedResourceWriter.end()V+1
J 3127% C1 com.android.ide.common.res2.DataMerger.mergeData(Lcom/android/ide/common/res2/MergeConsumer;Z)V (603 bytes) @ 0x039d0f0c [0x039d0600+0x90c]
j  com.android.ide.common.res2.ResourceMerger.mergeData(Lcom/android/ide/common/res2/MergeConsumer;Z)V+7
j  com.android.build.gradle.tasks.MergeResources.doFullTaskAction()V+201
j  com.android.build.gradle.internal.tasks.IncrementalTask.taskAction(Lorg/gradle/api/tasks/incremental/IncrementalTaskInputs;)V+33
v  ~StubRoutines::call_stub
V  [jvm.dll+0x15a945]
V  [jvm.dll+0x220d0e]
V  [jvm.dll+0x15a9de]
V  [jvm.dll+0x167178]
V  [jvm.dll+0x1673e3]
V  [jvm.dll+0x103be3]
C  [java.dll+0x3b26]
j  sun.reflect.NativeMethodAccessorImpl.invoke(Ljava/lang/Object;[Ljava/lang/Object;)Ljava/lang/Object;+100
J 470 C1 sun.reflect.DelegatingMethodAccessorImpl.invoke(Ljava/lang/Object;[Ljava/lang/Object;)Ljava/lang/Object; (10 bytes) @ 0x03537ac0 [0x03537a90+0x30]
J 469 C1 java.lang.reflect.Method.invoke(Ljava/lang/Object;[Ljava/lang/Object;)Ljava/lang/Object; (62 bytes) @ 0x035377d4 [0x03537700+0xd4]
j  org.gradle.internal.reflect.JavaMethod.invoke(Ljava/lang/Object;[Ljava/lang/Object;)Ljava/lang/Object;+6
j  org.gradle.api.internal.project.taskfactory.DefaultTaskClassInfoStore$IncrementalTaskAction.doExecute(Lorg/gradle/api/Task;Ljava/lang/String;)V+35
j  org.gradle.api.internal.project.taskfactory.DefaultTaskClassInfoStore$StandardTaskAction.execute(Lorg/gradle/api/Task;)V+32
j  org.gradle.api.internal.project.taskfactory.DefaultTaskClassInfoStore$StandardTaskAction.execute(Ljava/lang/Object;)V+5
j  org.gradle.api.internal.tasks.execution.ExecuteActionsTaskExecuter$1.run(Lorg/gradle/internal/operations/BuildOperationContext;)V+23
j  org.gradle.internal.progress.DefaultBuildOperationExecutor$RunnableBuildOperationWorker.execute(Lorg/gradle/internal/operations/RunnableBuildOperation;Lorg/gradle/internal/operations/BuildOperationContext;)V+2
j  org.gradle.internal.progress.DefaultBuildOperationExecutor$RunnableBuildOperationWorker.execute(Lorg/gradle/internal/operations/BuildOperation;Lorg/gradle/internal/operations/BuildOperationContext;)V+6
j  org.gradle.internal.progress.DefaultBuildOperationExecutor.execute(Lorg/gradle/internal/operations/BuildOperation;Lorg/gradle/internal/operations/BuildOperationWorker;Lorg/gradle/internal/progress/DefaultBuildOperationExecutor$DefaultBuildOperationState;)V+177
j  org.gradle.internal.progress.DefaultBuildOperationExecutor.run(Lorg/gradle/internal/operations/RunnableBuildOperation;)V+20
j  org.gradle.api.internal.tasks.execution.ExecuteActionsTaskExecuter.executeAction(Ljava/lang/String;Lorg/gradle/api/internal/TaskInternal;Lorg/gradle/api/internal/tasks/ContextAwareTaskAction;Lorg/gradle/api/internal/tasks/TaskExecutionContext;)V+23
j  org.gradle.api.internal.tasks.execution.ExecuteActionsTaskExecuter.executeActions(Lorg/gradle/api/internal/TaskInternal;Lorg/gradle/api/internal/tasks/TaskStateInternal;Lorg/gradle/api/internal/tasks/TaskExecutionContext;)Lorg/gradle/api/GradleException;+131
j  org.gradle.api.internal.tasks.execution.ExecuteActionsTaskExecuter.execute(Lorg/gradle/api/internal/TaskInternal;Lorg/gradle/api/internal/tasks/TaskStateInternal;Lorg/gradle/api/internal/tasks/TaskExecutionContext;)V+42
j  org.gradle.api.internal.tasks.execution.SkipUpToDateTaskExecuter.execute(Lorg/gradle/api/internal/TaskInternal;Lorg/gradle/api/internal/tasks/TaskStateInternal;Lorg/gradle/api/internal/tasks/TaskExecutionContext;)V+124
j  org.gradle.api.internal.tasks.execution.ResolveTaskOutputCachingStateExecuter.execute(Lorg/gradle/api/internal/TaskInternal;Lorg/gradle/api/internal/tasks/TaskStateInternal;Lorg/gradle/api/internal/tasks/TaskExecutionContext;)V+96
j  org.gradle.api.internal.tasks.execution.ValidatingTaskExecuter.execute(Lorg/gradle/api/internal/TaskInternal;Lorg/gradle/api/internal/tasks/TaskStateInternal;Lorg/gradle/api/internal/tasks/TaskExecutionContext;)V+215
j  org.gradle.api.internal.tasks.execution.SkipEmptySourceFilesTaskExecuter.execute(Lorg/gradle/api/internal/TaskInternal;Lorg/gradle/api/internal/tasks/TaskStateInternal;Lorg/gradle/api/internal/tasks/TaskExecutionContext;)V+335
j  org.gradle.api.internal.tasks.execution.ResolveTaskArtifactStateTaskExecuter.execute(Lorg/gradle/api/internal/TaskInternal;Lorg/gradle/api/internal/tasks/TaskStateInternal;Lorg/gradle/api/internal/tasks/TaskExecutionContext;)V+72
j  org.gradle.api.internal.tasks.execution.SkipTaskWithNoActionsExecuter.execute(Lorg/gradle/api/internal/TaskInternal;Lorg/gradle/api/internal/tasks/TaskStateInternal;Lorg/gradle/api/internal/tasks/TaskExecutionContext;)V+124
j  org.gradle.api.internal.tasks.execution.SkipOnlyIfTaskExecuter.execute(Lorg/gradle/api/internal/TaskInternal;Lorg/gradle/api/internal/tasks/TaskStateInternal;Lorg/gradle/api/internal/tasks/TaskExecutionContext;)V+85
j  org.gradle.api.internal.tasks.execution.ExecuteAtMostOnceTaskExecuter.execute(Lorg/gradle/api/internal/TaskInternal;Lorg/gradle/api/internal/tasks/TaskStateInternal;Lorg/gradle/api/internal/tasks/TaskExecutionContext;)V+26
j  org.gradle.api.internal.tasks.execution.CatchExceptionTaskExecuter.execute(Lorg/gradle/api/internal/TaskInternal;Lorg/gradle/api/internal/tasks/TaskStateInternal;Lorg/gradle/api/internal/tasks/TaskExecutionContext;)V+7
j  org.gradle.execution.taskgraph.DefaultTaskGraphExecuter$EventFiringTaskWorker$1.run(Lorg/gradle/internal/operations/BuildOperationContext;)V+56
j  org.gradle.internal.progress.DefaultBuildOperationExecutor$RunnableBuildOperationWorker.execute(Lorg/gradle/internal/operations/RunnableBuildOperation;Lorg/gradle/internal/operations/BuildOperationContext;)V+2
j  org.gradle.internal.progress.DefaultBuildOperationExecutor$RunnableBuildOperationWorker.execute(Lorg/gradle/internal/operations/BuildOperation;Lorg/gradle/internal/operations/BuildOperationContext;)V+6
j  org.gradle.internal.progress.DefaultBuildOperationExecutor.execute(Lorg/gradle/internal/operations/BuildOperation;Lorg/gradle/internal/operations/BuildOperationWorker;Lorg/gradle/internal/progress/DefaultBuildOperationExecutor$DefaultBuildOperationState;)V+177
j  org.gradle.internal.progress.DefaultBuildOperationExecutor.run(Lorg/gradle/internal/operations/RunnableBuildOperation;)V+20
j  org.gradle.execution.taskgraph.DefaultTaskGraphExecuter$EventFiringTaskWorker.execute(Lorg/gradle/api/internal/TaskInternal;)V+16
j  org.gradle.execution.taskgraph.DefaultTaskGraphExecuter$EventFiringTaskWorker.execute(Ljava/lang/Object;)V+5
j  org.gradle.execution.taskgraph.DefaultTaskPlanExecutor$TaskExecutorWorker.processTask(Lorg/gradle/execution/taskgraph/TaskInfo;)V+8
j  org.gradle.execution.taskgraph.DefaultTaskPlanExecutor$TaskExecutorWorker.access$200(Lorg/gradle/execution/taskgraph/DefaultTaskPlanExecutor$TaskExecutorWorker;Lorg/gradle/execution/taskgraph/TaskInfo;)V+2
j  org.gradle.execution.taskgraph.DefaultTaskPlanExecutor$TaskExecutorWorker$1.execute(Lorg/gradle/execution/taskgraph/TaskInfo;)V+38
j  org.gradle.execution.taskgraph.DefaultTaskPlanExecutor$TaskExecutorWorker$1.execute(Ljava/lang/Object;)V+5
j  org.gradle.execution.taskgraph.DefaultTaskExecutionPlan.execute(Lorg/gradle/execution/taskgraph/TaskInfo;Lorg/gradle/internal/work/WorkerLeaseRegistry$WorkerLease;Lorg/gradle/api/Action;)V+14
j  org.gradle.execution.taskgraph.DefaultTaskExecutionPlan.executeWithTask(Lorg/gradle/internal/work/WorkerLeaseRegistry$WorkerLease;Lorg/gradle/api/Action;)Z+53
j  org.gradle.execution.taskgraph.DefaultTaskPlanExecutor$TaskExecutorWorker.run()V+52
j  org.gradle.internal.concurrent.ExecutorPolicy$CatchAndRecordFailures.onExecute(Ljava/lang/Runnable;)V+1
j  org.gradle.internal.concurrent.ManagedExecutorImpl$1.run()V+25
j  java.util.concurrent.ThreadPoolExecutor.runWorker(Ljava/util/concurrent/ThreadPoolExecutor$Worker;)V+95
j  java.util.concurrent.ThreadPoolExecutor$Worker.run()V+5
j  org.gradle.internal.concurrent.ThreadFactoryImpl$ManagedThreadRunnable.run()V+7
j  java.lang.Thread.run()V+11
v  ~StubRoutines::call_stub
V  [jvm.dll+0x15a945]
V  [jvm.dll+0x220d0e]
V  [jvm.dll+0x15a9de]
V  [jvm.dll+0x15ab66]
V  [jvm.dll+0x15abd7]
V  [jvm.dll+0xfeeaf]
V  [jvm.dll+0x17d670]
V  [jvm.dll+0x17deea]
V  [jvm.dll+0x1c2986]
C  [msvcr100.dll+0x5c556]
C  [msvcr100.dll+0x5c600]
C  [KERNEL32.DLL+0x17c04]
C  [ntdll.dll+0x5ad2f]
C  [ntdll.dll+0x5acfa]
C  0x00000000

Java frames: (J=compiled Java code, j=interpreted, Vv=VM code)
j  com.android.tools.aapt2.Aapt2Jni.nativeCompile(Ljava/util/List;Lcom/android/tools/aapt2/Aapt2JniLogCallback;)I+0
j  com.android.tools.aapt2.Aapt2Jni.compile(Ljava/util/List;)Lcom/android/tools/aapt2/Aapt2Result;+6
j  com.android.builder.internal.aapt.v2.AaptV2Jni.lambda$compile$0(Lcom/android/ide/common/res2/CompileResourceRequest;)Ljava/io/File;+10
j  com.android.builder.internal.aapt.v2.AaptV2Jni$$Lambda$270.call()Ljava/lang/Object;+8
j  java.util.concurrent.ForkJoinTask$AdaptedCallable.exec()Z+5
j  java.util.concurrent.ForkJoinTask.doExec()I+10
j  java.util.concurrent.ForkJoinTask.externalInterruptibleAwaitDone()I+55
j  java.util.concurrent.ForkJoinTask.get()Ljava/lang/Object;+17
j  com.android.ide.common.res2.MergedResourceWriter.postWriteAction()V+635
j  com.android.ide.common.res2.MergeWriter.end()V+1
j  com.android.ide.common.res2.MergedResourceWriter.end()V+1
J 3127% C1 com.android.ide.common.res2.DataMerger.mergeData(Lcom/android/ide/common/res2/MergeConsumer;Z)V (603 bytes) @ 0x039d0f0c [0x039d0600+0x90c]
j  com.android.ide.common.res2.ResourceMerger.mergeData(Lcom/android/ide/common/res2/MergeConsumer;Z)V+7
j  com.android.build.gradle.tasks.MergeResources.doFullTaskAction()V+201
j  com.android.build.gradle.internal.tasks.IncrementalTask.taskAction(Lorg/gradle/api/tasks/incremental/IncrementalTaskInputs;)V+33
v  ~StubRoutines::call_stub
j  sun.reflect.NativeMethodAccessorImpl.invoke0(Ljava/lang/reflect/Method;Ljava/lang/Object;[Ljava/lang/Object;)Ljava/lang/Object;+0
j  sun.reflect.NativeMethodAccessorImpl.invoke(Ljava/lang/Object;[Ljava/lang/Object;)Ljava/lang/Object;+100
J 470 C1 sun.reflect.DelegatingMethodAccessorImpl.invoke(Ljava/lang/Object;[Ljava/lang/Object;)Ljava/lang/Object; (10 bytes) @ 0x03537ac0 [0x03537a90+0x30]
J 469 C1 java.lang.reflect.Method.invoke(Ljava/lang/Object;[Ljava/lang/Object;)Ljava/lang/Object; (62 bytes) @ 0x035377d4 [0x03537700+0xd4]
j  org.gradle.internal.reflect.JavaMethod.invoke(Ljava/lang/Object;[Ljava/lang/Object;)Ljava/lang/Object;+6
j  org.gradle.api.internal.project.taskfactory.DefaultTaskClassInfoStore$IncrementalTaskAction.doExecute(Lorg/gradle/api/Task;Ljava/lang/String;)V+35
j  org.gradle.api.internal.project.taskfactory.DefaultTaskClassInfoStore$StandardTaskAction.execute(Lorg/gradle/api/Task;)V+32
j  org.gradle.api.internal.project.taskfactory.DefaultTaskClassInfoStore$StandardTaskAction.execute(Ljava/lang/Object;)V+5
j  org.gradle.api.internal.tasks.execution.ExecuteActionsTaskExecuter$1.run(Lorg/gradle/internal/operations/BuildOperationContext;)V+23
j  org.gradle.internal.progress.DefaultBuildOperationExecutor$RunnableBuildOperationWorker.execute(Lorg/gradle/internal/operations/RunnableBuildOperation;Lorg/gradle/internal/operations/BuildOperationContext;)V+2
j  org.gradle.internal.progress.DefaultBuildOperationExecutor$RunnableBuildOperationWorker.execute(Lorg/gradle/internal/operations/BuildOperation;Lorg/gradle/internal/operations/BuildOperationContext;)V+6
j  org.gradle.internal.progress.DefaultBuildOperationExecutor.execute(Lorg/gradle/internal/operations/BuildOperation;Lorg/gradle/internal/operations/BuildOperationWorker;Lorg/gradle/internal/progress/DefaultBuildOperationExecutor$DefaultBuildOperationState;)V+177
j  org.gradle.internal.progress.DefaultBuildOperationExecutor.run(Lorg/gradle/internal/operations/RunnableBuildOperation;)V+20
j  org.gradle.api.internal.tasks.execution.ExecuteActionsTaskExecuter.executeAction(Ljava/lang/String;Lorg/gradle/api/internal/TaskInternal;Lorg/gradle/api/internal/tasks/ContextAwareTaskAction;Lorg/gradle/api/internal/tasks/TaskExecutionContext;)V+23
j  org.gradle.api.internal.tasks.execution.ExecuteActionsTaskExecuter.executeActions(Lorg/gradle/api/internal/TaskInternal;Lorg/gradle/api/internal/tasks/TaskStateInternal;Lorg/gradle/api/internal/tasks/TaskExecutionContext;)Lorg/gradle/api/GradleException;+131
j  org.gradle.api.internal.tasks.execution.ExecuteActionsTaskExecuter.execute(Lorg/gradle/api/internal/TaskInternal;Lorg/gradle/api/internal/tasks/TaskStateInternal;Lorg/gradle/api/internal/tasks/TaskExecutionContext;)V+42
j  org.gradle.api.internal.tasks.execution.SkipUpToDateTaskExecuter.execute(Lorg/gradle/api/internal/TaskInternal;Lorg/gradle/api/internal/tasks/TaskStateInternal;Lorg/gradle/api/internal/tasks/TaskExecutionContext;)V+124
j  org.gradle.api.internal.tasks.execution.ResolveTaskOutputCachingStateExecuter.execute(Lorg/gradle/api/internal/TaskInternal;Lorg/gradle/api/internal/tasks/TaskStateInternal;Lorg/gradle/api/internal/tasks/TaskExecutionContext;)V+96
j  org.gradle.api.internal.tasks.execution.ValidatingTaskExecuter.execute(Lorg/gradle/api/internal/TaskInternal;Lorg/gradle/api/internal/tasks/TaskStateInternal;Lorg/gradle/api/internal/tasks/TaskExecutionContext;)V+215
j  org.gradle.api.internal.tasks.execution.SkipEmptySourceFilesTaskExecuter.execute(Lorg/gradle/api/internal/TaskInternal;Lorg/gradle/api/internal/tasks/TaskStateInternal;Lorg/gradle/api/internal/tasks/TaskExecutionContext;)V+335
j  org.gradle.api.internal.tasks.execution.ResolveTaskArtifactStateTaskExecuter.execute(Lorg/gradle/api/internal/TaskInternal;Lorg/gradle/api/internal/tasks/TaskStateInternal;Lorg/gradle/api/internal/tasks/TaskExecutionContext;)V+72
j  org.gradle.api.internal.tasks.execution.SkipTaskWithNoActionsExecuter.execute(Lorg/gradle/api/internal/TaskInternal;Lorg/gradle/api/internal/tasks/TaskStateInternal;Lorg/gradle/api/internal/tasks/TaskExecutionContext;)V+124
j  org.gradle.api.internal.tasks.execution.SkipOnlyIfTaskExecuter.execute(Lorg/gradle/api/internal/TaskInternal;Lorg/gradle/api/internal/tasks/TaskStateInternal;Lorg/gradle/api/internal/tasks/TaskExecutionContext;)V+85
j  org.gradle.api.internal.tasks.execution.ExecuteAtMostOnceTaskExecuter.execute(Lorg/gradle/api/internal/TaskInternal;Lorg/gradle/api/internal/tasks/TaskStateInternal;Lorg/gradle/api/internal/tasks/TaskExecutionContext;)V+26
j  org.gradle.api.internal.tasks.execution.CatchExceptionTaskExecuter.execute(Lorg/gradle/api/internal/TaskInternal;Lorg/gradle/api/internal/tasks/TaskStateInternal;Lorg/gradle/api/internal/tasks/TaskExecutionContext;)V+7
j  org.gradle.execution.taskgraph.DefaultTaskGraphExecuter$EventFiringTaskWorker$1.run(Lorg/gradle/internal/operations/BuildOperationContext;)V+56
j  org.gradle.internal.progress.DefaultBuildOperationExecutor$RunnableBuildOperationWorker.execute(Lorg/gradle/internal/operations/RunnableBuildOperation;Lorg/gradle/internal/operations/BuildOperationContext;)V+2
j  org.gradle.internal.progress.DefaultBuildOperationExecutor$RunnableBuildOperationWorker.execute(Lorg/gradle/internal/operations/BuildOperation;Lorg/gradle/internal/operations/BuildOperationContext;)V+6
j  org.gradle.internal.progress.DefaultBuildOperationExecutor.execute(Lorg/gradle/internal/operations/BuildOperation;Lorg/gradle/internal/operations/BuildOperationWorker;Lorg/gradle/internal/progress/DefaultBuildOperationExecutor$DefaultBuildOperationState;)V+177
j  org.gradle.internal.progress.DefaultBuildOperationExecutor.run(Lorg/gradle/internal/operations/RunnableBuildOperation;)V+20
j  org.gradle.execution.taskgraph.DefaultTaskGraphExecuter$EventFiringTaskWorker.execute(Lorg/gradle/api/internal/TaskInternal;)V+16
j  org.gradle.execution.taskgraph.DefaultTaskGraphExecuter$EventFiringTaskWorker.execute(Ljava/lang/Object;)V+5
j  org.gradle.execution.taskgraph.DefaultTaskPlanExecutor$TaskExecutorWorker.processTask(Lorg/gradle/execution/taskgraph/TaskInfo;)V+8
j  org.gradle.execution.taskgraph.DefaultTaskPlanExecutor$TaskExecutorWorker.access$200(Lorg/gradle/execution/taskgraph/DefaultTaskPlanExecutor$TaskExecutorWorker;Lorg/gradle/execution/taskgraph/TaskInfo;)V+2
j  org.gradle.execution.taskgraph.DefaultTaskPlanExecutor$TaskExecutorWorker$1.execute(Lorg/gradle/execution/taskgraph/TaskInfo;)V+38
j  org.gradle.execution.taskgraph.DefaultTaskPlanExecutor$TaskExecutorWorker$1.execute(Ljava/lang/Object;)V+5
j  org.gradle.execution.taskgraph.DefaultTaskExecutionPlan.execute(Lorg/gradle/execution/taskgraph/TaskInfo;Lorg/gradle/internal/work/WorkerLeaseRegistry$WorkerLease;Lorg/gradle/api/Action;)V+14
j  org.gradle.execution.taskgraph.DefaultTaskExecutionPlan.executeWithTask(Lorg/gradle/internal/work/WorkerLeaseRegistry$WorkerLease;Lorg/gradle/api/Action;)Z+53
j  org.gradle.execution.taskgraph.DefaultTaskPlanExecutor$TaskExecutorWorker.run()V+52
j  org.gradle.internal.concurrent.ExecutorPolicy$CatchAndRecordFailures.onExecute(Ljava/lang/Runnable;)V+1
j  org.gradle.internal.concurrent.ManagedExecutorImpl$1.run()V+25
j  java.util.concurrent.ThreadPoolExecutor.runWorker(Ljava/util/concurrent/ThreadPoolExecutor$Worker;)V+95
j  java.util.concurrent.ThreadPoolExecutor$Worker.run()V+5
j  org.gradle.internal.concurrent.ThreadFactoryImpl$ManagedThreadRunnable.run()V+7
j  java.lang.Thread.run()V+11
v  ~StubRoutines::call_stub

---------------  P R O C E S S  ---------------

Java Threads: ( => current thread )
  0x49364400 JavaThread "ForkJoinPool.commonPool-worker-1" daemon [_thread_blocked, id=3628, stack(0x4b0e0000,0x4b130000)]
  0x49364000 JavaThread "Java2D Disposer" daemon [_thread_blocked, id=5032, stack(0x4af50000,0x4afa0000)]
  0x49365c00 JavaThread "Worker Daemon Execution Thread 7" [_thread_blocked, id=7020, stack(0x4aec0000,0x4af10000)]
  0x4935e800 JavaThread "Worker Daemon Execution Thread 6" [_thread_blocked, id=2872, stack(0x4ad30000,0x4ad80000)]
  0x49362000 JavaThread "Worker Daemon Execution Thread 5" [_thread_blocked, id=6272, stack(0x4aca0000,0x4acf0000)]
  0x49361800 JavaThread "Worker Daemon Execution Thread 4" [_thread_blocked, id=1272, stack(0x4ac10000,0x4ac60000)]
  0x49361400 JavaThread "Worker Daemon Execution Thread 3" [_thread_blocked, id=3224, stack(0x4ab80000,0x4abd0000)]
  0x49360000 JavaThread "Worker Daemon Execution Thread 2" [_thread_blocked, id=80, stack(0x4aaf0000,0x4ab40000)]
  0x49360800 JavaThread "Worker Daemon Execution" [_thread_blocked, id=6492, stack(0x4aa60000,0x4aab0000)]
  0x49360c00 JavaThread "Task worker for ':' Thread 3" [_thread_blocked, id=2512, stack(0x4a6d0000,0x4a720000)]
  0x4935f400 JavaThread "Task worker for ':' Thread 2" [_thread_blocked, id=2568, stack(0x4a640000,0x4a690000)]
=>0x4935ec00 JavaThread "Task worker for ':'" [_thread_in_native, id=7120, stack(0x4a5b0000,0x4a600000)]
  0x4935f800 JavaThread "Cache worker for task history cache (C:\Users\Gulnar\AndroidStudioProjects\ENIS\.gradle\4.1\taskHistory)" [_thread_blocked, id=4744, stack(0x4a520000,0x4a570000)]
  0x469b8800 JavaThread "Memory manager" [_thread_blocked, id=4904, stack(0x48cc0000,0x48d10000)]
  0x469b7c00 JavaThread "build operations Thread 4" [_thread_blocked, id=1108, stack(0x48830000,0x48880000)]
  0x469b5c00 JavaThread "build operations Thread 3" [_thread_blocked, id=2332, stack(0x487a0000,0x487f0000)]
  0x469b6c00 JavaThread "build operations Thread 2" [_thread_blocked, id=2796, stack(0x48710000,0x48760000)]
  0x469b5400 JavaThread "build operations" [_thread_blocked, id=3892, stack(0x48680000,0x486d0000)]
  0x469b6800 JavaThread "Cache worker for Artifact transforms cache (C:\Users\Gulnar\.gradle\caches\transforms-1)" [_thread_blocked, id=3816, stack(0x482f0000,0x48340000)]
  0x469b6000 JavaThread "Cache worker for file hash cache (C:\Users\Gulnar\AndroidStudioProjects\ENIS\.gradle\4.1\fileHashes)" [_thread_blocked, id=5904, stack(0x47b40000,0x47b90000)]
  0x469b8000 JavaThread "File lock request listener" [_thread_in_native, id=6620, stack(0x47ab0000,0x47b00000)]
  0x469b8c00 JavaThread "Cache worker for file hash cache (C:\Users\Gulnar\.gradle\caches\4.1\fileHashes)" [_thread_blocked, id=4160, stack(0x47a20000,0x47a70000)]
  0x45ba5400 JavaThread "Stdin handler" [_thread_blocked, id=5420, stack(0x467c0000,0x46810000)]
  0x45b81800 JavaThread "Asynchronous log dispatcher for DefaultDaemonConnection: socket connection from /127.0.0.1:50293 to /127.0.0.1:50294" [_thread_blocked, id=1972, stack(0x46730000,0x46780000)]
  0x45b81000 JavaThread "Daemon worker" [_thread_blocked, id=6416, stack(0x466a0000,0x466f0000)]
  0x45ad2c00 JavaThread "Cancel handler" [_thread_blocked, id=6216, stack(0x46610000,0x46660000)]
  0x45ad1c00 JavaThread "Handler for socket connection from /127.0.0.1:50293 to /127.0.0.1:50294" [_thread_in_native, id=5684, stack(0x46580000,0x465d0000)]
  0x45ae2c00 JavaThread "Daemon" [_thread_blocked, id=3376, stack(0x464f0000,0x46540000)]
  0x45ad6400 JavaThread "Daemon periodic checks" [_thread_blocked, id=5596, stack(0x46460000,0x464b0000)]
  0x45a8d400 JavaThread "Incoming local TCP Connector on port 50293" [_thread_in_native, id=1704, stack(0x45ee0000,0x45f30000)]
  0x45a75800 JavaThread "Daemon health stats" [_thread_blocked, id=6152, stack(0x01f10000,0x01f60000)]
  0x01641c00 JavaThread "Service Thread" daemon [_thread_blocked, id=6936, stack(0x00b90000,0x00be0000)]
  0x0161e000 JavaThread "C1 CompilerThread0" daemon [_thread_blocked, id=2760, stack(0x00800000,0x00850000)]
  0x0161d000 JavaThread "Attach Listener" daemon [_thread_blocked, id=5756, stack(0x00770000,0x007c0000)]
  0x0161b000 JavaThread "Signal Dispatcher" daemon [_thread_blocked, id=2800, stack(0x006e0000,0x00730000)]
  0x01609c00 JavaThread "Finalizer" daemon [_thread_blocked, id=1996, stack(0x00650000,0x006a0000)]
  0x01603c00 JavaThread "Reference Handler" daemon [_thread_blocked, id=6088, stack(0x005c0000,0x00610000)]
  0x009fd400 JavaThread "main" [_thread_blocked, id=5188, stack(0x00140000,0x00190000)]

Other Threads:
  0x00dae800 VMThread [stack: 0x00530000,0x00580000] [id=4936]
  0x01655c00 WatcherThread [stack: 0x00c50000,0x00ca0000] [id=7032]

VM state:not at safepoint (normal execution)

VM Mutex/Monitor currently owned by a thread: None

Heap:
 def new generation   total 20800K, used 8946K [0x05400000, 0x06a90000, 0x1a950000)
  eden space 18496K,  40% used [0x05400000, 0x05b55fa0, 0x06610000)
  from space 2304K,  62% used [0x06610000, 0x067768e0, 0x06850000)
  to   space 2304K,   0% used [0x06850000, 0x06850000, 0x06a90000)
 tenured generation   total 45932K, used 30260K [0x1a950000, 0x1d62b000, 0x45400000)
   the space 45932K,  65% used [0x1a950000, 0x1c6dd330, 0x1c6dd400, 0x1d62b000)
 Metaspace       used 33556K, capacity 34404K, committed 34560K, reserved 35200K

Card table byte_map: [0x00db0000,0x00fc0000] byte_map_base: 0x00d86000

Polling page: 0x00960000

CodeCache: size=32768Kb used=6074Kb max_used=6074Kb free=26693Kb
 bounds [0x03400000, 0x039f0000, 0x05400000]
 total_blobs=3645 nmethods=3163 adapters=411
 compilation: enabled

Compilation events (10 events):
Event: 9.649 Thread 0x0161e000 nmethod 3218 0x03729048 code [0x037292c0, 0x0372a594]
Event: 9.649 Thread 0x0161e000 3219             java.awt.image.DataBufferInt::getElem (12 bytes)
Event: 9.649 Thread 0x0161e000 nmethod 3219 0x03733248 code [0x03733340, 0x037333e0]
Event: 9.649 Thread 0x0161e000 3220             java.lang.String::equals (81 bytes)
Event: 9.650 Thread 0x0161e000 nmethod 3220 0x037485c8 code [0x037486d0, 0x03748850]
Event: 9.650 Thread 0x0161e000 3221             jdk.internal.org.objectweb.asm.ByteVector::putUTF8 (142 bytes)
Event: 9.650 Thread 0x0161e000 nmethod 3221 0x039747c8 code [0x03974910, 0x03974c10]
Event: 9.650 Thread 0x0161e000 3222             java.lang.String::indexOf (166 bytes)
Event: 9.651 Thread 0x0161e000 nmethod 3222 0x037289c8 code [0x03728ae0, 0x03728d10]
Event: 9.651 Thread 0x0161e000 3223 %           com.sun.imageio.plugins.png.PNGImageWriter::encodePass @ 790 (1063 bytes)

GC Heap History (10 events):
Event: 8.678 GC heap before
{Heap before GC invocations=85 (full 3):
 def new generation   total 12672K, used 12296K [0x05400000, 0x061b0000, 0x1a950000)
  eden space 11328K, 100% used [0x05400000, 0x05f10000, 0x05f10000)
  from space 1344K,  72% used [0x05f10000, 0x060023f8, 0x06060000)
  to   space 1344K,   0% used [0x06060000, 0x06060000, 0x061b0000)
 tenured generation   total 27764K, used 26107K [0x1a950000, 0x1c46d000, 0x45400000)
   the space 27764K,  94% used [0x1a950000, 0x1c2cec78, 0x1c2cee00, 0x1c46d000)
 Metaspace       used 31888K, capacity 32777K, committed 32896K, reserved 33152K
Event: 8.685 GC heap after
Heap after GC invocations=86 (full 3):
 def new generation   total 12672K, used 1061K [0x05400000, 0x061b0000, 0x1a950000)
  eden space 11328K,   0% used [0x05400000, 0x05400000, 0x05f10000)
  from space 1344K,  78% used [0x06060000, 0x061696b0, 0x061b0000)
  to   space 1344K,   0% used [0x05f10000, 0x05f10000, 0x06060000)
 tenured generation   total 27764K, used 26859K [0x1a950000, 0x1c46d000, 0x45400000)
   the space 27764K,  96% used [0x1a950000, 0x1c38ac10, 0x1c38ae00, 0x1c46d000)
 Metaspace       used 31888K, capacity 32777K, committed 32896K, reserved 33152K
}
Event: 8.932 GC heap before
{Heap before GC invocations=86 (full 3):
 def new generation   total 12672K, used 12389K [0x05400000, 0x061b0000, 0x1a950000)
  eden space 11328K, 100% used [0x05400000, 0x05f10000, 0x05f10000)
  from space 1344K,  78% used [0x06060000, 0x061696b0, 0x061b0000)
  to   space 1344K,   0% used [0x05f10000, 0x05f10000, 0x06060000)
 tenured generation   total 27764K, used 26859K [0x1a950000, 0x1c46d000, 0x45400000)
   the space 27764K,  96% used [0x1a950000, 0x1c38ac10, 0x1c38ae00, 0x1c46d000)
 Metaspace       used 32138K, capacity 33036K, committed 33152K, reserved 33152K
Event: 8.937 GC heap after
Heap after GC invocations=87 (full 3):
 def new generation   total 12672K, used 642K [0x05400000, 0x061b0000, 0x1a950000)
  eden space 11328K,   0% used [0x05400000, 0x05400000, 0x05f10000)
  from space 1344K,  47% used [0x05f10000, 0x05fb0b38, 0x06060000)
  to   space 1344K,   0% used [0x06060000, 0x06060000, 0x061b0000)
 tenured generation   total 27764K, used 27444K [0x1a950000, 0x1c46d000, 0x45400000)
   the space 27764K,  98% used [0x1a950000, 0x1c41d168, 0x1c41d200, 0x1c46d000)
 Metaspace       used 32138K, capacity 33036K, committed 33152K, reserved 33152K
}
Event: 9.155 GC heap before
{Heap before GC invocations=87 (full 3):
 def new generation   total 12672K, used 11970K [0x05400000, 0x061b0000, 0x1a950000)
  eden space 11328K, 100% used [0x05400000, 0x05f10000, 0x05f10000)
  from space 1344K,  47% used [0x05f10000, 0x05fb0b38, 0x06060000)
  to   space 1344K,   0% used [0x06060000, 0x06060000, 0x061b0000)
 tenured generation   total 27764K, used 27444K [0x1a950000, 0x1c46d000, 0x45400000)
   the space 27764K,  98% used [0x1a950000, 0x1c41d168, 0x1c41d200, 0x1c46d000)
 Metaspace       used 32159K, capacity 33068K, committed 33152K, reserved 33152K
Event: 9.289 GC heap after
Heap after GC invocations=88 (full 4):
 def new generation   total 20800K, used 0K [0x05400000, 0x06a90000, 0x1a950000)
  eden space 18496K,   0% used [0x05400000, 0x05400000, 0x06610000)
  from space 2304K,   0% used [0x06610000, 0x06610000, 0x06850000)
  to   space 2304K,   0% used [0x06850000, 0x06850000, 0x06a90000)
 tenured generation   total 45932K, used 27558K [0x1a950000, 0x1d62b000, 0x45400000)
   the space 45932K,  59% used [0x1a950000, 0x1c439aa0, 0x1c439c00, 0x1d62b000)
 Metaspace       used 32094K, capacity 32965K, committed 33152K, reserved 33152K
}
Event: 9.430 GC heap before
{Heap before GC invocations=88 (full 4):
 def new generation   total 20800K, used 18496K [0x05400000, 0x06a90000, 0x1a950000)
  eden space 18496K, 100% used [0x05400000, 0x06610000, 0x06610000)
  from space 2304K,   0% used [0x06610000, 0x06610000, 0x06850000)
  to   space 2304K,   0% used [0x06850000, 0x06850000, 0x06a90000)
 tenured generation   total 45932K, used 27558K [0x1a950000, 0x1d62b000, 0x45400000)
   the space 45932K,  59% used [0x1a950000, 0x1c439aa0, 0x1c439c00, 0x1d62b000)
 Metaspace       used 32095K, capacity 32965K, committed 33152K, reserved 33152K
Event: 9.440 GC heap after
Heap after GC invocations=89 (full 4):
 def new generation   total 20800K, used 2304K [0x05400000, 0x06a90000, 0x1a950000)
  eden space 18496K,   0% used [0x05400000, 0x05400000, 0x06610000)
  from space 2304K, 100% used [0x06850000, 0x06a90000, 0x06a90000)
  to   space 2304K,   0% used [0x06610000, 0x06610000, 0x06850000)
 tenured generation   total 45932K, used 27992K [0x1a950000, 0x1d62b000, 0x45400000)
   the space 45932K,  60% used [0x1a950000, 0x1c4a6280, 0x1c4a6400, 0x1d62b000)
 Metaspace       used 32095K, capacity 32965K, committed 33152K, reserved 33152K
}
Event: 9.570 GC heap before
{Heap before GC invocations=89 (full 4):
 def new generation   total 20800K, used 20800K [0x05400000, 0x06a90000, 0x1a950000)
  eden space 18496K, 100% used [0x05400000, 0x06610000, 0x06610000)
  from space 2304K, 100% used [0x06850000, 0x06a90000, 0x06a90000)
  to   space 2304K,   0% used [0x06610000, 0x06610000, 0x06850000)
 tenured generation   total 45932K, used 27992K [0x1a950000, 0x1d62b000, 0x45400000)
   the space 45932K,  60% used [0x1a950000, 0x1c4a6280, 0x1c4a6400, 0x1d62b000)
 Metaspace       used 32757K, capacity 33631K, committed 33792K, reserved 34176K
Event: 9.582 GC heap after
Heap after GC invocations=90 (full 4):
 def new generation   total 20800K, used 1434K [0x05400000, 0x06a90000, 0x1a950000)
  eden space 18496K,   0% used [0x05400000, 0x05400000, 0x06610000)
  from space 2304K,  62% used [0x06610000, 0x067768e0, 0x06850000)
  to   space 2304K,   0% used [0x06850000, 0x06850000, 0x06a90000)
 tenured generation   total 45932K, used 30260K [0x1a950000, 0x1d62b000, 0x45400000)
   the space 45932K,  65% used [0x1a950000, 0x1c6dd330, 0x1c6dd400, 0x1d62b000)
 Metaspace       used 32757K, capacity 33631K, committed 33792K, reserved 34176K
}

Deoptimization events (0 events):
No events

Internal exceptions (10 events):
Event: 9.487 Thread 0x4935ec00 Exception <a 'java/lang/NoSuchMethodError': <clinit>> (0x058a7860) thrown at [C:\re\workspace\8-2-build-windows-i586-cygwin\jdk8u112\7884\hotspot\src\share\vm\prims\jni.cpp, line 1613]
Event: 9.488 Thread 0x4935ec00 Exception <a 'java/lang/NoSuchMethodError': <clinit>> (0x058c2f98) thrown at [C:\re\workspace\8-2-build-windows-i586-cygwin\jdk8u112\7884\hotspot\src\share\vm\prims\jni.cpp, line 1613]
Event: 9.488 Thread 0x4935ec00 Exception <a 'java/lang/NoSuchMethodError': <clinit>> (0x058ca700) thrown at [C:\re\workspace\8-2-build-windows-i586-cygwin\jdk8u112\7884\hotspot\src\share\vm\prims\jni.cpp, line 1613]
Event: 9.489 Thread 0x4935ec00 Exception <a 'java/lang/NoSuchMethodError': <clinit>> (0x058cd4a8) thrown at [C:\re\workspace\8-2-build-windows-i586-cygwin\jdk8u112\7884\hotspot\src\share\vm\prims\jni.cpp, line 1613]
Event: 9.489 Thread 0x4935ec00 Exception <a 'java/lang/NoSuchMethodError': <clinit>> (0x058e0658) thrown at [C:\re\workspace\8-2-build-windows-i586-cygwin\jdk8u112\7884\hotspot\src\share\vm\prims\jni.cpp, line 1613]
Event: 9.492 Thread 0x4935ec00 Exception <a 'java/lang/NoSuchMethodError': <clinit>> (0x058f8af0) thrown at [C:\re\workspace\8-2-build-windows-i586-cygwin\jdk8u112\7884\hotspot\src\share\vm\prims\jni.cpp, line 1613]
Event: 9.492 Thread 0x4935ec00 Exception <a 'java/lang/NoSuchMethodError': <clinit>> (0x058fb5b0) thrown at [C:\re\workspace\8-2-build-windows-i586-cygwin\jdk8u112\7884\hotspot\src\share\vm\prims\jni.cpp, line 1613]
Event: 9.493 Thread 0x4935ec00 Exception <a 'java/lang/NoSuchMethodError': <clinit>> (0x05911390) thrown at [C:\re\workspace\8-2-build-windows-i586-cygwin\jdk8u112\7884\hotspot\src\share\vm\prims\jni.cpp, line 1613]
Event: 9.562 Thread 0x49360000 Exception <a 'java/io/FileNotFoundException'> (0x06087128) thrown at [C:\re\workspace\8-2-build-windows-i586-cygwin\jdk8u112\7884\hotspot\src\share\vm\prims\jni.cpp, line 709]
Event: 9.592 Thread 0x49360000 Exception <a 'java/io/FileNotFoundException'> (0x0540a7b0) thrown at [C:\re\workspace\8-2-build-windows-i586-cygwin\jdk8u112\7884\hotspot\src\share\vm\prims\jni.cpp, line 709]

Events (10 events):
Event: 9.649 loading class com/android/builder/internal/aapt/v2/AaptV2CommandBuilder
Event: 9.649 loading class com/android/builder/internal/aapt/v2/AaptV2CommandBuilder done
Event: 9.652 loading class com/android/tools/aapt2/Aapt2Result
Event: 9.652 loading class com/android/tools/aapt2/Aapt2Result done
Event: 9.653 loading class com/android/tools/aapt2/Aapt2Result$Builder
Event: 9.653 loading class com/android/tools/aapt2/Aapt2Result$Builder done
Event: 9.653 loading class com/android/tools/aapt2/AutoValue_Aapt2Result$Builder
Event: 9.653 loading class com/android/tools/aapt2/AutoValue_Aapt2Result$Builder done
Event: 9.654 loading class com/android/tools/aapt2/AutoValue_Aapt2Result
Event: 9.654 loading class com/android/tools/aapt2/AutoValue_Aapt2Result done


Dynamic libraries:
0x01150000 - 0x01183000 	C:\Program Files (x86)\Java\jdk1.8.0_112\bin\java.exe
0x76f70000 - 0x770df000 	C:\Windows\SYSTEM32\ntdll.dll
0x74990000 - 0x74ad0000 	C:\Windows\SYSTEM32\KERNEL32.DLL
0x74cc0000 - 0x74d97000 	C:\Windows\SYSTEM32\KERNELBASE.dll
0x6ca80000 - 0x6cb20000 	C:\Windows\system32\apphelp.dll
0x6bef0000 - 0x6c156000 	C:\Windows\AppPatch\AcGenral.DLL
0x74f60000 - 0x75023000 	C:\Windows\SYSTEM32\msvcrt.dll
0x747b0000 - 0x747f1000 	C:\Windows\SYSTEM32\sechost.dll
0x76e00000 - 0x76e1e000 	C:\Windows\SYSTEM32\SspiCli.dll
0x74760000 - 0x747a5000 	C:\Windows\SYSTEM32\SHLWAPI.dll
0x6c710000 - 0x6c7fd000 	C:\Windows\SYSTEM32\UxTheme.dll
0x75150000 - 0x752a3000 	C:\Windows\SYSTEM32\USER32.dll
0x75030000 - 0x7513c000 	C:\Windows\SYSTEM32\GDI32.dll
0x6d7f0000 - 0x6d813000 	C:\Windows\SYSTEM32\WINMM.dll
0x71bf0000 - 0x71c03000 	C:\Windows\SYSTEM32\samcli.dll
0x752b0000 - 0x753d9000 	C:\Windows\SYSTEM32\ole32.dll
0x74890000 - 0x74927000 	C:\Windows\SYSTEM32\OLEAUT32.dll
0x6bed0000 - 0x6bee7000 	C:\Windows\SYSTEM32\MSACM32.dll
0x74280000 - 0x74288000 	C:\Windows\SYSTEM32\VERSION.dll
0x759b0000 - 0x76c6b000 	C:\Windows\SYSTEM32\SHELL32.dll
0x74260000 - 0x7427b000 	C:\Windows\SYSTEM32\USERENV.dll
0x6beb0000 - 0x6beca000 	C:\Windows\SYSTEM32\dwmapi.dll
0x6bd60000 - 0x6beab000 	C:\Windows\SYSTEM32\urlmon.dll
0x76e20000 - 0x76e9c000 	C:\Windows\SYSTEM32\ADVAPI32.dll
0x72710000 - 0x72775000 	C:\Windows\SYSTEM32\WINSPOOL.DRV
0x6c9b0000 - 0x6c9c6000 	C:\Windows\SYSTEM32\MPR.dll
0x753e0000 - 0x7549a000 	C:\Windows\SYSTEM32\RPCRT4.dll
0x74750000 - 0x7475a000 	C:\Windows\SYSTEM32\CRYPTBASE.dll
0x74ad0000 - 0x74c4d000 	C:\Windows\SYSTEM32\combase.dll
0x6d7c0000 - 0x6d7e3000 	C:\Windows\SYSTEM32\WINMMBASE.dll
0x741f0000 - 0x741ff000 	C:\Windows\SYSTEM32\profapi.dll
0x6e740000 - 0x6e975000 	C:\Windows\SYSTEM32\iertutil.dll
0x6edd0000 - 0x6f07b000 	C:\Windows\SYSTEM32\WININET.dll
0x746f0000 - 0x74744000 	C:\Windows\SYSTEM32\bcryptPrimitives.dll
0x758e0000 - 0x7591c000 	C:\Windows\SYSTEM32\cfgmgr32.dll
0x6f480000 - 0x6f4a1000 	C:\Windows\SYSTEM32\DEVOBJ.dll
0x74160000 - 0x741eb000 	C:\Windows\SYSTEM32\SHCORE.DLL
0x75980000 - 0x759a7000 	C:\Windows\system32\IMM32.DLL
0x74e30000 - 0x74f42000 	C:\Windows\SYSTEM32\MSCTF.dll
0x6e980000 - 0x6eb86000 	C:\Windows\WinSxS\x86_microsoft.windows.common-controls_6595b64144ccf1df_6.0.9600.18006_none_a9ec6aab013aafee\COMCTL32.dll
0x74040000 - 0x740ff000 	C:\Program Files (x86)\Java\jdk1.8.0_112\jre\bin\msvcr100.dll
0x73540000 - 0x7390e000 	C:\Program Files (x86)\Java\jdk1.8.0_112\jre\bin\client\jvm.dll
0x6f080000 - 0x6f088000 	C:\Windows\SYSTEM32\WSOCK32.dll
0x74c70000 - 0x74c76000 	C:\Windows\SYSTEM32\PSAPI.DLL
0x74930000 - 0x7497f000 	C:\Windows\SYSTEM32\WS2_32.dll
0x75610000 - 0x75617000 	C:\Windows\SYSTEM32\NSI.dll
0x74150000 - 0x7415c000 	C:\Program Files (x86)\Java\jdk1.8.0_112\jre\bin\verify.dll
0x74010000 - 0x74031000 	C:\Program Files (x86)\Java\jdk1.8.0_112\jre\bin\java.dll
0x74130000 - 0x74143000 	C:\Program Files (x86)\Java\jdk1.8.0_112\jre\bin\zip.dll
0x73ff0000 - 0x74006000 	C:\Program Files (x86)\Java\jdk1.8.0_112\jre\bin\net.dll
0x739e0000 - 0x73a2b000 	C:\Windows\system32\mswsock.dll
0x73fe0000 - 0x73fef000 	C:\Program Files (x86)\Java\jdk1.8.0_112\jre\bin\nio.dll
0x73fc0000 - 0x73fd9000 	C:\Users\Gulnar\.gradle\native\25\windows-i386\native-platform.dll
0x73fb0000 - 0x73fba000 	C:\Program Files (x86)\Java\jdk1.8.0_112\jre\bin\management.dll
0x73de0000 - 0x73df9000 	C:\Windows\SYSTEM32\CRYPTSP.dll
0x73db0000 - 0x73de0000 	C:\Windows\system32\rsaenh.dll
0x73d90000 - 0x73dae000 	C:\Windows\SYSTEM32\bcrypt.dll
0x74330000 - 0x74350000 	C:\Windows\SYSTEM32\IPHLPAPI.DLL
0x74200000 - 0x74208000 	C:\Windows\SYSTEM32\WINNSI.DLL
0x739a0000 - 0x739b3000 	C:\Windows\SYSTEM32\dhcpcsvc6.DLL
0x739c0000 - 0x739d4000 	C:\Windows\SYSTEM32\dhcpcsvc.DLL
0x64b40000 - 0x64b58000 	C:\Users\Gulnar\AppData\Local\Temp\aapt2_4434579181230132588\libwinpthread-1.dll
0x63940000 - 0x63c05000 	C:\Users\Gulnar\AppData\Local\Temp\aapt2_4434579181230132588\libaapt2_jni.dll
0x73e10000 - 0x73f56000 	C:\Program Files (x86)\Java\jdk1.8.0_112\jre\bin\awt.dll
0x73f80000 - 0x73fa4000 	C:\Program Files (x86)\Java\jdk1.8.0_112\jre\bin\dcpr.dll
0x69090000 - 0x691d1000 	C:\Windows\SYSTEM32\dbghelp.dll

VM Arguments:
jvm_args: -Xmx1536m -Dfile.encoding=windows-1251 -Duser.country=RU -Duser.language=ru -Duser.variant -Xmx1024M 
java_command: org.gradle.launcher.daemon.bootstrap.GradleDaemon 4.1
java_class_path (initial): C:\Users\Gulnar\.gradle\wrapper\dists\gradle-4.1-all\bzyivzo6n839fup2jbap0tjew\gradle-4.1\lib\gradle-launcher-4.1.jar
Launcher Type: SUN_STANDARD

Environment Variables:
_JAVA_OPTIONS=-Xmx1024M
PATH=C:\ProgramData\Oracle\Java\javapath;C:\Program Files\Broadcom\Broadcom 802.11 Network Adapter;C:\Program Files (x86)\NVIDIA Corporation\PhysX\Common;C:\Program Files (x86)\Intel\iCLS Client\;C:\Program Files\Intel\iCLS Client\;C:\Windows\system32;C:\Windows;C:\Windows\System32\Wbem;C:\Windows\System32\WindowsPowerShell\v1.0\;C:\Program Files (x86)\Acer\abFiles\;C:\Program Files\Intel\Intel(R) Management Engine Components\DAL;C:\Program Files\Intel\Intel(R) Management Engine Components\IPT;C:\Program Files (x86)\Intel\Intel(R) Management Engine Components\DAL;C:\Program Files (x86)\Intel\Intel(R) Management Engine Components\IPT;C:\Program Files\WIDCOMM\Bluetooth Software\;C:\Program Files\WIDCOMM\Bluetooth Software\syswow64;C:\Program Files\Aladdin\eToken\PKIClient\x32;C:\Program Files\Aladdin\eToken\PKIClient\x64;C:\Program Files (x86)\IVI Foundation\VISA\WinNT\Bin;C:\Program Files\nodejs\;C:\Users\Gulnar\.dnx\bin;C:\Program Files\Microsoft DNX\Dnvm\;C:\Program Files\Microsoft SQL Server\130\Tools\Binn\;C:\Program Files (x86)\GtkSharp\2.12\bin;C:\Program Files (x86)\Skype\Phone\;C:\Program Files (x86)\Windows Kits\10\Windows Performance Toolkit\;C:\Program Files\dotnet\;C:\Program Files (x86)\Xoreax\IncrediBuild;C:\Users\Erzhan\AppData\Local\Programs\Git\cmd;C:\Program Files (x86)\Java\jdk1.8.0_112\bin\java.exe
USERNAME=Gulnar
OS=Windows_NT
PROCESSOR_IDENTIFIER=Intel64 Family 6 Model 69 Stepping 1, GenuineIntel



---------------  S Y S T E M  ---------------

OS: Windows 8.1 , 64 bit Build 9600 (6.3.9600.17415)

CPU:total 4 (2 cores per cpu, 2 threads per core) family 6 model 69 stepping 1, cmov, cx8, fxsr, mmx, sse, sse2, sse3, ssse3, sse4.1, sse4.2, popcnt, avx, avx2, aes, clmul, erms, lzcnt, ht, tsc, tscinvbit, bmi1, bmi2

Memory: 4k page, physical 6212888k(1790156k free), swap 7654680k(2618456k free)

vm_info: Java HotSpot(TM) Client VM (25.112-b15) for windows-x86 JRE (1.8.0_112-b15), built on Sep 22 2016 21:03:20 by "java_re" with MS VC++ 10.0 (VS2010)

time: Sat Sep 30 19:25:09 2017
elapsed time: 9 seconds (0d 0h 0m 9s)

