#
# A fatal error has been detected by the Java Runtime Environment:
#
#  EXCEPTION_ACCESS_VIOLATION (0xc0000005) at pc=0x45e9ca00, pid=4504, tid=0x0000181c
#
# JRE version: Java(TM) SE Runtime Environment (8.0_112-b15) (build 1.8.0_112-b15)
# Java VM: Java HotSpot(TM) Client VM (25.112-b15 mixed mode windows-x86 )
# Problematic frame:
# C  0x45e9ca00
#
# Failed to write core dump. Minidumps are not enabled by default on client versions of Windows
#
# If you would like to submit a bug report, please visit:
#   http://bugreport.java.com/bugreport/crash.jsp
# The crash happened outside the Java Virtual Machine in native code.
# See problematic frame for where to report the bug.
#

---------------  T H R E A D  ---------------

Current thread (0x45f81400):  JavaThread "Daemon worker" [_thread_in_native, id=6172, stack(0x00d10000,0x00d60000)]

siginfo: ExceptionCode=0xc0000005, ExceptionInformation=0x00000008 0x45e9ca00

Registers:
EAX=0x00000004, EBX=0x45f81540, ECX=0x00000000, EDX=0x01e147a4
ESP=0x00d5d1c8, EBP=0x00d5d1f8, ESI=0x00d5d218, EDI=0x4728b698
EIP=0x45e9ca00, EFLAGS=0x00010212

Top of Stack: (sp=0x00d5d1c8)
0x00d5d1c8:   00d5d2a8 00000000 73818e1c 73818efc
0x00d5d1d8:   494a9d80 00000000 00000002 45ea585c
0x00d5d1e8:   4b11c608 4b11c608 00d5d224 00d5d230
0x00d5d1f8:   00d5d258 6396753d 45e9ca78 45ea5468
0x00d5d208:   45ea5470 45ea585c 000003ec 0344c38c
0x00d5d218:   00000000 00000000 00000000 00d5d24c
0x00d5d228:   735c08f0 45f81400 00000006 00000008
0x00d5d238:   45f81400 4b11c600 4b11c608 4b11c608 

Instructions: (pc=0x45e9ca00)
0x45e9c9e0:   76 61 6c 24 63 6f 6e 6e 65 63 74 69 6f 6e b0 00
0x45e9c9f0:   18 db 04 6a 00 50 00 88 10 00 01 00 6f 66 7e 5a
0x45e9ca00:   61 66 74 65 72 20 62 65 69 6e 67 20 69 64 6c 65
0x45e9ca10:   64 db 18 6a 00 51 00 88 10 00 01 00 1f b9 93 7c 


Register to memory mapping:

EAX=0x00000004 is an unknown value
EBX=0x45f81540 is an unknown value
ECX=0x00000000 is an unknown value
EDX=0x01e147a4 is an unknown value
ESP=0x00d5d1c8 is pointing into the stack for thread: 0x45f81400
EBP=0x00d5d1f8 is pointing into the stack for thread: 0x45f81400
ESI=0x00d5d218 is pointing into the stack for thread: 0x45f81400
EDI=0x4728b698 is an unknown value


Stack: [0x00d10000,0x00d60000],  sp=0x00d5d1c8,  free space=308k
Native frames: (J=compiled Java code, j=interpreted, Vv=VM code, C=native code)
C  0x45e9ca00
C  [libaapt2_jni.dll+0x2753d]
j  com.android.tools.aapt2.Aapt2Jni.nativeCompile(Ljava/util/List;Lcom/android/tools/aapt2/Aapt2JniLogCallback;)I+0
j  com.android.tools.aapt2.Aapt2Jni.compile(Ljava/util/List;)Lcom/android/tools/aapt2/Aapt2Result;+6
j  com.android.builder.internal.aapt.v2.AaptV2Jni.lambda$compile$0(Lcom/android/ide/common/res2/CompileResourceRequest;)Ljava/io/File;+10
j  com.android.builder.internal.aapt.v2.AaptV2Jni$$Lambda$286.call()Ljava/lang/Object;+8
j  java.util.concurrent.ForkJoinTask$AdaptedCallable.exec()Z+5
j  java.util.concurrent.ForkJoinTask.doExec()I+10
j  java.util.concurrent.ForkJoinTask.externalInterruptibleAwaitDone()I+55
j  java.util.concurrent.ForkJoinTask.get()Ljava/lang/Object;+17
j  com.android.ide.common.res2.MergedResourceWriter.postWriteAction()V+635
j  com.android.ide.common.res2.MergeWriter.end()V+1
j  com.android.ide.common.res2.MergedResourceWriter.end()V+1
J 4917% C1 com.android.ide.common.res2.DataMerger.mergeData(Lcom/android/ide/common/res2/MergeConsumer;Z)V (603 bytes) @ 0x035b0f8c [0x035b0680+0x90c]
j  com.android.ide.common.res2.ResourceMerger.mergeData(Lcom/android/ide/common/res2/MergeConsumer;Z)V+7
j  com.android.build.gradle.tasks.MergeResources.doFullTaskAction()V+201
j  com.android.build.gradle.internal.tasks.IncrementalTask.taskAction(Lorg/gradle/api/tasks/incremental/IncrementalTaskInputs;)V+33
v  ~StubRoutines::call_stub
V  [jvm.dll+0x15a945]
V  [jvm.dll+0x220d0e]
V  [jvm.dll+0x15a9de]
V  [jvm.dll+0x167178]
V  [jvm.dll+0x1673e3]
V  [jvm.dll+0x103be3]
C  [java.dll+0x3b26]
J 2572 C1 sun.reflect.NativeMethodAccessorImpl.invoke(Ljava/lang/Object;[Ljava/lang/Object;)Ljava/lang/Object; (104 bytes) @ 0x03930824 [0x03930580+0x2a4]
J 469 C1 sun.reflect.DelegatingMethodAccessorImpl.invoke(Ljava/lang/Object;[Ljava/lang/Object;)Ljava/lang/Object; (10 bytes) @ 0x03537b80 [0x03537b50+0x30]
J 468 C1 java.lang.reflect.Method.invoke(Ljava/lang/Object;[Ljava/lang/Object;)Ljava/lang/Object; (62 bytes) @ 0x03537894 [0x035377c0+0xd4]
j  org.gradle.internal.reflect.JavaMethod.invoke(Ljava/lang/Object;[Ljava/lang/Object;)Ljava/lang/Object;+6
j  org.gradle.api.internal.project.taskfactory.DefaultTaskClassInfoStore$IncrementalTaskAction.doExecute(Lorg/gradle/api/Task;Ljava/lang/String;)V+35
j  org.gradle.api.internal.project.taskfactory.DefaultTaskClassInfoStore$StandardTaskAction.execute(Lorg/gradle/api/Task;)V+32
j  org.gradle.api.internal.project.taskfactory.DefaultTaskClassInfoStore$StandardTaskAction.execute(Ljava/lang/Object;)V+5
j  org.gradle.api.internal.tasks.execution.ExecuteActionsTaskExecuter$1.run(Lorg/gradle/internal/operations/BuildOperationContext;)V+23
j  org.gradle.internal.progress.DefaultBuildOperationExecutor$RunnableBuildOperationWorker.execute(Lorg/gradle/internal/operations/RunnableBuildOperation;Lorg/gradle/internal/operations/BuildOperationContext;)V+2
j  org.gradle.internal.progress.DefaultBuildOperationExecutor$RunnableBuildOperationWorker.execute(Lorg/gradle/internal/operations/BuildOperation;Lorg/gradle/internal/operations/BuildOperationContext;)V+6
j  org.gradle.internal.progress.DefaultBuildOperationExecutor.execute(Lorg/gradle/internal/operations/BuildOperation;Lorg/gradle/internal/operations/BuildOperationWorker;Lorg/gradle/internal/progress/DefaultBuildOperationExecutor$DefaultBuildOperationState;)V+177
j  org.gradle.internal.progress.DefaultBuildOperationExecutor.run(Lorg/gradle/internal/operations/RunnableBuildOperation;)V+20
j  org.gradle.api.internal.tasks.execution.ExecuteActionsTaskExecuter.executeAction(Ljava/lang/String;Lorg/gradle/api/internal/TaskInternal;Lorg/gradle/api/internal/tasks/ContextAwareTaskAction;Lorg/gradle/api/internal/tasks/TaskExecutionContext;)V+23
j  org.gradle.api.internal.tasks.execution.ExecuteActionsTaskExecuter.executeActions(Lorg/gradle/api/internal/TaskInternal;Lorg/gradle/api/internal/tasks/TaskStateInternal;Lorg/gradle/api/internal/tasks/TaskExecutionContext;)Lorg/gradle/api/GradleException;+131
j  org.gradle.api.internal.tasks.execution.ExecuteActionsTaskExecuter.execute(Lorg/gradle/api/internal/TaskInternal;Lorg/gradle/api/internal/tasks/TaskStateInternal;Lorg/gradle/api/internal/tasks/TaskExecutionContext;)V+42
j  org.gradle.api.internal.tasks.execution.SkipUpToDateTaskExecuter.execute(Lorg/gradle/api/internal/TaskInternal;Lorg/gradle/api/internal/tasks/TaskStateInternal;Lorg/gradle/api/internal/tasks/TaskExecutionContext;)V+124
j  org.gradle.api.internal.tasks.execution.ResolveTaskOutputCachingStateExecuter.execute(Lorg/gradle/api/internal/TaskInternal;Lorg/gradle/api/internal/tasks/TaskStateInternal;Lorg/gradle/api/internal/tasks/TaskExecutionContext;)V+96
j  org.gradle.api.internal.tasks.execution.ValidatingTaskExecuter.execute(Lorg/gradle/api/internal/TaskInternal;Lorg/gradle/api/internal/tasks/TaskStateInternal;Lorg/gradle/api/internal/tasks/TaskExecutionContext;)V+215
j  org.gradle.api.internal.tasks.execution.SkipEmptySourceFilesTaskExecuter.execute(Lorg/gradle/api/internal/TaskInternal;Lorg/gradle/api/internal/tasks/TaskStateInternal;Lorg/gradle/api/internal/tasks/TaskExecutionContext;)V+335
j  org.gradle.api.internal.tasks.execution.ResolveTaskArtifactStateTaskExecuter.execute(Lorg/gradle/api/internal/TaskInternal;Lorg/gradle/api/internal/tasks/TaskStateInternal;Lorg/gradle/api/internal/tasks/TaskExecutionContext;)V+72
j  org.gradle.api.internal.tasks.execution.SkipTaskWithNoActionsExecuter.execute(Lorg/gradle/api/internal/TaskInternal;Lorg/gradle/api/internal/tasks/TaskStateInternal;Lorg/gradle/api/internal/tasks/TaskExecutionContext;)V+124
j  org.gradle.api.internal.tasks.execution.SkipOnlyIfTaskExecuter.execute(Lorg/gradle/api/internal/TaskInternal;Lorg/gradle/api/internal/tasks/TaskStateInternal;Lorg/gradle/api/internal/tasks/TaskExecutionContext;)V+85
j  org.gradle.api.internal.tasks.execution.ExecuteAtMostOnceTaskExecuter.execute(Lorg/gradle/api/internal/TaskInternal;Lorg/gradle/api/internal/tasks/TaskStateInternal;Lorg/gradle/api/internal/tasks/TaskExecutionContext;)V+26
j  org.gradle.api.internal.tasks.execution.CatchExceptionTaskExecuter.execute(Lorg/gradle/api/internal/TaskInternal;Lorg/gradle/api/internal/tasks/TaskStateInternal;Lorg/gradle/api/internal/tasks/TaskExecutionContext;)V+7
j  org.gradle.execution.taskgraph.DefaultTaskGraphExecuter$EventFiringTaskWorker$1.run(Lorg/gradle/internal/operations/BuildOperationContext;)V+56
j  org.gradle.internal.progress.DefaultBuildOperationExecutor$RunnableBuildOperationWorker.execute(Lorg/gradle/internal/operations/RunnableBuildOperation;Lorg/gradle/internal/operations/BuildOperationContext;)V+2
j  org.gradle.internal.progress.DefaultBuildOperationExecutor$RunnableBuildOperationWorker.execute(Lorg/gradle/internal/operations/BuildOperation;Lorg/gradle/internal/operations/BuildOperationContext;)V+6
j  org.gradle.internal.progress.DefaultBuildOperationExecutor.execute(Lorg/gradle/internal/operations/BuildOperation;Lorg/gradle/internal/operations/BuildOperationWorker;Lorg/gradle/internal/progress/DefaultBuildOperationExecutor$DefaultBuildOperationState;)V+177
j  org.gradle.internal.progress.DefaultBuildOperationExecutor.run(Lorg/gradle/internal/operations/RunnableBuildOperation;)V+20
j  org.gradle.execution.taskgraph.DefaultTaskGraphExecuter$EventFiringTaskWorker.execute(Lorg/gradle/api/internal/TaskInternal;)V+16
j  org.gradle.execution.taskgraph.DefaultTaskGraphExecuter$EventFiringTaskWorker.execute(Ljava/lang/Object;)V+5
j  org.gradle.execution.taskgraph.DefaultTaskPlanExecutor$TaskExecutorWorker.processTask(Lorg/gradle/execution/taskgraph/TaskInfo;)V+8
j  org.gradle.execution.taskgraph.DefaultTaskPlanExecutor$TaskExecutorWorker.access$200(Lorg/gradle/execution/taskgraph/DefaultTaskPlanExecutor$TaskExecutorWorker;Lorg/gradle/execution/taskgraph/TaskInfo;)V+2
j  org.gradle.execution.taskgraph.DefaultTaskPlanExecutor$TaskExecutorWorker$1.execute(Lorg/gradle/execution/taskgraph/TaskInfo;)V+38
j  org.gradle.execution.taskgraph.DefaultTaskPlanExecutor$TaskExecutorWorker$1.execute(Ljava/lang/Object;)V+5
j  org.gradle.execution.taskgraph.DefaultTaskExecutionPlan.execute(Lorg/gradle/execution/taskgraph/TaskInfo;Lorg/gradle/internal/work/WorkerLeaseRegistry$WorkerLease;Lorg/gradle/api/Action;)V+14
j  org.gradle.execution.taskgraph.DefaultTaskExecutionPlan.executeWithTask(Lorg/gradle/internal/work/WorkerLeaseRegistry$WorkerLease;Lorg/gradle/api/Action;)Z+53
j  org.gradle.execution.taskgraph.DefaultTaskPlanExecutor$TaskExecutorWorker.run()V+52
j  org.gradle.execution.taskgraph.DefaultTaskPlanExecutor.process(Lorg/gradle/execution/taskgraph/TaskExecutionPlan;Lorg/gradle/api/Action;)V+67
j  org.gradle.execution.taskgraph.DefaultTaskGraphExecuter.execute()V+61
j  org.gradle.execution.SelectedTaskExecutionAction.execute(Lorg/gradle/execution/BuildExecutionContext;)V+55
j  org.gradle.execution.DefaultBuildExecuter.execute(Lorg/gradle/api/internal/GradleInternal;I)V+37
j  org.gradle.execution.DefaultBuildExecuter.access$000(Lorg/gradle/execution/DefaultBuildExecuter;Lorg/gradle/api/internal/GradleInternal;I)V+3
j  org.gradle.execution.DefaultBuildExecuter$1.proceed()V+14
j  org.gradle.execution.DryRunBuildExecutionAction.execute(Lorg/gradle/execution/BuildExecutionContext;)V+121
j  org.gradle.execution.DefaultBuildExecuter.execute(Lorg/gradle/api/internal/GradleInternal;I)V+37
j  org.gradle.execution.DefaultBuildExecuter.execute(Lorg/gradle/api/internal/GradleInternal;)V+3
j  org.gradle.initialization.DefaultGradleLauncher$ExecuteTasks.run(Lorg/gradle/internal/operations/BuildOperationContext;)V+55
j  org.gradle.internal.progress.DefaultBuildOperationExecutor$RunnableBuildOperationWorker.execute(Lorg/gradle/internal/operations/RunnableBuildOperation;Lorg/gradle/internal/operations/BuildOperationContext;)V+2
j  org.gradle.internal.progress.DefaultBuildOperationExecutor$RunnableBuildOperationWorker.execute(Lorg/gradle/internal/operations/BuildOperation;Lorg/gradle/internal/operations/BuildOperationContext;)V+6
j  org.gradle.internal.progress.DefaultBuildOperationExecutor.execute(Lorg/gradle/internal/operations/BuildOperation;Lorg/gradle/internal/operations/BuildOperationWorker;Lorg/gradle/internal/progress/DefaultBuildOperationExecutor$DefaultBuildOperationState;)V+177
j  org.gradle.internal.progress.DefaultBuildOperationExecutor.run(Lorg/gradle/internal/operations/RunnableBuildOperation;)V+20
j  org.gradle.initialization.DefaultGradleLauncher.runTasks()V+53
j  org.gradle.initialization.DefaultGradleLauncher.doBuildStages(Lorg/gradle/initialization/DefaultGradleLauncher$Stage;)V+37
j  org.gradle.initialization.DefaultGradleLauncher.executeTasks()Lorg/gradle/api/internal/GradleInternal;+4
j  org.gradle.internal.invocation.GradleBuildController$1.call()Lorg/gradle/api/internal/GradleInternal;+7
j  org.gradle.internal.invocation.GradleBuildController$1.call()Ljava/lang/Object;+1
j  org.gradle.internal.work.DefaultWorkerLeaseService.withLocks(Ljava/lang/Iterable;Ljava/util/concurrent/Callable;)Ljava/lang/Object;+15
j  org.gradle.internal.invocation.GradleBuildController.doBuild(Ljava/util/concurrent/Callable;)Lorg/gradle/api/internal/GradleInternal;+52
j  org.gradle.internal.invocation.GradleBuildController.run()Lorg/gradle/api/internal/GradleInternal;+9
j  org.gradle.tooling.internal.provider.runner.BuildModelActionRunner.run(Lorg/gradle/internal/invocation/BuildAction;Lorg/gradle/internal/invocation/BuildController;)V+66
j  org.gradle.launcher.exec.ChainingBuildActionRunner.run(Lorg/gradle/internal/invocation/BuildAction;Lorg/gradle/internal/invocation/BuildController;)V+34
j  org.gradle.launcher.exec.ChainingBuildActionRunner.run(Lorg/gradle/internal/invocation/BuildAction;Lorg/gradle/internal/invocation/BuildController;)V+34
j  org.gradle.tooling.internal.provider.ValidatingBuildActionRunner.run(Lorg/gradle/internal/invocation/BuildAction;Lorg/gradle/internal/invocation/BuildController;)V+6
j  org.gradle.launcher.exec.RunAsBuildOperationBuildActionRunner$1.run(Lorg/gradle/internal/operations/BuildOperationContext;)V+15
j  org.gradle.internal.progress.DefaultBuildOperationExecutor$RunnableBuildOperationWorker.execute(Lorg/gradle/internal/operations/RunnableBuildOperation;Lorg/gradle/internal/operations/BuildOperationContext;)V+2
j  org.gradle.internal.progress.DefaultBuildOperationExecutor$RunnableBuildOperationWorker.execute(Lorg/gradle/internal/operations/BuildOperation;Lorg/gradle/internal/operations/BuildOperationContext;)V+6
j  org.gradle.internal.progress.DefaultBuildOperationExecutor.execute(Lorg/gradle/internal/operations/BuildOperation;Lorg/gradle/internal/operations/BuildOperationWorker;Lorg/gradle/internal/progress/DefaultBuildOperationExecutor$DefaultBuildOperationState;)V+177
j  org.gradle.internal.progress.DefaultBuildOperationExecutor.run(Lorg/gradle/internal/operations/RunnableBuildOperation;)V+20
j  org.gradle.launcher.exec.RunAsBuildOperationBuildActionRunner.run(Lorg/gradle/internal/invocation/BuildAction;Lorg/gradle/internal/invocation/BuildController;)V+34
j  org.gradle.tooling.internal.provider.SubscribableBuildActionRunner.run(Lorg/gradle/internal/invocation/BuildAction;Lorg/gradle/internal/invocation/BuildController;)V+40
j  org.gradle.launcher.exec.InProcessBuildActionExecuter.execute(Lorg/gradle/internal/invocation/BuildAction;Lorg/gradle/initialization/BuildRequestContext;Lorg/gradle/launcher/exec/BuildActionParameters;Lorg/gradle/internal/service/ServiceRegistry;)Ljava/lang/Object;+71
j  org.gradle.launcher.exec.InProcessBuildActionExecuter.execute(Lorg/gradle/internal/invocation/BuildAction;Lorg/gradle/initialization/BuildRequestContext;Ljava/lang/Object;Lorg/gradle/internal/service/ServiceRegistry;)Ljava/lang/Object;+9
j  org.gradle.launcher.exec.BuildTreeScopeBuildActionExecuter.execute(Lorg/gradle/internal/invocation/BuildAction;Lorg/gradle/initialization/BuildRequestContext;Lorg/gradle/launcher/exec/BuildActionParameters;Lorg/gradle/internal/service/ServiceRegistry;)Ljava/lang/Object;+41
j  org.gradle.launcher.exec.BuildTreeScopeBuildActionExecuter.execute(Lorg/gradle/internal/invocation/BuildAction;Lorg/gradle/initialization/BuildRequestContext;Ljava/lang/Object;Lorg/gradle/internal/service/ServiceRegistry;)Ljava/lang/Object;+9
...<more frames>...

Java frames: (J=compiled Java code, j=interpreted, Vv=VM code)
j  com.android.tools.aapt2.Aapt2Jni.nativeCompile(Ljava/util/List;Lcom/android/tools/aapt2/Aapt2JniLogCallback;)I+0
j  com.android.tools.aapt2.Aapt2Jni.compile(Ljava/util/List;)Lcom/android/tools/aapt2/Aapt2Result;+6
j  com.android.builder.internal.aapt.v2.AaptV2Jni.lambda$compile$0(Lcom/android/ide/common/res2/CompileResourceRequest;)Ljava/io/File;+10
j  com.android.builder.internal.aapt.v2.AaptV2Jni$$Lambda$286.call()Ljava/lang/Object;+8
j  java.util.concurrent.ForkJoinTask$AdaptedCallable.exec()Z+5
j  java.util.concurrent.ForkJoinTask.doExec()I+10
j  java.util.concurrent.ForkJoinTask.externalInterruptibleAwaitDone()I+55
j  java.util.concurrent.ForkJoinTask.get()Ljava/lang/Object;+17
j  com.android.ide.common.res2.MergedResourceWriter.postWriteAction()V+635
j  com.android.ide.common.res2.MergeWriter.end()V+1
j  com.android.ide.common.res2.MergedResourceWriter.end()V+1
J 4917% C1 com.android.ide.common.res2.DataMerger.mergeData(Lcom/android/ide/common/res2/MergeConsumer;Z)V (603 bytes) @ 0x035b0f8c [0x035b0680+0x90c]
j  com.android.ide.common.res2.ResourceMerger.mergeData(Lcom/android/ide/common/res2/MergeConsumer;Z)V+7
j  com.android.build.gradle.tasks.MergeResources.doFullTaskAction()V+201
j  com.android.build.gradle.internal.tasks.IncrementalTask.taskAction(Lorg/gradle/api/tasks/incremental/IncrementalTaskInputs;)V+33
v  ~StubRoutines::call_stub
J 2573  sun.reflect.NativeMethodAccessorImpl.invoke0(Ljava/lang/reflect/Method;Ljava/lang/Object;[Ljava/lang/Object;)Ljava/lang/Object; (0 bytes) @ 0x039302dd [0x03930260+0x7d]
J 2572 C1 sun.reflect.NativeMethodAccessorImpl.invoke(Ljava/lang/Object;[Ljava/lang/Object;)Ljava/lang/Object; (104 bytes) @ 0x03930824 [0x03930580+0x2a4]
J 469 C1 sun.reflect.DelegatingMethodAccessorImpl.invoke(Ljava/lang/Object;[Ljava/lang/Object;)Ljava/lang/Object; (10 bytes) @ 0x03537b80 [0x03537b50+0x30]
J 468 C1 java.lang.reflect.Method.invoke(Ljava/lang/Object;[Ljava/lang/Object;)Ljava/lang/Object; (62 bytes) @ 0x03537894 [0x035377c0+0xd4]
j  org.gradle.internal.reflect.JavaMethod.invoke(Ljava/lang/Object;[Ljava/lang/Object;)Ljava/lang/Object;+6
j  org.gradle.api.internal.project.taskfactory.DefaultTaskClassInfoStore$IncrementalTaskAction.doExecute(Lorg/gradle/api/Task;Ljava/lang/String;)V+35
j  org.gradle.api.internal.project.taskfactory.DefaultTaskClassInfoStore$StandardTaskAction.execute(Lorg/gradle/api/Task;)V+32
j  org.gradle.api.internal.project.taskfactory.DefaultTaskClassInfoStore$StandardTaskAction.execute(Ljava/lang/Object;)V+5
j  org.gradle.api.internal.tasks.execution.ExecuteActionsTaskExecuter$1.run(Lorg/gradle/internal/operations/BuildOperationContext;)V+23
j  org.gradle.internal.progress.DefaultBuildOperationExecutor$RunnableBuildOperationWorker.execute(Lorg/gradle/internal/operations/RunnableBuildOperation;Lorg/gradle/internal/operations/BuildOperationContext;)V+2
j  org.gradle.internal.progress.DefaultBuildOperationExecutor$RunnableBuildOperationWorker.execute(Lorg/gradle/internal/operations/BuildOperation;Lorg/gradle/internal/operations/BuildOperationContext;)V+6
j  org.gradle.internal.progress.DefaultBuildOperationExecutor.execute(Lorg/gradle/internal/operations/BuildOperation;Lorg/gradle/internal/operations/BuildOperationWorker;Lorg/gradle/internal/progress/DefaultBuildOperationExecutor$DefaultBuildOperationState;)V+177
j  org.gradle.internal.progress.DefaultBuildOperationExecutor.run(Lorg/gradle/internal/operations/RunnableBuildOperation;)V+20
j  org.gradle.api.internal.tasks.execution.ExecuteActionsTaskExecuter.executeAction(Ljava/lang/String;Lorg/gradle/api/internal/TaskInternal;Lorg/gradle/api/internal/tasks/ContextAwareTaskAction;Lorg/gradle/api/internal/tasks/TaskExecutionContext;)V+23
j  org.gradle.api.internal.tasks.execution.ExecuteActionsTaskExecuter.executeActions(Lorg/gradle/api/internal/TaskInternal;Lorg/gradle/api/internal/tasks/TaskStateInternal;Lorg/gradle/api/internal/tasks/TaskExecutionContext;)Lorg/gradle/api/GradleException;+131
j  org.gradle.api.internal.tasks.execution.ExecuteActionsTaskExecuter.execute(Lorg/gradle/api/internal/TaskInternal;Lorg/gradle/api/internal/tasks/TaskStateInternal;Lorg/gradle/api/internal/tasks/TaskExecutionContext;)V+42
j  org.gradle.api.internal.tasks.execution.SkipUpToDateTaskExecuter.execute(Lorg/gradle/api/internal/TaskInternal;Lorg/gradle/api/internal/tasks/TaskStateInternal;Lorg/gradle/api/internal/tasks/TaskExecutionContext;)V+124
j  org.gradle.api.internal.tasks.execution.ResolveTaskOutputCachingStateExecuter.execute(Lorg/gradle/api/internal/TaskInternal;Lorg/gradle/api/internal/tasks/TaskStateInternal;Lorg/gradle/api/internal/tasks/TaskExecutionContext;)V+96
j  org.gradle.api.internal.tasks.execution.ValidatingTaskExecuter.execute(Lorg/gradle/api/internal/TaskInternal;Lorg/gradle/api/internal/tasks/TaskStateInternal;Lorg/gradle/api/internal/tasks/TaskExecutionContext;)V+215
j  org.gradle.api.internal.tasks.execution.SkipEmptySourceFilesTaskExecuter.execute(Lorg/gradle/api/internal/TaskInternal;Lorg/gradle/api/internal/tasks/TaskStateInternal;Lorg/gradle/api/internal/tasks/TaskExecutionContext;)V+335
j  org.gradle.api.internal.tasks.execution.ResolveTaskArtifactStateTaskExecuter.execute(Lorg/gradle/api/internal/TaskInternal;Lorg/gradle/api/internal/tasks/TaskStateInternal;Lorg/gradle/api/internal/tasks/TaskExecutionContext;)V+72
j  org.gradle.api.internal.tasks.execution.SkipTaskWithNoActionsExecuter.execute(Lorg/gradle/api/internal/TaskInternal;Lorg/gradle/api/internal/tasks/TaskStateInternal;Lorg/gradle/api/internal/tasks/TaskExecutionContext;)V+124
j  org.gradle.api.internal.tasks.execution.SkipOnlyIfTaskExecuter.execute(Lorg/gradle/api/internal/TaskInternal;Lorg/gradle/api/internal/tasks/TaskStateInternal;Lorg/gradle/api/internal/tasks/TaskExecutionContext;)V+85
j  org.gradle.api.internal.tasks.execution.ExecuteAtMostOnceTaskExecuter.execute(Lorg/gradle/api/internal/TaskInternal;Lorg/gradle/api/internal/tasks/TaskStateInternal;Lorg/gradle/api/internal/tasks/TaskExecutionContext;)V+26
j  org.gradle.api.internal.tasks.execution.CatchExceptionTaskExecuter.execute(Lorg/gradle/api/internal/TaskInternal;Lorg/gradle/api/internal/tasks/TaskStateInternal;Lorg/gradle/api/internal/tasks/TaskExecutionContext;)V+7
j  org.gradle.execution.taskgraph.DefaultTaskGraphExecuter$EventFiringTaskWorker$1.run(Lorg/gradle/internal/operations/BuildOperationContext;)V+56
j  org.gradle.internal.progress.DefaultBuildOperationExecutor$RunnableBuildOperationWorker.execute(Lorg/gradle/internal/operations/RunnableBuildOperation;Lorg/gradle/internal/operations/BuildOperationContext;)V+2
j  org.gradle.internal.progress.DefaultBuildOperationExecutor$RunnableBuildOperationWorker.execute(Lorg/gradle/internal/operations/BuildOperation;Lorg/gradle/internal/operations/BuildOperationContext;)V+6
j  org.gradle.internal.progress.DefaultBuildOperationExecutor.execute(Lorg/gradle/internal/operations/BuildOperation;Lorg/gradle/internal/operations/BuildOperationWorker;Lorg/gradle/internal/progress/DefaultBuildOperationExecutor$DefaultBuildOperationState;)V+177
j  org.gradle.internal.progress.DefaultBuildOperationExecutor.run(Lorg/gradle/internal/operations/RunnableBuildOperation;)V+20
j  org.gradle.execution.taskgraph.DefaultTaskGraphExecuter$EventFiringTaskWorker.execute(Lorg/gradle/api/internal/TaskInternal;)V+16
j  org.gradle.execution.taskgraph.DefaultTaskGraphExecuter$EventFiringTaskWorker.execute(Ljava/lang/Object;)V+5
j  org.gradle.execution.taskgraph.DefaultTaskPlanExecutor$TaskExecutorWorker.processTask(Lorg/gradle/execution/taskgraph/TaskInfo;)V+8
j  org.gradle.execution.taskgraph.DefaultTaskPlanExecutor$TaskExecutorWorker.access$200(Lorg/gradle/execution/taskgraph/DefaultTaskPlanExecutor$TaskExecutorWorker;Lorg/gradle/execution/taskgraph/TaskInfo;)V+2
j  org.gradle.execution.taskgraph.DefaultTaskPlanExecutor$TaskExecutorWorker$1.execute(Lorg/gradle/execution/taskgraph/TaskInfo;)V+38
j  org.gradle.execution.taskgraph.DefaultTaskPlanExecutor$TaskExecutorWorker$1.execute(Ljava/lang/Object;)V+5
j  org.gradle.execution.taskgraph.DefaultTaskExecutionPlan.execute(Lorg/gradle/execution/taskgraph/TaskInfo;Lorg/gradle/internal/work/WorkerLeaseRegistry$WorkerLease;Lorg/gradle/api/Action;)V+14
j  org.gradle.execution.taskgraph.DefaultTaskExecutionPlan.executeWithTask(Lorg/gradle/internal/work/WorkerLeaseRegistry$WorkerLease;Lorg/gradle/api/Action;)Z+53
j  org.gradle.execution.taskgraph.DefaultTaskPlanExecutor$TaskExecutorWorker.run()V+52
j  org.gradle.execution.taskgraph.DefaultTaskPlanExecutor.process(Lorg/gradle/execution/taskgraph/TaskExecutionPlan;Lorg/gradle/api/Action;)V+67
j  org.gradle.execution.taskgraph.DefaultTaskGraphExecuter.execute()V+61
j  org.gradle.execution.SelectedTaskExecutionAction.execute(Lorg/gradle/execution/BuildExecutionContext;)V+55
j  org.gradle.execution.DefaultBuildExecuter.execute(Lorg/gradle/api/internal/GradleInternal;I)V+37
j  org.gradle.execution.DefaultBuildExecuter.access$000(Lorg/gradle/execution/DefaultBuildExecuter;Lorg/gradle/api/internal/GradleInternal;I)V+3
j  org.gradle.execution.DefaultBuildExecuter$1.proceed()V+14
j  org.gradle.execution.DryRunBuildExecutionAction.execute(Lorg/gradle/execution/BuildExecutionContext;)V+121
j  org.gradle.execution.DefaultBuildExecuter.execute(Lorg/gradle/api/internal/GradleInternal;I)V+37
j  org.gradle.execution.DefaultBuildExecuter.execute(Lorg/gradle/api/internal/GradleInternal;)V+3
j  org.gradle.initialization.DefaultGradleLauncher$ExecuteTasks.run(Lorg/gradle/internal/operations/BuildOperationContext;)V+55
j  org.gradle.internal.progress.DefaultBuildOperationExecutor$RunnableBuildOperationWorker.execute(Lorg/gradle/internal/operations/RunnableBuildOperation;Lorg/gradle/internal/operations/BuildOperationContext;)V+2
j  org.gradle.internal.progress.DefaultBuildOperationExecutor$RunnableBuildOperationWorker.execute(Lorg/gradle/internal/operations/BuildOperation;Lorg/gradle/internal/operations/BuildOperationContext;)V+6
j  org.gradle.internal.progress.DefaultBuildOperationExecutor.execute(Lorg/gradle/internal/operations/BuildOperation;Lorg/gradle/internal/operations/BuildOperationWorker;Lorg/gradle/internal/progress/DefaultBuildOperationExecutor$DefaultBuildOperationState;)V+177
j  org.gradle.internal.progress.DefaultBuildOperationExecutor.run(Lorg/gradle/internal/operations/RunnableBuildOperation;)V+20
j  org.gradle.initialization.DefaultGradleLauncher.runTasks()V+53
j  org.gradle.initialization.DefaultGradleLauncher.doBuildStages(Lorg/gradle/initialization/DefaultGradleLauncher$Stage;)V+37
j  org.gradle.initialization.DefaultGradleLauncher.executeTasks()Lorg/gradle/api/internal/GradleInternal;+4
j  org.gradle.internal.invocation.GradleBuildController$1.call()Lorg/gradle/api/internal/GradleInternal;+7
j  org.gradle.internal.invocation.GradleBuildController$1.call()Ljava/lang/Object;+1
j  org.gradle.internal.work.DefaultWorkerLeaseService.withLocks(Ljava/lang/Iterable;Ljava/util/concurrent/Callable;)Ljava/lang/Object;+15
j  org.gradle.internal.invocation.GradleBuildController.doBuild(Ljava/util/concurrent/Callable;)Lorg/gradle/api/internal/GradleInternal;+52
j  org.gradle.internal.invocation.GradleBuildController.run()Lorg/gradle/api/internal/GradleInternal;+9
j  org.gradle.tooling.internal.provider.runner.BuildModelActionRunner.run(Lorg/gradle/internal/invocation/BuildAction;Lorg/gradle/internal/invocation/BuildController;)V+66
j  org.gradle.launcher.exec.ChainingBuildActionRunner.run(Lorg/gradle/internal/invocation/BuildAction;Lorg/gradle/internal/invocation/BuildController;)V+34
j  org.gradle.launcher.exec.ChainingBuildActionRunner.run(Lorg/gradle/internal/invocation/BuildAction;Lorg/gradle/internal/invocation/BuildController;)V+34
j  org.gradle.tooling.internal.provider.ValidatingBuildActionRunner.run(Lorg/gradle/internal/invocation/BuildAction;Lorg/gradle/internal/invocation/BuildController;)V+6
j  org.gradle.launcher.exec.RunAsBuildOperationBuildActionRunner$1.run(Lorg/gradle/internal/operations/BuildOperationContext;)V+15
j  org.gradle.internal.progress.DefaultBuildOperationExecutor$RunnableBuildOperationWorker.execute(Lorg/gradle/internal/operations/RunnableBuildOperation;Lorg/gradle/internal/operations/BuildOperationContext;)V+2
j  org.gradle.internal.progress.DefaultBuildOperationExecutor$RunnableBuildOperationWorker.execute(Lorg/gradle/internal/operations/BuildOperation;Lorg/gradle/internal/operations/BuildOperationContext;)V+6
j  org.gradle.internal.progress.DefaultBuildOperationExecutor.execute(Lorg/gradle/internal/operations/BuildOperation;Lorg/gradle/internal/operations/BuildOperationWorker;Lorg/gradle/internal/progress/DefaultBuildOperationExecutor$DefaultBuildOperationState;)V+177
j  org.gradle.internal.progress.DefaultBuildOperationExecutor.run(Lorg/gradle/internal/operations/RunnableBuildOperation;)V+20
j  org.gradle.launcher.exec.RunAsBuildOperationBuildActionRunner.run(Lorg/gradle/internal/invocation/BuildAction;Lorg/gradle/internal/invocation/BuildController;)V+34
j  org.gradle.tooling.internal.provider.SubscribableBuildActionRunner.run(Lorg/gradle/internal/invocation/BuildAction;Lorg/gradle/internal/invocation/BuildController;)V+40
j  org.gradle.launcher.exec.InProcessBuildActionExecuter.execute(Lorg/gradle/internal/invocation/BuildAction;Lorg/gradle/initialization/BuildRequestContext;Lorg/gradle/launcher/exec/BuildActionParameters;Lorg/gradle/internal/service/ServiceRegistry;)Ljava/lang/Object;+71
j  org.gradle.launcher.exec.InProcessBuildActionExecuter.execute(Lorg/gradle/internal/invocation/BuildAction;Lorg/gradle/initialization/BuildRequestContext;Ljava/lang/Object;Lorg/gradle/internal/service/ServiceRegistry;)Ljava/lang/Object;+9
j  org.gradle.launcher.exec.BuildTreeScopeBuildActionExecuter.execute(Lorg/gradle/internal/invocation/BuildAction;Lorg/gradle/initialization/BuildRequestContext;Lorg/gradle/launcher/exec/BuildActionParameters;Lorg/gradle/internal/service/ServiceRegistry;)Ljava/lang/Object;+41
j  org.gradle.launcher.exec.BuildTreeScopeBuildActionExecuter.execute(Lorg/gradle/internal/invocation/BuildAction;Lorg/gradle/initialization/BuildRequestContext;Ljava/lang/Object;Lorg/gradle/internal/service/ServiceRegistry;)Ljava/lang/Object;+9
j  org.gradle.tooling.internal.provider.ContinuousBuildActionExecuter.execute(Lorg/gradle/internal/invocation/BuildAction;Lorg/gradle/initialization/BuildRequestContext;Lorg/gradle/launcher/exec/BuildActionParameters;Lorg/gradle/internal/service/ServiceRegistry;)Ljava/lang/Object;+28
j  org.gradle.tooling.internal.provider.ContinuousBuildActionExecuter.execute(Lorg/gradle/internal/invocation/BuildAction;Lorg/gradle/initialization/BuildRequestContext;Ljava/lang/Object;Lorg/gradle/internal/service/ServiceRegistry;)Ljava/lang/Object;+9
j  org.gradle.tooling.internal.provider.ServicesSetupBuildActionExecuter.execute(Lorg/gradle/internal/invocation/BuildAction;Lorg/gradle/initialization/BuildRequestContext;Lorg/gradle/launcher/exec/BuildActionParameters;Lorg/gradle/internal/service/ServiceRegistry;)Ljava/lang/Object;+85
j  org.gradle.tooling.internal.provider.ServicesSetupBuildActionExecuter.execute(Lorg/gradle/internal/invocation/BuildAction;Lorg/gradle/initialization/BuildRequestContext;Ljava/lang/Object;Lorg/gradle/internal/service/ServiceRegistry;)Ljava/lang/Object;+9
j  org.gradle.tooling.internal.provider.GradleThreadBuildActionExecuter.execute(Lorg/gradle/internal/invocation/BuildAction;Lorg/gradle/initialization/BuildRequestContext;Lorg/gradle/launcher/exec/BuildActionParameters;Lorg/gradle/internal/service/ServiceRegistry;)Ljava/lang/Object;+12
j  org.gradle.tooling.internal.provider.GradleThreadBuildActionExecuter.execute(Lorg/gradle/internal/invocation/BuildAction;Lorg/gradle/initialization/BuildRequestContext;Ljava/lang/Object;Lorg/gradle/internal/service/ServiceRegistry;)Ljava/lang/Object;+9
j  org.gradle.tooling.internal.provider.ParallelismConfigurationBuildActionExecuter.execute(Lorg/gradle/internal/invocation/BuildAction;Lorg/gradle/initialization/BuildRequestContext;Lorg/gradle/launcher/exec/BuildActionParameters;Lorg/gradle/internal/service/ServiceRegistry;)Ljava/lang/Object;+43
j  org.gradle.tooling.internal.provider.ParallelismConfigurationBuildActionExecuter.execute(Lorg/gradle/internal/invocation/BuildAction;Lorg/gradle/initialization/BuildRequestContext;Ljava/lang/Object;Lorg/gradle/internal/service/ServiceRegistry;)Ljava/lang/Object;+9
j  org.gradle.tooling.internal.provider.StartParamsValidatingActionExecuter.execute(Lorg/gradle/internal/invocation/BuildAction;Lorg/gradle/initialization/BuildRequestContext;Lorg/gradle/launcher/exec/BuildActionParameters;Lorg/gradle/internal/service/ServiceRegistry;)Ljava/lang/Object;+257
j  org.gradle.tooling.internal.provider.StartParamsValidatingActionExecuter.execute(Lorg/gradle/internal/invocation/BuildAction;Lorg/gradle/initialization/BuildRequestContext;Ljava/lang/Object;Lorg/gradle/internal/service/ServiceRegistry;)Ljava/lang/Object;+9
j  org.gradle.tooling.internal.provider.SessionFailureReportingActionExecuter.execute(Lorg/gradle/internal/invocation/BuildAction;Lorg/gradle/initialization/BuildRequestContext;Lorg/gradle/launcher/exec/BuildActionParameters;Lorg/gradle/internal/service/ServiceRegistry;)Ljava/lang/Object;+9
j  org.gradle.tooling.internal.provider.SessionFailureReportingActionExecuter.execute(Lorg/gradle/internal/invocation/BuildAction;Lorg/gradle/initialization/BuildRequestContext;Ljava/lang/Object;Lorg/gradle/internal/service/ServiceRegistry;)Ljava/lang/Object;+9
j  org.gradle.tooling.internal.provider.SetupLoggingActionExecuter.execute(Lorg/gradle/internal/invocation/BuildAction;Lorg/gradle/initialization/BuildRequestContext;Lorg/gradle/launcher/exec/BuildActionParameters;Lorg/gradle/internal/service/ServiceRegistry;)Ljava/lang/Object;+69
j  org.gradle.tooling.internal.provider.SetupLoggingActionExecuter.execute(Lorg/gradle/internal/invocation/BuildAction;Lorg/gradle/initialization/BuildRequestContext;Ljava/lang/Object;Lorg/gradle/internal/service/ServiceRegistry;)Ljava/lang/Object;+9
j  org.gradle.launcher.daemon.server.exec.ExecuteBuild.doBuild(Lorg/gradle/launcher/daemon/server/api/DaemonCommandExecution;Lorg/gradle/launcher/daemon/protocol/Build;)V+114
j  org.gradle.launcher.daemon.server.exec.BuildCommandOnly.execute(Lorg/gradle/launcher/daemon/server/api/DaemonCommandExecution;)V+49
j  org.gradle.launcher.daemon.server.api.DaemonCommandExecution.proceed()Z+28
j  org.gradle.launcher.daemon.server.exec.WatchForDisconnection.execute(Lorg/gradle/launcher/daemon/server/api/DaemonCommandExecution;)V+19
j  org.gradle.launcher.daemon.server.api.DaemonCommandExecution.proceed()Z+28
j  org.gradle.launcher.daemon.server.exec.ResetDeprecationLogger.execute(Lorg/gradle/launcher/daemon/server/api/DaemonCommandExecution;)V+4
j  org.gradle.launcher.daemon.server.api.DaemonCommandExecution.proceed()Z+28
j  org.gradle.launcher.daemon.server.exec.RequestStopIfSingleUsedDaemon.execute(Lorg/gradle/launcher/daemon/server/api/DaemonCommandExecution;)V+33
j  org.gradle.launcher.daemon.server.api.DaemonCommandExecution.proceed()Z+28
j  org.gradle.launcher.daemon.server.exec.ForwardClientInput$2.call()Ljava/lang/Void;+4
j  org.gradle.launcher.daemon.server.exec.ForwardClientInput$2.call()Ljava/lang/Object;+1
j  org.gradle.util.Swapper.swap(Ljava/lang/Object;Ljava/util/concurrent/Callable;)Ljava/lang/Object;+21
j  org.gradle.launcher.daemon.server.exec.ForwardClientInput.execute(Lorg/gradle/launcher/daemon/server/api/DaemonCommandExecution;)V+63
j  org.gradle.launcher.daemon.server.api.DaemonCommandExecution.proceed()Z+28
j  org.gradle.launcher.daemon.server.exec.LogAndCheckHealth.execute(Lorg/gradle/launcher/daemon/server/api/DaemonCommandExecution;)V+28
j  org.gradle.launcher.daemon.server.api.DaemonCommandExecution.proceed()Z+28
j  org.gradle.launcher.daemon.server.exec.LogToClient.doBuild(Lorg/gradle/launcher/daemon/server/api/DaemonCommandExecution;Lorg/gradle/launcher/daemon/protocol/Build;)V+87
j  org.gradle.launcher.daemon.server.exec.BuildCommandOnly.execute(Lorg/gradle/launcher/daemon/server/api/DaemonCommandExecution;)V+49
j  org.gradle.launcher.daemon.server.api.DaemonCommandExecution.proceed()Z+28
j  org.gradle.launcher.daemon.server.exec.EstablishBuildEnvironment.doBuild(Lorg/gradle/launcher/daemon/server/api/DaemonCommandExecution;Lorg/gradle/launcher/daemon/protocol/Build;)V+365
j  org.gradle.launcher.daemon.server.exec.BuildCommandOnly.execute(Lorg/gradle/launcher/daemon/server/api/DaemonCommandExecution;)V+49
j  org.gradle.launcher.daemon.server.api.DaemonCommandExecution.proceed()Z+28
j  org.gradle.launcher.daemon.server.exec.StartBuildOrRespondWithBusy$1.run()V+44
j  org.gradle.launcher.daemon.server.DaemonStateCoordinator$1.run()V+4
j  org.gradle.internal.concurrent.ExecutorPolicy$CatchAndRecordFailures.onExecute(Ljava/lang/Runnable;)V+1
j  org.gradle.internal.concurrent.ManagedExecutorImpl$1.run()V+25
j  java.util.concurrent.ThreadPoolExecutor.runWorker(Ljava/util/concurrent/ThreadPoolExecutor$Worker;)V+95
j  java.util.concurrent.ThreadPoolExecutor$Worker.run()V+5
j  org.gradle.internal.concurrent.ThreadFactoryImpl$ManagedThreadRunnable.run()V+7
j  java.lang.Thread.run()V+11
v  ~StubRoutines::call_stub

---------------  P R O C E S S  ---------------

Java Threads: ( => current thread )
  0x495be400 JavaThread "ForkJoinPool.commonPool-worker-1" daemon [_thread_blocked, id=4144, stack(0x4b8d0000,0x4b920000)]
  0x495bfc00 JavaThread "Worker Daemon Execution Thread 7" [_thread_blocked, id=4620, stack(0x4b840000,0x4b890000)]
  0x495bdc00 JavaThread "Java2D Disposer" daemon [_thread_blocked, id=1968, stack(0x4b7b0000,0x4b800000)]
  0x495bd800 JavaThread "Worker Daemon Execution Thread 6" [_thread_blocked, id=2980, stack(0x4b620000,0x4b670000)]
  0x495b9800 JavaThread "Worker Daemon Execution Thread 5" [_thread_blocked, id=2808, stack(0x4b490000,0x4b4e0000)]
  0x495bd000 JavaThread "Worker Daemon Execution Thread 4" [_thread_blocked, id=6864, stack(0x4b400000,0x4b450000)]
  0x495b9000 JavaThread "Worker Daemon Execution Thread 3" [_thread_blocked, id=680, stack(0x4b370000,0x4b3c0000)]
  0x495bcc00 JavaThread "Worker Daemon Execution Thread 2" [_thread_blocked, id=2532, stack(0x4b2e0000,0x4b330000)]
  0x495bb800 JavaThread "Worker Daemon Execution" [_thread_in_native, id=3236, stack(0x4b250000,0x4b2a0000)]
  0x495bb000 JavaThread "Task worker for ':' Thread 3" [_thread_blocked, id=5232, stack(0x4b0c0000,0x4b110000)]
  0x495bac00 JavaThread "Task worker for ':' Thread 2" [_thread_blocked, id=2584, stack(0x4b030000,0x4b080000)]
  0x495bc400 JavaThread "Task worker for ':'" [_thread_blocked, id=4624, stack(0x4aea0000,0x4aef0000)]
  0x495b8400 JavaThread "Cache worker for task history cache (C:\Users\Gulnar\AndroidStudioProjects\ENIS\.gradle\4.1\taskHistory)" [_thread_blocked, id=1116, stack(0x4ae10000,0x4ae60000)]
  0x495ba400 JavaThread "build operations Thread 4" [_thread_blocked, id=5148, stack(0x48920000,0x48970000)]
  0x495bbc00 JavaThread "build operations Thread 3" [_thread_blocked, id=1444, stack(0x48890000,0x488e0000)]
  0x495b8c00 JavaThread "build operations Thread 2" [_thread_blocked, id=3468, stack(0x48800000,0x48850000)]
  0x495ba000 JavaThread "build operations" [_thread_blocked, id=3372, stack(0x487b0000,0x48800000)]
  0x469ce000 JavaThread "Cache worker for Artifact transforms cache (C:\Users\Gulnar\.gradle\caches\transforms-1)" [_thread_blocked, id=5244, stack(0x47fe0000,0x48030000)]
  0x469ce800 JavaThread "Cache worker for file hash cache (C:\Users\Gulnar\AndroidStudioProjects\ENIS\.gradle\4.1\fileHashes)" [_thread_blocked, id=6892, stack(0x47b50000,0x47ba0000)]
  0x469cc400 JavaThread "Stdin handler" [_thread_blocked, id=3424, stack(0x467d0000,0x46820000)]
  0x469cdc00 JavaThread "Asynchronous log dispatcher for DefaultDaemonConnection: socket connection from /127.0.0.1:50204 to /127.0.0.1:50245" [_thread_blocked, id=5820, stack(0x00da0000,0x00df0000)]
  0x469cd400 JavaThread "Cancel handler" [_thread_blocked, id=1684, stack(0x00c80000,0x00cd0000)]
  0x469cf400 JavaThread "Handler for socket connection from /127.0.0.1:50204 to /127.0.0.1:50245" [_thread_in_native, id=1544, stack(0x00bf0000,0x00c40000)]
  0x469cf000 JavaThread "Memory manager" [_thread_blocked, id=1828, stack(0x48cb0000,0x48d00000)]
  0x469cd000 JavaThread "File lock request listener" [_thread_in_native, id=2292, stack(0x47ac0000,0x47b10000)]
  0x469cbc00 JavaThread "Cache worker for file hash cache (C:\Users\Gulnar\.gradle\caches\4.1\fileHashes)" [_thread_blocked, id=5528, stack(0x47a30000,0x47a80000)]
=>0x45f81400 JavaThread "Daemon worker" [_thread_in_native, id=6172, stack(0x00d10000,0x00d60000)]
  0x45ef1800 JavaThread "Daemon" [_thread_blocked, id=2844, stack(0x00b60000,0x00bb0000)]
  0x45ec2400 JavaThread "Daemon periodic checks" [_thread_blocked, id=2112, stack(0x00ad0000,0x00b20000)]
  0x45e9ac00 JavaThread "Incoming local TCP Connector on port 50204" [_thread_in_native, id=4668, stack(0x00a40000,0x00a90000)]
  0x45e40000 JavaThread "Daemon health stats" [_thread_blocked, id=360, stack(0x009b0000,0x00a00000)]
  0x01d17400 JavaThread "Service Thread" daemon [_thread_blocked, id=5000, stack(0x00890000,0x008e0000)]
  0x01cfd800 JavaThread "C1 CompilerThread0" daemon [_thread_in_vm, id=4748, stack(0x00800000,0x00850000)]
  0x01cfcc00 JavaThread "Attach Listener" daemon [_thread_blocked, id=2864, stack(0x00770000,0x007c0000)]
  0x01cebc00 JavaThread "Signal Dispatcher" daemon [_thread_blocked, id=4856, stack(0x006e0000,0x00730000)]
  0x01ce9c00 JavaThread "Finalizer" daemon [_thread_blocked, id=6476, stack(0x00650000,0x006a0000)]
  0x01ce3c00 JavaThread "Reference Handler" daemon [_thread_blocked, id=4828, stack(0x005c0000,0x00610000)]
  0x014fd400 JavaThread "main" [_thread_blocked, id=4220, stack(0x004a0000,0x004f0000)]

Other Threads:
  0x0138e800 VMThread [stack: 0x00530000,0x00580000] [id=5400]
  0x01d23800 WatcherThread [stack: 0x00920000,0x00970000] [id=6884]

VM state:not at safepoint (normal execution)

VM Mutex/Monitor currently owned by a thread: None

Heap:
 def new generation   total 32640K, used 4328K [0x05400000, 0x07760000, 0x1a950000)
  eden space 29056K,   5% used [0x05400000, 0x055788e8, 0x07060000)
  from space 3584K,  78% used [0x07060000, 0x07321800, 0x073e0000)
  to   space 3584K,   0% used [0x073e0000, 0x073e0000, 0x07760000)
 tenured generation   total 72296K, used 57190K [0x1a950000, 0x1efea000, 0x45400000)
   the space 72296K,  79% used [0x1a950000, 0x1e129900, 0x1e129a00, 0x1efea000)
 Metaspace       used 41778K, capacity 43188K, committed 43264K, reserved 43392K

Card table byte_map: [0x01500000,0x01710000] byte_map_base: 0x014d6000

Polling page: 0x00f10000

CodeCache: size=32768Kb used=7590Kb max_used=7804Kb free=25177Kb
 bounds [0x03400000, 0x03ba8000, 0x05400000]
 total_blobs=4685 nmethods=4186 adapters=428
 compilation: enabled

Compilation events (10 events):
Event: 29.631 Thread 0x01cfd800 nmethod 4990 0x03501348 code [0x03501450, 0x0350151c]
Event: 29.633 Thread 0x01cfd800 4991             com.android.utils.PositionXmlParser::getPositionHelper (757 bytes)
Event: 29.637 Thread 0x01cfd800 nmethod 4991 0x03b7a108 code [0x03b7a4f0, 0x03b7ba88]
Event: 29.637 Thread 0x01cfd800 4992             com.android.ide.common.blame.SourceFilePosition::equals (55 bytes)
Event: 29.638 Thread 0x01cfd800 nmethod 4992 0x03500ec8 code [0x03500fe0, 0x035011d8]
Event: 29.646 Thread 0x01cfd800 4993             com.sun.imageio.plugins.png.PNGImageWriter::initializeScaleTables (329 bytes)
Event: 29.647 Thread 0x01cfd800 nmethod 4993 0x036a76c8 code [0x036a7840, 0x036a817c]
Event: 29.651 Thread 0x01cfd800 4994             java.awt.image.SinglePixelPackedSampleModel::getPixels (227 bytes)
Event: 29.652 Thread 0x01cfd800 nmethod 4994 0x03770248 code [0x03770380, 0x03770728]
Event: 29.653 Thread 0x01cfd800 4995             java.awt.image.SinglePixelPackedSampleModel::<init> (277 bytes)

GC Heap History (10 events):
Event: 26.799 GC heap before
{Heap before GC invocations=102 (full 5):
 def new generation   total 32640K, used 32640K [0x05400000, 0x07760000, 0x1a950000)
  eden space 29056K, 100% used [0x05400000, 0x07060000, 0x07060000)
  from space 3584K, 100% used [0x07060000, 0x073e0000, 0x073e0000)
  to   space 3584K,   0% used [0x073e0000, 0x073e0000, 0x07760000)
 tenured generation   total 72296K, used 43908K [0x1a950000, 0x1efea000, 0x45400000)
   the space 72296K,  60% used [0x1a950000, 0x1d431250, 0x1d431400, 0x1efea000)
 Metaspace       used 39323K, capacity 40643K, committed 40704K, reserved 41344K
Event: 26.823 GC heap after
Heap after GC invocations=103 (full 5):
 def new generation   total 32640K, used 2149K [0x05400000, 0x07760000, 0x1a950000)
  eden space 29056K,   0% used [0x05400000, 0x05400000, 0x07060000)
  from space 3584K,  59% used [0x073e0000, 0x075f9628, 0x07760000)
  to   space 3584K,   0% used [0x07060000, 0x07060000, 0x073e0000)
 tenured generation   total 72296K, used 46185K [0x1a950000, 0x1efea000, 0x45400000)
   the space 72296K,  63% used [0x1a950000, 0x1d66a670, 0x1d66a800, 0x1efea000)
 Metaspace       used 39323K, capacity 40643K, committed 40704K, reserved 41344K
}
Event: 27.558 GC heap before
{Heap before GC invocations=103 (full 5):
 def new generation   total 32640K, used 31205K [0x05400000, 0x07760000, 0x1a950000)
  eden space 29056K, 100% used [0x05400000, 0x07060000, 0x07060000)
  from space 3584K,  59% used [0x073e0000, 0x075f9628, 0x07760000)
  to   space 3584K,   0% used [0x07060000, 0x07060000, 0x073e0000)
 tenured generation   total 72296K, used 46185K [0x1a950000, 0x1efea000, 0x45400000)
   the space 72296K,  63% used [0x1a950000, 0x1d66a670, 0x1d66a800, 0x1efea000)
 Metaspace       used 39348K, capacity 40715K, committed 40832K, reserved 41344K
Event: 27.570 GC heap after
Heap after GC invocations=104 (full 5):
 def new generation   total 32640K, used 1113K [0x05400000, 0x07760000, 0x1a950000)
  eden space 29056K,   0% used [0x05400000, 0x05400000, 0x07060000)
  from space 3584K,  31% used [0x07060000, 0x07176438, 0x073e0000)
  to   space 3584K,   0% used [0x073e0000, 0x073e0000, 0x07760000)
 tenured generation   total 72296K, used 48302K [0x1a950000, 0x1efea000, 0x45400000)
   the space 72296K,  66% used [0x1a950000, 0x1d87b878, 0x1d87ba00, 0x1efea000)
 Metaspace       used 39348K, capacity 40715K, committed 40832K, reserved 41344K
}
Event: 27.936 GC heap before
{Heap before GC invocations=104 (full 5):
 def new generation   total 32640K, used 30169K [0x05400000, 0x07760000, 0x1a950000)
  eden space 29056K, 100% used [0x05400000, 0x07060000, 0x07060000)
  from space 3584K,  31% used [0x07060000, 0x07176438, 0x073e0000)
  to   space 3584K,   0% used [0x073e0000, 0x073e0000, 0x07760000)
 tenured generation   total 72296K, used 48302K [0x1a950000, 0x1efea000, 0x45400000)
   the space 72296K,  66% used [0x1a950000, 0x1d87b878, 0x1d87ba00, 0x1efea000)
 Metaspace       used 39421K, capacity 40762K, committed 40832K, reserved 41344K
Event: 27.955 GC heap after
Heap after GC invocations=105 (full 5):
 def new generation   total 32640K, used 2749K [0x05400000, 0x07760000, 0x1a950000)
  eden space 29056K,   0% used [0x05400000, 0x05400000, 0x07060000)
  from space 3584K,  76% used [0x073e0000, 0x0768f7e0, 0x07760000)
  to   space 3584K,   0% used [0x07060000, 0x07060000, 0x073e0000)
 tenured generation   total 72296K, used 48302K [0x1a950000, 0x1efea000, 0x45400000)
   the space 72296K,  66% used [0x1a950000, 0x1d87b878, 0x1d87ba00, 0x1efea000)
 Metaspace       used 39421K, capacity 40762K, committed 40832K, reserved 41344K
}
Event: 28.624 GC heap before
{Heap before GC invocations=105 (full 5):
 def new generation   total 32640K, used 31805K [0x05400000, 0x07760000, 0x1a950000)
  eden space 29056K, 100% used [0x05400000, 0x07060000, 0x07060000)
  from space 3584K,  76% used [0x073e0000, 0x0768f7e0, 0x07760000)
  to   space 3584K,   0% used [0x07060000, 0x07060000, 0x073e0000)
 tenured generation   total 72296K, used 48302K [0x1a950000, 0x1efea000, 0x45400000)
   the space 72296K,  66% used [0x1a950000, 0x1d87b878, 0x1d87ba00, 0x1efea000)
 Metaspace       used 40315K, capacity 41698K, committed 41728K, reserved 42368K
Event: 28.646 GC heap after
Heap after GC invocations=106 (full 5):
 def new generation   total 32640K, used 2917K [0x05400000, 0x07760000, 0x1a950000)
  eden space 29056K,   0% used [0x05400000, 0x05400000, 0x07060000)
  from space 3584K,  81% used [0x07060000, 0x07339420, 0x073e0000)
  to   space 3584K,   0% used [0x073e0000, 0x073e0000, 0x07760000)
 tenured generation   total 72296K, used 50913K [0x1a950000, 0x1efea000, 0x45400000)
   the space 72296K,  70% used [0x1a950000, 0x1db08440, 0x1db08600, 0x1efea000)
 Metaspace       used 40315K, capacity 41698K, committed 41728K, reserved 42368K
}
Event: 29.344 GC heap before
{Heap before GC invocations=106 (full 5):
 def new generation   total 32640K, used 31973K [0x05400000, 0x07760000, 0x1a950000)
  eden space 29056K, 100% used [0x05400000, 0x07060000, 0x07060000)
  from space 3584K,  81% used [0x07060000, 0x07339420, 0x073e0000)
  to   space 3584K,   0% used [0x073e0000, 0x073e0000, 0x07760000)
 tenured generation   total 72296K, used 50913K [0x1a950000, 0x1efea000, 0x45400000)
   the space 72296K,  70% used [0x1a950000, 0x1db08440, 0x1db08600, 0x1efea000)
 Metaspace       used 40336K, capacity 41698K, committed 41728K, reserved 42368K
Event: 29.371 GC heap after
Heap after GC invocations=107 (full 5):
 def new generation   total 32640K, used 3584K [0x05400000, 0x07760000, 0x1a950000)
  eden space 29056K,   0% used [0x05400000, 0x05400000, 0x07060000)
  from space 3584K, 100% used [0x073e0000, 0x07760000, 0x07760000)
  to   space 3584K,   0% used [0x07060000, 0x07060000, 0x073e0000)
 tenured generation   total 72296K, used 53656K [0x1a950000, 0x1efea000, 0x45400000)
   the space 72296K,  74% used [0x1a950000, 0x1ddb6150, 0x1ddb6200, 0x1efea000)
 Metaspace       used 40336K, capacity 41698K, committed 41728K, reserved 42368K
}

Deoptimization events (0 events):
No events

Internal exceptions (10 events):
Event: 29.478 Thread 0x45f81400 Exception <a 'java/lang/NoSuchMethodError': <clinit>> (0x05cd3360) thrown at [C:\re\workspace\8-2-build-windows-i586-cygwin\jdk8u112\7884\hotspot\src\share\vm\prims\jni.cpp, line 1613]
Event: 29.479 Thread 0x45f81400 Exception <a 'java/lang/NoSuchMethodError': <clinit>> (0x05cf9358) thrown at [C:\re\workspace\8-2-build-windows-i586-cygwin\jdk8u112\7884\hotspot\src\share\vm\prims\jni.cpp, line 1613]
Event: 29.479 Thread 0x45f81400 Exception <a 'java/lang/NoSuchMethodError': <clinit>> (0x05d01060) thrown at [C:\re\workspace\8-2-build-windows-i586-cygwin\jdk8u112\7884\hotspot\src\share\vm\prims\jni.cpp, line 1613]
Event: 29.479 Thread 0x45f81400 Exception <a 'java/lang/NoSuchMethodError': <clinit>> (0x05d043a8) thrown at [C:\re\workspace\8-2-build-windows-i586-cygwin\jdk8u112\7884\hotspot\src\share\vm\prims\jni.cpp, line 1613]
Event: 29.480 Thread 0x45f81400 Exception <a 'java/lang/NoSuchMethodError': <clinit>> (0x05d1ada8) thrown at [C:\re\workspace\8-2-build-windows-i586-cygwin\jdk8u112\7884\hotspot\src\share\vm\prims\jni.cpp, line 1613]
Event: 29.482 Thread 0x45f81400 Exception <a 'java/lang/NoSuchMethodError': <clinit>> (0x05d38200) thrown at [C:\re\workspace\8-2-build-windows-i586-cygwin\jdk8u112\7884\hotspot\src\share\vm\prims\jni.cpp, line 1613]
Event: 29.482 Thread 0x45f81400 Exception <a 'java/lang/NoSuchMethodError': <clinit>> (0x05d3b080) thrown at [C:\re\workspace\8-2-build-windows-i586-cygwin\jdk8u112\7884\hotspot\src\share\vm\prims\jni.cpp, line 1613]
Event: 29.483 Thread 0x45f81400 Exception <a 'java/lang/NoSuchMethodError': <clinit>> (0x05d4bfe0) thrown at [C:\re\workspace\8-2-build-windows-i586-cygwin\jdk8u112\7884\hotspot\src\share\vm\prims\jni.cpp, line 1613]
Event: 29.547 Thread 0x495bcc00 Exception <a 'java/io/FileNotFoundException'> (0x068b7780) thrown at [C:\re\workspace\8-2-build-windows-i586-cygwin\jdk8u112\7884\hotspot\src\share\vm\prims\jni.cpp, line 709]
Event: 29.568 Thread 0x495bcc00 Exception <a 'java/io/FileNotFoundException'> (0x06afdf50) thrown at [C:\re\workspace\8-2-build-windows-i586-cygwin\jdk8u112\7884\hotspot\src\share\vm\prims\jni.cpp, line 709]

Events (10 events):
Event: 29.651 loading class com/android/builder/internal/aapt/v2/AaptV2CommandBuilder
Event: 29.651 loading class com/android/builder/internal/aapt/v2/AaptV2CommandBuilder done
Event: 29.653 loading class com/android/tools/aapt2/Aapt2Result
Event: 29.653 loading class com/android/tools/aapt2/Aapt2Result done
Event: 29.653 loading class com/android/tools/aapt2/Aapt2Result$Builder
Event: 29.653 loading class com/android/tools/aapt2/Aapt2Result$Builder done
Event: 29.654 loading class com/android/tools/aapt2/AutoValue_Aapt2Result$Builder
Event: 29.654 loading class com/android/tools/aapt2/AutoValue_Aapt2Result$Builder done
Event: 29.654 loading class com/android/tools/aapt2/AutoValue_Aapt2Result
Event: 29.654 loading class com/android/tools/aapt2/AutoValue_Aapt2Result done


Dynamic libraries:
0x01150000 - 0x01183000 	C:\Program Files (x86)\Java\jdk1.8.0_112\bin\java.exe
0x76f70000 - 0x770df000 	C:\Windows\SYSTEM32\ntdll.dll
0x74990000 - 0x74ad0000 	C:\Windows\SYSTEM32\KERNEL32.DLL
0x74cc0000 - 0x74d97000 	C:\Windows\SYSTEM32\KERNELBASE.dll
0x6ca80000 - 0x6cb20000 	C:\Windows\system32\apphelp.dll
0x6bef0000 - 0x6c156000 	C:\Windows\AppPatch\AcGenral.DLL
0x74f60000 - 0x75023000 	C:\Windows\SYSTEM32\msvcrt.dll
0x747b0000 - 0x747f1000 	C:\Windows\SYSTEM32\sechost.dll
0x76e00000 - 0x76e1e000 	C:\Windows\SYSTEM32\SspiCli.dll
0x74760000 - 0x747a5000 	C:\Windows\SYSTEM32\SHLWAPI.dll
0x6c710000 - 0x6c7fd000 	C:\Windows\SYSTEM32\UxTheme.dll
0x75150000 - 0x752a3000 	C:\Windows\SYSTEM32\USER32.dll
0x75030000 - 0x7513c000 	C:\Windows\SYSTEM32\GDI32.dll
0x6d7f0000 - 0x6d813000 	C:\Windows\SYSTEM32\WINMM.dll
0x71bf0000 - 0x71c03000 	C:\Windows\SYSTEM32\samcli.dll
0x752b0000 - 0x753d9000 	C:\Windows\SYSTEM32\ole32.dll
0x74890000 - 0x74927000 	C:\Windows\SYSTEM32\OLEAUT32.dll
0x6bed0000 - 0x6bee7000 	C:\Windows\SYSTEM32\MSACM32.dll
0x74280000 - 0x74288000 	C:\Windows\SYSTEM32\VERSION.dll
0x759b0000 - 0x76c6b000 	C:\Windows\SYSTEM32\SHELL32.dll
0x74260000 - 0x7427b000 	C:\Windows\SYSTEM32\USERENV.dll
0x6beb0000 - 0x6beca000 	C:\Windows\SYSTEM32\dwmapi.dll
0x6bd60000 - 0x6beab000 	C:\Windows\SYSTEM32\urlmon.dll
0x76e20000 - 0x76e9c000 	C:\Windows\SYSTEM32\ADVAPI32.dll
0x72710000 - 0x72775000 	C:\Windows\SYSTEM32\WINSPOOL.DRV
0x6c9b0000 - 0x6c9c6000 	C:\Windows\SYSTEM32\MPR.dll
0x753e0000 - 0x7549a000 	C:\Windows\SYSTEM32\RPCRT4.dll
0x74750000 - 0x7475a000 	C:\Windows\SYSTEM32\CRYPTBASE.dll
0x74ad0000 - 0x74c4d000 	C:\Windows\SYSTEM32\combase.dll
0x6d7c0000 - 0x6d7e3000 	C:\Windows\SYSTEM32\WINMMBASE.dll
0x741f0000 - 0x741ff000 	C:\Windows\SYSTEM32\profapi.dll
0x6e740000 - 0x6e975000 	C:\Windows\SYSTEM32\iertutil.dll
0x6edd0000 - 0x6f07b000 	C:\Windows\SYSTEM32\WININET.dll
0x746f0000 - 0x74744000 	C:\Windows\SYSTEM32\bcryptPrimitives.dll
0x758e0000 - 0x7591c000 	C:\Windows\SYSTEM32\cfgmgr32.dll
0x6f480000 - 0x6f4a1000 	C:\Windows\SYSTEM32\DEVOBJ.dll
0x74160000 - 0x741eb000 	C:\Windows\SYSTEM32\SHCORE.DLL
0x75980000 - 0x759a7000 	C:\Windows\system32\IMM32.DLL
0x74e30000 - 0x74f42000 	C:\Windows\SYSTEM32\MSCTF.dll
0x6e980000 - 0x6eb86000 	C:\Windows\WinSxS\x86_microsoft.windows.common-controls_6595b64144ccf1df_6.0.9600.18006_none_a9ec6aab013aafee\COMCTL32.dll
0x74040000 - 0x740ff000 	C:\Program Files (x86)\Java\jdk1.8.0_112\jre\bin\msvcr100.dll
0x73540000 - 0x7390e000 	C:\Program Files (x86)\Java\jdk1.8.0_112\jre\bin\client\jvm.dll
0x6f080000 - 0x6f088000 	C:\Windows\SYSTEM32\WSOCK32.dll
0x74c70000 - 0x74c76000 	C:\Windows\SYSTEM32\PSAPI.DLL
0x74930000 - 0x7497f000 	C:\Windows\SYSTEM32\WS2_32.dll
0x75610000 - 0x75617000 	C:\Windows\SYSTEM32\NSI.dll
0x74150000 - 0x7415c000 	C:\Program Files (x86)\Java\jdk1.8.0_112\jre\bin\verify.dll
0x74010000 - 0x74031000 	C:\Program Files (x86)\Java\jdk1.8.0_112\jre\bin\java.dll
0x74130000 - 0x74143000 	C:\Program Files (x86)\Java\jdk1.8.0_112\jre\bin\zip.dll
0x73ff0000 - 0x74006000 	C:\Program Files (x86)\Java\jdk1.8.0_112\jre\bin\net.dll
0x739e0000 - 0x73a2b000 	C:\Windows\system32\mswsock.dll
0x73fe0000 - 0x73fef000 	C:\Program Files (x86)\Java\jdk1.8.0_112\jre\bin\nio.dll
0x73fc0000 - 0x73fd9000 	C:\Users\Gulnar\.gradle\native\25\windows-i386\native-platform.dll
0x73fb0000 - 0x73fba000 	C:\Program Files (x86)\Java\jdk1.8.0_112\jre\bin\management.dll
0x73de0000 - 0x73df9000 	C:\Windows\SYSTEM32\CRYPTSP.dll
0x73db0000 - 0x73de0000 	C:\Windows\system32\rsaenh.dll
0x73d90000 - 0x73dae000 	C:\Windows\SYSTEM32\bcrypt.dll
0x74330000 - 0x74350000 	C:\Windows\SYSTEM32\IPHLPAPI.DLL
0x74200000 - 0x74208000 	C:\Windows\SYSTEM32\WINNSI.DLL
0x739a0000 - 0x739b3000 	C:\Windows\SYSTEM32\dhcpcsvc6.DLL
0x739c0000 - 0x739d4000 	C:\Windows\SYSTEM32\dhcpcsvc.DLL
0x73f90000 - 0x73fb0000 	C:\Program Files (x86)\Java\jdk1.8.0_112\jre\bin\sunec.dll
0x73920000 - 0x7399e000 	C:\Windows\SYSTEM32\DNSAPI.dll
0x6df50000 - 0x6df58000 	C:\Windows\System32\rasadhlp.dll
0x6df00000 - 0x6df46000 	C:\Windows\System32\fwpuclnt.dll
0x73f80000 - 0x73f89000 	C:\Program Files (x86)\Java\jdk1.8.0_112\jre\bin\sunmscapi.dll
0x76c70000 - 0x76df8000 	C:\Windows\SYSTEM32\CRYPT32.dll
0x74980000 - 0x7498e000 	C:\Windows\SYSTEM32\MSASN1.dll
0x64b40000 - 0x64b58000 	C:\Users\Gulnar\AppData\Local\Temp\aapt2_5503853773593557797\libwinpthread-1.dll
0x63940000 - 0x63c05000 	C:\Users\Gulnar\AppData\Local\Temp\aapt2_5503853773593557797\libaapt2_jni.dll
0x73e10000 - 0x73f56000 	C:\Program Files (x86)\Java\jdk1.8.0_112\jre\bin\awt.dll
0x73d20000 - 0x73d44000 	C:\Program Files (x86)\Java\jdk1.8.0_112\jre\bin\dcpr.dll
0x69090000 - 0x691d1000 	C:\Windows\SYSTEM32\dbghelp.dll

VM Arguments:
jvm_args: -Xmx1536m -Dfile.encoding=windows-1251 -Duser.country=RU -Duser.language=ru -Duser.variant -Xmx1024M 
java_command: org.gradle.launcher.daemon.bootstrap.GradleDaemon 4.1
java_class_path (initial): C:\Users\Gulnar\.gradle\wrapper\dists\gradle-4.1-all\bzyivzo6n839fup2jbap0tjew\gradle-4.1\lib\gradle-launcher-4.1.jar
Launcher Type: SUN_STANDARD

Environment Variables:
_JAVA_OPTIONS=-Xmx1024M
PATH=C:\ProgramData\Oracle\Java\javapath;C:\Program Files\Broadcom\Broadcom 802.11 Network Adapter;C:\Program Files (x86)\NVIDIA Corporation\PhysX\Common;C:\Program Files (x86)\Intel\iCLS Client\;C:\Program Files\Intel\iCLS Client\;C:\Windows\system32;C:\Windows;C:\Windows\System32\Wbem;C:\Windows\System32\WindowsPowerShell\v1.0\;C:\Program Files (x86)\Acer\abFiles\;C:\Program Files\Intel\Intel(R) Management Engine Components\DAL;C:\Program Files\Intel\Intel(R) Management Engine Components\IPT;C:\Program Files (x86)\Intel\Intel(R) Management Engine Components\DAL;C:\Program Files (x86)\Intel\Intel(R) Management Engine Components\IPT;C:\Program Files\WIDCOMM\Bluetooth Software\;C:\Program Files\WIDCOMM\Bluetooth Software\syswow64;C:\Program Files\Aladdin\eToken\PKIClient\x32;C:\Program Files\Aladdin\eToken\PKIClient\x64;C:\Program Files (x86)\IVI Foundation\VISA\WinNT\Bin;C:\Program Files\nodejs\;C:\Users\Gulnar\.dnx\bin;C:\Program Files\Microsoft DNX\Dnvm\;C:\Program Files\Microsoft SQL Server\130\Tools\Binn\;C:\Program Files (x86)\GtkSharp\2.12\bin;C:\Program Files (x86)\Skype\Phone\;C:\Program Files (x86)\Windows Kits\10\Windows Performance Toolkit\;C:\Program Files\dotnet\;C:\Program Files (x86)\Xoreax\IncrediBuild;C:\Users\Erzhan\AppData\Local\Programs\Git\cmd;C:\Program Files (x86)\Java\jdk1.8.0_112\bin\java.exe
USERNAME=Gulnar
OS=Windows_NT
PROCESSOR_IDENTIFIER=Intel64 Family 6 Model 69 Stepping 1, GenuineIntel



---------------  S Y S T E M  ---------------

OS: Windows 8.1 , 64 bit Build 9600 (6.3.9600.17415)

CPU:total 4 (2 cores per cpu, 2 threads per core) family 6 model 69 stepping 1, cmov, cx8, fxsr, mmx, sse, sse2, sse3, ssse3, sse4.1, sse4.2, popcnt, avx, avx2, aes, clmul, erms, lzcnt, ht, tsc, tscinvbit, bmi1, bmi2

Memory: 4k page, physical 6212888k(1783352k free), swap 7654680k(2633420k free)

vm_info: Java HotSpot(TM) Client VM (25.112-b15) for windows-x86 JRE (1.8.0_112-b15), built on Sep 22 2016 21:03:20 by "java_re" with MS VC++ 10.0 (VS2010)

time: Sat Sep 30 19:21:32 2017
elapsed time: 29 seconds (0d 0h 0m 29s)

