#
# A fatal error has been detected by the Java Runtime Environment:
#
#  EXCEPTION_ACCESS_VIOLATION (0xc0000005) at pc=0x4a758400, pid=3988, tid=0x00001b60
#
# JRE version: Java(TM) SE Runtime Environment (8.0_112-b15) (build 1.8.0_112-b15)
# Java VM: Java HotSpot(TM) Client VM (25.112-b15 mixed mode windows-x86 )
# Problematic frame:
# C  0x4a758400
#
# Failed to write core dump. Minidumps are not enabled by default on client versions of Windows
#
# If you would like to submit a bug report, please visit:
#   http://bugreport.java.com/bugreport/crash.jsp
# The crash happened outside the Java Virtual Machine in native code.
# See problematic frame for where to report the bug.
#

---------------  T H R E A D  ---------------

Current thread (0x4a43f000):  JavaThread "ForkJoinPool.commonPool-worker-1" daemon [_thread_in_native, id=7008, stack(0x4c710000,0x4c760000)]

siginfo: ExceptionCode=0xc0000005, ExceptionInformation=0x00000008 0x4a758400

Registers:
EAX=0x00000004, EBX=0x4a43f140, ECX=0x00000000, EDX=0x487f915c
ESP=0x4c75f568, EBP=0x4c75f598, ESI=0x4c75f5b8, EDI=0x47969bd0
EIP=0x4a758400, EFLAGS=0x00010212

Top of Stack: (sp=0x4c75f568)
0x4c75f568:   4c75f650 00000000 73818e1c 73818efc
0x4c75f578:   4a506820 00000000 00000002 4a46ccb4
0x4c75f588:   4bf61960 4bf61960 4c75f5c4 4c75f5d0
0x4c75f598:   4c75f5f8 6396753d 4a758488 4a46c8c0
0x4c75f5a8:   4a46c8c8 4a46ccb4 000003ec 0344c174
0x4c75f5b8:   00000000 00000000 00000000 4c75f5ec
0x4c75f5c8:   735c08f0 4a43f000 00000006 00000008
0x4c75f5d8:   4a43f000 4bf61958 4bf61960 4bf61960 

Instructions: (pc=0x4a758400)
0x4a7583e0:   d9 a4 3c 27 00 9e 03 88 0b 00 01 00 fd c3 09 16
0x4a7583f0:   73 65 72 69 61 6c 69 7a 65 72 73 00 00 00 00 00
0x4a758400:   25 a4 00 27 00 9f 03 88 0a 00 02 00 ed 20 3a 6f
0x4a758410:   73 74 61 72 74 4c 69 6e 65 73 6c 65 00 00 00 00 


Register to memory mapping:

EAX=0x00000004 is an unknown value
EBX=0x4a43f140 is an unknown value
ECX=0x00000000 is an unknown value
EDX=0x487f915c is an unknown value
ESP=0x4c75f568 is pointing into the stack for thread: 0x4a43f000
EBP=0x4c75f598 is pointing into the stack for thread: 0x4a43f000
ESI=0x4c75f5b8 is pointing into the stack for thread: 0x4a43f000
EDI=0x47969bd0 is an unknown value


Stack: [0x4c710000,0x4c760000],  sp=0x4c75f568,  free space=317k
Native frames: (J=compiled Java code, j=interpreted, Vv=VM code, C=native code)
C  0x4a758400
C  [libaapt2_jni.dll+0x2753d]
j  com.android.tools.aapt2.Aapt2Jni.nativeCompile(Ljava/util/List;Lcom/android/tools/aapt2/Aapt2JniLogCallback;)I+0
j  com.android.tools.aapt2.Aapt2Jni.compile(Ljava/util/List;)Lcom/android/tools/aapt2/Aapt2Result;+6
j  com.android.builder.internal.aapt.v2.AaptV2Jni.lambda$compile$0(Lcom/android/ide/common/res2/CompileResourceRequest;)Ljava/io/File;+10
j  com.android.builder.internal.aapt.v2.AaptV2Jni$$Lambda$287.call()Ljava/lang/Object;+8
j  java.util.concurrent.ForkJoinTask$AdaptedCallable.exec()Z+5
j  java.util.concurrent.ForkJoinTask.doExec()I+10
j  java.util.concurrent.ForkJoinPool$WorkQueue.runTask(Ljava/util/concurrent/ForkJoinTask;)V+21
j  java.util.concurrent.ForkJoinPool.runWorker(Ljava/util/concurrent/ForkJoinPool$WorkQueue;)V+35
j  java.util.concurrent.ForkJoinWorkerThread.run()V+24
v  ~StubRoutines::call_stub
V  [jvm.dll+0x15a945]
V  [jvm.dll+0x220d0e]
V  [jvm.dll+0x15a9de]
V  [jvm.dll+0x15ab66]
V  [jvm.dll+0x15abd7]
V  [jvm.dll+0xfeeaf]
V  [jvm.dll+0x17d670]
V  [jvm.dll+0x17deea]
V  [jvm.dll+0x1c2986]
C  [msvcr100.dll+0x5c556]
C  [msvcr100.dll+0x5c600]
C  [KERNEL32.DLL+0x17c04]
C  [ntdll.dll+0x5ad2f]
C  [ntdll.dll+0x5acfa]
C  0x00000000

Java frames: (J=compiled Java code, j=interpreted, Vv=VM code)
j  com.android.tools.aapt2.Aapt2Jni.nativeCompile(Ljava/util/List;Lcom/android/tools/aapt2/Aapt2JniLogCallback;)I+0
j  com.android.tools.aapt2.Aapt2Jni.compile(Ljava/util/List;)Lcom/android/tools/aapt2/Aapt2Result;+6
j  com.android.builder.internal.aapt.v2.AaptV2Jni.lambda$compile$0(Lcom/android/ide/common/res2/CompileResourceRequest;)Ljava/io/File;+10
j  com.android.builder.internal.aapt.v2.AaptV2Jni$$Lambda$287.call()Ljava/lang/Object;+8
j  java.util.concurrent.ForkJoinTask$AdaptedCallable.exec()Z+5
j  java.util.concurrent.ForkJoinTask.doExec()I+10
j  java.util.concurrent.ForkJoinPool$WorkQueue.runTask(Ljava/util/concurrent/ForkJoinTask;)V+21
j  java.util.concurrent.ForkJoinPool.runWorker(Ljava/util/concurrent/ForkJoinPool$WorkQueue;)V+35
j  java.util.concurrent.ForkJoinWorkerThread.run()V+24
v  ~StubRoutines::call_stub

---------------  P R O C E S S  ---------------

Java Threads: ( => current thread )
=>0x4a43f000 JavaThread "ForkJoinPool.commonPool-worker-1" daemon [_thread_in_native, id=7008, stack(0x4c710000,0x4c760000)]
  0x4a43ec00 JavaThread "Java2D Disposer" daemon [_thread_blocked, id=2096, stack(0x4c680000,0x4c6d0000)]
  0x4a43f800 JavaThread "Worker Daemon Execution Thread 7" [_thread_blocked, id=6040, stack(0x4c5f0000,0x4c640000)]
  0x4a43ac00 JavaThread "Worker Daemon Execution Thread 6" [_thread_blocked, id=6180, stack(0x4c460000,0x4c4b0000)]
  0x4a43e400 JavaThread "Worker Daemon Execution Thread 5" [_thread_blocked, id=2332, stack(0x4c2d0000,0x4c320000)]
  0x4a43e000 JavaThread "Worker Daemon Execution Thread 4" [_thread_blocked, id=3828, stack(0x4c240000,0x4c290000)]
  0x4a43b400 JavaThread "Worker Daemon Execution Thread 3" [_thread_blocked, id=6416, stack(0x4c1b0000,0x4c200000)]
  0x4a43d800 JavaThread "Worker Daemon Execution Thread 2" [_thread_blocked, id=3376, stack(0x4c120000,0x4c170000)]
  0x4a439800 JavaThread "Worker Daemon Execution" [_thread_blocked, id=4008, stack(0x4c090000,0x4c0e0000)]
  0x4a43a800 JavaThread "Task worker for ':' Thread 3" [_thread_blocked, id=4160, stack(0x4bf00000,0x4bf50000)]
  0x4a43d400 JavaThread "Task worker for ':' Thread 2" [_thread_blocked, id=5904, stack(0x4be70000,0x4bec0000)]
  0x4a43a000 JavaThread "Task worker for ':'" [_thread_blocked, id=3164, stack(0x4bde0000,0x4be30000)]
  0x4a439400 JavaThread "Cache worker for task history cache (C:\Games\AndroidStudioProjects\ENIS\.gradle\4.1\taskHistory)" [_thread_blocked, id=4948, stack(0x4bd50000,0x4bda0000)]
  0x4a43cc00 JavaThread "build operations Thread 4" [_thread_blocked, id=5012, stack(0x4b5c0000,0x4b610000)]
  0x4a43c000 JavaThread "build operations Thread 3" [_thread_blocked, id=7160, stack(0x4b530000,0x4b580000)]
  0x4a43b800 JavaThread "build operations Thread 2" [_thread_blocked, id=4724, stack(0x49840000,0x49890000)]
  0x4a43c400 JavaThread "build operations" [_thread_blocked, id=2636, stack(0x496b0000,0x49700000)]
  0x478e1000 JavaThread "Cache worker for Artifact transforms cache (C:\Users\Gulnar\.gradle\caches\transforms-1)" [_thread_blocked, id=5428, stack(0x49620000,0x49670000)]
  0x478e1800 JavaThread "Cache worker for file hash cache (C:\Games\AndroidStudioProjects\ENIS\.gradle\4.1\fileHashes)" [_thread_blocked, id=1524, stack(0x48f90000,0x48fe0000)]
  0x478e1c00 JavaThread "Stdin handler" [_thread_blocked, id=6320, stack(0x48f00000,0x48f50000)]
  0x478dec00 JavaThread "Asynchronous log dispatcher for DefaultDaemonConnection: socket connection from /127.0.0.1:50619 to /127.0.0.1:50654" [_thread_blocked, id=6120, stack(0x48a70000,0x48ac0000)]
  0x478e0c00 JavaThread "Cancel handler" [_thread_blocked, id=6484, stack(0x476f0000,0x47740000)]
  0x478dfc00 JavaThread "Handler for socket connection from /127.0.0.1:50619 to /127.0.0.1:50654" [_thread_in_native, id=5896, stack(0x47660000,0x476b0000)]
  0x478df000 JavaThread "Memory manager" [_thread_blocked, id=5316, stack(0x49dd0000,0x49e20000)]
  0x478e0400 JavaThread "File lock request listener" [_thread_in_native, id=2580, stack(0x489e0000,0x48a30000)]
  0x478de400 JavaThread "Cache worker for file hash cache (C:\Users\Gulnar\.gradle\caches\4.1\fileHashes)" [_thread_blocked, id=6300, stack(0x48950000,0x489a0000)]
  0x467e0c00 JavaThread "Daemon worker" [_thread_blocked, id=3028, stack(0x475d0000,0x47620000)]
  0x46743400 JavaThread "Daemon" [_thread_blocked, id=3320, stack(0x47420000,0x47470000)]
  0x46742c00 JavaThread "Daemon periodic checks" [_thread_blocked, id=6444, stack(0x47390000,0x473e0000)]
  0x4670b000 JavaThread "Incoming local TCP Connector on port 50619" [_thread_in_native, id=5548, stack(0x46e10000,0x46e60000)]
  0x466e4000 JavaThread "Daemon health stats" [_thread_blocked, id=7140, stack(0x46aa0000,0x46af0000)]
  0x01d02800 JavaThread "Service Thread" daemon [_thread_blocked, id=3508, stack(0x45b80000,0x45bd0000)]
  0x01d0a000 JavaThread "C1 CompilerThread0" daemon [_thread_blocked, id=2284, stack(0x45af0000,0x45b40000)]
  0x01d09000 JavaThread "Attach Listener" daemon [_thread_blocked, id=96, stack(0x45a60000,0x45ab0000)]
  0x01d07000 JavaThread "Signal Dispatcher" daemon [_thread_blocked, id=5436, stack(0x459d0000,0x45a20000)]
  0x01ce9c00 JavaThread "Finalizer" daemon [_thread_blocked, id=5292, stack(0x45860000,0x458b0000)]
  0x01ce3c00 JavaThread "Reference Handler" daemon [_thread_blocked, id=2056, stack(0x01f10000,0x01f60000)]
  0x0130d400 JavaThread "main" [_thread_blocked, id=2836, stack(0x01220000,0x01270000)]

Other Threads:
  0x018ae800 VMThread [stack: 0x014d0000,0x01520000] [id=1448]
  0x01d06400 WatcherThread [stack: 0x45c10000,0x45c60000] [id=568]

VM state:not at safepoint (normal execution)

VM Mutex/Monitor currently owned by a thread: None

Heap:
 def new generation   total 24320K, used 8693K [0x05400000, 0x06e60000, 0x1a950000)
  eden space 21632K,  31% used [0x05400000, 0x05aa57a8, 0x06920000)
  from space 2688K,  70% used [0x06920000, 0x06af7f38, 0x06bc0000)
  to   space 2688K,   0% used [0x06bc0000, 0x06bc0000, 0x06e60000)
 tenured generation   total 53740K, used 51977K [0x1a950000, 0x1ddcb000, 0x45400000)
   the space 53740K,  96% used [0x1a950000, 0x1dc12668, 0x1dc12800, 0x1ddcb000)
 Metaspace       used 39847K, capacity 41184K, committed 41216K, reserved 41344K

Card table byte_map: [0x01960000,0x01b70000] byte_map_base: 0x01936000

Polling page: 0x01200000

CodeCache: size=32768Kb used=6808Kb max_used=7164Kb free=25959Kb
 bounds [0x03400000, 0x03b08000, 0x05400000]
 total_blobs=4081 nmethods=3583 adapters=427
 compilation: enabled

Compilation events (10 events):
Event: 49.099 Thread 0x01d0a000 4821             com.sun.org.apache.xerces.internal.impl.XMLEntityScanner::scanChar (236 bytes)
Event: 49.099 Thread 0x01d0a000 nmethod 4821 0x037923c8 code [0x03792500, 0x03792770]
Event: 49.099 Thread 0x01d0a000 4822             com.sun.org.apache.xerces.internal.impl.XMLDocumentFragmentScannerImpl::seekCloseOfStartTag (136 bytes)
Event: 49.100 Thread 0x01d0a000 nmethod 4822 0x0391cbc8 code [0x0391cd50, 0x0391d1a4]
Event: 49.100 Thread 0x01d0a000 4823             com.android.ide.common.vectordrawable.PathParser::extract (175 bytes)
Event: 49.101 Thread 0x01d0a000 nmethod 4823 0x0391c648 code [0x0391c750, 0x0391c98c]
Event: 49.101 Thread 0x01d0a000 4824             com.android.ide.common.vectordrawable.PathParser::nextStart (60 bytes)
Event: 49.101 Thread 0x01d0a000 nmethod 4824 0x03791fc8 code [0x037920d0, 0x0379225c]
Event: 49.101 Thread 0x01d0a000 4825             java.util.HashMap::clear (50 bytes)
Event: 49.101 Thread 0x01d0a000 nmethod 4825 0x03abc9c8 code [0x03abcac0, 0x03abcb90]

GC Heap History (10 events):
Event: 46.692 GC heap before
{Heap before GC invocations=111 (full 5):
 def new generation   total 24320K, used 22158K [0x05400000, 0x06e60000, 0x1a950000)
  eden space 21632K, 100% used [0x05400000, 0x06920000, 0x06920000)
  from space 2688K,  19% used [0x06bc0000, 0x06c43878, 0x06e60000)
  to   space 2688K,   0% used [0x06920000, 0x06920000, 0x06bc0000)
 tenured generation   total 53740K, used 42505K [0x1a950000, 0x1ddcb000, 0x45400000)
   the space 53740K,  79% used [0x1a950000, 0x1d2d26b0, 0x1d2d2800, 0x1ddcb000)
 Metaspace       used 37337K, capacity 38627K, committed 38656K, reserved 39296K
Event: 46.699 GC heap after
Heap after GC invocations=112 (full 5):
 def new generation   total 24320K, used 1425K [0x05400000, 0x06e60000, 0x1a950000)
  eden space 21632K,   0% used [0x05400000, 0x05400000, 0x06920000)
  from space 2688K,  53% used [0x06920000, 0x06a846e0, 0x06bc0000)
  to   space 2688K,   0% used [0x06bc0000, 0x06bc0000, 0x06e60000)
 tenured generation   total 53740K, used 42505K [0x1a950000, 0x1ddcb000, 0x45400000)
   the space 53740K,  79% used [0x1a950000, 0x1d2d26b0, 0x1d2d2800, 0x1ddcb000)
 Metaspace       used 37337K, capacity 38627K, committed 38656K, reserved 39296K
}
Event: 47.098 GC heap before
{Heap before GC invocations=112 (full 5):
 def new generation   total 24320K, used 23057K [0x05400000, 0x06e60000, 0x1a950000)
  eden space 21632K, 100% used [0x05400000, 0x06920000, 0x06920000)
  from space 2688K,  53% used [0x06920000, 0x06a846e0, 0x06bc0000)
  to   space 2688K,   0% used [0x06bc0000, 0x06bc0000, 0x06e60000)
 tenured generation   total 53740K, used 42505K [0x1a950000, 0x1ddcb000, 0x45400000)
   the space 53740K,  79% used [0x1a950000, 0x1d2d26b0, 0x1d2d2800, 0x1ddcb000)
 Metaspace       used 37931K, capacity 39229K, committed 39296K, reserved 39296K
Event: 47.113 GC heap after
Heap after GC invocations=113 (full 5):
 def new generation   total 24320K, used 2688K [0x05400000, 0x06e60000, 0x1a950000)
  eden space 21632K,   0% used [0x05400000, 0x05400000, 0x06920000)
  from space 2688K, 100% used [0x06bc0000, 0x06e60000, 0x06e60000)
  to   space 2688K,   0% used [0x06920000, 0x06920000, 0x06bc0000)
 tenured generation   total 53740K, used 43867K [0x1a950000, 0x1ddcb000, 0x45400000)
   the space 53740K,  81% used [0x1a950000, 0x1d426e20, 0x1d427000, 0x1ddcb000)
 Metaspace       used 37931K, capacity 39229K, committed 39296K, reserved 39296K
}
Event: 48.135 GC heap before
{Heap before GC invocations=113 (full 5):
 def new generation   total 24320K, used 24320K [0x05400000, 0x06e60000, 0x1a950000)
  eden space 21632K, 100% used [0x05400000, 0x06920000, 0x06920000)
  from space 2688K, 100% used [0x06bc0000, 0x06e60000, 0x06e60000)
  to   space 2688K,   0% used [0x06920000, 0x06920000, 0x06bc0000)
 tenured generation   total 53740K, used 43867K [0x1a950000, 0x1ddcb000, 0x45400000)
   the space 53740K,  81% used [0x1a950000, 0x1d426e20, 0x1d427000, 0x1ddcb000)
 Metaspace       used 38386K, capacity 39692K, committed 39808K, reserved 40320K
Event: 48.150 GC heap after
Heap after GC invocations=114 (full 5):
 def new generation   total 24320K, used 1594K [0x05400000, 0x06e60000, 0x1a950000)
  eden space 21632K,   0% used [0x05400000, 0x05400000, 0x06920000)
  from space 2688K,  59% used [0x06920000, 0x06aaea50, 0x06bc0000)
  to   space 2688K,   0% used [0x06bc0000, 0x06bc0000, 0x06e60000)
 tenured generation   total 53740K, used 46543K [0x1a950000, 0x1ddcb000, 0x45400000)
   the space 53740K,  86% used [0x1a950000, 0x1d6c3e68, 0x1d6c4000, 0x1ddcb000)
 Metaspace       used 38386K, capacity 39692K, committed 39808K, reserved 40320K
}
Event: 48.287 GC heap before
{Heap before GC invocations=114 (full 5):
 def new generation   total 24320K, used 23226K [0x05400000, 0x06e60000, 0x1a950000)
  eden space 21632K, 100% used [0x05400000, 0x06920000, 0x06920000)
  from space 2688K,  59% used [0x06920000, 0x06aaea50, 0x06bc0000)
  to   space 2688K,   0% used [0x06bc0000, 0x06bc0000, 0x06e60000)
 tenured generation   total 53740K, used 46543K [0x1a950000, 0x1ddcb000, 0x45400000)
   the space 53740K,  86% used [0x1a950000, 0x1d6c3e68, 0x1d6c4000, 0x1ddcb000)
 Metaspace       used 38386K, capacity 39692K, committed 39808K, reserved 40320K
Event: 48.305 GC heap after
Heap after GC invocations=115 (full 5):
 def new generation   total 24320K, used 2688K [0x05400000, 0x06e60000, 0x1a950000)
  eden space 21632K,   0% used [0x05400000, 0x05400000, 0x06920000)
  from space 2688K, 100% used [0x06bc0000, 0x06e60000, 0x06e60000)
  to   space 2688K,   0% used [0x06920000, 0x06920000, 0x06bc0000)
 tenured generation   total 53740K, used 49325K [0x1a950000, 0x1ddcb000, 0x45400000)
   the space 53740K,  91% used [0x1a950000, 0x1d97b6a0, 0x1d97b800, 0x1ddcb000)
 Metaspace       used 38386K, capacity 39692K, committed 39808K, reserved 40320K
}
Event: 48.451 GC heap before
{Heap before GC invocations=115 (full 5):
 def new generation   total 24320K, used 24320K [0x05400000, 0x06e60000, 0x1a950000)
  eden space 21632K, 100% used [0x05400000, 0x06920000, 0x06920000)
  from space 2688K, 100% used [0x06bc0000, 0x06e60000, 0x06e60000)
  to   space 2688K,   0% used [0x06920000, 0x06920000, 0x06bc0000)
 tenured generation   total 53740K, used 49325K [0x1a950000, 0x1ddcb000, 0x45400000)
   the space 53740K,  91% used [0x1a950000, 0x1d97b6a0, 0x1d97b800, 0x1ddcb000)
 Metaspace       used 39183K, capacity 40507K, committed 40576K, reserved 41344K
Event: 48.466 GC heap after
Heap after GC invocations=116 (full 5):
 def new generation   total 24320K, used 1887K [0x05400000, 0x06e60000, 0x1a950000)
  eden space 21632K,   0% used [0x05400000, 0x05400000, 0x06920000)
  from space 2688K,  70% used [0x06920000, 0x06af7f38, 0x06bc0000)
  to   space 2688K,   0% used [0x06bc0000, 0x06bc0000, 0x06e60000)
 tenured generation   total 53740K, used 51977K [0x1a950000, 0x1ddcb000, 0x45400000)
   the space 53740K,  96% used [0x1a950000, 0x1dc12668, 0x1dc12800, 0x1ddcb000)
 Metaspace       used 39183K, capacity 40507K, committed 40576K, reserved 41344K
}

Deoptimization events (0 events):
No events

Internal exceptions (10 events):
Event: 48.367 Thread 0x4a43d400 Exception <a 'java/lang/NoSuchMethodError': <clinit>> (0x05b16af0) thrown at [C:\re\workspace\8-2-build-windows-i586-cygwin\jdk8u112\7884\hotspot\src\share\vm\prims\jni.cpp, line 1613]
Event: 48.368 Thread 0x4a43d400 Exception <a 'java/lang/NoSuchMethodError': <clinit>> (0x05b32328) thrown at [C:\re\workspace\8-2-build-windows-i586-cygwin\jdk8u112\7884\hotspot\src\share\vm\prims\jni.cpp, line 1613]
Event: 48.368 Thread 0x4a43d400 Exception <a 'java/lang/NoSuchMethodError': <clinit>> (0x05b39a90) thrown at [C:\re\workspace\8-2-build-windows-i586-cygwin\jdk8u112\7884\hotspot\src\share\vm\prims\jni.cpp, line 1613]
Event: 48.368 Thread 0x4a43d400 Exception <a 'java/lang/NoSuchMethodError': <clinit>> (0x05b3c838) thrown at [C:\re\workspace\8-2-build-windows-i586-cygwin\jdk8u112\7884\hotspot\src\share\vm\prims\jni.cpp, line 1613]
Event: 48.369 Thread 0x4a43d400 Exception <a 'java/lang/NoSuchMethodError': <clinit>> (0x05b4f9e8) thrown at [C:\re\workspace\8-2-build-windows-i586-cygwin\jdk8u112\7884\hotspot\src\share\vm\prims\jni.cpp, line 1613]
Event: 48.369 Thread 0x4a43d400 Exception <a 'java/lang/NoSuchMethodError': <clinit>> (0x05b67da0) thrown at [C:\re\workspace\8-2-build-windows-i586-cygwin\jdk8u112\7884\hotspot\src\share\vm\prims\jni.cpp, line 1613]
Event: 48.369 Thread 0x4a43d400 Exception <a 'java/lang/NoSuchMethodError': <clinit>> (0x05b6a860) thrown at [C:\re\workspace\8-2-build-windows-i586-cygwin\jdk8u112\7884\hotspot\src\share\vm\prims\jni.cpp, line 1613]
Event: 48.370 Thread 0x4a43d400 Exception <a 'java/lang/NoSuchMethodError': <clinit>> (0x05b792f8) thrown at [C:\re\workspace\8-2-build-windows-i586-cygwin\jdk8u112\7884\hotspot\src\share\vm\prims\jni.cpp, line 1613]
Event: 48.433 Thread 0x4a439800 Exception <a 'java/io/FileNotFoundException'> (0x06416970) thrown at [C:\re\workspace\8-2-build-windows-i586-cygwin\jdk8u112\7884\hotspot\src\share\vm\prims\jni.cpp, line 709]
Event: 48.470 Thread 0x4a43d800 Exception <a 'java/io/FileNotFoundException'> (0x05453880) thrown at [C:\re\workspace\8-2-build-windows-i586-cygwin\jdk8u112\7884\hotspot\src\share\vm\prims\jni.cpp, line 709]

Events (10 events):
Event: 49.103 loading class com/android/tools/aapt2/Aapt2Result
Event: 49.103 loading class com/android/tools/aapt2/Aapt2Result done
Event: 49.103 loading class com/android/tools/aapt2/Aapt2Result$Builder
Event: 49.103 loading class com/android/tools/aapt2/Aapt2Result$Builder done
Event: 49.104 loading class com/android/tools/aapt2/AutoValue_Aapt2Result$Builder
Event: 49.104 loading class com/android/tools/aapt2/AutoValue_Aapt2Result$Builder done
Event: 49.104 loading class com/android/tools/aapt2/AutoValue_Aapt2Result
Event: 49.104 loading class com/android/tools/aapt2/AutoValue_Aapt2Result done
Event: 49.105 Executing VM operation: RevokeBias
Event: 49.105 Executing VM operation: RevokeBias done


Dynamic libraries:
0x01150000 - 0x01183000 	C:\Program Files (x86)\Java\jdk1.8.0_112\bin\java.exe
0x76f70000 - 0x770df000 	C:\Windows\SYSTEM32\ntdll.dll
0x74990000 - 0x74ad0000 	C:\Windows\SYSTEM32\KERNEL32.DLL
0x74cc0000 - 0x74d97000 	C:\Windows\SYSTEM32\KERNELBASE.dll
0x6ca80000 - 0x6cb20000 	C:\Windows\system32\apphelp.dll
0x6bef0000 - 0x6c156000 	C:\Windows\AppPatch\AcGenral.DLL
0x74f60000 - 0x75023000 	C:\Windows\SYSTEM32\msvcrt.dll
0x747b0000 - 0x747f1000 	C:\Windows\SYSTEM32\sechost.dll
0x76e00000 - 0x76e1e000 	C:\Windows\SYSTEM32\SspiCli.dll
0x74760000 - 0x747a5000 	C:\Windows\SYSTEM32\SHLWAPI.dll
0x6c710000 - 0x6c7fd000 	C:\Windows\SYSTEM32\UxTheme.dll
0x75150000 - 0x752a3000 	C:\Windows\SYSTEM32\USER32.dll
0x75030000 - 0x7513c000 	C:\Windows\SYSTEM32\GDI32.dll
0x6d7f0000 - 0x6d813000 	C:\Windows\SYSTEM32\WINMM.dll
0x71bf0000 - 0x71c03000 	C:\Windows\SYSTEM32\samcli.dll
0x752b0000 - 0x753d9000 	C:\Windows\SYSTEM32\ole32.dll
0x74890000 - 0x74927000 	C:\Windows\SYSTEM32\OLEAUT32.dll
0x6bed0000 - 0x6bee7000 	C:\Windows\SYSTEM32\MSACM32.dll
0x74280000 - 0x74288000 	C:\Windows\SYSTEM32\VERSION.dll
0x759b0000 - 0x76c6b000 	C:\Windows\SYSTEM32\SHELL32.dll
0x74260000 - 0x7427b000 	C:\Windows\SYSTEM32\USERENV.dll
0x6beb0000 - 0x6beca000 	C:\Windows\SYSTEM32\dwmapi.dll
0x6bd60000 - 0x6beab000 	C:\Windows\SYSTEM32\urlmon.dll
0x76e20000 - 0x76e9c000 	C:\Windows\SYSTEM32\ADVAPI32.dll
0x72710000 - 0x72775000 	C:\Windows\SYSTEM32\WINSPOOL.DRV
0x6c9b0000 - 0x6c9c6000 	C:\Windows\SYSTEM32\MPR.dll
0x753e0000 - 0x7549a000 	C:\Windows\SYSTEM32\RPCRT4.dll
0x74750000 - 0x7475a000 	C:\Windows\SYSTEM32\CRYPTBASE.dll
0x74ad0000 - 0x74c4d000 	C:\Windows\SYSTEM32\combase.dll
0x6d7c0000 - 0x6d7e3000 	C:\Windows\SYSTEM32\WINMMBASE.dll
0x741f0000 - 0x741ff000 	C:\Windows\SYSTEM32\profapi.dll
0x6e740000 - 0x6e975000 	C:\Windows\SYSTEM32\iertutil.dll
0x6edd0000 - 0x6f07b000 	C:\Windows\SYSTEM32\WININET.dll
0x746f0000 - 0x74744000 	C:\Windows\SYSTEM32\bcryptPrimitives.dll
0x758e0000 - 0x7591c000 	C:\Windows\SYSTEM32\cfgmgr32.dll
0x6f480000 - 0x6f4a1000 	C:\Windows\SYSTEM32\DEVOBJ.dll
0x74160000 - 0x741eb000 	C:\Windows\SYSTEM32\SHCORE.DLL
0x75980000 - 0x759a7000 	C:\Windows\system32\IMM32.DLL
0x74e30000 - 0x74f42000 	C:\Windows\SYSTEM32\MSCTF.dll
0x6e980000 - 0x6eb86000 	C:\Windows\WinSxS\x86_microsoft.windows.common-controls_6595b64144ccf1df_6.0.9600.18006_none_a9ec6aab013aafee\COMCTL32.dll
0x74040000 - 0x740ff000 	C:\Program Files (x86)\Java\jdk1.8.0_112\jre\bin\msvcr100.dll
0x73540000 - 0x7390e000 	C:\Program Files (x86)\Java\jdk1.8.0_112\jre\bin\client\jvm.dll
0x6f080000 - 0x6f088000 	C:\Windows\SYSTEM32\WSOCK32.dll
0x74c70000 - 0x74c76000 	C:\Windows\SYSTEM32\PSAPI.DLL
0x74930000 - 0x7497f000 	C:\Windows\SYSTEM32\WS2_32.dll
0x75610000 - 0x75617000 	C:\Windows\SYSTEM32\NSI.dll
0x74150000 - 0x7415c000 	C:\Program Files (x86)\Java\jdk1.8.0_112\jre\bin\verify.dll
0x74010000 - 0x74031000 	C:\Program Files (x86)\Java\jdk1.8.0_112\jre\bin\java.dll
0x74130000 - 0x74143000 	C:\Program Files (x86)\Java\jdk1.8.0_112\jre\bin\zip.dll
0x73ff0000 - 0x74006000 	C:\Program Files (x86)\Java\jdk1.8.0_112\jre\bin\net.dll
0x739e0000 - 0x73a2b000 	C:\Windows\system32\mswsock.dll
0x73fe0000 - 0x73fef000 	C:\Program Files (x86)\Java\jdk1.8.0_112\jre\bin\nio.dll
0x73fc0000 - 0x73fd9000 	C:\Users\Gulnar\.gradle\native\25\windows-i386\native-platform.dll
0x73fb0000 - 0x73fba000 	C:\Program Files (x86)\Java\jdk1.8.0_112\jre\bin\management.dll
0x73de0000 - 0x73df9000 	C:\Windows\SYSTEM32\CRYPTSP.dll
0x73db0000 - 0x73de0000 	C:\Windows\system32\rsaenh.dll
0x73d90000 - 0x73dae000 	C:\Windows\SYSTEM32\bcrypt.dll
0x74330000 - 0x74350000 	C:\Windows\SYSTEM32\IPHLPAPI.DLL
0x74200000 - 0x74208000 	C:\Windows\SYSTEM32\WINNSI.DLL
0x739a0000 - 0x739b3000 	C:\Windows\SYSTEM32\dhcpcsvc6.DLL
0x739c0000 - 0x739d4000 	C:\Windows\SYSTEM32\dhcpcsvc.DLL
0x64b40000 - 0x64b58000 	C:\Users\Gulnar\AppData\Local\Temp\aapt2_5932960429024469137\libwinpthread-1.dll
0x63940000 - 0x63c05000 	C:\Users\Gulnar\AppData\Local\Temp\aapt2_5932960429024469137\libaapt2_jni.dll
0x73e10000 - 0x73f56000 	C:\Program Files (x86)\Java\jdk1.8.0_112\jre\bin\awt.dll
0x73d20000 - 0x73d44000 	C:\Program Files (x86)\Java\jdk1.8.0_112\jre\bin\dcpr.dll
0x69090000 - 0x691d1000 	C:\Windows\SYSTEM32\dbghelp.dll

VM Arguments:
jvm_args: -Xmx1536m -Dfile.encoding=windows-1251 -Duser.country=RU -Duser.language=ru -Duser.variant -Xmx1024M 
java_command: org.gradle.launcher.daemon.bootstrap.GradleDaemon 4.1
java_class_path (initial): C:\Users\Gulnar\.gradle\wrapper\dists\gradle-4.1-all\bzyivzo6n839fup2jbap0tjew\gradle-4.1\lib\gradle-launcher-4.1.jar
Launcher Type: SUN_STANDARD

Environment Variables:
_JAVA_OPTIONS=-Xmx1024M
PATH=C:\ProgramData\Oracle\Java\javapath;C:\Program Files\Broadcom\Broadcom 802.11 Network Adapter;C:\Program Files (x86)\NVIDIA Corporation\PhysX\Common;C:\Program Files (x86)\Intel\iCLS Client\;C:\Program Files\Intel\iCLS Client\;C:\Windows\system32;C:\Windows;C:\Windows\System32\Wbem;C:\Windows\System32\WindowsPowerShell\v1.0\;C:\Program Files (x86)\Acer\abFiles\;C:\Program Files\Intel\Intel(R) Management Engine Components\DAL;C:\Program Files\Intel\Intel(R) Management Engine Components\IPT;C:\Program Files (x86)\Intel\Intel(R) Management Engine Components\DAL;C:\Program Files (x86)\Intel\Intel(R) Management Engine Components\IPT;C:\Program Files\WIDCOMM\Bluetooth Software\;C:\Program Files\WIDCOMM\Bluetooth Software\syswow64;C:\Program Files\Aladdin\eToken\PKIClient\x32;C:\Program Files\Aladdin\eToken\PKIClient\x64;C:\Program Files (x86)\IVI Foundation\VISA\WinNT\Bin;C:\Program Files\nodejs\;C:\Users\Gulnar\.dnx\bin;C:\Program Files\Microsoft DNX\Dnvm\;C:\Program Files\Microsoft SQL Server\130\Tools\Binn\;C:\Program Files (x86)\GtkSharp\2.12\bin;C:\Program Files (x86)\Skype\Phone\;C:\Program Files (x86)\Windows Kits\10\Windows Performance Toolkit\;C:\Program Files\dotnet\;C:\Program Files (x86)\Xoreax\IncrediBuild;C:\Users\Erzhan\AppData\Local\Programs\Git\cmd;C:\Program Files (x86)\Java\jdk1.8.0_112\bin\java.exe
USERNAME=Gulnar
OS=Windows_NT
PROCESSOR_IDENTIFIER=Intel64 Family 6 Model 69 Stepping 1, GenuineIntel



---------------  S Y S T E M  ---------------

OS: Windows 8.1 , 64 bit Build 9600 (6.3.9600.17415)

CPU:total 4 (2 cores per cpu, 2 threads per core) family 6 model 69 stepping 1, cmov, cx8, fxsr, mmx, sse, sse2, sse3, ssse3, sse4.1, sse4.2, popcnt, avx, avx2, aes, clmul, erms, lzcnt, ht, tsc, tscinvbit, bmi1, bmi2

Memory: 4k page, physical 6212888k(1423980k free), swap 7654680k(2589104k free)

vm_info: Java HotSpot(TM) Client VM (25.112-b15) for windows-x86 JRE (1.8.0_112-b15), built on Sep 22 2016 21:03:20 by "java_re" with MS VC++ 10.0 (VS2010)

time: Sat Sep 30 19:38:46 2017
elapsed time: 49 seconds (0d 0h 0m 49s)

