#
# A fatal error has been detected by the Java Runtime Environment:
#
#  EXCEPTION_ACCESS_VIOLATION (0xc0000005) at pc=0x49464a00, pid=5652, tid=0x00001954
#
# JRE version: Java(TM) SE Runtime Environment (8.0_112-b15) (build 1.8.0_112-b15)
# Java VM: Java HotSpot(TM) Client VM (25.112-b15 mixed mode windows-x86 )
# Problematic frame:
# C  0x49464a00
#
# Failed to write core dump. Minidumps are not enabled by default on client versions of Windows
#
# If you would like to submit a bug report, please visit:
#   http://bugreport.java.com/bugreport/crash.jsp
# The crash happened outside the Java Virtual Machine in native code.
# See problematic frame for where to report the bug.
#

---------------  T H R E A D  ---------------

Current thread (0x456f3400):  JavaThread "Task worker for ':' Thread 2" [_thread_in_native, id=6484, stack(0x4b880000,0x4b8d0000)]

siginfo: ExceptionCode=0xc0000005, ExceptionInformation=0x00000008 0x49464a00

Registers:
EAX=0x00000004, EBX=0x456f3540, ECX=0x00000000, EDX=0x49788d3c
ESP=0x4b8ce1f8, EBP=0x4b8ce228, ESI=0x4b8ce248, EDI=0x01739980
EIP=0x49464a00, EFLAGS=0x00010212

Top of Stack: (sp=0x4b8ce1f8)
0x4b8ce1f8:   4b8ce2d8 00000000 73818e1c 73818efc
0x4b8ce208:   49511848 00000000 00000002 4973a4f4
0x4b8ce218:   4b9707c8 4b9707c8 4b8ce254 4b8ce260
0x4b8ce228:   4b8ce288 6396753d 49464a30 4973a100
0x4b8ce238:   4973a108 4973a4f4 000003ec 0344c41f
0x4b8ce248:   00000000 00000000 00000000 4b8ce27c
0x4b8ce258:   735c08f0 456f3400 00000006 00000008
0x4b8ce268:   456f3400 4b9707c0 4b9707c8 4b9707c8 

Instructions: (pc=0x49464a00)
0x494649e0:   62 6c 65 00 09 00 01 00 83 d2 ad 5a 09 c6 03 88
0x494649f0:   02 00 00 00 10 a9 73 49 10 a9 73 49 18 a9 73 49
0x49464a00:   04 ad 73 49 ec 03 00 00 ff d2 d1 5a 09 c7 03 8c
0x49464a10:   00 00 00 00 ff ff ff ff 1c 4a 46 49 65 72 61 74 


Register to memory mapping:

EAX=0x00000004 is an unknown value
EBX=0x456f3540 is an unknown value
ECX=0x00000000 is an unknown value
EDX=0x49788d3c is an unknown value
ESP=0x4b8ce1f8 is pointing into the stack for thread: 0x456f3400
EBP=0x4b8ce228 is pointing into the stack for thread: 0x456f3400
ESI=0x4b8ce248 is pointing into the stack for thread: 0x456f3400
EDI=0x01739980 is an unknown value


Stack: [0x4b880000,0x4b8d0000],  sp=0x4b8ce1f8,  free space=312k
Native frames: (J=compiled Java code, j=interpreted, Vv=VM code, C=native code)
C  0x49464a00
C  [libaapt2_jni.dll+0x2753d]
j  com.android.tools.aapt2.Aapt2Jni.nativeCompile(Ljava/util/List;Lcom/android/tools/aapt2/Aapt2JniLogCallback;)I+0
j  com.android.tools.aapt2.Aapt2Jni.compile(Ljava/util/List;)Lcom/android/tools/aapt2/Aapt2Result;+6
j  com.android.builder.internal.aapt.v2.AaptV2Jni.lambda$compile$0(Lcom/android/ide/common/res2/CompileResourceRequest;)Ljava/io/File;+10
j  com.android.builder.internal.aapt.v2.AaptV2Jni$$Lambda$516.call()Ljava/lang/Object;+8
j  java.util.concurrent.ForkJoinTask$AdaptedCallable.exec()Z+5
j  java.util.concurrent.ForkJoinTask.doExec()I+10
j  java.util.concurrent.ForkJoinTask.externalInterruptibleAwaitDone()I+55
j  java.util.concurrent.ForkJoinTask.get()Ljava/lang/Object;+17
j  com.android.ide.common.res2.MergedResourceWriter.postWriteAction()V+635
j  com.android.ide.common.res2.MergeWriter.end()V+1
j  com.android.ide.common.res2.MergedResourceWriter.end()V+1
J 5974% C1 com.android.ide.common.res2.DataMerger.mergeData(Lcom/android/ide/common/res2/MergeConsumer;Z)V (603 bytes) @ 0x03c3cb8c [0x03c3c280+0x90c]
j  com.android.ide.common.res2.ResourceMerger.mergeData(Lcom/android/ide/common/res2/MergeConsumer;Z)V+7
j  com.android.build.gradle.tasks.MergeResources.doFullTaskAction()V+201
j  com.android.build.gradle.internal.tasks.IncrementalTask.taskAction(Lorg/gradle/api/tasks/incremental/IncrementalTaskInputs;)V+33
v  ~StubRoutines::call_stub
V  [jvm.dll+0x15a945]
V  [jvm.dll+0x220d0e]
V  [jvm.dll+0x15a9de]
V  [jvm.dll+0x167178]
V  [jvm.dll+0x1673e3]
V  [jvm.dll+0x103be3]
C  [java.dll+0x3b26]
J 3542 C1 sun.reflect.NativeMethodAccessorImpl.invoke(Ljava/lang/Object;[Ljava/lang/Object;)Ljava/lang/Object; (104 bytes) @ 0x03a25e24 [0x03a25b80+0x2a4]
J 470 C1 sun.reflect.DelegatingMethodAccessorImpl.invoke(Ljava/lang/Object;[Ljava/lang/Object;)Ljava/lang/Object; (10 bytes) @ 0x03537ac0 [0x03537a90+0x30]
J 469 C1 java.lang.reflect.Method.invoke(Ljava/lang/Object;[Ljava/lang/Object;)Ljava/lang/Object; (62 bytes) @ 0x035377d4 [0x03537700+0xd4]
j  org.gradle.internal.reflect.JavaMethod.invoke(Ljava/lang/Object;[Ljava/lang/Object;)Ljava/lang/Object;+6
j  org.gradle.api.internal.project.taskfactory.DefaultTaskClassInfoStore$IncrementalTaskAction.doExecute(Lorg/gradle/api/Task;Ljava/lang/String;)V+35
j  org.gradle.api.internal.project.taskfactory.DefaultTaskClassInfoStore$StandardTaskAction.execute(Lorg/gradle/api/Task;)V+32
j  org.gradle.api.internal.project.taskfactory.DefaultTaskClassInfoStore$StandardTaskAction.execute(Ljava/lang/Object;)V+5
j  org.gradle.api.internal.tasks.execution.ExecuteActionsTaskExecuter$1.run(Lorg/gradle/internal/operations/BuildOperationContext;)V+23
j  org.gradle.internal.progress.DefaultBuildOperationExecutor$RunnableBuildOperationWorker.execute(Lorg/gradle/internal/operations/RunnableBuildOperation;Lorg/gradle/internal/operations/BuildOperationContext;)V+2
j  org.gradle.internal.progress.DefaultBuildOperationExecutor$RunnableBuildOperationWorker.execute(Lorg/gradle/internal/operations/BuildOperation;Lorg/gradle/internal/operations/BuildOperationContext;)V+6
j  org.gradle.internal.progress.DefaultBuildOperationExecutor.execute(Lorg/gradle/internal/operations/BuildOperation;Lorg/gradle/internal/operations/BuildOperationWorker;Lorg/gradle/internal/progress/DefaultBuildOperationExecutor$DefaultBuildOperationState;)V+177
j  org.gradle.internal.progress.DefaultBuildOperationExecutor.run(Lorg/gradle/internal/operations/RunnableBuildOperation;)V+20
j  org.gradle.api.internal.tasks.execution.ExecuteActionsTaskExecuter.executeAction(Ljava/lang/String;Lorg/gradle/api/internal/TaskInternal;Lorg/gradle/api/internal/tasks/ContextAwareTaskAction;Lorg/gradle/api/internal/tasks/TaskExecutionContext;)V+23
j  org.gradle.api.internal.tasks.execution.ExecuteActionsTaskExecuter.executeActions(Lorg/gradle/api/internal/TaskInternal;Lorg/gradle/api/internal/tasks/TaskStateInternal;Lorg/gradle/api/internal/tasks/TaskExecutionContext;)Lorg/gradle/api/GradleException;+131
j  org.gradle.api.internal.tasks.execution.ExecuteActionsTaskExecuter.execute(Lorg/gradle/api/internal/TaskInternal;Lorg/gradle/api/internal/tasks/TaskStateInternal;Lorg/gradle/api/internal/tasks/TaskExecutionContext;)V+42
j  org.gradle.api.internal.tasks.execution.SkipUpToDateTaskExecuter.execute(Lorg/gradle/api/internal/TaskInternal;Lorg/gradle/api/internal/tasks/TaskStateInternal;Lorg/gradle/api/internal/tasks/TaskExecutionContext;)V+124
j  org.gradle.api.internal.tasks.execution.ResolveTaskOutputCachingStateExecuter.execute(Lorg/gradle/api/internal/TaskInternal;Lorg/gradle/api/internal/tasks/TaskStateInternal;Lorg/gradle/api/internal/tasks/TaskExecutionContext;)V+96
j  org.gradle.api.internal.tasks.execution.ValidatingTaskExecuter.execute(Lorg/gradle/api/internal/TaskInternal;Lorg/gradle/api/internal/tasks/TaskStateInternal;Lorg/gradle/api/internal/tasks/TaskExecutionContext;)V+215
j  org.gradle.api.internal.tasks.execution.SkipEmptySourceFilesTaskExecuter.execute(Lorg/gradle/api/internal/TaskInternal;Lorg/gradle/api/internal/tasks/TaskStateInternal;Lorg/gradle/api/internal/tasks/TaskExecutionContext;)V+335
j  org.gradle.api.internal.tasks.execution.ResolveTaskArtifactStateTaskExecuter.execute(Lorg/gradle/api/internal/TaskInternal;Lorg/gradle/api/internal/tasks/TaskStateInternal;Lorg/gradle/api/internal/tasks/TaskExecutionContext;)V+72
j  org.gradle.api.internal.tasks.execution.SkipTaskWithNoActionsExecuter.execute(Lorg/gradle/api/internal/TaskInternal;Lorg/gradle/api/internal/tasks/TaskStateInternal;Lorg/gradle/api/internal/tasks/TaskExecutionContext;)V+124
j  org.gradle.api.internal.tasks.execution.SkipOnlyIfTaskExecuter.execute(Lorg/gradle/api/internal/TaskInternal;Lorg/gradle/api/internal/tasks/TaskStateInternal;Lorg/gradle/api/internal/tasks/TaskExecutionContext;)V+85
j  org.gradle.api.internal.tasks.execution.ExecuteAtMostOnceTaskExecuter.execute(Lorg/gradle/api/internal/TaskInternal;Lorg/gradle/api/internal/tasks/TaskStateInternal;Lorg/gradle/api/internal/tasks/TaskExecutionContext;)V+26
j  org.gradle.api.internal.tasks.execution.CatchExceptionTaskExecuter.execute(Lorg/gradle/api/internal/TaskInternal;Lorg/gradle/api/internal/tasks/TaskStateInternal;Lorg/gradle/api/internal/tasks/TaskExecutionContext;)V+7
j  org.gradle.execution.taskgraph.DefaultTaskGraphExecuter$EventFiringTaskWorker$1.run(Lorg/gradle/internal/operations/BuildOperationContext;)V+56
j  org.gradle.internal.progress.DefaultBuildOperationExecutor$RunnableBuildOperationWorker.execute(Lorg/gradle/internal/operations/RunnableBuildOperation;Lorg/gradle/internal/operations/BuildOperationContext;)V+2
j  org.gradle.internal.progress.DefaultBuildOperationExecutor$RunnableBuildOperationWorker.execute(Lorg/gradle/internal/operations/BuildOperation;Lorg/gradle/internal/operations/BuildOperationContext;)V+6
j  org.gradle.internal.progress.DefaultBuildOperationExecutor.execute(Lorg/gradle/internal/operations/BuildOperation;Lorg/gradle/internal/operations/BuildOperationWorker;Lorg/gradle/internal/progress/DefaultBuildOperationExecutor$DefaultBuildOperationState;)V+177
j  org.gradle.internal.progress.DefaultBuildOperationExecutor.run(Lorg/gradle/internal/operations/RunnableBuildOperation;)V+20
j  org.gradle.execution.taskgraph.DefaultTaskGraphExecuter$EventFiringTaskWorker.execute(Lorg/gradle/api/internal/TaskInternal;)V+16
j  org.gradle.execution.taskgraph.DefaultTaskGraphExecuter$EventFiringTaskWorker.execute(Ljava/lang/Object;)V+5
j  org.gradle.execution.taskgraph.DefaultTaskPlanExecutor$TaskExecutorWorker.processTask(Lorg/gradle/execution/taskgraph/TaskInfo;)V+8
j  org.gradle.execution.taskgraph.DefaultTaskPlanExecutor$TaskExecutorWorker.access$200(Lorg/gradle/execution/taskgraph/DefaultTaskPlanExecutor$TaskExecutorWorker;Lorg/gradle/execution/taskgraph/TaskInfo;)V+2
j  org.gradle.execution.taskgraph.DefaultTaskPlanExecutor$TaskExecutorWorker$1.execute(Lorg/gradle/execution/taskgraph/TaskInfo;)V+38
j  org.gradle.execution.taskgraph.DefaultTaskPlanExecutor$TaskExecutorWorker$1.execute(Ljava/lang/Object;)V+5
j  org.gradle.execution.taskgraph.DefaultTaskExecutionPlan.execute(Lorg/gradle/execution/taskgraph/TaskInfo;Lorg/gradle/internal/work/WorkerLeaseRegistry$WorkerLease;Lorg/gradle/api/Action;)V+14
j  org.gradle.execution.taskgraph.DefaultTaskExecutionPlan.executeWithTask(Lorg/gradle/internal/work/WorkerLeaseRegistry$WorkerLease;Lorg/gradle/api/Action;)Z+53
j  org.gradle.execution.taskgraph.DefaultTaskPlanExecutor$TaskExecutorWorker.run()V+52
J 3787 C1 org.gradle.internal.concurrent.ExecutorPolicy$CatchAndRecordFailures.onExecute(Ljava/lang/Runnable;)V (29 bytes) @ 0x0368ea14 [0x0368e9e0+0x34]
j  org.gradle.internal.concurrent.ManagedExecutorImpl$1.run()V+25
j  java.util.concurrent.ThreadPoolExecutor.runWorker(Ljava/util/concurrent/ThreadPoolExecutor$Worker;)V+95
j  java.util.concurrent.ThreadPoolExecutor$Worker.run()V+5
j  org.gradle.internal.concurrent.ThreadFactoryImpl$ManagedThreadRunnable.run()V+7
j  java.lang.Thread.run()V+11
v  ~StubRoutines::call_stub
V  [jvm.dll+0x15a945]
V  [jvm.dll+0x220d0e]
V  [jvm.dll+0x15a9de]
V  [jvm.dll+0x15ab66]
V  [jvm.dll+0x15abd7]
V  [jvm.dll+0xfeeaf]
V  [jvm.dll+0x17d670]
V  [jvm.dll+0x17deea]
V  [jvm.dll+0x1c2986]
C  [msvcr100.dll+0x5c556]
C  [msvcr100.dll+0x5c600]
C  [KERNEL32.DLL+0x17c04]
C  [ntdll.dll+0x5ad2f]
C  [ntdll.dll+0x5acfa]
C  0x00000000

Java frames: (J=compiled Java code, j=interpreted, Vv=VM code)
j  com.android.tools.aapt2.Aapt2Jni.nativeCompile(Ljava/util/List;Lcom/android/tools/aapt2/Aapt2JniLogCallback;)I+0
j  com.android.tools.aapt2.Aapt2Jni.compile(Ljava/util/List;)Lcom/android/tools/aapt2/Aapt2Result;+6
j  com.android.builder.internal.aapt.v2.AaptV2Jni.lambda$compile$0(Lcom/android/ide/common/res2/CompileResourceRequest;)Ljava/io/File;+10
j  com.android.builder.internal.aapt.v2.AaptV2Jni$$Lambda$516.call()Ljava/lang/Object;+8
j  java.util.concurrent.ForkJoinTask$AdaptedCallable.exec()Z+5
j  java.util.concurrent.ForkJoinTask.doExec()I+10
j  java.util.concurrent.ForkJoinTask.externalInterruptibleAwaitDone()I+55
j  java.util.concurrent.ForkJoinTask.get()Ljava/lang/Object;+17
j  com.android.ide.common.res2.MergedResourceWriter.postWriteAction()V+635
j  com.android.ide.common.res2.MergeWriter.end()V+1
j  com.android.ide.common.res2.MergedResourceWriter.end()V+1
J 5974% C1 com.android.ide.common.res2.DataMerger.mergeData(Lcom/android/ide/common/res2/MergeConsumer;Z)V (603 bytes) @ 0x03c3cb8c [0x03c3c280+0x90c]
j  com.android.ide.common.res2.ResourceMerger.mergeData(Lcom/android/ide/common/res2/MergeConsumer;Z)V+7
j  com.android.build.gradle.tasks.MergeResources.doFullTaskAction()V+201
j  com.android.build.gradle.internal.tasks.IncrementalTask.taskAction(Lorg/gradle/api/tasks/incremental/IncrementalTaskInputs;)V+33
v  ~StubRoutines::call_stub
J 3543  sun.reflect.NativeMethodAccessorImpl.invoke0(Ljava/lang/reflect/Method;Ljava/lang/Object;[Ljava/lang/Object;)Ljava/lang/Object; (0 bytes) @ 0x03a258dd [0x03a25860+0x7d]
J 3542 C1 sun.reflect.NativeMethodAccessorImpl.invoke(Ljava/lang/Object;[Ljava/lang/Object;)Ljava/lang/Object; (104 bytes) @ 0x03a25e24 [0x03a25b80+0x2a4]
J 470 C1 sun.reflect.DelegatingMethodAccessorImpl.invoke(Ljava/lang/Object;[Ljava/lang/Object;)Ljava/lang/Object; (10 bytes) @ 0x03537ac0 [0x03537a90+0x30]
J 469 C1 java.lang.reflect.Method.invoke(Ljava/lang/Object;[Ljava/lang/Object;)Ljava/lang/Object; (62 bytes) @ 0x035377d4 [0x03537700+0xd4]
j  org.gradle.internal.reflect.JavaMethod.invoke(Ljava/lang/Object;[Ljava/lang/Object;)Ljava/lang/Object;+6
j  org.gradle.api.internal.project.taskfactory.DefaultTaskClassInfoStore$IncrementalTaskAction.doExecute(Lorg/gradle/api/Task;Ljava/lang/String;)V+35
j  org.gradle.api.internal.project.taskfactory.DefaultTaskClassInfoStore$StandardTaskAction.execute(Lorg/gradle/api/Task;)V+32
j  org.gradle.api.internal.project.taskfactory.DefaultTaskClassInfoStore$StandardTaskAction.execute(Ljava/lang/Object;)V+5
j  org.gradle.api.internal.tasks.execution.ExecuteActionsTaskExecuter$1.run(Lorg/gradle/internal/operations/BuildOperationContext;)V+23
j  org.gradle.internal.progress.DefaultBuildOperationExecutor$RunnableBuildOperationWorker.execute(Lorg/gradle/internal/operations/RunnableBuildOperation;Lorg/gradle/internal/operations/BuildOperationContext;)V+2
j  org.gradle.internal.progress.DefaultBuildOperationExecutor$RunnableBuildOperationWorker.execute(Lorg/gradle/internal/operations/BuildOperation;Lorg/gradle/internal/operations/BuildOperationContext;)V+6
j  org.gradle.internal.progress.DefaultBuildOperationExecutor.execute(Lorg/gradle/internal/operations/BuildOperation;Lorg/gradle/internal/operations/BuildOperationWorker;Lorg/gradle/internal/progress/DefaultBuildOperationExecutor$DefaultBuildOperationState;)V+177
j  org.gradle.internal.progress.DefaultBuildOperationExecutor.run(Lorg/gradle/internal/operations/RunnableBuildOperation;)V+20
j  org.gradle.api.internal.tasks.execution.ExecuteActionsTaskExecuter.executeAction(Ljava/lang/String;Lorg/gradle/api/internal/TaskInternal;Lorg/gradle/api/internal/tasks/ContextAwareTaskAction;Lorg/gradle/api/internal/tasks/TaskExecutionContext;)V+23
j  org.gradle.api.internal.tasks.execution.ExecuteActionsTaskExecuter.executeActions(Lorg/gradle/api/internal/TaskInternal;Lorg/gradle/api/internal/tasks/TaskStateInternal;Lorg/gradle/api/internal/tasks/TaskExecutionContext;)Lorg/gradle/api/GradleException;+131
j  org.gradle.api.internal.tasks.execution.ExecuteActionsTaskExecuter.execute(Lorg/gradle/api/internal/TaskInternal;Lorg/gradle/api/internal/tasks/TaskStateInternal;Lorg/gradle/api/internal/tasks/TaskExecutionContext;)V+42
j  org.gradle.api.internal.tasks.execution.SkipUpToDateTaskExecuter.execute(Lorg/gradle/api/internal/TaskInternal;Lorg/gradle/api/internal/tasks/TaskStateInternal;Lorg/gradle/api/internal/tasks/TaskExecutionContext;)V+124
j  org.gradle.api.internal.tasks.execution.ResolveTaskOutputCachingStateExecuter.execute(Lorg/gradle/api/internal/TaskInternal;Lorg/gradle/api/internal/tasks/TaskStateInternal;Lorg/gradle/api/internal/tasks/TaskExecutionContext;)V+96
j  org.gradle.api.internal.tasks.execution.ValidatingTaskExecuter.execute(Lorg/gradle/api/internal/TaskInternal;Lorg/gradle/api/internal/tasks/TaskStateInternal;Lorg/gradle/api/internal/tasks/TaskExecutionContext;)V+215
j  org.gradle.api.internal.tasks.execution.SkipEmptySourceFilesTaskExecuter.execute(Lorg/gradle/api/internal/TaskInternal;Lorg/gradle/api/internal/tasks/TaskStateInternal;Lorg/gradle/api/internal/tasks/TaskExecutionContext;)V+335
j  org.gradle.api.internal.tasks.execution.ResolveTaskArtifactStateTaskExecuter.execute(Lorg/gradle/api/internal/TaskInternal;Lorg/gradle/api/internal/tasks/TaskStateInternal;Lorg/gradle/api/internal/tasks/TaskExecutionContext;)V+72
j  org.gradle.api.internal.tasks.execution.SkipTaskWithNoActionsExecuter.execute(Lorg/gradle/api/internal/TaskInternal;Lorg/gradle/api/internal/tasks/TaskStateInternal;Lorg/gradle/api/internal/tasks/TaskExecutionContext;)V+124
j  org.gradle.api.internal.tasks.execution.SkipOnlyIfTaskExecuter.execute(Lorg/gradle/api/internal/TaskInternal;Lorg/gradle/api/internal/tasks/TaskStateInternal;Lorg/gradle/api/internal/tasks/TaskExecutionContext;)V+85
j  org.gradle.api.internal.tasks.execution.ExecuteAtMostOnceTaskExecuter.execute(Lorg/gradle/api/internal/TaskInternal;Lorg/gradle/api/internal/tasks/TaskStateInternal;Lorg/gradle/api/internal/tasks/TaskExecutionContext;)V+26
j  org.gradle.api.internal.tasks.execution.CatchExceptionTaskExecuter.execute(Lorg/gradle/api/internal/TaskInternal;Lorg/gradle/api/internal/tasks/TaskStateInternal;Lorg/gradle/api/internal/tasks/TaskExecutionContext;)V+7
j  org.gradle.execution.taskgraph.DefaultTaskGraphExecuter$EventFiringTaskWorker$1.run(Lorg/gradle/internal/operations/BuildOperationContext;)V+56
j  org.gradle.internal.progress.DefaultBuildOperationExecutor$RunnableBuildOperationWorker.execute(Lorg/gradle/internal/operations/RunnableBuildOperation;Lorg/gradle/internal/operations/BuildOperationContext;)V+2
j  org.gradle.internal.progress.DefaultBuildOperationExecutor$RunnableBuildOperationWorker.execute(Lorg/gradle/internal/operations/BuildOperation;Lorg/gradle/internal/operations/BuildOperationContext;)V+6
j  org.gradle.internal.progress.DefaultBuildOperationExecutor.execute(Lorg/gradle/internal/operations/BuildOperation;Lorg/gradle/internal/operations/BuildOperationWorker;Lorg/gradle/internal/progress/DefaultBuildOperationExecutor$DefaultBuildOperationState;)V+177
j  org.gradle.internal.progress.DefaultBuildOperationExecutor.run(Lorg/gradle/internal/operations/RunnableBuildOperation;)V+20
j  org.gradle.execution.taskgraph.DefaultTaskGraphExecuter$EventFiringTaskWorker.execute(Lorg/gradle/api/internal/TaskInternal;)V+16
j  org.gradle.execution.taskgraph.DefaultTaskGraphExecuter$EventFiringTaskWorker.execute(Ljava/lang/Object;)V+5
j  org.gradle.execution.taskgraph.DefaultTaskPlanExecutor$TaskExecutorWorker.processTask(Lorg/gradle/execution/taskgraph/TaskInfo;)V+8
j  org.gradle.execution.taskgraph.DefaultTaskPlanExecutor$TaskExecutorWorker.access$200(Lorg/gradle/execution/taskgraph/DefaultTaskPlanExecutor$TaskExecutorWorker;Lorg/gradle/execution/taskgraph/TaskInfo;)V+2
j  org.gradle.execution.taskgraph.DefaultTaskPlanExecutor$TaskExecutorWorker$1.execute(Lorg/gradle/execution/taskgraph/TaskInfo;)V+38
j  org.gradle.execution.taskgraph.DefaultTaskPlanExecutor$TaskExecutorWorker$1.execute(Ljava/lang/Object;)V+5
j  org.gradle.execution.taskgraph.DefaultTaskExecutionPlan.execute(Lorg/gradle/execution/taskgraph/TaskInfo;Lorg/gradle/internal/work/WorkerLeaseRegistry$WorkerLease;Lorg/gradle/api/Action;)V+14
j  org.gradle.execution.taskgraph.DefaultTaskExecutionPlan.executeWithTask(Lorg/gradle/internal/work/WorkerLeaseRegistry$WorkerLease;Lorg/gradle/api/Action;)Z+53
j  org.gradle.execution.taskgraph.DefaultTaskPlanExecutor$TaskExecutorWorker.run()V+52
J 3787 C1 org.gradle.internal.concurrent.ExecutorPolicy$CatchAndRecordFailures.onExecute(Ljava/lang/Runnable;)V (29 bytes) @ 0x0368ea14 [0x0368e9e0+0x34]
j  org.gradle.internal.concurrent.ManagedExecutorImpl$1.run()V+25
j  java.util.concurrent.ThreadPoolExecutor.runWorker(Ljava/util/concurrent/ThreadPoolExecutor$Worker;)V+95
j  java.util.concurrent.ThreadPoolExecutor$Worker.run()V+5
j  org.gradle.internal.concurrent.ThreadFactoryImpl$ManagedThreadRunnable.run()V+7
j  java.lang.Thread.run()V+11
v  ~StubRoutines::call_stub

---------------  P R O C E S S  ---------------

Java Threads: ( => current thread )
  0x4987dc00 JavaThread "ForkJoinPool.commonPool-worker-1" daemon [_thread_blocked, id=2096, stack(0x4c120000,0x4c170000)]
  0x4987b400 JavaThread "Java2D Disposer" daemon [_thread_blocked, id=3828, stack(0x4c090000,0x4c0e0000)]
  0x4987b000 JavaThread "Worker Daemon Execution Thread 7" [_thread_blocked, id=6416, stack(0x4c000000,0x4c050000)]
  0x4987e800 JavaThread "Worker Daemon Execution Thread 6" [_thread_blocked, id=3376, stack(0x4be70000,0x4bec0000)]
  0x4987e000 JavaThread "Worker Daemon Execution Thread 5" [_thread_blocked, id=4008, stack(0x4bce0000,0x4bd30000)]
  0x4987bc00 JavaThread "Worker Daemon Execution Thread 4" [_thread_blocked, id=5904, stack(0x4bc50000,0x4bca0000)]
  0x4987c800 JavaThread "Worker Daemon Execution Thread 3" [_thread_blocked, id=4160, stack(0x4bbc0000,0x4bc10000)]
  0x456f4000 JavaThread "Worker Daemon Execution Thread 2" [_thread_blocked, id=2636, stack(0x4bb30000,0x4bb80000)]
  0x456f3c00 JavaThread "Worker Daemon Execution" [_thread_blocked, id=4724, stack(0x4baa0000,0x4baf0000)]
  0x456f6000 JavaThread "Task worker for ':' Thread 3" [_thread_blocked, id=5012, stack(0x4b910000,0x4b960000)]
=>0x456f3400 JavaThread "Task worker for ':' Thread 2" [_thread_in_native, id=6484, stack(0x4b880000,0x4b8d0000)]
  0x456f5800 JavaThread "Task worker for ':'" [_thread_blocked, id=5316, stack(0x4b6f0000,0x4b740000)]
  0x456f4800 JavaThread "Cache worker for task history cache (C:\Games\AndroidStudioProjects\ENIS\.gradle\4.1\taskHistory)" [_thread_blocked, id=6320, stack(0x4b660000,0x4b6b0000)]
  0x456f4c00 JavaThread "build operations Thread 4" [_thread_blocked, id=6120, stack(0x4add0000,0x4ae20000)]
  0x456f2800 JavaThread "build operations Thread 3" [_thread_blocked, id=4948, stack(0x48e50000,0x48ea0000)]
  0x456f5400 JavaThread "build operations Thread 2" [_thread_blocked, id=3164, stack(0x48dc0000,0x48e10000)]
  0x456f3000 JavaThread "build operations" [_thread_blocked, id=3320, stack(0x48d30000,0x48d80000)]
  0x469d6c00 JavaThread "Cache worker for Artifact transforms cache (C:\Users\Gulnar\.gradle\caches\transforms-1)" [_thread_blocked, id=7160, stack(0x48ce0000,0x48d30000)]
  0x469d9800 JavaThread "Cache worker for file hash cache (C:\Games\AndroidStudioProjects\ENIS\.gradle\4.1\fileHashes)" [_thread_blocked, id=5548, stack(0x48010000,0x48060000)]
  0x469d8000 JavaThread "Stdin handler" [_thread_blocked, id=5896, stack(0x47b80000,0x47bd0000)]
  0x469d9000 JavaThread "Asynchronous log dispatcher for DefaultDaemonConnection: socket connection from /127.0.0.1:50716 to /127.0.0.1:50808" [_thread_blocked, id=2580, stack(0x46770000,0x467c0000)]
  0x469d7800 JavaThread "Cancel handler" [_thread_blocked, id=5428, stack(0x46650000,0x466a0000)]
  0x469da400 JavaThread "Handler for socket connection from /127.0.0.1:50716 to /127.0.0.1:50808" [_thread_in_native, id=3028, stack(0x465c0000,0x46610000)]
  0x469d8400 JavaThread "Memory manager" [_thread_blocked, id=5140, stack(0x46800000,0x46850000)]
  0x469d7400 JavaThread "File lock request listener" [_thread_in_native, id=192, stack(0x47af0000,0x47b40000)]
  0x469d8c00 JavaThread "Cache worker for file hash cache (C:\Users\Gulnar\.gradle\caches\4.1\fileHashes)" [_thread_blocked, id=5152, stack(0x47a60000,0x47ab0000)]
  0x45b1d000 JavaThread "Daemon worker" [_thread_blocked, id=2872, stack(0x466e0000,0x46730000)]
  0x45ad2400 JavaThread "Daemon" [_thread_blocked, id=4020, stack(0x46530000,0x46580000)]
  0x45ad2000 JavaThread "Daemon periodic checks" [_thread_blocked, id=2796, stack(0x464a0000,0x464f0000)]
  0x45abe400 JavaThread "Incoming local TCP Connector on port 50716" [_thread_in_native, id=3896, stack(0x45f20000,0x45f70000)]
  0x45a83400 JavaThread "Daemon health stats" [_thread_blocked, id=5144, stack(0x01f50000,0x01fa0000)]
  0x01645400 JavaThread "Service Thread" daemon [_thread_blocked, id=5268, stack(0x01830000,0x01880000)]
  0x0161dc00 JavaThread "C1 CompilerThread0" daemon [_thread_blocked, id=4748, stack(0x010e0000,0x01130000)]
  0x0161cc00 JavaThread "Attach Listener" daemon [_thread_blocked, id=5352, stack(0x00960000,0x009b0000)]
  0x0160bc00 JavaThread "Signal Dispatcher" daemon [_thread_blocked, id=1444, stack(0x006b0000,0x00700000)]
  0x01609c00 JavaThread "Finalizer" daemon [_thread_blocked, id=2492, stack(0x00620000,0x00670000)]
  0x01603c00 JavaThread "Reference Handler" daemon [_thread_blocked, id=5612, stack(0x00590000,0x005e0000)]
  0x00ded400 JavaThread "main" [_thread_blocked, id=2996, stack(0x00470000,0x004c0000)]

Other Threads:
  0x00bae800 VMThread [stack: 0x00500000,0x00550000] [id=2528]
  0x01629c00 WatcherThread [stack: 0x018c0000,0x01910000] [id=7032]

VM state:not at safepoint (normal execution)

VM Mutex/Monitor currently owned by a thread: None

Heap:
 def new generation   total 32768K, used 22650K [0x05400000, 0x07780000, 0x1a950000)
  eden space 29184K,  65% used [0x05400000, 0x0669ea50, 0x07080000)
  from space 3584K, 100% used [0x07080000, 0x07400000, 0x07400000)
  to   space 3584K,   0% used [0x07400000, 0x07400000, 0x07780000)
 tenured generation   total 72500K, used 58436K [0x1a950000, 0x1f01d000, 0x45400000)
   the space 72500K,  80% used [0x1a950000, 0x1e2611c0, 0x1e261200, 0x1f01d000)
 Metaspace       used 49589K, capacity 51411K, committed 51456K, reserved 51584K

Card table byte_map: [0x00df0000,0x01000000] byte_map_base: 0x00dc6000

Polling page: 0x00820000

CodeCache: size=32768Kb used=8164Kb max_used=8403Kb free=24603Kb
 bounds [0x03400000, 0x03c48000, 0x05400000]
 total_blobs=4829 nmethods=4330 adapters=428
 compilation: enabled

Compilation events (10 events):
Event: 192.847 Thread 0x0161dc00 nmethod 6036 0x03869508 code [0x03869600, 0x03869690]
Event: 192.847 Thread 0x0161dc00 6037             com.sun.org.apache.xerces.internal.dom.ElementImpl::getTagName (16 bytes)
Event: 192.847 Thread 0x0161dc00 nmethod 6037 0x037e12c8 code [0x037e13d0, 0x037e149c]
Event: 192.847 Thread 0x0161dc00 6038             com.android.utils.PositionXmlParser::getPositionHelper (757 bytes)
Event: 192.851 Thread 0x0161dc00 nmethod 6038 0x034a9b48 code [0x034a9f30, 0x034ab4c8]
Event: 192.851 Thread 0x0161dc00 6039             com.android.ide.common.blame.SourceFilePosition::equals (55 bytes)
Event: 192.852 Thread 0x0161dc00 nmethod 6039 0x03875188 code [0x038752a0, 0x03875498]
Event: 192.862 Thread 0x0161dc00 6040  s          java.util.Vector::size (5 bytes)
Event: 192.862 Thread 0x0161dc00 nmethod 6040 0x037e0f88 code [0x037e1080, 0x037e1240]
Event: 192.864 Thread 0x0161dc00 6041             java.awt.image.SinglePixelPackedSampleModel::<init> (277 bytes)

GC Heap History (10 events):
Event: 190.328 GC heap before
{Heap before GC invocations=152 (full 6):
 def new generation   total 32768K, used 31450K [0x05400000, 0x07780000, 0x1a950000)
  eden space 29184K, 100% used [0x05400000, 0x07080000, 0x07080000)
  from space 3584K,  63% used [0x07400000, 0x07636b38, 0x07780000)
  to   space 3584K,   0% used [0x07080000, 0x07080000, 0x07400000)
 tenured generation   total 72500K, used 48318K [0x1a950000, 0x1f01d000, 0x45400000)
   the space 72500K,  66% used [0x1a950000, 0x1d87faf8, 0x1d87fc00, 0x1f01d000)
 Metaspace       used 47057K, capacity 48867K, committed 48896K, reserved 49536K
Event: 190.345 GC heap after
Heap after GC invocations=153 (full 6):
 def new generation   total 32768K, used 3584K [0x05400000, 0x07780000, 0x1a950000)
  eden space 29184K,   0% used [0x05400000, 0x05400000, 0x07080000)
  from space 3584K, 100% used [0x07080000, 0x07400000, 0x07400000)
  to   space 3584K,   0% used [0x07400000, 0x07400000, 0x07780000)
 tenured generation   total 72500K, used 50294K [0x1a950000, 0x1f01d000, 0x45400000)
   the space 72500K,  69% used [0x1a950000, 0x1da6db98, 0x1da6dc00, 0x1f01d000)
 Metaspace       used 47057K, capacity 48867K, committed 48896K, reserved 49536K
}
Event: 190.579 GC heap before
{Heap before GC invocations=153 (full 6):
 def new generation   total 32768K, used 32768K [0x05400000, 0x07780000, 0x1a950000)
  eden space 29184K, 100% used [0x05400000, 0x07080000, 0x07080000)
  from space 3584K, 100% used [0x07080000, 0x07400000, 0x07400000)
  to   space 3584K,   0% used [0x07400000, 0x07400000, 0x07780000)
 tenured generation   total 72500K, used 50294K [0x1a950000, 0x1f01d000, 0x45400000)
   the space 72500K,  69% used [0x1a950000, 0x1da6db98, 0x1da6dc00, 0x1f01d000)
 Metaspace       used 47057K, capacity 48867K, committed 48896K, reserved 49536K
Event: 190.588 GC heap after
Heap after GC invocations=154 (full 6):
 def new generation   total 32768K, used 871K [0x05400000, 0x07780000, 0x1a950000)
  eden space 29184K,   0% used [0x05400000, 0x05400000, 0x07080000)
  from space 3584K,  24% used [0x07400000, 0x074d9c80, 0x07780000)
  to   space 3584K,   0% used [0x07080000, 0x07080000, 0x07400000)
 tenured generation   total 72500K, used 52349K [0x1a950000, 0x1f01d000, 0x45400000)
   the space 72500K,  72% used [0x1a950000, 0x1dc6f638, 0x1dc6f800, 0x1f01d000)
 Metaspace       used 47057K, capacity 48867K, committed 48896K, reserved 49536K
}
Event: 191.099 GC heap before
{Heap before GC invocations=154 (full 6):
 def new generation   total 32768K, used 30055K [0x05400000, 0x07780000, 0x1a950000)
  eden space 29184K, 100% used [0x05400000, 0x07080000, 0x07080000)
  from space 3584K,  24% used [0x07400000, 0x074d9c80, 0x07780000)
  to   space 3584K,   0% used [0x07080000, 0x07080000, 0x07400000)
 tenured generation   total 72500K, used 52349K [0x1a950000, 0x1f01d000, 0x45400000)
   the space 72500K,  72% used [0x1a950000, 0x1dc6f638, 0x1dc6f800, 0x1f01d000)
 Metaspace       used 47514K, capacity 49308K, committed 49408K, reserved 49536K
Event: 191.115 GC heap after
Heap after GC invocations=155 (full 6):
 def new generation   total 32768K, used 3584K [0x05400000, 0x07780000, 0x1a950000)
  eden space 29184K,   0% used [0x05400000, 0x05400000, 0x07080000)
  from space 3584K, 100% used [0x07080000, 0x07400000, 0x07400000)
  to   space 3584K,   0% used [0x07400000, 0x07400000, 0x07780000)
 tenured generation   total 72500K, used 52407K [0x1a950000, 0x1f01d000, 0x45400000)
   the space 72500K,  72% used [0x1a950000, 0x1dc7dd68, 0x1dc7de00, 0x1f01d000)
 Metaspace       used 47514K, capacity 49308K, committed 49408K, reserved 49536K
}
Event: 192.468 GC heap before
{Heap before GC invocations=155 (full 6):
 def new generation   total 32768K, used 32768K [0x05400000, 0x07780000, 0x1a950000)
  eden space 29184K, 100% used [0x05400000, 0x07080000, 0x07080000)
  from space 3584K, 100% used [0x07080000, 0x07400000, 0x07400000)
  to   space 3584K,   0% used [0x07400000, 0x07400000, 0x07780000)
 tenured generation   total 72500K, used 52407K [0x1a950000, 0x1f01d000, 0x45400000)
   the space 72500K,  72% used [0x1a950000, 0x1dc7dd68, 0x1dc7de00, 0x1f01d000)
 Metaspace       used 48120K, capacity 49916K, committed 50048K, reserved 50560K
Event: 192.486 GC heap after
Heap after GC invocations=156 (full 6):
 def new generation   total 32768K, used 3203K [0x05400000, 0x07780000, 0x1a950000)
  eden space 29184K,   0% used [0x05400000, 0x05400000, 0x07080000)
  from space 3584K,  89% used [0x07400000, 0x07720ed0, 0x07780000)
  to   space 3584K,   0% used [0x07080000, 0x07080000, 0x07400000)
 tenured generation   total 72500K, used 55320K [0x1a950000, 0x1f01d000, 0x45400000)
   the space 72500K,  76% used [0x1a950000, 0x1df563b0, 0x1df56400, 0x1f01d000)
 Metaspace       used 48120K, capacity 49916K, committed 50048K, reserved 50560K
}
Event: 192.707 GC heap before
{Heap before GC invocations=156 (full 6):
 def new generation   total 32768K, used 32387K [0x05400000, 0x07780000, 0x1a950000)
  eden space 29184K, 100% used [0x05400000, 0x07080000, 0x07080000)
  from space 3584K,  89% used [0x07400000, 0x07720ed0, 0x07780000)
  to   space 3584K,   0% used [0x07080000, 0x07080000, 0x07400000)
 tenured generation   total 72500K, used 55320K [0x1a950000, 0x1f01d000, 0x45400000)
   the space 72500K,  76% used [0x1a950000, 0x1df563b0, 0x1df56400, 0x1f01d000)
 Metaspace       used 48329K, capacity 50148K, committed 50176K, reserved 50560K
Event: 192.733 GC heap after
Heap after GC invocations=157 (full 6):
 def new generation   total 32768K, used 3584K [0x05400000, 0x07780000, 0x1a950000)
  eden space 29184K,   0% used [0x05400000, 0x05400000, 0x07080000)
  from space 3584K, 100% used [0x07080000, 0x07400000, 0x07400000)
  to   space 3584K,   0% used [0x07400000, 0x07400000, 0x07780000)
 tenured generation   total 72500K, used 58436K [0x1a950000, 0x1f01d000, 0x45400000)
   the space 72500K,  80% used [0x1a950000, 0x1e2611c0, 0x1e261200, 0x1f01d000)
 Metaspace       used 48329K, capacity 50148K, committed 50176K, reserved 50560K
}

Deoptimization events (0 events):
No events

Internal exceptions (10 events):
Event: 192.694 Thread 0x456f3400 Exception <a 'java/lang/NoSuchMethodError': <clinit>> (0x06e4a798) thrown at [C:\re\workspace\8-2-build-windows-i586-cygwin\jdk8u112\7884\hotspot\src\share\vm\prims\jni.cpp, line 1613]
Event: 192.695 Thread 0x456f3400 Exception <a 'java/lang/NoSuchMethodError': <clinit>> (0x06e65f18) thrown at [C:\re\workspace\8-2-build-windows-i586-cygwin\jdk8u112\7884\hotspot\src\share\vm\prims\jni.cpp, line 1613]
Event: 192.695 Thread 0x456f3400 Exception <a 'java/lang/NoSuchMethodError': <clinit>> (0x06e6d680) thrown at [C:\re\workspace\8-2-build-windows-i586-cygwin\jdk8u112\7884\hotspot\src\share\vm\prims\jni.cpp, line 1613]
Event: 192.695 Thread 0x456f3400 Exception <a 'java/lang/NoSuchMethodError': <clinit>> (0x06e70428) thrown at [C:\re\workspace\8-2-build-windows-i586-cygwin\jdk8u112\7884\hotspot\src\share\vm\prims\jni.cpp, line 1613]
Event: 192.696 Thread 0x456f3400 Exception <a 'java/lang/NoSuchMethodError': <clinit>> (0x06e835d8) thrown at [C:\re\workspace\8-2-build-windows-i586-cygwin\jdk8u112\7884\hotspot\src\share\vm\prims\jni.cpp, line 1613]
Event: 192.696 Thread 0x456f3400 Exception <a 'java/lang/NoSuchMethodError': <clinit>> (0x06e9b990) thrown at [C:\re\workspace\8-2-build-windows-i586-cygwin\jdk8u112\7884\hotspot\src\share\vm\prims\jni.cpp, line 1613]
Event: 192.697 Thread 0x456f3400 Exception <a 'java/lang/NoSuchMethodError': <clinit>> (0x06e9e450) thrown at [C:\re\workspace\8-2-build-windows-i586-cygwin\jdk8u112\7884\hotspot\src\share\vm\prims\jni.cpp, line 1613]
Event: 192.697 Thread 0x456f3400 Exception <a 'java/lang/NoSuchMethodError': <clinit>> (0x06eace68) thrown at [C:\re\workspace\8-2-build-windows-i586-cygwin\jdk8u112\7884\hotspot\src\share\vm\prims\jni.cpp, line 1613]
Event: 192.789 Thread 0x456f4000 Exception <a 'java/io/FileNotFoundException'> (0x05a64e10) thrown at [C:\re\workspace\8-2-build-windows-i586-cygwin\jdk8u112\7884\hotspot\src\share\vm\prims\jni.cpp, line 709]
Event: 192.810 Thread 0x4987c800 Exception <a 'java/io/FileNotFoundException'> (0x05e846b0) thrown at [C:\re\workspace\8-2-build-windows-i586-cygwin\jdk8u112\7884\hotspot\src\share\vm\prims\jni.cpp, line 709]

Events (10 events):
Event: 192.862 loading class com/android/tools/aapt2/Aapt2Result
Event: 192.862 loading class com/android/tools/aapt2/Aapt2Result done
Event: 192.863 loading class com/android/tools/aapt2/Aapt2Result$Builder
Event: 192.863 loading class com/android/tools/aapt2/Aapt2Result$Builder done
Event: 192.863 loading class com/android/tools/aapt2/AutoValue_Aapt2Result$Builder
Event: 192.863 loading class com/android/tools/aapt2/AutoValue_Aapt2Result$Builder done
Event: 192.864 loading class org/gradle/workers/internal/DefaultWorkResult
Event: 192.864 loading class org/gradle/workers/internal/DefaultWorkResult done
Event: 192.865 loading class com/android/tools/aapt2/AutoValue_Aapt2Result
Event: 192.865 loading class com/android/tools/aapt2/AutoValue_Aapt2Result done


Dynamic libraries:
0x01150000 - 0x01183000 	C:\Program Files (x86)\Java\jdk1.8.0_112\bin\java.exe
0x76f70000 - 0x770df000 	C:\Windows\SYSTEM32\ntdll.dll
0x74990000 - 0x74ad0000 	C:\Windows\SYSTEM32\KERNEL32.DLL
0x74cc0000 - 0x74d97000 	C:\Windows\SYSTEM32\KERNELBASE.dll
0x6ca80000 - 0x6cb20000 	C:\Windows\system32\apphelp.dll
0x6bef0000 - 0x6c156000 	C:\Windows\AppPatch\AcGenral.DLL
0x74f60000 - 0x75023000 	C:\Windows\SYSTEM32\msvcrt.dll
0x747b0000 - 0x747f1000 	C:\Windows\SYSTEM32\sechost.dll
0x76e00000 - 0x76e1e000 	C:\Windows\SYSTEM32\SspiCli.dll
0x74760000 - 0x747a5000 	C:\Windows\SYSTEM32\SHLWAPI.dll
0x6c710000 - 0x6c7fd000 	C:\Windows\SYSTEM32\UxTheme.dll
0x75150000 - 0x752a3000 	C:\Windows\SYSTEM32\USER32.dll
0x75030000 - 0x7513c000 	C:\Windows\SYSTEM32\GDI32.dll
0x6d7f0000 - 0x6d813000 	C:\Windows\SYSTEM32\WINMM.dll
0x71bf0000 - 0x71c03000 	C:\Windows\SYSTEM32\samcli.dll
0x752b0000 - 0x753d9000 	C:\Windows\SYSTEM32\ole32.dll
0x74890000 - 0x74927000 	C:\Windows\SYSTEM32\OLEAUT32.dll
0x6bed0000 - 0x6bee7000 	C:\Windows\SYSTEM32\MSACM32.dll
0x74280000 - 0x74288000 	C:\Windows\SYSTEM32\VERSION.dll
0x759b0000 - 0x76c6b000 	C:\Windows\SYSTEM32\SHELL32.dll
0x74260000 - 0x7427b000 	C:\Windows\SYSTEM32\USERENV.dll
0x6beb0000 - 0x6beca000 	C:\Windows\SYSTEM32\dwmapi.dll
0x6bd60000 - 0x6beab000 	C:\Windows\SYSTEM32\urlmon.dll
0x76e20000 - 0x76e9c000 	C:\Windows\SYSTEM32\ADVAPI32.dll
0x72710000 - 0x72775000 	C:\Windows\SYSTEM32\WINSPOOL.DRV
0x6c9b0000 - 0x6c9c6000 	C:\Windows\SYSTEM32\MPR.dll
0x753e0000 - 0x7549a000 	C:\Windows\SYSTEM32\RPCRT4.dll
0x74750000 - 0x7475a000 	C:\Windows\SYSTEM32\CRYPTBASE.dll
0x74ad0000 - 0x74c4d000 	C:\Windows\SYSTEM32\combase.dll
0x6d7c0000 - 0x6d7e3000 	C:\Windows\SYSTEM32\WINMMBASE.dll
0x741f0000 - 0x741ff000 	C:\Windows\SYSTEM32\profapi.dll
0x6e740000 - 0x6e975000 	C:\Windows\SYSTEM32\iertutil.dll
0x6edd0000 - 0x6f07b000 	C:\Windows\SYSTEM32\WININET.dll
0x746f0000 - 0x74744000 	C:\Windows\SYSTEM32\bcryptPrimitives.dll
0x758e0000 - 0x7591c000 	C:\Windows\SYSTEM32\cfgmgr32.dll
0x6f480000 - 0x6f4a1000 	C:\Windows\SYSTEM32\DEVOBJ.dll
0x74160000 - 0x741eb000 	C:\Windows\SYSTEM32\SHCORE.DLL
0x75980000 - 0x759a7000 	C:\Windows\system32\IMM32.DLL
0x74e30000 - 0x74f42000 	C:\Windows\SYSTEM32\MSCTF.dll
0x6e980000 - 0x6eb86000 	C:\Windows\WinSxS\x86_microsoft.windows.common-controls_6595b64144ccf1df_6.0.9600.18006_none_a9ec6aab013aafee\COMCTL32.dll
0x74040000 - 0x740ff000 	C:\Program Files (x86)\Java\jdk1.8.0_112\jre\bin\msvcr100.dll
0x73540000 - 0x7390e000 	C:\Program Files (x86)\Java\jdk1.8.0_112\jre\bin\client\jvm.dll
0x6f080000 - 0x6f088000 	C:\Windows\SYSTEM32\WSOCK32.dll
0x74c70000 - 0x74c76000 	C:\Windows\SYSTEM32\PSAPI.DLL
0x74930000 - 0x7497f000 	C:\Windows\SYSTEM32\WS2_32.dll
0x75610000 - 0x75617000 	C:\Windows\SYSTEM32\NSI.dll
0x74150000 - 0x7415c000 	C:\Program Files (x86)\Java\jdk1.8.0_112\jre\bin\verify.dll
0x74010000 - 0x74031000 	C:\Program Files (x86)\Java\jdk1.8.0_112\jre\bin\java.dll
0x74130000 - 0x74143000 	C:\Program Files (x86)\Java\jdk1.8.0_112\jre\bin\zip.dll
0x73ff0000 - 0x74006000 	C:\Program Files (x86)\Java\jdk1.8.0_112\jre\bin\net.dll
0x739e0000 - 0x73a2b000 	C:\Windows\system32\mswsock.dll
0x73fe0000 - 0x73fef000 	C:\Program Files (x86)\Java\jdk1.8.0_112\jre\bin\nio.dll
0x73fc0000 - 0x73fd9000 	C:\Users\Gulnar\.gradle\native\25\windows-i386\native-platform.dll
0x73fb0000 - 0x73fba000 	C:\Program Files (x86)\Java\jdk1.8.0_112\jre\bin\management.dll
0x73de0000 - 0x73df9000 	C:\Windows\SYSTEM32\CRYPTSP.dll
0x73db0000 - 0x73de0000 	C:\Windows\system32\rsaenh.dll
0x73d90000 - 0x73dae000 	C:\Windows\SYSTEM32\bcrypt.dll
0x74330000 - 0x74350000 	C:\Windows\SYSTEM32\IPHLPAPI.DLL
0x74200000 - 0x74208000 	C:\Windows\SYSTEM32\WINNSI.DLL
0x739a0000 - 0x739b3000 	C:\Windows\SYSTEM32\dhcpcsvc6.DLL
0x739c0000 - 0x739d4000 	C:\Windows\SYSTEM32\dhcpcsvc.DLL
0x73f90000 - 0x73fb0000 	C:\Program Files (x86)\Java\jdk1.8.0_112\jre\bin\sunec.dll
0x73920000 - 0x7399e000 	C:\Windows\SYSTEM32\DNSAPI.dll
0x6df50000 - 0x6df58000 	C:\Windows\System32\rasadhlp.dll
0x6df00000 - 0x6df46000 	C:\Windows\System32\fwpuclnt.dll
0x73f80000 - 0x73f89000 	C:\Program Files (x86)\Java\jdk1.8.0_112\jre\bin\sunmscapi.dll
0x76c70000 - 0x76df8000 	C:\Windows\SYSTEM32\CRYPT32.dll
0x74980000 - 0x7498e000 	C:\Windows\SYSTEM32\MSASN1.dll
0x64b40000 - 0x64b58000 	C:\Users\Gulnar\AppData\Local\Temp\aapt2_7239751400333416825\libwinpthread-1.dll
0x63940000 - 0x63c05000 	C:\Users\Gulnar\AppData\Local\Temp\aapt2_7239751400333416825\libaapt2_jni.dll
0x73e10000 - 0x73f56000 	C:\Program Files (x86)\Java\jdk1.8.0_112\jre\bin\awt.dll
0x73d20000 - 0x73d44000 	C:\Program Files (x86)\Java\jdk1.8.0_112\jre\bin\dcpr.dll
0x69090000 - 0x691d1000 	C:\Windows\SYSTEM32\dbghelp.dll

VM Arguments:
jvm_args: -Xmx1536m -Dfile.encoding=windows-1251 -Duser.country=RU -Duser.language=ru -Duser.variant -Xmx1024M 
java_command: org.gradle.launcher.daemon.bootstrap.GradleDaemon 4.1
java_class_path (initial): C:\Users\Gulnar\.gradle\wrapper\dists\gradle-4.1-all\bzyivzo6n839fup2jbap0tjew\gradle-4.1\lib\gradle-launcher-4.1.jar
Launcher Type: SUN_STANDARD

Environment Variables:
_JAVA_OPTIONS=-Xmx1024M
PATH=C:\ProgramData\Oracle\Java\javapath;C:\Program Files\Broadcom\Broadcom 802.11 Network Adapter;C:\Program Files (x86)\NVIDIA Corporation\PhysX\Common;C:\Program Files (x86)\Intel\iCLS Client\;C:\Program Files\Intel\iCLS Client\;C:\Windows\system32;C:\Windows;C:\Windows\System32\Wbem;C:\Windows\System32\WindowsPowerShell\v1.0\;C:\Program Files (x86)\Acer\abFiles\;C:\Program Files\Intel\Intel(R) Management Engine Components\DAL;C:\Program Files\Intel\Intel(R) Management Engine Components\IPT;C:\Program Files (x86)\Intel\Intel(R) Management Engine Components\DAL;C:\Program Files (x86)\Intel\Intel(R) Management Engine Components\IPT;C:\Program Files\WIDCOMM\Bluetooth Software\;C:\Program Files\WIDCOMM\Bluetooth Software\syswow64;C:\Program Files\Aladdin\eToken\PKIClient\x32;C:\Program Files\Aladdin\eToken\PKIClient\x64;C:\Program Files (x86)\IVI Foundation\VISA\WinNT\Bin;C:\Program Files\nodejs\;C:\Users\Gulnar\.dnx\bin;C:\Program Files\Microsoft DNX\Dnvm\;C:\Program Files\Microsoft SQL Server\130\Tools\Binn\;C:\Program Files (x86)\GtkSharp\2.12\bin;C:\Program Files (x86)\Skype\Phone\;C:\Program Files (x86)\Windows Kits\10\Windows Performance Toolkit\;C:\Program Files\dotnet\;C:\Program Files (x86)\Xoreax\IncrediBuild;C:\Users\Erzhan\AppData\Local\Programs\Git\cmd;C:\Program Files (x86)\Java\jdk1.8.0_112\bin\java.exe
USERNAME=Gulnar
OS=Windows_NT
PROCESSOR_IDENTIFIER=Intel64 Family 6 Model 69 Stepping 1, GenuineIntel



---------------  S Y S T E M  ---------------

OS: Windows 8.1 , 64 bit Build 9600 (6.3.9600.17415)

CPU:total 4 (2 cores per cpu, 2 threads per core) family 6 model 69 stepping 1, cmov, cx8, fxsr, mmx, sse, sse2, sse3, ssse3, sse4.1, sse4.2, popcnt, avx, avx2, aes, clmul, erms, lzcnt, ht, tsc, tscinvbit, bmi1, bmi2

Memory: 4k page, physical 6212888k(1609852k free), swap 7654680k(2922348k free)

vm_info: Java HotSpot(TM) Client VM (25.112-b15) for windows-x86 JRE (1.8.0_112-b15), built on Sep 22 2016 21:03:20 by "java_re" with MS VC++ 10.0 (VS2010)

time: Sat Sep 30 19:43:21 2017
elapsed time: 192 seconds (0d 0h 3m 12s)

