#
# A fatal error has been detected by the Java Runtime Environment:
#
#  EXCEPTION_ACCESS_VIOLATION (0xc0000005) at pc=0x496f7100, pid=1152, tid=0x00001ae4
#
# JRE version: Java(TM) SE Runtime Environment (8.0_112-b15) (build 1.8.0_112-b15)
# Java VM: Java HotSpot(TM) Client VM (25.112-b15 mixed mode windows-x86 )
# Problematic frame:
# C  0x496f7100
#
# Failed to write core dump. Minidumps are not enabled by default on client versions of Windows
#
# If you would like to submit a bug report, please visit:
#   http://bugreport.java.com/bugreport/crash.jsp
# The crash happened outside the Java Virtual Machine in native code.
# See problematic frame for where to report the bug.
#

---------------  T H R E A D  ---------------

Current thread (0x49442c00):  JavaThread "ForkJoinPool.commonPool-worker-1" daemon [_thread_in_native, id=6884, stack(0x4b410000,0x4b460000)]

siginfo: ExceptionCode=0xc0000005, ExceptionInformation=0x00000008 0x496f7100

Registers:
EAX=0x00000004, EBX=0x49442d40, ECX=0x00000000, EDX=0x47293a54
ESP=0x4b45f528, EBP=0x4b45f558, ESI=0x4b45f578, EDI=0x494b02d8
EIP=0x496f7100, EFLAGS=0x00010216

Top of Stack: (sp=0x4b45f528)
0x4b45f528:   4b45f610 00000000 73818e1c 73818efc
0x4b45f538:   47a7b698 00000000 00000002 496dc96c
0x4b45f548:   4af27640 4af27640 4b45f584 4b45f590
0x4b45f558:   4b45f5b8 6396753d 496f7180 496dc578
0x4b45f568:   496dc580 496dc96c 000003ec 0344bd43
0x4b45f578:   00000000 00000000 00000000 4b45f5ac
0x4b45f588:   735c08f0 49442c00 00000006 00000008
0x4b45f598:   49442c00 4af27638 4af27640 4af27640 

Instructions: (pc=0x496f7100)
0x496f70e0:   0b 00 01 00 47 78 4e 75 53 54 41 52 54 5f 4c 49
0x496f70f0:   4e 45 53 00 00 00 00 00 81 27 34 25 00 d5 00 88
0x496f7100:   0d 00 01 00 4f 70 97 49 49 4e 44 45 4e 54 5f 53
0x496f7110:   54 52 49 4e 47 00 00 00 bd 27 30 25 00 d6 00 88 


Register to memory mapping:

EAX=0x00000004 is an unknown value
EBX=0x49442d40 is an unknown value
ECX=0x00000000 is an unknown value
EDX=0x47293a54 is an unknown value
ESP=0x4b45f528 is pointing into the stack for thread: 0x49442c00
EBP=0x4b45f558 is pointing into the stack for thread: 0x49442c00
ESI=0x4b45f578 is pointing into the stack for thread: 0x49442c00
EDI=0x494b02d8 is an unknown value


Stack: [0x4b410000,0x4b460000],  sp=0x4b45f528,  free space=317k
Native frames: (J=compiled Java code, j=interpreted, Vv=VM code, C=native code)
C  0x496f7100
C  [libaapt2_jni.dll+0x2753d]
j  com.android.tools.aapt2.Aapt2Jni.nativeCompile(Ljava/util/List;Lcom/android/tools/aapt2/Aapt2JniLogCallback;)I+0
j  com.android.tools.aapt2.Aapt2Jni.compile(Ljava/util/List;)Lcom/android/tools/aapt2/Aapt2Result;+6
j  com.android.builder.internal.aapt.v2.AaptV2Jni.lambda$compile$0(Lcom/android/ide/common/res2/CompileResourceRequest;)Ljava/io/File;+10
j  com.android.builder.internal.aapt.v2.AaptV2Jni$$Lambda$286.call()Ljava/lang/Object;+8
j  java.util.concurrent.ForkJoinTask$AdaptedCallable.exec()Z+5
j  java.util.concurrent.ForkJoinTask.doExec()I+10
j  java.util.concurrent.ForkJoinPool$WorkQueue.runTask(Ljava/util/concurrent/ForkJoinTask;)V+21
j  java.util.concurrent.ForkJoinPool.runWorker(Ljava/util/concurrent/ForkJoinPool$WorkQueue;)V+35
j  java.util.concurrent.ForkJoinWorkerThread.run()V+24
v  ~StubRoutines::call_stub
V  [jvm.dll+0x15a945]
V  [jvm.dll+0x220d0e]
V  [jvm.dll+0x15a9de]
V  [jvm.dll+0x15ab66]
V  [jvm.dll+0x15abd7]
V  [jvm.dll+0xfeeaf]
V  [jvm.dll+0x17d670]
V  [jvm.dll+0x17deea]
V  [jvm.dll+0x1c2986]
C  [msvcr100.dll+0x5c556]
C  [msvcr100.dll+0x5c600]
C  [KERNEL32.DLL+0x17c04]
C  [ntdll.dll+0x5ad2f]
C  [ntdll.dll+0x5acfa]
C  0x00000000

Java frames: (J=compiled Java code, j=interpreted, Vv=VM code)
j  com.android.tools.aapt2.Aapt2Jni.nativeCompile(Ljava/util/List;Lcom/android/tools/aapt2/Aapt2JniLogCallback;)I+0
j  com.android.tools.aapt2.Aapt2Jni.compile(Ljava/util/List;)Lcom/android/tools/aapt2/Aapt2Result;+6
j  com.android.builder.internal.aapt.v2.AaptV2Jni.lambda$compile$0(Lcom/android/ide/common/res2/CompileResourceRequest;)Ljava/io/File;+10
j  com.android.builder.internal.aapt.v2.AaptV2Jni$$Lambda$286.call()Ljava/lang/Object;+8
j  java.util.concurrent.ForkJoinTask$AdaptedCallable.exec()Z+5
j  java.util.concurrent.ForkJoinTask.doExec()I+10
j  java.util.concurrent.ForkJoinPool$WorkQueue.runTask(Ljava/util/concurrent/ForkJoinTask;)V+21
j  java.util.concurrent.ForkJoinPool.runWorker(Ljava/util/concurrent/ForkJoinPool$WorkQueue;)V+35
j  java.util.concurrent.ForkJoinWorkerThread.run()V+24
v  ~StubRoutines::call_stub

---------------  P R O C E S S  ---------------

Java Threads: ( => current thread )
  0x49445800 JavaThread "Java2D Disposer" daemon [_thread_blocked, id=4356, stack(0x4b5a0000,0x4b5f0000)]
=>0x49442c00 JavaThread "ForkJoinPool.commonPool-worker-1" daemon [_thread_in_native, id=6884, stack(0x4b410000,0x4b460000)]
  0x49444400 JavaThread "Worker Daemon Execution Thread 7" [_thread_blocked, id=3632, stack(0x4b380000,0x4b3d0000)]
  0x49445000 JavaThread "Worker Daemon Execution Thread 6" [_thread_blocked, id=2492, stack(0x4b2f0000,0x4b340000)]
  0x49444c00 JavaThread "Worker Daemon Execution Thread 5" [_thread_blocked, id=6676, stack(0x4b260000,0x4b2b0000)]
  0x49444000 JavaThread "Worker Daemon Execution Thread 4" [_thread_blocked, id=1308, stack(0x4b1d0000,0x4b220000)]
  0x49442000 JavaThread "Worker Daemon Execution Thread 3" [_thread_blocked, id=2972, stack(0x4b140000,0x4b190000)]
  0x49440000 JavaThread "Worker Daemon Execution Thread 2" [_thread_blocked, id=4276, stack(0x4b0b0000,0x4b100000)]
  0x49441800 JavaThread "Worker Daemon Execution" [_thread_in_native, id=2120, stack(0x4b020000,0x4b070000)]
  0x49443400 JavaThread "Task worker for ':' Thread 3" [_thread_blocked, id=5072, stack(0x4ad90000,0x4ade0000)]
  0x49442400 JavaThread "Task worker for ':' Thread 2" [_thread_blocked, id=5020, stack(0x4ad00000,0x4ad50000)]
  0x49441400 JavaThread "Task worker for ':'" [_thread_blocked, id=6892, stack(0x4ac70000,0x4acc0000)]
  0x49440c00 JavaThread "Cache worker for task history cache (C:\Users\Gulnar\AndroidStudioProjects\ENIS\.gradle\4.1\taskHistory)" [_thread_blocked, id=1544, stack(0x4abe0000,0x4ac30000)]
  0x49443800 JavaThread "build operations Thread 4" [_thread_blocked, id=1620, stack(0x489f0000,0x48a40000)]
  0x4943f800 JavaThread "build operations Thread 3" [_thread_blocked, id=1684, stack(0x48960000,0x489b0000)]
  0x4943f400 JavaThread "build operations Thread 2" [_thread_blocked, id=1444, stack(0x488d0000,0x48920000)]
  0x49440800 JavaThread "build operations" [_thread_blocked, id=2844, stack(0x48240000,0x48290000)]
  0x46b8d400 JavaThread "Cache worker for Artifact transforms cache (C:\Users\Gulnar\.gradle\caches\transforms-1)" [_thread_blocked, id=4972, stack(0x481b0000,0x48200000)]
  0x46b8d000 JavaThread "Cache worker for file hash cache (C:\Users\Gulnar\AndroidStudioProjects\ENIS\.gradle\4.1\fileHashes)" [_thread_blocked, id=5476, stack(0x47d20000,0x47d70000)]
  0x46b8e800 JavaThread "Stdin handler" [_thread_blocked, id=2520, stack(0x469a0000,0x469f0000)]
  0x46b8e000 JavaThread "Asynchronous log dispatcher for DefaultDaemonConnection: socket connection from /127.0.0.1:49831 to /127.0.0.1:49846" [_thread_blocked, id=4440, stack(0x46910000,0x46960000)]
  0x46b8c800 JavaThread "Cancel handler" [_thread_blocked, id=2680, stack(0x467f0000,0x46840000)]
  0x46b8dc00 JavaThread "Handler for socket connection from /127.0.0.1:49831 to /127.0.0.1:49846" [_thread_in_native, id=3372, stack(0x46760000,0x467b0000)]
  0x46b8b000 JavaThread "Memory manager" [_thread_blocked, id=3468, stack(0x48e80000,0x48ed0000)]
  0x46b8bc00 JavaThread "File lock request listener" [_thread_in_native, id=5820, stack(0x47c90000,0x47ce0000)]
  0x46b8c400 JavaThread "Cache worker for file hash cache (C:\Users\Gulnar\.gradle\caches\4.1\fileHashes)" [_thread_blocked, id=4748, stack(0x47c00000,0x47c50000)]
  0x45fa8800 JavaThread "Daemon worker" [_thread_blocked, id=6684, stack(0x46880000,0x468d0000)]
  0x45f22000 JavaThread "Daemon" [_thread_blocked, id=4772, stack(0x466d0000,0x46720000)]
  0x45f18c00 JavaThread "Daemon periodic checks" [_thread_blocked, id=5440, stack(0x46640000,0x46690000)]
  0x45edb000 JavaThread "Incoming local TCP Connector on port 49831" [_thread_in_native, id=2864, stack(0x464b0000,0x46500000)]
  0x45e86800 JavaThread "Daemon health stats" [_thread_blocked, id=1936, stack(0x46140000,0x46190000)]
  0x01626400 JavaThread "Service Thread" daemon [_thread_blocked, id=6772, stack(0x019e0000,0x01a30000)]
  0x0161dc00 JavaThread "C1 CompilerThread0" daemon [_thread_blocked, id=6360, stack(0x01950000,0x019a0000)]
  0x0161c800 JavaThread "Attach Listener" daemon [_thread_blocked, id=4020, stack(0x018c0000,0x01910000)]
  0x0161ac00 JavaThread "Signal Dispatcher" daemon [_thread_blocked, id=5264, stack(0x01830000,0x01880000)]
  0x01609c00 JavaThread "Finalizer" daemon [_thread_blocked, id=1256, stack(0x01010000,0x01060000)]
  0x01603c00 JavaThread "Reference Handler" daemon [_thread_blocked, id=2756, stack(0x00c00000,0x00c50000)]
  0x00c9d400 JavaThread "main" [_thread_blocked, id=6464, stack(0x008f0000,0x00940000)]

Other Threads:
  0x00bbe800 VMThread [stack: 0x00a60000,0x00ab0000] [id=104]
  0x0162a800 WatcherThread [stack: 0x01e60000,0x01eb0000] [id=2852]

VM state:not at safepoint (normal execution)

VM Mutex/Monitor currently owned by a thread: None

Heap:
 def new generation   total 33472K, used 14445K [0x05400000, 0x07850000, 0x1a950000)
  eden space 29760K,  37% used [0x05400000, 0x05ef4328, 0x07110000)
  from space 3712K,  86% used [0x07110000, 0x07437298, 0x074b0000)
  to   space 3712K,   0% used [0x074b0000, 0x074b0000, 0x07850000)
 tenured generation   total 74148K, used 48163K [0x1a950000, 0x1f1b9000, 0x45400000)
   the space 74148K,  64% used [0x1a950000, 0x1d858d90, 0x1d858e00, 0x1f1b9000)
 Metaspace       used 37659K, capacity 38927K, committed 39040K, reserved 39296K

Card table byte_map: [0x00ca0000,0x00eb0000] byte_map_base: 0x00c76000

Polling page: 0x005b0000

CodeCache: size=32768Kb used=6896Kb max_used=7197Kb free=25871Kb
 bounds [0x03400000, 0x03b10000, 0x05400000]
 total_blobs=4187 nmethods=3690 adapters=426
 compilation: enabled

Compilation events (10 events):
Event: 20.653 Thread 0x0161dc00 4238             com.android.utils.XmlUtils$PositionAwareStringBuilder::getOffset (8 bytes)
Event: 20.653 Thread 0x0161dc00 nmethod 4238 0x0377b608 code [0x0377b700, 0x0377b790]
Event: 20.653 Thread 0x0161dc00 4239             com.sun.org.apache.xerces.internal.dom.ElementImpl::getTagName (16 bytes)
Event: 20.653 Thread 0x0161dc00 nmethod 4239 0x0377b3c8 code [0x0377b4d0, 0x0377b59c]
Event: 20.654 Thread 0x0161dc00 4240             com.android.utils.PositionXmlParser::getPositionHelper (757 bytes)
Event: 20.657 Thread 0x0161dc00 nmethod 4240 0x03ad7648 code [0x03ad7a30, 0x03ad8fc8]
Event: 20.657 Thread 0x0161dc00 4241             com.android.ide.common.blame.SourceFilePosition::equals (55 bytes)
Event: 20.657 Thread 0x0161dc00 nmethod 4241 0x0352e548 code [0x0352e660, 0x0352e858]
Event: 20.681 Thread 0x0161dc00 4242             jdk.internal.org.objectweb.asm.ByteVector::putShort (52 bytes)
Event: 20.681 Thread 0x0161dc00 nmethod 4242 0x03ad7308 code [0x03ad7410, 0x03ad751c]

GC Heap History (10 events):
Event: 17.514 GC heap before
{Heap before GC invocations=99 (full 4):
 def new generation   total 21120K, used 20136K [0x05400000, 0x06ae0000, 0x1a950000)
  eden space 18816K, 100% used [0x05400000, 0x06660000, 0x06660000)
  from space 2304K,  57% used [0x06660000, 0x067aa0e0, 0x068a0000)
  to   space 2304K,   0% used [0x068a0000, 0x068a0000, 0x06ae0000)
 tenured generation   total 46636K, used 44481K [0x1a950000, 0x1d6db000, 0x45400000)
   the space 46636K,  95% used [0x1a950000, 0x1d4c0548, 0x1d4c0600, 0x1d6db000)
 Metaspace       used 35509K, capacity 36750K, committed 36864K, reserved 37248K
Event: 17.525 GC heap after
Heap after GC invocations=100 (full 4):
 def new generation   total 21120K, used 983K [0x05400000, 0x06ae0000, 0x1a950000)
  eden space 18816K,   0% used [0x05400000, 0x05400000, 0x06660000)
  from space 2304K,  42% used [0x068a0000, 0x06995d00, 0x06ae0000)
  to   space 2304K,   0% used [0x06660000, 0x06660000, 0x068a0000)
 tenured generation   total 46636K, used 45275K [0x1a950000, 0x1d6db000, 0x45400000)
   the space 46636K,  97% used [0x1a950000, 0x1d586de8, 0x1d586e00, 0x1d6db000)
 Metaspace       used 35509K, capacity 36750K, committed 36864K, reserved 37248K
}
Event: 17.891 GC heap before
{Heap before GC invocations=100 (full 4):
 def new generation   total 21120K, used 19799K [0x05400000, 0x06ae0000, 0x1a950000)
  eden space 18816K, 100% used [0x05400000, 0x06660000, 0x06660000)
  from space 2304K,  42% used [0x068a0000, 0x06995d00, 0x06ae0000)
  to   space 2304K,   0% used [0x06660000, 0x06660000, 0x068a0000)
 tenured generation   total 46636K, used 45275K [0x1a950000, 0x1d6db000, 0x45400000)
   the space 46636K,  97% used [0x1a950000, 0x1d586de8, 0x1d586e00, 0x1d6db000)
 Metaspace       used 35540K, capacity 36775K, committed 36864K, reserved 37248K
Event: 17.903 GC heap after
Heap after GC invocations=101 (full 4):
 def new generation   total 21120K, used 2304K [0x05400000, 0x06ae0000, 0x1a950000)
  eden space 18816K,   0% used [0x05400000, 0x05400000, 0x06660000)
  from space 2304K, 100% used [0x06660000, 0x068a0000, 0x068a0000)
  to   space 2304K,   0% used [0x068a0000, 0x068a0000, 0x06ae0000)
 tenured generation   total 46636K, used 45330K [0x1a950000, 0x1d6db000, 0x45400000)
   the space 46636K,  97% used [0x1a950000, 0x1d5949d0, 0x1d594a00, 0x1d6db000)
 Metaspace       used 35540K, capacity 36775K, committed 36864K, reserved 37248K
}
Event: 18.866 GC heap before
{Heap before GC invocations=101 (full 4):
 def new generation   total 21120K, used 21120K [0x05400000, 0x06ae0000, 0x1a950000)
  eden space 18816K, 100% used [0x05400000, 0x06660000, 0x06660000)
  from space 2304K, 100% used [0x06660000, 0x068a0000, 0x068a0000)
  to   space 2304K,   0% used [0x068a0000, 0x068a0000, 0x06ae0000)
 tenured generation   total 46636K, used 45330K [0x1a950000, 0x1d6db000, 0x45400000)
   the space 46636K,  97% used [0x1a950000, 0x1d5949d0, 0x1d594a00, 0x1d6db000)
 Metaspace       used 36103K, capacity 37339K, committed 37376K, reserved 38272K
Event: 19.117 GC heap after
Heap after GC invocations=102 (full 5):
 def new generation   total 33472K, used 0K [0x05400000, 0x07850000, 0x1a950000)
  eden space 29760K,   0% used [0x05400000, 0x05400000, 0x07110000)
  from space 3712K,   0% used [0x07110000, 0x07110000, 0x074b0000)
  to   space 3712K,   0% used [0x074b0000, 0x074b0000, 0x07850000)
 tenured generation   total 74148K, used 44487K [0x1a950000, 0x1f1b9000, 0x45400000)
   the space 74148K,  59% used [0x1a950000, 0x1d4c1d38, 0x1d4c1e00, 0x1f1b9000)
 Metaspace       used 36075K, capacity 37294K, committed 37376K, reserved 38272K
}
Event: 20.214 GC heap before
{Heap before GC invocations=102 (full 5):
 def new generation   total 33472K, used 29760K [0x05400000, 0x07850000, 0x1a950000)
  eden space 29760K, 100% used [0x05400000, 0x07110000, 0x07110000)
  from space 3712K,   0% used [0x07110000, 0x07110000, 0x074b0000)
  to   space 3712K,   0% used [0x074b0000, 0x074b0000, 0x07850000)
 tenured generation   total 74148K, used 44487K [0x1a950000, 0x1f1b9000, 0x45400000)
   the space 74148K,  59% used [0x1a950000, 0x1d4c1d38, 0x1d4c1e00, 0x1f1b9000)
 Metaspace       used 36528K, capacity 37789K, committed 37888K, reserved 38272K
Event: 20.236 GC heap after
Heap after GC invocations=103 (full 5):
 def new generation   total 33472K, used 3712K [0x05400000, 0x07850000, 0x1a950000)
  eden space 29760K,   0% used [0x05400000, 0x05400000, 0x07110000)
  from space 3712K, 100% used [0x074b0000, 0x07850000, 0x07850000)
  to   space 3712K,   0% used [0x07110000, 0x07110000, 0x074b0000)
 tenured generation   total 74148K, used 44771K [0x1a950000, 0x1f1b9000, 0x45400000)
   the space 74148K,  60% used [0x1a950000, 0x1d508e40, 0x1d509000, 0x1f1b9000)
 Metaspace       used 36528K, capacity 37789K, committed 37888K, reserved 38272K
}
Event: 20.573 GC heap before
{Heap before GC invocations=103 (full 5):
 def new generation   total 33472K, used 33472K [0x05400000, 0x07850000, 0x1a950000)
  eden space 29760K, 100% used [0x05400000, 0x07110000, 0x07110000)
  from space 3712K, 100% used [0x074b0000, 0x07850000, 0x07850000)
  to   space 3712K,   0% used [0x07110000, 0x07110000, 0x074b0000)
 tenured generation   total 74148K, used 44771K [0x1a950000, 0x1f1b9000, 0x45400000)
   the space 74148K,  60% used [0x1a950000, 0x1d508e40, 0x1d509000, 0x1f1b9000)
 Metaspace       used 36749K, capacity 37991K, committed 38016K, reserved 38272K
Event: 20.592 GC heap after
Heap after GC invocations=104 (full 5):
 def new generation   total 33472K, used 3228K [0x05400000, 0x07850000, 0x1a950000)
  eden space 29760K,   0% used [0x05400000, 0x05400000, 0x07110000)
  from space 3712K,  86% used [0x07110000, 0x07437298, 0x074b0000)
  to   space 3712K,   0% used [0x074b0000, 0x074b0000, 0x07850000)
 tenured generation   total 74148K, used 48163K [0x1a950000, 0x1f1b9000, 0x45400000)
   the space 74148K,  64% used [0x1a950000, 0x1d858d90, 0x1d858e00, 0x1f1b9000)
 Metaspace       used 36749K, capacity 37991K, committed 38016K, reserved 38272K
}

Deoptimization events (0 events):
No events

Internal exceptions (10 events):
Event: 20.473 Thread 0x45fa8800 Exception <a 'java/lang/NoSuchMethodError': <clinit>> (0x0685b368) thrown at [C:\re\workspace\8-2-build-windows-i586-cygwin\jdk8u112\7884\hotspot\src\share\vm\prims\jni.cpp, line 1613]
Event: 20.473 Thread 0x45fa8800 Exception <a 'java/lang/NoSuchMethodError': <clinit>> (0x068706b0) thrown at [C:\re\workspace\8-2-build-windows-i586-cygwin\jdk8u112\7884\hotspot\src\share\vm\prims\jni.cpp, line 1613]
Event: 20.476 Thread 0x45fa8800 Exception <a 'java/lang/NoSuchMethodError': <clinit>> (0x068e1d20) thrown at [C:\re\workspace\8-2-build-windows-i586-cygwin\jdk8u112\7884\hotspot\src\share\vm\prims\jni.cpp, line 1613]
Event: 20.477 Thread 0x45fa8800 Exception <a 'java/lang/NoSuchMethodError': <clinit>> (0x06907d18) thrown at [C:\re\workspace\8-2-build-windows-i586-cygwin\jdk8u112\7884\hotspot\src\share\vm\prims\jni.cpp, line 1613]
Event: 20.477 Thread 0x45fa8800 Exception <a 'java/lang/NoSuchMethodError': <clinit>> (0x0690fa20) thrown at [C:\re\workspace\8-2-build-windows-i586-cygwin\jdk8u112\7884\hotspot\src\share\vm\prims\jni.cpp, line 1613]
Event: 20.477 Thread 0x45fa8800 Exception <a 'java/lang/NoSuchMethodError': <clinit>> (0x06912d68) thrown at [C:\re\workspace\8-2-build-windows-i586-cygwin\jdk8u112\7884\hotspot\src\share\vm\prims\jni.cpp, line 1613]
Event: 20.478 Thread 0x45fa8800 Exception <a 'java/lang/NoSuchMethodError': <clinit>> (0x06929758) thrown at [C:\re\workspace\8-2-build-windows-i586-cygwin\jdk8u112\7884\hotspot\src\share\vm\prims\jni.cpp, line 1613]
Event: 20.479 Thread 0x45fa8800 Exception <a 'java/lang/NoSuchMethodError': <clinit>> (0x06946bd8) thrown at [C:\re\workspace\8-2-build-windows-i586-cygwin\jdk8u112\7884\hotspot\src\share\vm\prims\jni.cpp, line 1613]
Event: 20.479 Thread 0x45fa8800 Exception <a 'java/lang/NoSuchMethodError': <clinit>> (0x06949a58) thrown at [C:\re\workspace\8-2-build-windows-i586-cygwin\jdk8u112\7884\hotspot\src\share\vm\prims\jni.cpp, line 1613]
Event: 20.479 Thread 0x45fa8800 Exception <a 'java/lang/NoSuchMethodError': <clinit>> (0x0695a9b8) thrown at [C:\re\workspace\8-2-build-windows-i586-cygwin\jdk8u112\7884\hotspot\src\share\vm\prims\jni.cpp, line 1613]

Events (10 events):
Event: 20.683 loading class com/android/tools/aapt2/Aapt2Result
Event: 20.683 loading class com/android/tools/aapt2/Aapt2Result done
Event: 20.711 loading class com/android/tools/aapt2/Aapt2Result$Builder
Event: 20.711 loading class com/android/tools/aapt2/Aapt2Result$Builder done
Event: 20.711 loading class com/android/tools/aapt2/AutoValue_Aapt2Result$Builder
Event: 20.711 loading class com/android/tools/aapt2/AutoValue_Aapt2Result$Builder done
Event: 20.711 loading class com/android/tools/aapt2/AutoValue_Aapt2Result
Event: 20.711 loading class com/android/tools/aapt2/AutoValue_Aapt2Result done
Event: 20.712 Executing VM operation: RevokeBias
Event: 20.712 Executing VM operation: RevokeBias done


Dynamic libraries:
0x01150000 - 0x01183000 	C:\Program Files (x86)\Java\jdk1.8.0_112\bin\java.exe
0x76f70000 - 0x770df000 	C:\Windows\SYSTEM32\ntdll.dll
0x74990000 - 0x74ad0000 	C:\Windows\SYSTEM32\KERNEL32.DLL
0x74cc0000 - 0x74d97000 	C:\Windows\SYSTEM32\KERNELBASE.dll
0x6ca80000 - 0x6cb20000 	C:\Windows\system32\apphelp.dll
0x6bef0000 - 0x6c156000 	C:\Windows\AppPatch\AcGenral.DLL
0x74f60000 - 0x75023000 	C:\Windows\SYSTEM32\msvcrt.dll
0x747b0000 - 0x747f1000 	C:\Windows\SYSTEM32\sechost.dll
0x76e00000 - 0x76e1e000 	C:\Windows\SYSTEM32\SspiCli.dll
0x74760000 - 0x747a5000 	C:\Windows\SYSTEM32\SHLWAPI.dll
0x6c710000 - 0x6c7fd000 	C:\Windows\SYSTEM32\UxTheme.dll
0x75150000 - 0x752a3000 	C:\Windows\SYSTEM32\USER32.dll
0x75030000 - 0x7513c000 	C:\Windows\SYSTEM32\GDI32.dll
0x6d7f0000 - 0x6d813000 	C:\Windows\SYSTEM32\WINMM.dll
0x71bf0000 - 0x71c03000 	C:\Windows\SYSTEM32\samcli.dll
0x752b0000 - 0x753d9000 	C:\Windows\SYSTEM32\ole32.dll
0x74890000 - 0x74927000 	C:\Windows\SYSTEM32\OLEAUT32.dll
0x6bed0000 - 0x6bee7000 	C:\Windows\SYSTEM32\MSACM32.dll
0x74280000 - 0x74288000 	C:\Windows\SYSTEM32\VERSION.dll
0x759b0000 - 0x76c6b000 	C:\Windows\SYSTEM32\SHELL32.dll
0x74260000 - 0x7427b000 	C:\Windows\SYSTEM32\USERENV.dll
0x6beb0000 - 0x6beca000 	C:\Windows\SYSTEM32\dwmapi.dll
0x6bd60000 - 0x6beab000 	C:\Windows\SYSTEM32\urlmon.dll
0x76e20000 - 0x76e9c000 	C:\Windows\SYSTEM32\ADVAPI32.dll
0x72710000 - 0x72775000 	C:\Windows\SYSTEM32\WINSPOOL.DRV
0x6c9b0000 - 0x6c9c6000 	C:\Windows\SYSTEM32\MPR.dll
0x753e0000 - 0x7549a000 	C:\Windows\SYSTEM32\RPCRT4.dll
0x74750000 - 0x7475a000 	C:\Windows\SYSTEM32\CRYPTBASE.dll
0x74ad0000 - 0x74c4d000 	C:\Windows\SYSTEM32\combase.dll
0x6d7c0000 - 0x6d7e3000 	C:\Windows\SYSTEM32\WINMMBASE.dll
0x741f0000 - 0x741ff000 	C:\Windows\SYSTEM32\profapi.dll
0x6e740000 - 0x6e975000 	C:\Windows\SYSTEM32\iertutil.dll
0x6edd0000 - 0x6f07b000 	C:\Windows\SYSTEM32\WININET.dll
0x746f0000 - 0x74744000 	C:\Windows\SYSTEM32\bcryptPrimitives.dll
0x758e0000 - 0x7591c000 	C:\Windows\SYSTEM32\cfgmgr32.dll
0x6f480000 - 0x6f4a1000 	C:\Windows\SYSTEM32\DEVOBJ.dll
0x74160000 - 0x741eb000 	C:\Windows\SYSTEM32\SHCORE.DLL
0x75980000 - 0x759a7000 	C:\Windows\system32\IMM32.DLL
0x74e30000 - 0x74f42000 	C:\Windows\SYSTEM32\MSCTF.dll
0x6e980000 - 0x6eb86000 	C:\Windows\WinSxS\x86_microsoft.windows.common-controls_6595b64144ccf1df_6.0.9600.18006_none_a9ec6aab013aafee\COMCTL32.dll
0x74040000 - 0x740ff000 	C:\Program Files (x86)\Java\jdk1.8.0_112\jre\bin\msvcr100.dll
0x73540000 - 0x7390e000 	C:\Program Files (x86)\Java\jdk1.8.0_112\jre\bin\client\jvm.dll
0x6f080000 - 0x6f088000 	C:\Windows\SYSTEM32\WSOCK32.dll
0x74c70000 - 0x74c76000 	C:\Windows\SYSTEM32\PSAPI.DLL
0x74930000 - 0x7497f000 	C:\Windows\SYSTEM32\WS2_32.dll
0x75610000 - 0x75617000 	C:\Windows\SYSTEM32\NSI.dll
0x74150000 - 0x7415c000 	C:\Program Files (x86)\Java\jdk1.8.0_112\jre\bin\verify.dll
0x74010000 - 0x74031000 	C:\Program Files (x86)\Java\jdk1.8.0_112\jre\bin\java.dll
0x74130000 - 0x74143000 	C:\Program Files (x86)\Java\jdk1.8.0_112\jre\bin\zip.dll
0x73ff0000 - 0x74006000 	C:\Program Files (x86)\Java\jdk1.8.0_112\jre\bin\net.dll
0x739e0000 - 0x73a2b000 	C:\Windows\system32\mswsock.dll
0x73fe0000 - 0x73fef000 	C:\Program Files (x86)\Java\jdk1.8.0_112\jre\bin\nio.dll
0x73fc0000 - 0x73fd9000 	C:\Users\Gulnar\.gradle\native\25\windows-i386\native-platform.dll
0x73fb0000 - 0x73fba000 	C:\Program Files (x86)\Java\jdk1.8.0_112\jre\bin\management.dll
0x73de0000 - 0x73df9000 	C:\Windows\SYSTEM32\CRYPTSP.dll
0x73db0000 - 0x73de0000 	C:\Windows\system32\rsaenh.dll
0x73d90000 - 0x73dae000 	C:\Windows\SYSTEM32\bcrypt.dll
0x74330000 - 0x74350000 	C:\Windows\SYSTEM32\IPHLPAPI.DLL
0x74200000 - 0x74208000 	C:\Windows\SYSTEM32\WINNSI.DLL
0x739a0000 - 0x739b3000 	C:\Windows\SYSTEM32\dhcpcsvc6.DLL
0x739c0000 - 0x739d4000 	C:\Windows\SYSTEM32\dhcpcsvc.DLL
0x64b40000 - 0x64b58000 	C:\Users\Gulnar\AppData\Local\Temp\aapt2_838327870655038205\libwinpthread-1.dll
0x63940000 - 0x63c05000 	C:\Users\Gulnar\AppData\Local\Temp\aapt2_838327870655038205\libaapt2_jni.dll
0x69090000 - 0x691d1000 	C:\Windows\SYSTEM32\dbghelp.dll
0x73e10000 - 0x73f56000 	C:\Program Files (x86)\Java\jdk1.8.0_112\jre\bin\awt.dll
0x73f80000 - 0x73fa4000 	C:\Program Files (x86)\Java\jdk1.8.0_112\jre\bin\dcpr.dll

VM Arguments:
jvm_args: -Xmx1536m -Dfile.encoding=windows-1251 -Duser.country=RU -Duser.language=ru -Duser.variant -Xmx1024M 
java_command: org.gradle.launcher.daemon.bootstrap.GradleDaemon 4.1
java_class_path (initial): C:\Users\Gulnar\.gradle\wrapper\dists\gradle-4.1-all\bzyivzo6n839fup2jbap0tjew\gradle-4.1\lib\gradle-launcher-4.1.jar
Launcher Type: SUN_STANDARD

Environment Variables:
_JAVA_OPTIONS=-Xmx1024M
PATH=C:\ProgramData\Oracle\Java\javapath;C:\Program Files\Broadcom\Broadcom 802.11 Network Adapter;C:\Program Files (x86)\NVIDIA Corporation\PhysX\Common;C:\Program Files (x86)\Intel\iCLS Client\;C:\Program Files\Intel\iCLS Client\;C:\Windows\system32;C:\Windows;C:\Windows\System32\Wbem;C:\Windows\System32\WindowsPowerShell\v1.0\;C:\Program Files (x86)\Acer\abFiles\;C:\Program Files\Intel\Intel(R) Management Engine Components\DAL;C:\Program Files\Intel\Intel(R) Management Engine Components\IPT;C:\Program Files (x86)\Intel\Intel(R) Management Engine Components\DAL;C:\Program Files (x86)\Intel\Intel(R) Management Engine Components\IPT;C:\Program Files\WIDCOMM\Bluetooth Software\;C:\Program Files\WIDCOMM\Bluetooth Software\syswow64;C:\Program Files\Aladdin\eToken\PKIClient\x32;C:\Program Files\Aladdin\eToken\PKIClient\x64;C:\Program Files (x86)\IVI Foundation\VISA\WinNT\Bin;C:\Program Files\nodejs\;C:\Windows\system32\config\systemprofile\.dnx\bin;C:\Program Files\Microsoft DNX\Dnvm\;C:\Program Files\Microsoft SQL Server\130\Tools\Binn\;C:\Program Files (x86)\GtkSharp\2.12\bin;C:\Program Files (x86)\Skype\Phone\;C:\Program Files (x86)\Windows Kits\10\Windows Performance Toolkit\;C:\Program Files\dotnet\;C:\Program Files (x86)\Xoreax\IncrediBuild;C:\Users\Erzhan\AppData\Local\Programs\Git\cmd;C:\Program Files (x86)\Java\jdk1.8.0_112\bin\java.exe
USERNAME=Gulnar
OS=Windows_NT
PROCESSOR_IDENTIFIER=Intel64 Family 6 Model 69 Stepping 1, GenuineIntel



---------------  S Y S T E M  ---------------

OS: Windows 8.1 , 64 bit Build 9600 (6.3.9600.17415)

CPU:total 4 (2 cores per cpu, 2 threads per core) family 6 model 69 stepping 1, cmov, cx8, fxsr, mmx, sse, sse2, sse3, ssse3, sse4.1, sse4.2, popcnt, avx, avx2, aes, clmul, erms, lzcnt, ht, tsc, tscinvbit, bmi1, bmi2

Memory: 4k page, physical 6212888k(2364500k free), swap 7654680k(3323972k free)

vm_info: Java HotSpot(TM) Client VM (25.112-b15) for windows-x86 JRE (1.8.0_112-b15), built on Sep 22 2016 21:03:20 by "java_re" with MS VC++ 10.0 (VS2010)

time: Sat Sep 30 19:13:15 2017
elapsed time: 21 seconds (0d 0h 0m 21s)

