#
# A fatal error has been detected by the Java Runtime Environment:
#
#  EXCEPTION_ACCESS_VIOLATION (0xc0000005) at pc=0x494fcb00, pid=1936, tid=0x000004a4
#
# JRE version: Java(TM) SE Runtime Environment (8.0_112-b15) (build 1.8.0_112-b15)
# Java VM: Java HotSpot(TM) Client VM (25.112-b15 mixed mode windows-x86 )
# Problematic frame:
# C  0x494fcb00
#
# Failed to write core dump. Minidumps are not enabled by default on client versions of Windows
#
# If you would like to submit a bug report, please visit:
#   http://bugreport.java.com/bugreport/crash.jsp
# The crash happened outside the Java Virtual Machine in native code.
# See problematic frame for where to report the bug.
#

---------------  T H R E A D  ---------------

Current thread (0x49541c00):  JavaThread "Task worker for ':'" [_thread_in_native, id=1188, stack(0x4a820000,0x4a870000)]

siginfo: ExceptionCode=0xc0000005, ExceptionInformation=0x00000008 0x494fcb00

Registers:
EAX=0x00000004, EBX=0x49541d40, ECX=0x00000000, EDX=0x4780f374
ESP=0x4a86df98, EBP=0x4a86dfc8, ESI=0x4a86dfe8, EDI=0x494e04c8
EIP=0x494fcb00, EFLAGS=0x00010212

Top of Stack: (sp=0x4a86df98)
0x4a86df98:   4a86e078 00000000 73818e1c 73818efc
0x4a86dfa8:   49522ad0 00000000 00000002 47947d24
0x4a86dfb8:   4ab2c400 4ab2c400 4a86dff4 4a86e000
0x4a86dfc8:   4a86e028 6396753d 494fcbb0 47947930
0x4a86dfd8:   47947938 47947d24 000003ec 0344bfc6
0x4a86dfe8:   00000000 00000000 00000000 4a86e01c
0x4a86dff8:   735c08f0 49541c00 00000006 00000008
0x4a86e008:   49541c00 4ab2c3f8 4ab2c400 4ab2c400 

Instructions: (pc=0x494fcb00)
0x494fcae0:   72 64 00 00 00 00 00 00 d6 74 5e 53 00 9a 07 88
0x494fcaf0:   10 00 01 00 99 b4 0c 54 52 45 41 44 20 4e 55 4c
0x494fcb00:   4c 20 52 45 43 4f 52 44 ea 74 42 53 00 9b 07 88
0x494fcb10:   0b 00 01 00 d1 32 2a 29 69 73 47 4e 55 53 70 61 


Register to memory mapping:

EAX=0x00000004 is an unknown value
EBX=0x49541d40 is an unknown value
ECX=0x00000000 is an unknown value
EDX=0x4780f374 is an unknown value
ESP=0x4a86df98 is pointing into the stack for thread: 0x49541c00
EBP=0x4a86dfc8 is pointing into the stack for thread: 0x49541c00
ESI=0x4a86dfe8 is pointing into the stack for thread: 0x49541c00
EDI=0x494e04c8 is an unknown value


Stack: [0x4a820000,0x4a870000],  sp=0x4a86df98,  free space=311k
Native frames: (J=compiled Java code, j=interpreted, Vv=VM code, C=native code)
C  0x494fcb00
C  [libaapt2_jni.dll+0x2753d]
j  com.android.tools.aapt2.Aapt2Jni.nativeCompile(Ljava/util/List;Lcom/android/tools/aapt2/Aapt2JniLogCallback;)I+0
j  com.android.tools.aapt2.Aapt2Jni.compile(Ljava/util/List;)Lcom/android/tools/aapt2/Aapt2Result;+6
j  com.android.builder.internal.aapt.v2.AaptV2Jni.lambda$compile$0(Lcom/android/ide/common/res2/CompileResourceRequest;)Ljava/io/File;+10
j  com.android.builder.internal.aapt.v2.AaptV2Jni$$Lambda$270.call()Ljava/lang/Object;+8
j  java.util.concurrent.ForkJoinTask$AdaptedCallable.exec()Z+5
j  java.util.concurrent.ForkJoinTask.doExec()I+10
j  java.util.concurrent.ForkJoinTask.externalInterruptibleAwaitDone()I+55
j  java.util.concurrent.ForkJoinTask.get()Ljava/lang/Object;+17
j  com.android.ide.common.res2.MergedResourceWriter.postWriteAction()V+635
j  com.android.ide.common.res2.MergeWriter.end()V+1
j  com.android.ide.common.res2.MergedResourceWriter.end()V+1
J 3109% C1 com.android.ide.common.res2.DataMerger.mergeData(Lcom/android/ide/common/res2/MergeConsumer;Z)V (603 bytes) @ 0x039cdb8c [0x039cd280+0x90c]
j  com.android.ide.common.res2.ResourceMerger.mergeData(Lcom/android/ide/common/res2/MergeConsumer;Z)V+7
j  com.android.build.gradle.tasks.MergeResources.doFullTaskAction()V+201
j  com.android.build.gradle.internal.tasks.IncrementalTask.taskAction(Lorg/gradle/api/tasks/incremental/IncrementalTaskInputs;)V+33
v  ~StubRoutines::call_stub
V  [jvm.dll+0x15a945]
V  [jvm.dll+0x220d0e]
V  [jvm.dll+0x15a9de]
V  [jvm.dll+0x167178]
V  [jvm.dll+0x1673e3]
V  [jvm.dll+0x103be3]
C  [java.dll+0x3b26]
j  sun.reflect.NativeMethodAccessorImpl.invoke(Ljava/lang/Object;[Ljava/lang/Object;)Ljava/lang/Object;+100
J 470 C1 sun.reflect.DelegatingMethodAccessorImpl.invoke(Ljava/lang/Object;[Ljava/lang/Object;)Ljava/lang/Object; (10 bytes) @ 0x03537a40 [0x03537a10+0x30]
J 469 C1 java.lang.reflect.Method.invoke(Ljava/lang/Object;[Ljava/lang/Object;)Ljava/lang/Object; (62 bytes) @ 0x03537754 [0x03537680+0xd4]
j  org.gradle.internal.reflect.JavaMethod.invoke(Ljava/lang/Object;[Ljava/lang/Object;)Ljava/lang/Object;+6
j  org.gradle.api.internal.project.taskfactory.DefaultTaskClassInfoStore$IncrementalTaskAction.doExecute(Lorg/gradle/api/Task;Ljava/lang/String;)V+35
j  org.gradle.api.internal.project.taskfactory.DefaultTaskClassInfoStore$StandardTaskAction.execute(Lorg/gradle/api/Task;)V+32
j  org.gradle.api.internal.project.taskfactory.DefaultTaskClassInfoStore$StandardTaskAction.execute(Ljava/lang/Object;)V+5
j  org.gradle.api.internal.tasks.execution.ExecuteActionsTaskExecuter$1.run(Lorg/gradle/internal/operations/BuildOperationContext;)V+23
j  org.gradle.internal.progress.DefaultBuildOperationExecutor$RunnableBuildOperationWorker.execute(Lorg/gradle/internal/operations/RunnableBuildOperation;Lorg/gradle/internal/operations/BuildOperationContext;)V+2
j  org.gradle.internal.progress.DefaultBuildOperationExecutor$RunnableBuildOperationWorker.execute(Lorg/gradle/internal/operations/BuildOperation;Lorg/gradle/internal/operations/BuildOperationContext;)V+6
j  org.gradle.internal.progress.DefaultBuildOperationExecutor.execute(Lorg/gradle/internal/operations/BuildOperation;Lorg/gradle/internal/operations/BuildOperationWorker;Lorg/gradle/internal/progress/DefaultBuildOperationExecutor$DefaultBuildOperationState;)V+177
j  org.gradle.internal.progress.DefaultBuildOperationExecutor.run(Lorg/gradle/internal/operations/RunnableBuildOperation;)V+20
j  org.gradle.api.internal.tasks.execution.ExecuteActionsTaskExecuter.executeAction(Ljava/lang/String;Lorg/gradle/api/internal/TaskInternal;Lorg/gradle/api/internal/tasks/ContextAwareTaskAction;Lorg/gradle/api/internal/tasks/TaskExecutionContext;)V+23
j  org.gradle.api.internal.tasks.execution.ExecuteActionsTaskExecuter.executeActions(Lorg/gradle/api/internal/TaskInternal;Lorg/gradle/api/internal/tasks/TaskStateInternal;Lorg/gradle/api/internal/tasks/TaskExecutionContext;)Lorg/gradle/api/GradleException;+131
j  org.gradle.api.internal.tasks.execution.ExecuteActionsTaskExecuter.execute(Lorg/gradle/api/internal/TaskInternal;Lorg/gradle/api/internal/tasks/TaskStateInternal;Lorg/gradle/api/internal/tasks/TaskExecutionContext;)V+42
j  org.gradle.api.internal.tasks.execution.SkipUpToDateTaskExecuter.execute(Lorg/gradle/api/internal/TaskInternal;Lorg/gradle/api/internal/tasks/TaskStateInternal;Lorg/gradle/api/internal/tasks/TaskExecutionContext;)V+124
j  org.gradle.api.internal.tasks.execution.ResolveTaskOutputCachingStateExecuter.execute(Lorg/gradle/api/internal/TaskInternal;Lorg/gradle/api/internal/tasks/TaskStateInternal;Lorg/gradle/api/internal/tasks/TaskExecutionContext;)V+96
j  org.gradle.api.internal.tasks.execution.ValidatingTaskExecuter.execute(Lorg/gradle/api/internal/TaskInternal;Lorg/gradle/api/internal/tasks/TaskStateInternal;Lorg/gradle/api/internal/tasks/TaskExecutionContext;)V+215
j  org.gradle.api.internal.tasks.execution.SkipEmptySourceFilesTaskExecuter.execute(Lorg/gradle/api/internal/TaskInternal;Lorg/gradle/api/internal/tasks/TaskStateInternal;Lorg/gradle/api/internal/tasks/TaskExecutionContext;)V+335
j  org.gradle.api.internal.tasks.execution.ResolveTaskArtifactStateTaskExecuter.execute(Lorg/gradle/api/internal/TaskInternal;Lorg/gradle/api/internal/tasks/TaskStateInternal;Lorg/gradle/api/internal/tasks/TaskExecutionContext;)V+72
j  org.gradle.api.internal.tasks.execution.SkipTaskWithNoActionsExecuter.execute(Lorg/gradle/api/internal/TaskInternal;Lorg/gradle/api/internal/tasks/TaskStateInternal;Lorg/gradle/api/internal/tasks/TaskExecutionContext;)V+124
j  org.gradle.api.internal.tasks.execution.SkipOnlyIfTaskExecuter.execute(Lorg/gradle/api/internal/TaskInternal;Lorg/gradle/api/internal/tasks/TaskStateInternal;Lorg/gradle/api/internal/tasks/TaskExecutionContext;)V+85
j  org.gradle.api.internal.tasks.execution.ExecuteAtMostOnceTaskExecuter.execute(Lorg/gradle/api/internal/TaskInternal;Lorg/gradle/api/internal/tasks/TaskStateInternal;Lorg/gradle/api/internal/tasks/TaskExecutionContext;)V+26
j  org.gradle.api.internal.tasks.execution.CatchExceptionTaskExecuter.execute(Lorg/gradle/api/internal/TaskInternal;Lorg/gradle/api/internal/tasks/TaskStateInternal;Lorg/gradle/api/internal/tasks/TaskExecutionContext;)V+7
j  org.gradle.execution.taskgraph.DefaultTaskGraphExecuter$EventFiringTaskWorker$1.run(Lorg/gradle/internal/operations/BuildOperationContext;)V+56
j  org.gradle.internal.progress.DefaultBuildOperationExecutor$RunnableBuildOperationWorker.execute(Lorg/gradle/internal/operations/RunnableBuildOperation;Lorg/gradle/internal/operations/BuildOperationContext;)V+2
j  org.gradle.internal.progress.DefaultBuildOperationExecutor$RunnableBuildOperationWorker.execute(Lorg/gradle/internal/operations/BuildOperation;Lorg/gradle/internal/operations/BuildOperationContext;)V+6
j  org.gradle.internal.progress.DefaultBuildOperationExecutor.execute(Lorg/gradle/internal/operations/BuildOperation;Lorg/gradle/internal/operations/BuildOperationWorker;Lorg/gradle/internal/progress/DefaultBuildOperationExecutor$DefaultBuildOperationState;)V+177
j  org.gradle.internal.progress.DefaultBuildOperationExecutor.run(Lorg/gradle/internal/operations/RunnableBuildOperation;)V+20
j  org.gradle.execution.taskgraph.DefaultTaskGraphExecuter$EventFiringTaskWorker.execute(Lorg/gradle/api/internal/TaskInternal;)V+16
j  org.gradle.execution.taskgraph.DefaultTaskGraphExecuter$EventFiringTaskWorker.execute(Ljava/lang/Object;)V+5
j  org.gradle.execution.taskgraph.DefaultTaskPlanExecutor$TaskExecutorWorker.processTask(Lorg/gradle/execution/taskgraph/TaskInfo;)V+8
j  org.gradle.execution.taskgraph.DefaultTaskPlanExecutor$TaskExecutorWorker.access$200(Lorg/gradle/execution/taskgraph/DefaultTaskPlanExecutor$TaskExecutorWorker;Lorg/gradle/execution/taskgraph/TaskInfo;)V+2
j  org.gradle.execution.taskgraph.DefaultTaskPlanExecutor$TaskExecutorWorker$1.execute(Lorg/gradle/execution/taskgraph/TaskInfo;)V+38
j  org.gradle.execution.taskgraph.DefaultTaskPlanExecutor$TaskExecutorWorker$1.execute(Ljava/lang/Object;)V+5
j  org.gradle.execution.taskgraph.DefaultTaskExecutionPlan.execute(Lorg/gradle/execution/taskgraph/TaskInfo;Lorg/gradle/internal/work/WorkerLeaseRegistry$WorkerLease;Lorg/gradle/api/Action;)V+14
j  org.gradle.execution.taskgraph.DefaultTaskExecutionPlan.executeWithTask(Lorg/gradle/internal/work/WorkerLeaseRegistry$WorkerLease;Lorg/gradle/api/Action;)Z+53
j  org.gradle.execution.taskgraph.DefaultTaskPlanExecutor$TaskExecutorWorker.run()V+52
j  org.gradle.internal.concurrent.ExecutorPolicy$CatchAndRecordFailures.onExecute(Ljava/lang/Runnable;)V+1
j  org.gradle.internal.concurrent.ManagedExecutorImpl$1.run()V+25
j  java.util.concurrent.ThreadPoolExecutor.runWorker(Ljava/util/concurrent/ThreadPoolExecutor$Worker;)V+95
j  java.util.concurrent.ThreadPoolExecutor$Worker.run()V+5
j  org.gradle.internal.concurrent.ThreadFactoryImpl$ManagedThreadRunnable.run()V+7
j  java.lang.Thread.run()V+11
v  ~StubRoutines::call_stub
V  [jvm.dll+0x15a945]
V  [jvm.dll+0x220d0e]
V  [jvm.dll+0x15a9de]
V  [jvm.dll+0x15ab66]
V  [jvm.dll+0x15abd7]
V  [jvm.dll+0xfeeaf]
V  [jvm.dll+0x17d670]
V  [jvm.dll+0x17deea]
V  [jvm.dll+0x1c2986]
C  [msvcr100.dll+0x5c556]
C  [msvcr100.dll+0x5c600]
C  [KERNEL32.DLL+0x17c04]
C  [ntdll.dll+0x5ad2f]
C  [ntdll.dll+0x5acfa]
C  0x00000000

Java frames: (J=compiled Java code, j=interpreted, Vv=VM code)
j  com.android.tools.aapt2.Aapt2Jni.nativeCompile(Ljava/util/List;Lcom/android/tools/aapt2/Aapt2JniLogCallback;)I+0
j  com.android.tools.aapt2.Aapt2Jni.compile(Ljava/util/List;)Lcom/android/tools/aapt2/Aapt2Result;+6
j  com.android.builder.internal.aapt.v2.AaptV2Jni.lambda$compile$0(Lcom/android/ide/common/res2/CompileResourceRequest;)Ljava/io/File;+10
j  com.android.builder.internal.aapt.v2.AaptV2Jni$$Lambda$270.call()Ljava/lang/Object;+8
j  java.util.concurrent.ForkJoinTask$AdaptedCallable.exec()Z+5
j  java.util.concurrent.ForkJoinTask.doExec()I+10
j  java.util.concurrent.ForkJoinTask.externalInterruptibleAwaitDone()I+55
j  java.util.concurrent.ForkJoinTask.get()Ljava/lang/Object;+17
j  com.android.ide.common.res2.MergedResourceWriter.postWriteAction()V+635
j  com.android.ide.common.res2.MergeWriter.end()V+1
j  com.android.ide.common.res2.MergedResourceWriter.end()V+1
J 3109% C1 com.android.ide.common.res2.DataMerger.mergeData(Lcom/android/ide/common/res2/MergeConsumer;Z)V (603 bytes) @ 0x039cdb8c [0x039cd280+0x90c]
j  com.android.ide.common.res2.ResourceMerger.mergeData(Lcom/android/ide/common/res2/MergeConsumer;Z)V+7
j  com.android.build.gradle.tasks.MergeResources.doFullTaskAction()V+201
j  com.android.build.gradle.internal.tasks.IncrementalTask.taskAction(Lorg/gradle/api/tasks/incremental/IncrementalTaskInputs;)V+33
v  ~StubRoutines::call_stub
j  sun.reflect.NativeMethodAccessorImpl.invoke0(Ljava/lang/reflect/Method;Ljava/lang/Object;[Ljava/lang/Object;)Ljava/lang/Object;+0
j  sun.reflect.NativeMethodAccessorImpl.invoke(Ljava/lang/Object;[Ljava/lang/Object;)Ljava/lang/Object;+100
J 470 C1 sun.reflect.DelegatingMethodAccessorImpl.invoke(Ljava/lang/Object;[Ljava/lang/Object;)Ljava/lang/Object; (10 bytes) @ 0x03537a40 [0x03537a10+0x30]
J 469 C1 java.lang.reflect.Method.invoke(Ljava/lang/Object;[Ljava/lang/Object;)Ljava/lang/Object; (62 bytes) @ 0x03537754 [0x03537680+0xd4]
j  org.gradle.internal.reflect.JavaMethod.invoke(Ljava/lang/Object;[Ljava/lang/Object;)Ljava/lang/Object;+6
j  org.gradle.api.internal.project.taskfactory.DefaultTaskClassInfoStore$IncrementalTaskAction.doExecute(Lorg/gradle/api/Task;Ljava/lang/String;)V+35
j  org.gradle.api.internal.project.taskfactory.DefaultTaskClassInfoStore$StandardTaskAction.execute(Lorg/gradle/api/Task;)V+32
j  org.gradle.api.internal.project.taskfactory.DefaultTaskClassInfoStore$StandardTaskAction.execute(Ljava/lang/Object;)V+5
j  org.gradle.api.internal.tasks.execution.ExecuteActionsTaskExecuter$1.run(Lorg/gradle/internal/operations/BuildOperationContext;)V+23
j  org.gradle.internal.progress.DefaultBuildOperationExecutor$RunnableBuildOperationWorker.execute(Lorg/gradle/internal/operations/RunnableBuildOperation;Lorg/gradle/internal/operations/BuildOperationContext;)V+2
j  org.gradle.internal.progress.DefaultBuildOperationExecutor$RunnableBuildOperationWorker.execute(Lorg/gradle/internal/operations/BuildOperation;Lorg/gradle/internal/operations/BuildOperationContext;)V+6
j  org.gradle.internal.progress.DefaultBuildOperationExecutor.execute(Lorg/gradle/internal/operations/BuildOperation;Lorg/gradle/internal/operations/BuildOperationWorker;Lorg/gradle/internal/progress/DefaultBuildOperationExecutor$DefaultBuildOperationState;)V+177
j  org.gradle.internal.progress.DefaultBuildOperationExecutor.run(Lorg/gradle/internal/operations/RunnableBuildOperation;)V+20
j  org.gradle.api.internal.tasks.execution.ExecuteActionsTaskExecuter.executeAction(Ljava/lang/String;Lorg/gradle/api/internal/TaskInternal;Lorg/gradle/api/internal/tasks/ContextAwareTaskAction;Lorg/gradle/api/internal/tasks/TaskExecutionContext;)V+23
j  org.gradle.api.internal.tasks.execution.ExecuteActionsTaskExecuter.executeActions(Lorg/gradle/api/internal/TaskInternal;Lorg/gradle/api/internal/tasks/TaskStateInternal;Lorg/gradle/api/internal/tasks/TaskExecutionContext;)Lorg/gradle/api/GradleException;+131
j  org.gradle.api.internal.tasks.execution.ExecuteActionsTaskExecuter.execute(Lorg/gradle/api/internal/TaskInternal;Lorg/gradle/api/internal/tasks/TaskStateInternal;Lorg/gradle/api/internal/tasks/TaskExecutionContext;)V+42
j  org.gradle.api.internal.tasks.execution.SkipUpToDateTaskExecuter.execute(Lorg/gradle/api/internal/TaskInternal;Lorg/gradle/api/internal/tasks/TaskStateInternal;Lorg/gradle/api/internal/tasks/TaskExecutionContext;)V+124
j  org.gradle.api.internal.tasks.execution.ResolveTaskOutputCachingStateExecuter.execute(Lorg/gradle/api/internal/TaskInternal;Lorg/gradle/api/internal/tasks/TaskStateInternal;Lorg/gradle/api/internal/tasks/TaskExecutionContext;)V+96
j  org.gradle.api.internal.tasks.execution.ValidatingTaskExecuter.execute(Lorg/gradle/api/internal/TaskInternal;Lorg/gradle/api/internal/tasks/TaskStateInternal;Lorg/gradle/api/internal/tasks/TaskExecutionContext;)V+215
j  org.gradle.api.internal.tasks.execution.SkipEmptySourceFilesTaskExecuter.execute(Lorg/gradle/api/internal/TaskInternal;Lorg/gradle/api/internal/tasks/TaskStateInternal;Lorg/gradle/api/internal/tasks/TaskExecutionContext;)V+335
j  org.gradle.api.internal.tasks.execution.ResolveTaskArtifactStateTaskExecuter.execute(Lorg/gradle/api/internal/TaskInternal;Lorg/gradle/api/internal/tasks/TaskStateInternal;Lorg/gradle/api/internal/tasks/TaskExecutionContext;)V+72
j  org.gradle.api.internal.tasks.execution.SkipTaskWithNoActionsExecuter.execute(Lorg/gradle/api/internal/TaskInternal;Lorg/gradle/api/internal/tasks/TaskStateInternal;Lorg/gradle/api/internal/tasks/TaskExecutionContext;)V+124
j  org.gradle.api.internal.tasks.execution.SkipOnlyIfTaskExecuter.execute(Lorg/gradle/api/internal/TaskInternal;Lorg/gradle/api/internal/tasks/TaskStateInternal;Lorg/gradle/api/internal/tasks/TaskExecutionContext;)V+85
j  org.gradle.api.internal.tasks.execution.ExecuteAtMostOnceTaskExecuter.execute(Lorg/gradle/api/internal/TaskInternal;Lorg/gradle/api/internal/tasks/TaskStateInternal;Lorg/gradle/api/internal/tasks/TaskExecutionContext;)V+26
j  org.gradle.api.internal.tasks.execution.CatchExceptionTaskExecuter.execute(Lorg/gradle/api/internal/TaskInternal;Lorg/gradle/api/internal/tasks/TaskStateInternal;Lorg/gradle/api/internal/tasks/TaskExecutionContext;)V+7
j  org.gradle.execution.taskgraph.DefaultTaskGraphExecuter$EventFiringTaskWorker$1.run(Lorg/gradle/internal/operations/BuildOperationContext;)V+56
j  org.gradle.internal.progress.DefaultBuildOperationExecutor$RunnableBuildOperationWorker.execute(Lorg/gradle/internal/operations/RunnableBuildOperation;Lorg/gradle/internal/operations/BuildOperationContext;)V+2
j  org.gradle.internal.progress.DefaultBuildOperationExecutor$RunnableBuildOperationWorker.execute(Lorg/gradle/internal/operations/BuildOperation;Lorg/gradle/internal/operations/BuildOperationContext;)V+6
j  org.gradle.internal.progress.DefaultBuildOperationExecutor.execute(Lorg/gradle/internal/operations/BuildOperation;Lorg/gradle/internal/operations/BuildOperationWorker;Lorg/gradle/internal/progress/DefaultBuildOperationExecutor$DefaultBuildOperationState;)V+177
j  org.gradle.internal.progress.DefaultBuildOperationExecutor.run(Lorg/gradle/internal/operations/RunnableBuildOperation;)V+20
j  org.gradle.execution.taskgraph.DefaultTaskGraphExecuter$EventFiringTaskWorker.execute(Lorg/gradle/api/internal/TaskInternal;)V+16
j  org.gradle.execution.taskgraph.DefaultTaskGraphExecuter$EventFiringTaskWorker.execute(Ljava/lang/Object;)V+5
j  org.gradle.execution.taskgraph.DefaultTaskPlanExecutor$TaskExecutorWorker.processTask(Lorg/gradle/execution/taskgraph/TaskInfo;)V+8
j  org.gradle.execution.taskgraph.DefaultTaskPlanExecutor$TaskExecutorWorker.access$200(Lorg/gradle/execution/taskgraph/DefaultTaskPlanExecutor$TaskExecutorWorker;Lorg/gradle/execution/taskgraph/TaskInfo;)V+2
j  org.gradle.execution.taskgraph.DefaultTaskPlanExecutor$TaskExecutorWorker$1.execute(Lorg/gradle/execution/taskgraph/TaskInfo;)V+38
j  org.gradle.execution.taskgraph.DefaultTaskPlanExecutor$TaskExecutorWorker$1.execute(Ljava/lang/Object;)V+5
j  org.gradle.execution.taskgraph.DefaultTaskExecutionPlan.execute(Lorg/gradle/execution/taskgraph/TaskInfo;Lorg/gradle/internal/work/WorkerLeaseRegistry$WorkerLease;Lorg/gradle/api/Action;)V+14
j  org.gradle.execution.taskgraph.DefaultTaskExecutionPlan.executeWithTask(Lorg/gradle/internal/work/WorkerLeaseRegistry$WorkerLease;Lorg/gradle/api/Action;)Z+53
j  org.gradle.execution.taskgraph.DefaultTaskPlanExecutor$TaskExecutorWorker.run()V+52
j  org.gradle.internal.concurrent.ExecutorPolicy$CatchAndRecordFailures.onExecute(Ljava/lang/Runnable;)V+1
j  org.gradle.internal.concurrent.ManagedExecutorImpl$1.run()V+25
j  java.util.concurrent.ThreadPoolExecutor.runWorker(Ljava/util/concurrent/ThreadPoolExecutor$Worker;)V+95
j  java.util.concurrent.ThreadPoolExecutor$Worker.run()V+5
j  org.gradle.internal.concurrent.ThreadFactoryImpl$ManagedThreadRunnable.run()V+7
j  java.lang.Thread.run()V+11
v  ~StubRoutines::call_stub

---------------  P R O C E S S  ---------------

Java Threads: ( => current thread )
  0x49544000 JavaThread "ForkJoinPool.commonPool-worker-1" daemon [_thread_blocked, id=5304, stack(0x4b350000,0x4b3a0000)]
  0x49547400 JavaThread "Worker Daemon Execution Thread 7" [_thread_blocked, id=1820, stack(0x4b1c0000,0x4b210000)]
  0x49545c00 JavaThread "Java2D Disposer" daemon [_thread_blocked, id=2472, stack(0x4b130000,0x4b180000)]
  0x49540400 JavaThread "Worker Daemon Execution Thread 6" [_thread_blocked, id=5276, stack(0x4afa0000,0x4aff0000)]
  0x49543c00 JavaThread "Worker Daemon Execution Thread 5" [_thread_blocked, id=1692, stack(0x4af10000,0x4af60000)]
  0x49543400 JavaThread "Worker Daemon Execution Thread 4" [_thread_blocked, id=4424, stack(0x4ae80000,0x4aed0000)]
  0x49543000 JavaThread "Worker Daemon Execution Thread 3" [_thread_blocked, id=6032, stack(0x4adf0000,0x4ae40000)]
  0x49541400 JavaThread "Worker Daemon Execution Thread 2" [_thread_blocked, id=6552, stack(0x4ad60000,0x4adb0000)]
  0x49541000 JavaThread "Worker Daemon Execution" [_thread_blocked, id=5508, stack(0x4acd0000,0x4ad20000)]
  0x49542000 JavaThread "Task worker for ':' Thread 3" [_thread_blocked, id=5232, stack(0x4aa40000,0x4aa90000)]
  0x49540800 JavaThread "Task worker for ':' Thread 2" [_thread_blocked, id=1828, stack(0x4a8b0000,0x4a900000)]
=>0x49541c00 JavaThread "Task worker for ':'" [_thread_in_native, id=1188, stack(0x4a820000,0x4a870000)]
  0x49542800 JavaThread "Cache worker for task history cache (C:\Users\Gulnar\AndroidStudioProjects\ENIS\.gradle\4.1\taskHistory)" [_thread_blocked, id=5172, stack(0x4a790000,0x4a7e0000)]
  0x4953fc00 JavaThread "Cache worker for file content cache (C:\Users\Gulnar\AndroidStudioProjects\ENIS\.gradle\4.1\fileContent)" [_thread_blocked, id=4616, stack(0x4a700000,0x4a750000)]
  0x46b91800 JavaThread "Memory manager" [_thread_blocked, id=1448, stack(0x48ea0000,0x48ef0000)]
  0x46b90c00 JavaThread "build operations Thread 4" [_thread_blocked, id=5036, stack(0x48a10000,0x48a60000)]
  0x46b90800 JavaThread "build operations Thread 3" [_thread_blocked, id=1152, stack(0x48980000,0x489d0000)]
  0x46b91400 JavaThread "build operations Thread 2" [_thread_blocked, id=4116, stack(0x488f0000,0x48940000)]
  0x46b8f800 JavaThread "build operations" [_thread_blocked, id=6464, stack(0x48860000,0x488b0000)]
  0x46b90000 JavaThread "Cache worker for Artifact transforms cache (C:\Users\Gulnar\.gradle\caches\transforms-1)" [_thread_blocked, id=4356, stack(0x484d0000,0x48520000)]
  0x46b8e800 JavaThread "Cache worker for file hash cache (C:\Users\Gulnar\AndroidStudioProjects\ENIS\.gradle\4.1\fileHashes)" [_thread_blocked, id=3632, stack(0x47d20000,0x47d70000)]
  0x46b8e000 JavaThread "File lock request listener" [_thread_in_native, id=2492, stack(0x47c90000,0x47ce0000)]
  0x46b8ec00 JavaThread "Cache worker for file hash cache (C:\Users\Gulnar\.gradle\caches\4.1\fileHashes)" [_thread_blocked, id=6676, stack(0x47c00000,0x47c50000)]
  0x45fa4400 JavaThread "Stdin handler" [_thread_blocked, id=1308, stack(0x469a0000,0x469f0000)]
  0x45f88400 JavaThread "Asynchronous log dispatcher for DefaultDaemonConnection: socket connection from /127.0.0.1:50061 to /127.0.0.1:50062" [_thread_blocked, id=2972, stack(0x46910000,0x46960000)]
  0x45f88000 JavaThread "Daemon worker" [_thread_blocked, id=6684, stack(0x46880000,0x468d0000)]
  0x45f87800 JavaThread "Cancel handler" [_thread_blocked, id=6892, stack(0x467f0000,0x46840000)]
  0x45f09000 JavaThread "Handler for socket connection from /127.0.0.1:50061 to /127.0.0.1:50062" [_thread_in_native, id=5072, stack(0x46760000,0x467b0000)]
  0x45f0c800 JavaThread "Daemon" [_thread_blocked, id=1620, stack(0x466d0000,0x46720000)]
  0x45f07800 JavaThread "Daemon periodic checks" [_thread_blocked, id=2844, stack(0x46640000,0x46690000)]
  0x45eee400 JavaThread "Incoming local TCP Connector on port 50061" [_thread_in_native, id=1544, stack(0x464b0000,0x46500000)]
  0x45e86800 JavaThread "Daemon health stats" [_thread_blocked, id=1684, stack(0x46140000,0x46190000)]
  0x01639c00 JavaThread "Service Thread" daemon [_thread_blocked, id=1444, stack(0x019e0000,0x01a30000)]
  0x01620400 JavaThread "C1 CompilerThread0" daemon [_thread_blocked, id=3468, stack(0x01950000,0x019a0000)]
  0x0161f400 JavaThread "Attach Listener" daemon [_thread_blocked, id=5020, stack(0x018c0000,0x01910000)]
  0x0161b800 JavaThread "Signal Dispatcher" daemon [_thread_blocked, id=5476, stack(0x01830000,0x01880000)]
  0x01609c00 JavaThread "Finalizer" daemon [_thread_blocked, id=4972, stack(0x01000000,0x01050000)]
  0x01603c00 JavaThread "Reference Handler" daemon [_thread_blocked, id=4440, stack(0x00f70000,0x00fc0000)]
  0x00bfd400 JavaThread "main" [_thread_blocked, id=5820, stack(0x00910000,0x00960000)]

Other Threads:
  0x00b2e800 VMThread [stack: 0x00b30000,0x00b80000] [id=2520]
  0x0164e000 WatcherThread [stack: 0x01e60000,0x01eb0000] [id=3372]

VM state:not at safepoint (normal execution)

VM Mutex/Monitor currently owned by a thread: None

Heap:
 def new generation   total 21312K, used 3556K [0x05400000, 0x06b10000, 0x1a950000)
  eden space 19008K,  11% used [0x05400000, 0x0560af88, 0x06690000)
  from space 2304K,  63% used [0x06690000, 0x067fe320, 0x068d0000)
  to   space 2304K,   0% used [0x068d0000, 0x068d0000, 0x06b10000)
 tenured generation   total 47032K, used 30520K [0x1a950000, 0x1d73e000, 0x45400000)
   the space 47032K,  64% used [0x1a950000, 0x1c71e218, 0x1c71e400, 0x1d73e000)
 Metaspace       used 33602K, capacity 34470K, committed 34560K, reserved 35200K

Card table byte_map: [0x00c00000,0x00e10000] byte_map_base: 0x00bd6000

Polling page: 0x00400000

CodeCache: size=32768Kb used=6094Kb max_used=6094Kb free=26673Kb
 bounds [0x03400000, 0x039f8000, 0x05400000]
 total_blobs=3646 nmethods=3164 adapters=411
 compilation: enabled

Compilation events (10 events):
Event: 9.975 Thread 0x01620400 nmethod 3212 0x0373a608 code [0x0373a700, 0x0373a7a0]
Event: 9.975 Thread 0x01620400 3213             java.lang.String::indexOf (166 bytes)
Event: 9.976 Thread 0x01620400 nmethod 3213 0x03757fc8 code [0x037580e0, 0x03758310]
Event: 9.976 Thread 0x01620400 3214 %           com.sun.imageio.plugins.png.PNGImageWriter::encodePass @ 790 (1063 bytes)
Event: 9.981 Thread 0x01620400 nmethod 3214% 0x03753408 code [0x037536b0, 0x037554d4]
Event: 9.981 Thread 0x01620400 3215             jdk.internal.org.objectweb.asm.ByteVector::putUTF8 (142 bytes)
Event: 9.982 Thread 0x01620400 nmethod 3215 0x03752c48 code [0x03752d90, 0x03753090]
Event: 9.997 Thread 0x01620400 3216             java.io.ObjectStreamField::getTypeCode (9 bytes)
Event: 9.997 Thread 0x01620400 nmethod 3216 0x0372f588 code [0x0372f690, 0x0372f7cc]
Event: 9.998 Thread 0x01620400 3217             java.util.HashMap::putVal (300 bytes)

GC Heap History (10 events):
Event: 9.291 GC heap before
{Heap before GC invocations=87 (full 3):
 def new generation   total 12352K, used 11773K [0x05400000, 0x06160000, 0x1a950000)
  eden space 11008K, 100% used [0x05400000, 0x05ec0000, 0x05ec0000)
  from space 1344K,  56% used [0x06010000, 0x060cf5d0, 0x06160000)
  to   space 1344K,   0% used [0x05ec0000, 0x05ec0000, 0x06010000)
 tenured generation   total 27164K, used 25570K [0x1a950000, 0x1c3d7000, 0x45400000)
   the space 27164K,  94% used [0x1a950000, 0x1c248870, 0x1c248a00, 0x1c3d7000)
 Metaspace       used 32179K, capacity 33060K, committed 33152K, reserved 33152K
Event: 9.297 GC heap after
Heap after GC invocations=88 (full 3):
 def new generation   total 12352K, used 1171K [0x05400000, 0x06160000, 0x1a950000)
  eden space 11008K,   0% used [0x05400000, 0x05400000, 0x05ec0000)
  from space 1344K,  87% used [0x05ec0000, 0x05fe4c28, 0x06010000)
  to   space 1344K,   0% used [0x06010000, 0x06010000, 0x06160000)
 tenured generation   total 27164K, used 26094K [0x1a950000, 0x1c3d7000, 0x45400000)
   the space 27164K,  96% used [0x1a950000, 0x1c2cb970, 0x1c2cba00, 0x1c3d7000)
 Metaspace       used 32179K, capacity 33060K, committed 33152K, reserved 33152K
}
Event: 9.431 GC heap before
{Heap before GC invocations=88 (full 3):
 def new generation   total 12352K, used 12179K [0x05400000, 0x06160000, 0x1a950000)
  eden space 11008K, 100% used [0x05400000, 0x05ec0000, 0x05ec0000)
  from space 1344K,  87% used [0x05ec0000, 0x05fe4c28, 0x06010000)
  to   space 1344K,   0% used [0x06010000, 0x06010000, 0x06160000)
 tenured generation   total 27164K, used 26094K [0x1a950000, 0x1c3d7000, 0x45400000)
   the space 27164K,  96% used [0x1a950000, 0x1c2cb970, 0x1c2cba00, 0x1c3d7000)
 Metaspace       used 32200K, capacity 33092K, committed 33152K, reserved 33152K
Event: 9.439 GC heap after
Heap after GC invocations=89 (full 3):
 def new generation   total 12352K, used 435K [0x05400000, 0x06160000, 0x1a950000)
  eden space 11008K,   0% used [0x05400000, 0x05400000, 0x05ec0000)
  from space 1344K,  32% used [0x06010000, 0x0607cf50, 0x06160000)
  to   space 1344K,   0% used [0x05ec0000, 0x05ec0000, 0x06010000)
 tenured generation   total 27164K, used 26685K [0x1a950000, 0x1c3d7000, 0x45400000)
   the space 27164K,  98% used [0x1a950000, 0x1c35f648, 0x1c35f800, 0x1c3d7000)
 Metaspace       used 32200K, capacity 33092K, committed 33152K, reserved 33152K
}
Event: 9.547 GC heap before
{Heap before GC invocations=89 (full 3):
 def new generation   total 12352K, used 11443K [0x05400000, 0x06160000, 0x1a950000)
  eden space 11008K, 100% used [0x05400000, 0x05ec0000, 0x05ec0000)
  from space 1344K,  32% used [0x06010000, 0x0607cf50, 0x06160000)
  to   space 1344K,   0% used [0x05ec0000, 0x05ec0000, 0x06010000)
 tenured generation   total 27164K, used 26685K [0x1a950000, 0x1c3d7000, 0x45400000)
   the space 27164K,  98% used [0x1a950000, 0x1c35f648, 0x1c35f800, 0x1c3d7000)
 Metaspace       used 32200K, capacity 33092K, committed 33152K, reserved 33152K
Event: 9.672 GC heap after
Heap after GC invocations=90 (full 4):
 def new generation   total 21312K, used 0K [0x05400000, 0x06b10000, 0x1a950000)
  eden space 19008K,   0% used [0x05400000, 0x05400000, 0x06690000)
  from space 2304K,   0% used [0x06690000, 0x06690000, 0x068d0000)
  to   space 2304K,   0% used [0x068d0000, 0x068d0000, 0x06b10000)
 tenured generation   total 47032K, used 28218K [0x1a950000, 0x1d73e000, 0x45400000)
   the space 47032K,  59% used [0x1a950000, 0x1c4dea68, 0x1c4dec00, 0x1d73e000)
 Metaspace       used 32139K, capacity 33000K, committed 33152K, reserved 33152K
}
Event: 9.817 GC heap before
{Heap before GC invocations=90 (full 4):
 def new generation   total 21312K, used 19008K [0x05400000, 0x06b10000, 0x1a950000)
  eden space 19008K, 100% used [0x05400000, 0x06690000, 0x06690000)
  from space 2304K,   0% used [0x06690000, 0x06690000, 0x068d0000)
  to   space 2304K,   0% used [0x068d0000, 0x068d0000, 0x06b10000)
 tenured generation   total 47032K, used 28218K [0x1a950000, 0x1d73e000, 0x45400000)
   the space 47032K,  59% used [0x1a950000, 0x1c4dea68, 0x1c4dec00, 0x1d73e000)
 Metaspace       used 32326K, capacity 33178K, committed 33280K, reserved 34176K
Event: 9.827 GC heap after
Heap after GC invocations=91 (full 4):
 def new generation   total 21312K, used 2304K [0x05400000, 0x06b10000, 0x1a950000)
  eden space 19008K,   0% used [0x05400000, 0x05400000, 0x06690000)
  from space 2304K, 100% used [0x068d0000, 0x06b10000, 0x06b10000)
  to   space 2304K,   0% used [0x06690000, 0x06690000, 0x068d0000)
 tenured generation   total 47032K, used 28366K [0x1a950000, 0x1d73e000, 0x45400000)
   the space 47032K,  60% used [0x1a950000, 0x1c503a58, 0x1c503c00, 0x1d73e000)
 Metaspace       used 32326K, capacity 33178K, committed 33280K, reserved 34176K
}
Event: 9.982 GC heap before
{Heap before GC invocations=91 (full 4):
 def new generation   total 21312K, used 21312K [0x05400000, 0x06b10000, 0x1a950000)
  eden space 19008K, 100% used [0x05400000, 0x06690000, 0x06690000)
  from space 2304K, 100% used [0x068d0000, 0x06b10000, 0x06b10000)
  to   space 2304K,   0% used [0x06690000, 0x06690000, 0x068d0000)
 tenured generation   total 47032K, used 28366K [0x1a950000, 0x1d73e000, 0x45400000)
   the space 47032K,  60% used [0x1a950000, 0x1c503a58, 0x1c503c00, 0x1d73e000)
 Metaspace       used 33576K, capacity 34406K, committed 34560K, reserved 35200K
Event: 9.996 GC heap after
Heap after GC invocations=92 (full 4):
 def new generation   total 21312K, used 1464K [0x05400000, 0x06b10000, 0x1a950000)
  eden space 19008K,   0% used [0x05400000, 0x05400000, 0x06690000)
  from space 2304K,  63% used [0x06690000, 0x067fe320, 0x068d0000)
  to   space 2304K,   0% used [0x068d0000, 0x068d0000, 0x06b10000)
 tenured generation   total 47032K, used 30520K [0x1a950000, 0x1d73e000, 0x45400000)
   the space 47032K,  64% used [0x1a950000, 0x1c71e218, 0x1c71e400, 0x1d73e000)
 Metaspace       used 33576K, capacity 34406K, committed 34560K, reserved 35200K
}

Deoptimization events (0 events):
No events

Internal exceptions (10 events):
Event: 9.809 Thread 0x49541c00 Exception <a 'java/lang/NoSuchMethodError': <clinit>> (0x065e51d8) thrown at [C:\re\workspace\8-2-build-windows-i586-cygwin\jdk8u112\7884\hotspot\src\share\vm\prims\jni.cpp, line 1613]
Event: 9.810 Thread 0x49541c00 Exception <a 'java/lang/NoSuchMethodError': <clinit>> (0x06600d58) thrown at [C:\re\workspace\8-2-build-windows-i586-cygwin\jdk8u112\7884\hotspot\src\share\vm\prims\jni.cpp, line 1613]
Event: 9.811 Thread 0x49541c00 Exception <a 'java/lang/NoSuchMethodError': <clinit>> (0x066084c0) thrown at [C:\re\workspace\8-2-build-windows-i586-cygwin\jdk8u112\7884\hotspot\src\share\vm\prims\jni.cpp, line 1613]
Event: 9.811 Thread 0x49541c00 Exception <a 'java/lang/NoSuchMethodError': <clinit>> (0x0660b268) thrown at [C:\re\workspace\8-2-build-windows-i586-cygwin\jdk8u112\7884\hotspot\src\share\vm\prims\jni.cpp, line 1613]
Event: 9.812 Thread 0x49541c00 Exception <a 'java/lang/NoSuchMethodError': <clinit>> (0x0661e418) thrown at [C:\re\workspace\8-2-build-windows-i586-cygwin\jdk8u112\7884\hotspot\src\share\vm\prims\jni.cpp, line 1613]
Event: 9.813 Thread 0x49541c00 Exception <a 'java/lang/NoSuchMethodError': <clinit>> (0x06636890) thrown at [C:\re\workspace\8-2-build-windows-i586-cygwin\jdk8u112\7884\hotspot\src\share\vm\prims\jni.cpp, line 1613]
Event: 9.813 Thread 0x49541c00 Exception <a 'java/lang/NoSuchMethodError': <clinit>> (0x06639350) thrown at [C:\re\workspace\8-2-build-windows-i586-cygwin\jdk8u112\7884\hotspot\src\share\vm\prims\jni.cpp, line 1613]
Event: 9.815 Thread 0x49541c00 Exception <a 'java/lang/NoSuchMethodError': <clinit>> (0x0664fd58) thrown at [C:\re\workspace\8-2-build-windows-i586-cygwin\jdk8u112\7884\hotspot\src\share\vm\prims\jni.cpp, line 1613]
Event: 9.896 Thread 0x49541000 Exception <a 'java/io/FileNotFoundException'> (0x05adf628) thrown at [C:\re\workspace\8-2-build-windows-i586-cygwin\jdk8u112\7884\hotspot\src\share\vm\prims\jni.cpp, line 709]
Event: 9.913 Thread 0x49543400 Exception <a 'java/io/FileNotFoundException'> (0x06022e20) thrown at [C:\re\workspace\8-2-build-windows-i586-cygwin\jdk8u112\7884\hotspot\src\share\vm\prims\jni.cpp, line 709]

Events (10 events):
Event: 9.996 Executing VM operation: RevokeBias
Event: 9.997 Executing VM operation: RevokeBias done
Event: 9.997 loading class com/android/tools/aapt2/Aapt2Result
Event: 9.997 loading class com/android/tools/aapt2/Aapt2Result done
Event: 9.997 loading class com/android/tools/aapt2/Aapt2Result$Builder
Event: 9.997 loading class com/android/tools/aapt2/Aapt2Result$Builder done
Event: 9.998 loading class com/android/tools/aapt2/AutoValue_Aapt2Result$Builder
Event: 9.998 loading class com/android/tools/aapt2/AutoValue_Aapt2Result$Builder done
Event: 9.998 loading class com/android/tools/aapt2/AutoValue_Aapt2Result
Event: 9.998 loading class com/android/tools/aapt2/AutoValue_Aapt2Result done


Dynamic libraries:
0x01150000 - 0x01183000 	C:\Program Files (x86)\Java\jdk1.8.0_112\bin\java.exe
0x76f70000 - 0x770df000 	C:\Windows\SYSTEM32\ntdll.dll
0x74990000 - 0x74ad0000 	C:\Windows\SYSTEM32\KERNEL32.DLL
0x74cc0000 - 0x74d97000 	C:\Windows\SYSTEM32\KERNELBASE.dll
0x6ca80000 - 0x6cb20000 	C:\Windows\system32\apphelp.dll
0x6bef0000 - 0x6c156000 	C:\Windows\AppPatch\AcGenral.DLL
0x74f60000 - 0x75023000 	C:\Windows\SYSTEM32\msvcrt.dll
0x747b0000 - 0x747f1000 	C:\Windows\SYSTEM32\sechost.dll
0x76e00000 - 0x76e1e000 	C:\Windows\SYSTEM32\SspiCli.dll
0x74760000 - 0x747a5000 	C:\Windows\SYSTEM32\SHLWAPI.dll
0x6c710000 - 0x6c7fd000 	C:\Windows\SYSTEM32\UxTheme.dll
0x75150000 - 0x752a3000 	C:\Windows\SYSTEM32\USER32.dll
0x75030000 - 0x7513c000 	C:\Windows\SYSTEM32\GDI32.dll
0x6d7f0000 - 0x6d813000 	C:\Windows\SYSTEM32\WINMM.dll
0x71bf0000 - 0x71c03000 	C:\Windows\SYSTEM32\samcli.dll
0x752b0000 - 0x753d9000 	C:\Windows\SYSTEM32\ole32.dll
0x74890000 - 0x74927000 	C:\Windows\SYSTEM32\OLEAUT32.dll
0x6bed0000 - 0x6bee7000 	C:\Windows\SYSTEM32\MSACM32.dll
0x74280000 - 0x74288000 	C:\Windows\SYSTEM32\VERSION.dll
0x759b0000 - 0x76c6b000 	C:\Windows\SYSTEM32\SHELL32.dll
0x74260000 - 0x7427b000 	C:\Windows\SYSTEM32\USERENV.dll
0x6beb0000 - 0x6beca000 	C:\Windows\SYSTEM32\dwmapi.dll
0x6bd60000 - 0x6beab000 	C:\Windows\SYSTEM32\urlmon.dll
0x76e20000 - 0x76e9c000 	C:\Windows\SYSTEM32\ADVAPI32.dll
0x72710000 - 0x72775000 	C:\Windows\SYSTEM32\WINSPOOL.DRV
0x6c9b0000 - 0x6c9c6000 	C:\Windows\SYSTEM32\MPR.dll
0x753e0000 - 0x7549a000 	C:\Windows\SYSTEM32\RPCRT4.dll
0x74750000 - 0x7475a000 	C:\Windows\SYSTEM32\CRYPTBASE.dll
0x74ad0000 - 0x74c4d000 	C:\Windows\SYSTEM32\combase.dll
0x6d7c0000 - 0x6d7e3000 	C:\Windows\SYSTEM32\WINMMBASE.dll
0x741f0000 - 0x741ff000 	C:\Windows\SYSTEM32\profapi.dll
0x6e740000 - 0x6e975000 	C:\Windows\SYSTEM32\iertutil.dll
0x6edd0000 - 0x6f07b000 	C:\Windows\SYSTEM32\WININET.dll
0x746f0000 - 0x74744000 	C:\Windows\SYSTEM32\bcryptPrimitives.dll
0x758e0000 - 0x7591c000 	C:\Windows\SYSTEM32\cfgmgr32.dll
0x6f480000 - 0x6f4a1000 	C:\Windows\SYSTEM32\DEVOBJ.dll
0x74160000 - 0x741eb000 	C:\Windows\SYSTEM32\SHCORE.DLL
0x75980000 - 0x759a7000 	C:\Windows\system32\IMM32.DLL
0x74e30000 - 0x74f42000 	C:\Windows\SYSTEM32\MSCTF.dll
0x6e980000 - 0x6eb86000 	C:\Windows\WinSxS\x86_microsoft.windows.common-controls_6595b64144ccf1df_6.0.9600.18006_none_a9ec6aab013aafee\COMCTL32.dll
0x74040000 - 0x740ff000 	C:\Program Files (x86)\Java\jdk1.8.0_112\jre\bin\msvcr100.dll
0x73540000 - 0x7390e000 	C:\Program Files (x86)\Java\jdk1.8.0_112\jre\bin\client\jvm.dll
0x6f080000 - 0x6f088000 	C:\Windows\SYSTEM32\WSOCK32.dll
0x74c70000 - 0x74c76000 	C:\Windows\SYSTEM32\PSAPI.DLL
0x74930000 - 0x7497f000 	C:\Windows\SYSTEM32\WS2_32.dll
0x75610000 - 0x75617000 	C:\Windows\SYSTEM32\NSI.dll
0x74150000 - 0x7415c000 	C:\Program Files (x86)\Java\jdk1.8.0_112\jre\bin\verify.dll
0x74010000 - 0x74031000 	C:\Program Files (x86)\Java\jdk1.8.0_112\jre\bin\java.dll
0x74130000 - 0x74143000 	C:\Program Files (x86)\Java\jdk1.8.0_112\jre\bin\zip.dll
0x73ff0000 - 0x74006000 	C:\Program Files (x86)\Java\jdk1.8.0_112\jre\bin\net.dll
0x739e0000 - 0x73a2b000 	C:\Windows\system32\mswsock.dll
0x73fe0000 - 0x73fef000 	C:\Program Files (x86)\Java\jdk1.8.0_112\jre\bin\nio.dll
0x73fc0000 - 0x73fd9000 	C:\Users\Gulnar\.gradle\native\25\windows-i386\native-platform.dll
0x73fb0000 - 0x73fba000 	C:\Program Files (x86)\Java\jdk1.8.0_112\jre\bin\management.dll
0x73de0000 - 0x73df9000 	C:\Windows\SYSTEM32\CRYPTSP.dll
0x73db0000 - 0x73de0000 	C:\Windows\system32\rsaenh.dll
0x73d90000 - 0x73dae000 	C:\Windows\SYSTEM32\bcrypt.dll
0x74330000 - 0x74350000 	C:\Windows\SYSTEM32\IPHLPAPI.DLL
0x74200000 - 0x74208000 	C:\Windows\SYSTEM32\WINNSI.DLL
0x739a0000 - 0x739b3000 	C:\Windows\SYSTEM32\dhcpcsvc6.DLL
0x739c0000 - 0x739d4000 	C:\Windows\SYSTEM32\dhcpcsvc.DLL
0x64b40000 - 0x64b58000 	C:\Users\Gulnar\AppData\Local\Temp\aapt2_2865944821548772719\libwinpthread-1.dll
0x63940000 - 0x63c05000 	C:\Users\Gulnar\AppData\Local\Temp\aapt2_2865944821548772719\libaapt2_jni.dll
0x73e10000 - 0x73f56000 	C:\Program Files (x86)\Java\jdk1.8.0_112\jre\bin\awt.dll
0x73f80000 - 0x73fa4000 	C:\Program Files (x86)\Java\jdk1.8.0_112\jre\bin\dcpr.dll
0x69090000 - 0x691d1000 	C:\Windows\SYSTEM32\dbghelp.dll

VM Arguments:
jvm_args: -Xmx1536m -Dfile.encoding=windows-1251 -Duser.country=RU -Duser.language=ru -Duser.variant -Xmx1024M 
java_command: org.gradle.launcher.daemon.bootstrap.GradleDaemon 4.1
java_class_path (initial): C:\Users\Gulnar\.gradle\wrapper\dists\gradle-4.1-all\bzyivzo6n839fup2jbap0tjew\gradle-4.1\lib\gradle-launcher-4.1.jar
Launcher Type: SUN_STANDARD

Environment Variables:
_JAVA_OPTIONS=-Xmx1024M
PATH=C:\ProgramData\Oracle\Java\javapath;C:\Program Files\Broadcom\Broadcom 802.11 Network Adapter;C:\Program Files (x86)\NVIDIA Corporation\PhysX\Common;C:\Program Files (x86)\Intel\iCLS Client\;C:\Program Files\Intel\iCLS Client\;C:\Windows\system32;C:\Windows;C:\Windows\System32\Wbem;C:\Windows\System32\WindowsPowerShell\v1.0\;C:\Program Files (x86)\Acer\abFiles\;C:\Program Files\Intel\Intel(R) Management Engine Components\DAL;C:\Program Files\Intel\Intel(R) Management Engine Components\IPT;C:\Program Files (x86)\Intel\Intel(R) Management Engine Components\DAL;C:\Program Files (x86)\Intel\Intel(R) Management Engine Components\IPT;C:\Program Files\WIDCOMM\Bluetooth Software\;C:\Program Files\WIDCOMM\Bluetooth Software\syswow64;C:\Program Files\Aladdin\eToken\PKIClient\x32;C:\Program Files\Aladdin\eToken\PKIClient\x64;C:\Program Files (x86)\IVI Foundation\VISA\WinNT\Bin;C:\Program Files\nodejs\;C:\Windows\system32\config\systemprofile\.dnx\bin;C:\Program Files\Microsoft DNX\Dnvm\;C:\Program Files\Microsoft SQL Server\130\Tools\Binn\;C:\Program Files (x86)\GtkSharp\2.12\bin;C:\Program Files (x86)\Skype\Phone\;C:\Program Files (x86)\Windows Kits\10\Windows Performance Toolkit\;C:\Program Files\dotnet\;C:\Program Files (x86)\Xoreax\IncrediBuild;C:\Users\Erzhan\AppData\Local\Programs\Git\cmd;C:\Program Files (x86)\Java\jdk1.8.0_112\bin\java.exe
USERNAME=Gulnar
OS=Windows_NT
PROCESSOR_IDENTIFIER=Intel64 Family 6 Model 69 Stepping 1, GenuineIntel



---------------  S Y S T E M  ---------------

OS: Windows 8.1 , 64 bit Build 9600 (6.3.9600.17415)

CPU:total 4 (2 cores per cpu, 2 threads per core) family 6 model 69 stepping 1, cmov, cx8, fxsr, mmx, sse, sse2, sse3, ssse3, sse4.1, sse4.2, popcnt, avx, avx2, aes, clmul, erms, lzcnt, ht, tsc, tscinvbit, bmi1, bmi2

Memory: 4k page, physical 6212888k(1896660k free), swap 7654680k(2853236k free)

vm_info: Java HotSpot(TM) Client VM (25.112-b15) for windows-x86 JRE (1.8.0_112-b15), built on Sep 22 2016 21:03:20 by "java_re" with MS VC++ 10.0 (VS2010)

time: Sat Sep 30 19:16:42 2017
elapsed time: 10 seconds (0d 0h 0m 10s)

