#
# A fatal error has been detected by the Java Runtime Environment:
#
#  EXCEPTION_ACCESS_VIOLATION (0xc0000005) at pc=0x4c744b00, pid=5448, tid=0x00001bdc
#
# JRE version: Java(TM) SE Runtime Environment (8.0_112-b15) (build 1.8.0_112-b15)
# Java VM: Java HotSpot(TM) Client VM (25.112-b15 mixed mode windows-x86 )
# Problematic frame:
# C  0x4c744b00
#
# Failed to write core dump. Minidumps are not enabled by default on client versions of Windows
#
# If you would like to submit a bug report, please visit:
#   http://bugreport.java.com/bugreport/crash.jsp
# The crash happened outside the Java Virtual Machine in native code.
# See problematic frame for where to report the bug.
#

---------------  T H R E A D  ---------------

Current thread (0x4784e400):  JavaThread "ForkJoinPool.commonPool-worker-1" daemon [_thread_in_native, id=7132, stack(0x489e0000,0x48a30000)]

siginfo: ExceptionCode=0xc0000005, ExceptionInformation=0x00000008 0x4c744b00

Registers:
EAX=0x00000004, EBX=0x4784e540, ECX=0x00000000, EDX=0x466c5a44
ESP=0x48a2f238, EBP=0x48a2f268, ESI=0x48a2f288, EDI=0x4c6d8fe8
EIP=0x4c744b00, EFLAGS=0x00010212

Top of Stack: (sp=0x48a2f238)
0x48a2f238:   48a2f320 00000000 73818e1c 73818efc
0x48a2f248:   4a8198d0 00000000 00000002 4aeae164
0x48a2f258:   4d9d8bb0 4d9d8bb0 48a2f294 48a2f2a0
0x48a2f268:   48a2f2c8 6396753d 4c744bc8 4aeadd70
0x48a2f278:   4aeadd78 4aeae164 000003ec 0344c55e
0x48a2f288:   00000000 00000000 00000000 48a2f2bc
0x48a2f298:   735c08f0 4784e400 00000006 00000008
0x48a2f2a8:   4784e400 4d9d8ba8 4d9d8bb0 4d9d8bb0 

Instructions: (pc=0x4c744b00)
0x4c744ae0:   77 62 96 50 72 e3 00 88 0b 00 01 00 b4 ef 52 15
0x4c744af0:   73 65 72 69 61 6c 69 7a 65 72 73 42 00 00 c1 42
0x4c744b00:   4b 62 92 50 6e e4 00 8c 01 00 00 00 08 00 00 00
0x4c744b10:   01 00 00 00 07 00 00 00 e8 a5 6e 4c c3 b5 c1 42 


Register to memory mapping:

EAX=0x00000004 is an unknown value
EBX=0x4784e540 is an unknown value
ECX=0x00000000 is an unknown value
EDX=0x466c5a44 is an unknown value
ESP=0x48a2f238 is pointing into the stack for thread: 0x4784e400
EBP=0x48a2f268 is pointing into the stack for thread: 0x4784e400
ESI=0x48a2f288 is pointing into the stack for thread: 0x4784e400
EDI=0x4c6d8fe8 is an unknown value


Stack: [0x489e0000,0x48a30000],  sp=0x48a2f238,  free space=316k
Native frames: (J=compiled Java code, j=interpreted, Vv=VM code, C=native code)
C  0x4c744b00
C  [libaapt2_jni.dll+0x2753d]
j  com.android.tools.aapt2.Aapt2Jni.nativeCompile(Ljava/util/List;Lcom/android/tools/aapt2/Aapt2JniLogCallback;)I+0
j  com.android.tools.aapt2.Aapt2Jni.compile(Ljava/util/List;)Lcom/android/tools/aapt2/Aapt2Result;+6
j  com.android.builder.internal.aapt.v2.AaptV2Jni.lambda$compile$0(Lcom/android/ide/common/res2/CompileResourceRequest;)Ljava/io/File;+10
j  com.android.builder.internal.aapt.v2.AaptV2Jni$$Lambda$536.call()Ljava/lang/Object;+8
j  java.util.concurrent.ForkJoinTask$AdaptedCallable.exec()Z+5
j  java.util.concurrent.ForkJoinTask.doExec()I+10
j  java.util.concurrent.ForkJoinPool$WorkQueue.runTask(Ljava/util/concurrent/ForkJoinTask;)V+21
j  java.util.concurrent.ForkJoinPool.runWorker(Ljava/util/concurrent/ForkJoinPool$WorkQueue;)V+35
j  java.util.concurrent.ForkJoinWorkerThread.run()V+24
v  ~StubRoutines::call_stub
V  [jvm.dll+0x15a945]
V  [jvm.dll+0x220d0e]
V  [jvm.dll+0x15a9de]
V  [jvm.dll+0x15ab66]
V  [jvm.dll+0x15abd7]
V  [jvm.dll+0xfeeaf]
V  [jvm.dll+0x17d670]
V  [jvm.dll+0x17deea]
V  [jvm.dll+0x1c2986]
C  [msvcr100.dll+0x5c556]
C  [msvcr100.dll+0x5c600]
C  [KERNEL32.DLL+0x17c04]
C  [ntdll.dll+0x5ad2f]
C  [ntdll.dll+0x5acfa]
C  0x00000000

Java frames: (J=compiled Java code, j=interpreted, Vv=VM code)
j  com.android.tools.aapt2.Aapt2Jni.nativeCompile(Ljava/util/List;Lcom/android/tools/aapt2/Aapt2JniLogCallback;)I+0
j  com.android.tools.aapt2.Aapt2Jni.compile(Ljava/util/List;)Lcom/android/tools/aapt2/Aapt2Result;+6
j  com.android.builder.internal.aapt.v2.AaptV2Jni.lambda$compile$0(Lcom/android/ide/common/res2/CompileResourceRequest;)Ljava/io/File;+10
j  com.android.builder.internal.aapt.v2.AaptV2Jni$$Lambda$536.call()Ljava/lang/Object;+8
j  java.util.concurrent.ForkJoinTask$AdaptedCallable.exec()Z+5
j  java.util.concurrent.ForkJoinTask.doExec()I+10
j  java.util.concurrent.ForkJoinPool$WorkQueue.runTask(Ljava/util/concurrent/ForkJoinTask;)V+21
j  java.util.concurrent.ForkJoinPool.runWorker(Ljava/util/concurrent/ForkJoinPool$WorkQueue;)V+35
j  java.util.concurrent.ForkJoinWorkerThread.run()V+24
v  ~StubRoutines::call_stub

---------------  P R O C E S S  ---------------

Java Threads: ( => current thread )
=>0x4784e400 JavaThread "ForkJoinPool.commonPool-worker-1" daemon [_thread_in_native, id=7132, stack(0x489e0000,0x48a30000)]
  0x4a051000 JavaThread "Worker Daemon Execution Thread 3" [_thread_blocked, id=1820, stack(0x00e60000,0x00eb0000)]
  0x4a051800 JavaThread "Worker Daemon Execution Thread 2" [_thread_blocked, id=3900, stack(0x00d40000,0x00d90000)]
  0x4a04f000 JavaThread "Worker Daemon Execution" [_thread_blocked, id=4304, stack(0x00cb0000,0x00d00000)]
  0x4a052800 JavaThread "Task worker for ':' Thread 3" [_thread_blocked, id=4692, stack(0x00b90000,0x00be0000)]
  0x4a050c00 JavaThread "Task worker for ':' Thread 2" [_thread_blocked, id=6552, stack(0x00b00000,0x00b50000)]
  0x4a052400 JavaThread "Task worker for ':'" [_thread_blocked, id=968, stack(0x00a70000,0x00ac0000)]
  0x4a04fc00 JavaThread "Cache worker for task history cache (C:\Games\AndroidStudioProjects\ENIS\.gradle\4.1\taskHistory)" [_thread_blocked, id=6496, stack(0x009e0000,0x00a30000)]
  0x4a04b800 JavaThread "build operations Thread 4" [_thread_blocked, id=6600, stack(0x00950000,0x009a0000)]
  0x4a04ec00 JavaThread "build operations Thread 3" [_thread_blocked, id=2680, stack(0x008c0000,0x00910000)]
  0x4a04e400 JavaThread "build operations Thread 2" [_thread_blocked, id=6212, stack(0x00830000,0x00880000)]
  0x4a04b400 JavaThread "build operations" [_thread_blocked, id=320, stack(0x007a0000,0x007f0000)]
  0x4a04e000 JavaThread "Cache worker for Artifact transforms cache (C:\Users\Gulnar\.gradle\caches\transforms-1)" [_thread_blocked, id=7136, stack(0x00710000,0x00760000)]
  0x4a04cc00 JavaThread "Cache worker for file hash cache (C:\Games\AndroidStudioProjects\ENIS\.gradle\4.1\fileHashes)" [_thread_blocked, id=3332, stack(0x00680000,0x006d0000)]
  0x4a04d800 JavaThread "Stdin handler" [_thread_blocked, id=2880, stack(0x005f0000,0x00640000)]
  0x4a04c400 JavaThread "Asynchronous log dispatcher for DefaultDaemonConnection: socket connection from /127.0.0.1:50482 to /127.0.0.1:50708" [_thread_blocked, id=3084, stack(0x00560000,0x005b0000)]
  0x4a04c000 JavaThread "Cancel handler" [_thread_blocked, id=1936, stack(0x004d0000,0x00520000)]
  0x4a04d000 JavaThread "Handler for socket connection from /127.0.0.1:50482 to /127.0.0.1:50708" [_thread_in_native, id=4444, stack(0x00440000,0x00490000)]
  0x4a050400 JavaThread "Java2D Disposer" daemon [_thread_blocked, id=2176, stack(0x4c3b0000,0x4c400000)]
  0x4784d000 JavaThread "Memory manager" [_thread_blocked, id=3012, stack(0x49d40000,0x49d90000)]
  0x4784c400 JavaThread "File lock request listener" [_thread_in_native, id=1620, stack(0x48950000,0x489a0000)]
  0x4784dc00 JavaThread "Cache worker for file hash cache (C:\Users\Gulnar\.gradle\caches\4.1\fileHashes)" [_thread_blocked, id=6468, stack(0x488c0000,0x48910000)]
  0x46753c00 JavaThread "Daemon worker" [_thread_blocked, id=6888, stack(0x47540000,0x47590000)]
  0x466c6800 JavaThread "Daemon" [_thread_blocked, id=1192, stack(0x47390000,0x473e0000)]
  0x466bf400 JavaThread "Daemon periodic checks" [_thread_blocked, id=2292, stack(0x47300000,0x47350000)]
  0x46692800 JavaThread "Incoming local TCP Connector on port 50482" [_thread_in_native, id=5400, stack(0x46d80000,0x46dd0000)]
  0x4664dc00 JavaThread "Daemon health stats" [_thread_blocked, id=3292, stack(0x46a10000,0x46a60000)]
  0x01c55400 JavaThread "Service Thread" daemon [_thread_blocked, id=3000, stack(0x45af0000,0x45b40000)]
  0x01c2dc00 JavaThread "C1 CompilerThread0" daemon [_thread_blocked, id=3408, stack(0x45a60000,0x45ab0000)]
  0x01c2cc00 JavaThread "Attach Listener" daemon [_thread_blocked, id=4288, stack(0x459d0000,0x45a20000)]
  0x01c1bc00 JavaThread "Signal Dispatcher" daemon [_thread_blocked, id=2592, stack(0x45940000,0x45990000)]
  0x01c19c00 JavaThread "Finalizer" daemon [_thread_blocked, id=6204, stack(0x01f20000,0x01f70000)]
  0x01c13c00 JavaThread "Reference Handler" daemon [_thread_blocked, id=5136, stack(0x01e90000,0x01ee0000)]
  0x0122d400 JavaThread "main" [_thread_blocked, id=2216, stack(0x01190000,0x011e0000)]

Other Threads:
  0x017ae800 VMThread [stack: 0x01e00000,0x01e50000] [id=6772]
  0x01c39c00 WatcherThread [stack: 0x45b80000,0x45bd0000] [id=2028]

VM state:not at safepoint (normal execution)

VM Mutex/Monitor currently owned by a thread: None

Heap:
 def new generation   total 43648K, used 6078K [0x05400000, 0x08350000, 0x1a950000)
  eden space 38848K,   7% used [0x05400000, 0x056ef188, 0x079f0000)
  from space 4800K,  64% used [0x079f0000, 0x07cf0760, 0x07ea0000)
  to   space 4800K,   0% used [0x07ea0000, 0x07ea0000, 0x08350000)
 tenured generation   total 96676K, used 62116K [0x1a950000, 0x207b9000, 0x45400000)
   the space 96676K,  64% used [0x1a950000, 0x1e5f91f8, 0x1e5f9200, 0x207b9000)
 Metaspace       used 53758K, capacity 56024K, committed 56320K, reserved 56704K

Card table byte_map: [0x019f0000,0x01c00000] byte_map_base: 0x019c6000

Polling page: 0x01110000

CodeCache: size=32768Kb used=9899Kb max_used=9899Kb free=22868Kb
 bounds [0x03400000, 0x03dc0000, 0x05400000]
 total_blobs=5532 nmethods=5031 adapters=430
 compilation: enabled

Compilation events (10 events):
Event: 400.847 Thread 0x01c2dc00 10397             com.android.utils.XmlUtils::append (540 bytes)
Event: 400.849 Thread 0x01c2dc00 nmethod 10397 0x03db8588 code [0x03db8980, 0x03db94b8]
Event: 400.849 Thread 0x01c2dc00 10398             com.google.common.base.CharMatcher::countIn (39 bytes)
Event: 400.849 Thread 0x01c2dc00 nmethod 10398 0x03dba748 code [0x03dba870, 0x03dba994]
Event: 400.849 Thread 0x01c2dc00 10399             com.google.common.base.Objects::equal (23 bytes)
Event: 400.849 Thread 0x01c2dc00 nmethod 10399 0x034cbb88 code [0x034cbc80, 0x034cbd3c]
Event: 400.851 Thread 0x01c2dc00 10400             com.android.utils.PositionXmlParser::getPositionHelper (757 bytes)
Event: 400.853 Thread 0x01c2dc00 nmethod 10400 0x03dbaa88 code [0x03dbae70, 0x03dbc408]
Event: 400.853 Thread 0x01c2dc00 10401             com.android.ide.common.blame.SourceFilePosition::equals (55 bytes)
Event: 400.854 Thread 0x01c2dc00 nmethod 10401 0x03dbe2c8 code [0x03dbe3e0, 0x03dbe5d8]

GC Heap History (10 events):
Event: 396.864 GC heap before
{Heap before GC invocations=157 (full 8):
 def new generation   total 36352K, used 33727K [0x05400000, 0x07b70000, 0x1a950000)
  eden space 32320K, 100% used [0x05400000, 0x07390000, 0x07390000)
  from space 4032K,  34% used [0x07390000, 0x074efdc0, 0x07780000)
  to   space 4032K,   0% used [0x07780000, 0x07780000, 0x07b70000)
 tenured generation   total 80500K, used 76253K [0x1a950000, 0x1f7ed000, 0x45400000)
   the space 80500K,  94% used [0x1a950000, 0x1f3c7670, 0x1f3c7800, 0x1f7ed000)
 Metaspace       used 52427K, capacity 54865K, committed 54912K, reserved 55680K
Event: 396.879 GC heap after
Heap after GC invocations=158 (full 8):
 def new generation   total 36352K, used 4032K [0x05400000, 0x07b70000, 0x1a950000)
  eden space 32320K,   0% used [0x05400000, 0x05400000, 0x07390000)
  from space 4032K, 100% used [0x07780000, 0x07b70000, 0x07b70000)
  to   space 4032K,   0% used [0x07390000, 0x07390000, 0x07780000)
 tenured generation   total 80500K, used 77024K [0x1a950000, 0x1f7ed000, 0x45400000)
   the space 80500K,  95% used [0x1a950000, 0x1f4882c0, 0x1f488400, 0x1f7ed000)
 Metaspace       used 52427K, capacity 54865K, committed 54912K, reserved 55680K
}
Event: 398.997 GC heap before
{Heap before GC invocations=158 (full 8):
 def new generation   total 36352K, used 36352K [0x05400000, 0x07b70000, 0x1a950000)
  eden space 32320K, 100% used [0x05400000, 0x07390000, 0x07390000)
  from space 4032K, 100% used [0x07780000, 0x07b70000, 0x07b70000)
  to   space 4032K,   0% used [0x07390000, 0x07390000, 0x07780000)
 tenured generation   total 80500K, used 77024K [0x1a950000, 0x1f7ed000, 0x45400000)
   the space 80500K,  95% used [0x1a950000, 0x1f4882c0, 0x1f488400, 0x1f7ed000)
 Metaspace       used 53099K, capacity 55563K, committed 55680K, reserved 55680K
Event: 399.013 GC heap after
Heap after GC invocations=159 (full 8):
 def new generation   total 36352K, used 2161K [0x05400000, 0x07b70000, 0x1a950000)
  eden space 32320K,   0% used [0x05400000, 0x05400000, 0x07390000)
  from space 4032K,  53% used [0x07390000, 0x075ac718, 0x07780000)
  to   space 4032K,   0% used [0x07780000, 0x07780000, 0x07b70000)
 tenured generation   total 80500K, used 80319K [0x1a950000, 0x1f7ed000, 0x45400000)
   the space 80500K,  99% used [0x1a950000, 0x1f7bffa8, 0x1f7c0000, 0x1f7ed000)
 Metaspace       used 53099K, capacity 55563K, committed 55680K, reserved 55680K
}
Event: 399.462 GC heap before
{Heap before GC invocations=159 (full 8):
 def new generation   total 36352K, used 34481K [0x05400000, 0x07b70000, 0x1a950000)
  eden space 32320K, 100% used [0x05400000, 0x07390000, 0x07390000)
  from space 4032K,  53% used [0x07390000, 0x075ac718, 0x07780000)
  to   space 4032K,   0% used [0x07780000, 0x07780000, 0x07b70000)
 tenured generation   total 80500K, used 80319K [0x1a950000, 0x1f7ed000, 0x45400000)
   the space 80500K,  99% used [0x1a950000, 0x1f7bffa8, 0x1f7c0000, 0x1f7ed000)
 Metaspace       used 53152K, capacity 55617K, committed 55680K, reserved 55680K
Event: 399.667 GC heap after
Heap after GC invocations=160 (full 9):
 def new generation   total 43648K, used 0K [0x05400000, 0x08350000, 0x1a950000)
  eden space 38848K,   0% used [0x05400000, 0x05400000, 0x079f0000)
  from space 4800K,   0% used [0x079f0000, 0x079f0000, 0x07ea0000)
  to   space 4800K,   0% used [0x07ea0000, 0x07ea0000, 0x08350000)
 tenured generation   total 96676K, used 58003K [0x1a950000, 0x207b9000, 0x45400000)
   the space 96676K,  59% used [0x1a950000, 0x1e1f4e58, 0x1e1f5000, 0x207b9000)
 Metaspace       used 52907K, capacity 55186K, committed 55680K, reserved 55680K
}
Event: 400.574 GC heap before
{Heap before GC invocations=160 (full 9):
 def new generation   total 43648K, used 38848K [0x05400000, 0x08350000, 0x1a950000)
  eden space 38848K, 100% used [0x05400000, 0x079f0000, 0x079f0000)
  from space 4800K,   0% used [0x079f0000, 0x079f0000, 0x07ea0000)
  to   space 4800K,   0% used [0x07ea0000, 0x07ea0000, 0x08350000)
 tenured generation   total 96676K, used 58003K [0x1a950000, 0x207b9000, 0x45400000)
   the space 96676K,  59% used [0x1a950000, 0x1e1f4e58, 0x1e1f5000, 0x207b9000)
 Metaspace       used 53399K, capacity 55694K, committed 56064K, reserved 56704K
Event: 400.595 GC heap after
Heap after GC invocations=161 (full 9):
 def new generation   total 43648K, used 4800K [0x05400000, 0x08350000, 0x1a950000)
  eden space 38848K,   0% used [0x05400000, 0x05400000, 0x079f0000)
  from space 4800K, 100% used [0x07ea0000, 0x08350000, 0x08350000)
  to   space 4800K,   0% used [0x079f0000, 0x079f0000, 0x07ea0000)
 tenured generation   total 96676K, used 58025K [0x1a950000, 0x207b9000, 0x45400000)
   the space 96676K,  60% used [0x1a950000, 0x1e1fa4e8, 0x1e1fa600, 0x207b9000)
 Metaspace       used 53399K, capacity 55694K, committed 56064K, reserved 56704K
}
Event: 400.816 GC heap before
{Heap before GC invocations=161 (full 9):
 def new generation   total 43648K, used 43641K [0x05400000, 0x08350000, 0x1a950000)
  eden space 38848K,  99% used [0x05400000, 0x079ee730, 0x079f0000)
  from space 4800K, 100% used [0x07ea0000, 0x08350000, 0x08350000)
  to   space 4800K,   0% used [0x079f0000, 0x079f0000, 0x07ea0000)
 tenured generation   total 96676K, used 58025K [0x1a950000, 0x207b9000, 0x45400000)
   the space 96676K,  60% used [0x1a950000, 0x1e1fa4e8, 0x1e1fa600, 0x207b9000)
 Metaspace       used 53714K, capacity 55990K, committed 56320K, reserved 56704K
Event: 400.835 GC heap after
Heap after GC invocations=162 (full 9):
 def new generation   total 43648K, used 3073K [0x05400000, 0x08350000, 0x1a950000)
  eden space 38848K,   0% used [0x05400000, 0x05400000, 0x079f0000)
  from space 4800K,  64% used [0x079f0000, 0x07cf0760, 0x07ea0000)
  to   space 4800K,   0% used [0x07ea0000, 0x07ea0000, 0x08350000)
 tenured generation   total 96676K, used 62116K [0x1a950000, 0x207b9000, 0x45400000)
   the space 96676K,  64% used [0x1a950000, 0x1e5f91f8, 0x1e5f9200, 0x207b9000)
 Metaspace       used 53714K, capacity 55990K, committed 56320K, reserved 56704K
}

Deoptimization events (0 events):
No events

Internal exceptions (10 events):
Event: 400.717 Thread 0x46753c00 Exception <a 'java/lang/NoSuchMethodError': <clinit>> (0x06766fc8) thrown at [C:\re\workspace\8-2-build-windows-i586-cygwin\jdk8u112\7884\hotspot\src\share\vm\prims\jni.cpp, line 1613]
Event: 400.717 Thread 0x46753c00 Exception <a 'java/lang/NoSuchMethodError': <clinit>> (0x0677c298) thrown at [C:\re\workspace\8-2-build-windows-i586-cygwin\jdk8u112\7884\hotspot\src\share\vm\prims\jni.cpp, line 1613]
Event: 400.720 Thread 0x46753c00 Exception <a 'java/lang/NoSuchMethodError': <clinit>> (0x067ed8a8) thrown at [C:\re\workspace\8-2-build-windows-i586-cygwin\jdk8u112\7884\hotspot\src\share\vm\prims\jni.cpp, line 1613]
Event: 400.721 Thread 0x46753c00 Exception <a 'java/lang/NoSuchMethodError': <clinit>> (0x068138f0) thrown at [C:\re\workspace\8-2-build-windows-i586-cygwin\jdk8u112\7884\hotspot\src\share\vm\prims\jni.cpp, line 1613]
Event: 400.721 Thread 0x46753c00 Exception <a 'java/lang/NoSuchMethodError': <clinit>> (0x0681b5f8) thrown at [C:\re\workspace\8-2-build-windows-i586-cygwin\jdk8u112\7884\hotspot\src\share\vm\prims\jni.cpp, line 1613]
Event: 400.721 Thread 0x46753c00 Exception <a 'java/lang/NoSuchMethodError': <clinit>> (0x0681e940) thrown at [C:\re\workspace\8-2-build-windows-i586-cygwin\jdk8u112\7884\hotspot\src\share\vm\prims\jni.cpp, line 1613]
Event: 400.722 Thread 0x46753c00 Exception <a 'java/lang/NoSuchMethodError': <clinit>> (0x06835330) thrown at [C:\re\workspace\8-2-build-windows-i586-cygwin\jdk8u112\7884\hotspot\src\share\vm\prims\jni.cpp, line 1613]
Event: 400.723 Thread 0x46753c00 Exception <a 'java/lang/NoSuchMethodError': <clinit>> (0x068527c0) thrown at [C:\re\workspace\8-2-build-windows-i586-cygwin\jdk8u112\7884\hotspot\src\share\vm\prims\jni.cpp, line 1613]
Event: 400.723 Thread 0x46753c00 Exception <a 'java/lang/NoSuchMethodError': <clinit>> (0x06855640) thrown at [C:\re\workspace\8-2-build-windows-i586-cygwin\jdk8u112\7884\hotspot\src\share\vm\prims\jni.cpp, line 1613]
Event: 400.723 Thread 0x46753c00 Exception <a 'java/lang/NoSuchMethodError': <clinit>> (0x068665a0) thrown at [C:\re\workspace\8-2-build-windows-i586-cygwin\jdk8u112\7884\hotspot\src\share\vm\prims\jni.cpp, line 1613]

Events (10 events):
Event: 400.860 loading class com/android/tools/aapt2/Aapt2Result
Event: 400.860 loading class com/android/tools/aapt2/Aapt2Result done
Event: 400.860 loading class com/android/tools/aapt2/Aapt2Result$Builder
Event: 400.860 loading class com/android/tools/aapt2/Aapt2Result$Builder done
Event: 400.860 loading class com/android/tools/aapt2/AutoValue_Aapt2Result$Builder
Event: 400.860 loading class com/android/tools/aapt2/AutoValue_Aapt2Result$Builder done
Event: 400.861 loading class com/android/tools/aapt2/AutoValue_Aapt2Result
Event: 400.861 loading class com/android/tools/aapt2/AutoValue_Aapt2Result done
Event: 400.861 Executing VM operation: RevokeBias
Event: 400.861 Executing VM operation: RevokeBias done


Dynamic libraries:
0x01150000 - 0x01183000 	C:\Program Files (x86)\Java\jdk1.8.0_112\bin\java.exe
0x76f70000 - 0x770df000 	C:\Windows\SYSTEM32\ntdll.dll
0x74990000 - 0x74ad0000 	C:\Windows\SYSTEM32\KERNEL32.DLL
0x74cc0000 - 0x74d97000 	C:\Windows\SYSTEM32\KERNELBASE.dll
0x6ca80000 - 0x6cb20000 	C:\Windows\system32\apphelp.dll
0x6bef0000 - 0x6c156000 	C:\Windows\AppPatch\AcGenral.DLL
0x74f60000 - 0x75023000 	C:\Windows\SYSTEM32\msvcrt.dll
0x747b0000 - 0x747f1000 	C:\Windows\SYSTEM32\sechost.dll
0x76e00000 - 0x76e1e000 	C:\Windows\SYSTEM32\SspiCli.dll
0x74760000 - 0x747a5000 	C:\Windows\SYSTEM32\SHLWAPI.dll
0x6c710000 - 0x6c7fd000 	C:\Windows\SYSTEM32\UxTheme.dll
0x75150000 - 0x752a3000 	C:\Windows\SYSTEM32\USER32.dll
0x75030000 - 0x7513c000 	C:\Windows\SYSTEM32\GDI32.dll
0x6d7f0000 - 0x6d813000 	C:\Windows\SYSTEM32\WINMM.dll
0x71bf0000 - 0x71c03000 	C:\Windows\SYSTEM32\samcli.dll
0x752b0000 - 0x753d9000 	C:\Windows\SYSTEM32\ole32.dll
0x74890000 - 0x74927000 	C:\Windows\SYSTEM32\OLEAUT32.dll
0x6bed0000 - 0x6bee7000 	C:\Windows\SYSTEM32\MSACM32.dll
0x74280000 - 0x74288000 	C:\Windows\SYSTEM32\VERSION.dll
0x759b0000 - 0x76c6b000 	C:\Windows\SYSTEM32\SHELL32.dll
0x74260000 - 0x7427b000 	C:\Windows\SYSTEM32\USERENV.dll
0x6beb0000 - 0x6beca000 	C:\Windows\SYSTEM32\dwmapi.dll
0x6bd60000 - 0x6beab000 	C:\Windows\SYSTEM32\urlmon.dll
0x76e20000 - 0x76e9c000 	C:\Windows\SYSTEM32\ADVAPI32.dll
0x72710000 - 0x72775000 	C:\Windows\SYSTEM32\WINSPOOL.DRV
0x6c9b0000 - 0x6c9c6000 	C:\Windows\SYSTEM32\MPR.dll
0x753e0000 - 0x7549a000 	C:\Windows\SYSTEM32\RPCRT4.dll
0x74750000 - 0x7475a000 	C:\Windows\SYSTEM32\CRYPTBASE.dll
0x74ad0000 - 0x74c4d000 	C:\Windows\SYSTEM32\combase.dll
0x6d7c0000 - 0x6d7e3000 	C:\Windows\SYSTEM32\WINMMBASE.dll
0x741f0000 - 0x741ff000 	C:\Windows\SYSTEM32\profapi.dll
0x6e740000 - 0x6e975000 	C:\Windows\SYSTEM32\iertutil.dll
0x6edd0000 - 0x6f07b000 	C:\Windows\SYSTEM32\WININET.dll
0x746f0000 - 0x74744000 	C:\Windows\SYSTEM32\bcryptPrimitives.dll
0x758e0000 - 0x7591c000 	C:\Windows\SYSTEM32\cfgmgr32.dll
0x6f480000 - 0x6f4a1000 	C:\Windows\SYSTEM32\DEVOBJ.dll
0x74160000 - 0x741eb000 	C:\Windows\SYSTEM32\SHCORE.DLL
0x75980000 - 0x759a7000 	C:\Windows\system32\IMM32.DLL
0x74e30000 - 0x74f42000 	C:\Windows\SYSTEM32\MSCTF.dll
0x6e980000 - 0x6eb86000 	C:\Windows\WinSxS\x86_microsoft.windows.common-controls_6595b64144ccf1df_6.0.9600.18006_none_a9ec6aab013aafee\COMCTL32.dll
0x74040000 - 0x740ff000 	C:\Program Files (x86)\Java\jdk1.8.0_112\jre\bin\msvcr100.dll
0x73540000 - 0x7390e000 	C:\Program Files (x86)\Java\jdk1.8.0_112\jre\bin\client\jvm.dll
0x6f080000 - 0x6f088000 	C:\Windows\SYSTEM32\WSOCK32.dll
0x74c70000 - 0x74c76000 	C:\Windows\SYSTEM32\PSAPI.DLL
0x74930000 - 0x7497f000 	C:\Windows\SYSTEM32\WS2_32.dll
0x75610000 - 0x75617000 	C:\Windows\SYSTEM32\NSI.dll
0x74150000 - 0x7415c000 	C:\Program Files (x86)\Java\jdk1.8.0_112\jre\bin\verify.dll
0x74010000 - 0x74031000 	C:\Program Files (x86)\Java\jdk1.8.0_112\jre\bin\java.dll
0x74130000 - 0x74143000 	C:\Program Files (x86)\Java\jdk1.8.0_112\jre\bin\zip.dll
0x73ff0000 - 0x74006000 	C:\Program Files (x86)\Java\jdk1.8.0_112\jre\bin\net.dll
0x739e0000 - 0x73a2b000 	C:\Windows\system32\mswsock.dll
0x73fe0000 - 0x73fef000 	C:\Program Files (x86)\Java\jdk1.8.0_112\jre\bin\nio.dll
0x73fc0000 - 0x73fd9000 	C:\Users\Gulnar\.gradle\native\25\windows-i386\native-platform.dll
0x73fb0000 - 0x73fba000 	C:\Program Files (x86)\Java\jdk1.8.0_112\jre\bin\management.dll
0x73de0000 - 0x73df9000 	C:\Windows\SYSTEM32\CRYPTSP.dll
0x73db0000 - 0x73de0000 	C:\Windows\system32\rsaenh.dll
0x73d90000 - 0x73dae000 	C:\Windows\SYSTEM32\bcrypt.dll
0x74330000 - 0x74350000 	C:\Windows\SYSTEM32\IPHLPAPI.DLL
0x74200000 - 0x74208000 	C:\Windows\SYSTEM32\WINNSI.DLL
0x739a0000 - 0x739b3000 	C:\Windows\SYSTEM32\dhcpcsvc6.DLL
0x739c0000 - 0x739d4000 	C:\Windows\SYSTEM32\dhcpcsvc.DLL
0x73f90000 - 0x73fb0000 	C:\Program Files (x86)\Java\jdk1.8.0_112\jre\bin\sunec.dll
0x73920000 - 0x7399e000 	C:\Windows\SYSTEM32\DNSAPI.dll
0x6df50000 - 0x6df58000 	C:\Windows\System32\rasadhlp.dll
0x6df00000 - 0x6df46000 	C:\Windows\System32\fwpuclnt.dll
0x73f80000 - 0x73f89000 	C:\Program Files (x86)\Java\jdk1.8.0_112\jre\bin\sunmscapi.dll
0x76c70000 - 0x76df8000 	C:\Windows\SYSTEM32\CRYPT32.dll
0x74980000 - 0x7498e000 	C:\Windows\SYSTEM32\MSASN1.dll
0x73e10000 - 0x73f56000 	C:\Program Files (x86)\Java\jdk1.8.0_112\jre\bin\awt.dll
0x73d20000 - 0x73d44000 	C:\Program Files (x86)\Java\jdk1.8.0_112\jre\bin\dcpr.dll
0x64b40000 - 0x64b58000 	C:\Users\Gulnar\AppData\Local\Temp\aapt2_5063770373202263337\libwinpthread-1.dll
0x63940000 - 0x63c05000 	C:\Users\Gulnar\AppData\Local\Temp\aapt2_5063770373202263337\libaapt2_jni.dll
0x69090000 - 0x691d1000 	C:\Windows\SYSTEM32\dbghelp.dll

VM Arguments:
jvm_args: -Xmx1536m -Dfile.encoding=windows-1251 -Duser.country=RU -Duser.language=ru -Duser.variant -Xmx1024M 
java_command: org.gradle.launcher.daemon.bootstrap.GradleDaemon 4.1
java_class_path (initial): C:\Users\Gulnar\.gradle\wrapper\dists\gradle-4.1-all\bzyivzo6n839fup2jbap0tjew\gradle-4.1\lib\gradle-launcher-4.1.jar
Launcher Type: SUN_STANDARD

Environment Variables:
_JAVA_OPTIONS=-Xmx1024M
PATH=C:\ProgramData\Oracle\Java\javapath;C:\Program Files\Broadcom\Broadcom 802.11 Network Adapter;C:\Program Files (x86)\NVIDIA Corporation\PhysX\Common;C:\Program Files (x86)\Intel\iCLS Client\;C:\Program Files\Intel\iCLS Client\;C:\Windows\system32;C:\Windows;C:\Windows\System32\Wbem;C:\Windows\System32\WindowsPowerShell\v1.0\;C:\Program Files (x86)\Acer\abFiles\;C:\Program Files\Intel\Intel(R) Management Engine Components\DAL;C:\Program Files\Intel\Intel(R) Management Engine Components\IPT;C:\Program Files (x86)\Intel\Intel(R) Management Engine Components\DAL;C:\Program Files (x86)\Intel\Intel(R) Management Engine Components\IPT;C:\Program Files\WIDCOMM\Bluetooth Software\;C:\Program Files\WIDCOMM\Bluetooth Software\syswow64;C:\Program Files\Aladdin\eToken\PKIClient\x32;C:\Program Files\Aladdin\eToken\PKIClient\x64;C:\Program Files (x86)\IVI Foundation\VISA\WinNT\Bin;C:\Program Files\nodejs\;C:\Users\Gulnar\.dnx\bin;C:\Program Files\Microsoft DNX\Dnvm\;C:\Program Files\Microsoft SQL Server\130\Tools\Binn\;C:\Program Files (x86)\GtkSharp\2.12\bin;C:\Program Files (x86)\Skype\Phone\;C:\Program Files (x86)\Windows Kits\10\Windows Performance Toolkit\;C:\Program Files\dotnet\;C:\Program Files (x86)\Xoreax\IncrediBuild;C:\Users\Erzhan\AppData\Local\Programs\Git\cmd;C:\Program Files (x86)\Java\jdk1.8.0_112\bin\java.exe
USERNAME=Gulnar
OS=Windows_NT
PROCESSOR_IDENTIFIER=Intel64 Family 6 Model 69 Stepping 1, GenuineIntel



---------------  S Y S T E M  ---------------

OS: Windows 8.1 , 64 bit Build 9600 (6.3.9600.17415)

CPU:total 4 (2 cores per cpu, 2 threads per core) family 6 model 69 stepping 1, cmov, cx8, fxsr, mmx, sse, sse2, sse3, ssse3, sse4.1, sse4.2, popcnt, avx, avx2, aes, clmul, erms, lzcnt, ht, tsc, tscinvbit, bmi1, bmi2

Memory: 4k page, physical 6212888k(1560644k free), swap 7654680k(2709816k free)

vm_info: Java HotSpot(TM) Client VM (25.112-b15) for windows-x86 JRE (1.8.0_112-b15), built on Sep 22 2016 21:03:20 by "java_re" with MS VC++ 10.0 (VS2010)

time: Sat Sep 30 19:39:59 2017
elapsed time: 400 seconds (0d 0h 6m 40s)

